# 2025-01-22 01:23:25 -03: Initialization
# Elitist race
# Elitist new instances: 1
# Elitist limit: 2
# nbIterations: 3
# minNbSurvival: 3
# nbParameters: 3
# seed: 1569
# confidence level: 0.95
# budget: 5000
# mu: 5
# deterministic: FALSE

# 2025-01-22 01:23:25 -03: Iteration 1 of 3
# experimentsUsedSoFar: 0
# remainingBudget: 5000
# currentBudget: 1666
# nbConfigurations: 277
# Markers:
     x No test is performed.
     c Configurations are discarded only due to capping.
     - The test is performed and some configurations are discarded.
     = The test is performed but no configuration is discarded.
     ! The test is performed and configurations could be discarded but elite configurations are preserved.
     . All alive configurations are elite and nothing is discarded.

+-+-----------+-----------+-----------+----------------+-----------+--------+-----+----+------+
| |   Instance|      Alive|       Best|       Mean best| Exp so far|  W time|  rho|KenW|  Qvar|
+-+-----------+-----------+-----------+----------------+-----------+--------+-----+----+------+
|x|          1|        277|        172|     7518086.000|        277|00:05:53|   NA|  NA|    NA|
|x|          2|        277|        252|     3983003.000|        554|00:05:53|+0.02|0.51|0.8156|
|x|          3|        277|        252|     5083846.000|        831|00:05:53|+0.22|0.48|0.6479|
|x|          4|        277|        252|     5665223.500|       1108|00:05:53|+0.32|0.49|0.5693|
|-|          5|        103|        265|     4638863.600|       1385|00:05:53|-0.07|0.15|1.0597|
|=|          6|        103|        266|     3911169.667|       1488|00:02:11|-0.08|0.10|1.0617|
|=|          7|        103|        266|     4440252.000|       1591|00:02:11|-0.02|0.13|1.0037|
+-+-----------+-----------+-----------+----------------+-----------+--------+-----+----+------+
Best-so-far configuration:         266    mean value:      4440252.000
Description of the best-so-far configuration:
    .ID. localsearch  rho ants .PARENT.
266  266           3 0.14    5       NA

first iteration, returning
# 2025-01-22 01:57:15 -03: Elite configurations (first number is the configuration ID; listed from best to worst according to the sum of ranks):
    localsearch  rho ants
266           3 0.14    5
252           3 0.25   28
20            3 0.08   48
# 2025-01-22 01:57:15 -03: Iteration 2 of 3
# experimentsUsedSoFar: 1591
# remainingBudget: 3409
# currentBudget: 1704
# nbConfigurations: 215
# Markers:
     x No test is performed.
     c Configurations are discarded only due to capping.
     - The test is performed and some configurations are discarded.
     = The test is performed but no configuration is discarded.
     ! The test is performed and configurations could be discarded but elite configurations are preserved.
     . All alive configurations are elite and nothing is discarded.

+-+-----------+-----------+-----------+----------------+-----------+--------+-----+----+------+
| |   Instance|      Alive|       Best|       Mean best| Exp so far|  W time|  rho|KenW|  Qvar|
+-+-----------+-----------+-----------+----------------+-----------+--------+-----+----+------+
|x|          8|        215|        471|     7645266.000|        215|00:04:32|   NA|  NA|    NA|
|x|          5|        215|        325|     4080244.000|        427|00:04:32|-0.28|0.36|1.3156|
|x|          2|        215|        316|     2863788.000|        639|00:04:32|-0.07|0.29|1.0759|
|x|          3|        215|        316|     3969086.000|        851|00:04:32|-0.02|0.24|1.0223|
|-|          1|         92|        316|     4683053.600|       1063|00:04:32|-0.08|0.14|1.0352|
|=|          4|         92|        316|     5137949.333|       1152|00:02:00|-0.02|0.15|0.9468|
|=|          6|         92|        460|     4444344.000|       1241|00:02:00|-0.01|0.14|0.9606|
|=|          7|         92|        337|     4842109.000|       1330|00:02:00|+0.02|0.15|0.9062|
|-|          9|         66|        337|     5157738.667|       1422|00:02:01|-0.04|0.07|1.0220|
|=|         10|         66|        363|     5347272.400|       1488|00:01:30|-0.03|0.07|1.0071|
|=|         11|         66|        308|     5538416.182|       1554|00:01:30|-0.03|0.07|1.0071|
+-+-----------+-----------+-----------+----------------+-----------+--------+-----+----+------+
Best-so-far configuration:         308    mean value:      5538416.182
Description of the best-so-far configuration:
    .ID. localsearch  rho ants .PARENT.
308  308           3 0.15    7      266

# 2025-01-22 02:31:02 -03: Elite configurations (first number is the configuration ID; listed from best to worst according to the sum of ranks):
    localsearch  rho ants
308           3 0.15    7
337           3 0.40   34
445           3 0.09    7
# 2025-01-22 02:31:02 -03: Iteration 3 of 3
# experimentsUsedSoFar: 3145
# remainingBudget: 1855
# currentBudget: 1855
# nbConfigurations: 157
# Markers:
     x No test is performed.
     c Configurations are discarded only due to capping.
     - The test is performed and some configurations are discarded.
     = The test is performed but no configuration is discarded.
     ! The test is performed and configurations could be discarded but elite configurations are preserved.
     . All alive configurations are elite and nothing is discarded.

+-+-----------+-----------+-----------+----------------+-----------+--------+-----+----+------+
| |   Instance|      Alive|       Best|       Mean best| Exp so far|  W time|  rho|KenW|  Qvar|
+-+-----------+-----------+-----------+----------------+-----------+--------+-----+----+------+
|x|         12|        157|        551|     7171986.000|        157|00:03:21|   NA|  NA|    NA|
|x|          3|        157|        611|     7225932.000|        311|00:03:21|+0.60|0.80|0.3147|
|x|         10|        157|        611|     7165764.000|        465|00:03:21|+0.67|0.78|0.2544|
|x|          7|        157|        524|     7279553.000|        619|00:03:21|+0.67|0.75|0.2519|
|-|          4|         55|        506|     7306917.200|        773|00:03:21|-0.15|0.08|1.1322|
|=|          9|         55|        506|     7368437.000|        825|00:01:10|-0.09|0.09|1.0775|
|=|          5|         55|        611|     6384534.857|        877|00:01:10|-0.07|0.08|1.0476|
|=|          6|         55|        611|     5625106.250|        929|00:01:10|-0.06|0.07|1.0330|
|=|          8|         55|        611|     5853978.000|        981|00:01:10|-0.06|0.06|1.0399|
|=|         11|         55|        611|     6014539.600|       1033|00:01:10|-0.05|0.06|1.0281|
|=|          2|         55|        611|     5507218.545|       1085|00:01:10|-0.05|0.05|1.0204|
|=|          1|         55|        591|     5676412.333|       1137|00:01:10|-0.04|0.05|1.0118|
|=|         13|         55|        308|     5818629.077|       1192|00:01:10|-0.04|0.04|1.0175|
+-+-----------+-----------+-----------+----------------+-----------+--------+-----+----+------+
Best-so-far configuration:         308    mean value:      5818629.077
Description of the best-so-far configuration:
    .ID. localsearch  rho ants .PARENT.
308  308           3 0.15    7      266

# 2025-01-22 02:57:15 -03: Elite configurations (first number is the configuration ID; listed from best to worst according to the sum of ranks):
    localsearch  rho ants
308           3 0.15    7
600           3 0.20   15
611           3 0.30   38
# 2025-01-22 02:57:15 -03: Iteration 4 of 4
# experimentsUsedSoFar: 4337
# remainingBudget: 663
# currentBudget: 663
# nbConfigurations: 50
# Markers:
     x No test is performed.
     c Configurations are discarded only due to capping.
     - The test is performed and some configurations are discarded.
     = The test is performed but no configuration is discarded.
     ! The test is performed and configurations could be discarded but elite configurations are preserved.
     . All alive configurations are elite and nothing is discarded.

+-+-----------+-----------+-----------+----------------+-----------+--------+-----+----+------+
| |   Instance|      Alive|       Best|       Mean best| Exp so far|  W time|  rho|KenW|  Qvar|
+-+-----------+-----------+-----------+----------------+-----------+--------+-----+----+------+
|x|         14|         50|        675|     7283898.000|         50|00:01:10|   NA|  NA|    NA|
|x|          4|         50|        684|     7355482.000|         97|00:01:00|+0.54|0.77|0.3734|
|x|         12|         50|        611|     7305990.667|        144|00:01:00|+0.58|0.72|0.3119|
|x|         13|         50|        666|     7359685.500|        191|00:01:00|+0.63|0.72|0.2852|
|-|          6|         24|        666|     5949282.400|        238|00:01:00|-0.10|0.12|1.0545|
|=|          8|         24|        308|     6236529.000|        259|00:00:30|-0.09|0.09|1.0483|
|=|          9|         24|        645|     6444320.286|        280|00:00:30|-0.05|0.10|0.9970|
|=|          1|         24|        308|     6579391.750|        301|00:00:30|-0.03|0.09|0.9806|
|=|         10|         24|        611|     6632561.333|        322|00:00:30|+0.01|0.12|0.9434|
|=|          3|         24|        611|     6695954.200|        343|00:00:30|+0.03|0.12|0.9213|
|=|          2|         24|        308|     6127787.455|        364|00:00:30|+0.02|0.11|0.9337|
|=|          5|         24|        611|     5657020.833|        385|00:00:30|+0.03|0.11|0.9201|
|=|          7|         24|        308|     5808070.154|        406|00:00:30|+0.03|0.11|0.9212|
|=|         11|         24|        308|     5924776.571|        427|00:00:30|+0.03|0.10|0.9212|
|=|         15|         24|        308|     5570945.200|        451|00:00:30|+0.02|0.09|0.9308|
+-+-----------+-----------+-----------+----------------+-----------+--------+-----+----+------+
Best-so-far configuration:         308    mean value:      5570945.200
Description of the best-so-far configuration:
    .ID. localsearch  rho ants .PARENT.
308  308           3 0.15    7      266

# 2025-01-22 03:07:32 -03: Elite configurations (first number is the configuration ID; listed from best to worst according to the sum of ranks):
    localsearch  rho ants
308           3 0.15    7
675           3 0.32    8
600           3 0.20   15
# 2025-01-22 03:07:32 -03: Iteration 5 of 5
# experimentsUsedSoFar: 4788
# remainingBudget: 212
# currentBudget: 212
# nbConfigurations: 16
# Markers:
     x No test is performed.
     c Configurations are discarded only due to capping.
     - The test is performed and some configurations are discarded.
     = The test is performed but no configuration is discarded.
     ! The test is performed and configurations could be discarded but elite configurations are preserved.
     . All alive configurations are elite and nothing is discarded.

+-+-----------+-----------+-----------+----------------+-----------+--------+-----+----+------+
| |   Instance|      Alive|       Best|       Mean best| Exp so far|  W time|  rho|KenW|  Qvar|
+-+-----------+-----------+-----------+----------------+-----------+--------+-----+----+------+
|x|         16|         16|        696|     7395602.000|         16|00:00:20|   NA|  NA|    NA|
|x|          8|         16|        600|     7530928.000|         29|00:00:20|+0.33|0.66|0.1573|
|x|         10|         16|        600|     7370493.333|         42|00:00:20|+0.19|0.46|0.3738|
|x|         15|         16|        600|     5682018.500|         55|00:00:20|+0.22|0.41|0.5757|
|-|          7|          5|        600|     6061114.000|         68|00:00:20|+0.21|0.37|0.6020|
|-|         12|          4|        600|     6249032.333|         70|00:00:10|+0.45|0.54|0.3773|
|=|         14|          4|        600|     6401187.714|         71|00:00:10|+0.11|0.24|0.6305|
|=|          5|          4|        600|     5662592.750|         72|00:00:10|+0.08|0.19|0.6558|
|=|          6|          4|        600|     5068843.111|         73|00:00:10|-0.03|0.08|0.7533|
|=|         13|          4|        600|     5314220.000|         74|00:00:10|-0.06|0.04|0.7639|
|=|         11|          4|        600|     5508198.545|         75|00:00:10|-0.07|0.03|0.7617|
|=|          3|          4|        600|     5656961.667|         76|00:00:10|-0.08|0.01|0.7844|
|=|          1|          4|        600|     5801234.308|         77|00:00:10|-0.08|0.00|0.7864|
|=|          4|          4|        694|     5920179.714|         78|00:00:10|-0.07|0.00|0.7977|
|=|          2|          4|        308|     5552692.667|         79|00:00:10|-0.06|0.01|0.7867|
|=|          9|          4|        308|     5685556.750|         80|00:00:10|-0.06|0.01|0.7906|
|=|         17|          4|        308|     5389363.647|         84|00:00:10|-0.06|0.00|0.7858|
+-+-----------+-----------+-----------+----------------+-----------+--------+-----+----+------+
Best-so-far configuration:         308    mean value:      5389363.647
Description of the best-so-far configuration:
    .ID. localsearch  rho ants .PARENT.
308  308           3 0.15    7      266

# 2025-01-22 03:11:14 -03: Elite configurations (first number is the configuration ID; listed from best to worst according to the sum of ranks):
    localsearch  rho ants
308           3 0.15    7
600           3 0.20   15
694           3 0.34   11
# 2025-01-22 03:11:14 -03: Iteration 6 of 6
# experimentsUsedSoFar: 4872
# remainingBudget: 128
# currentBudget: 128
# nbConfigurations: 9
# Markers:
     x No test is performed.
     c Configurations are discarded only due to capping.
     - The test is performed and some configurations are discarded.
     = The test is performed but no configuration is discarded.
     ! The test is performed and configurations could be discarded but elite configurations are preserved.
     . All alive configurations are elite and nothing is discarded.

+-+-----------+-----------+-----------+----------------+-----------+--------+-----+----+------+
| |   Instance|      Alive|       Best|       Mean best| Exp so far|  W time|  rho|KenW|  Qvar|
+-+-----------+-----------+-----------+----------------+-----------+--------+-----+----+------+
|x|         18|          9|        694|     472946.0000|          9|00:00:20|   NA|  NA|    NA|
|x|         17|          9|        694|     557644.0000|         15|00:00:10|+0.23|0.61|0.5958|
|x|          8|          9|        694|     2929384.000|         21|00:00:10|-0.04|0.31|0.8505|
|x|          9|          9|        694|     4117737.000|         27|00:00:10|+0.13|0.35|0.6817|
|=|         13|          9|        705|     4796251.200|         33|00:00:10|+0.02|0.22|0.7123|
|=|          2|          9|        706|     4071050.333|         39|00:00:10|+0.02|0.18|0.8199|
|=|          3|          9|        706|     4530340.857|         45|00:00:10|+0.08|0.21|0.7562|
|=|         11|          9|        308|     4893826.750|         51|00:00:10|+0.09|0.21|0.7003|
|-|          1|          7|        308|     5187561.778|         57|00:00:10|-0.02|0.09|0.8748|
|=|          4|          7|        308|     5411225.800|         61|00:00:10|+0.02|0.12|0.8449|
|=|         16|          7|        308|     5592453.455|         65|00:00:10|+0.04|0.13|0.8276|
|=|         14|          7|        308|     5735140.167|         69|00:00:10|+0.06|0.14|0.8200|
|=|          7|          7|        694|     5879378.154|         73|00:00:10|+0.08|0.15|0.8077|
|=|         12|          7|        694|     5973282.143|         77|00:00:10|+0.08|0.15|0.7905|
|-|         15|          5|        694|     5615941.067|         81|00:00:10|-0.01|0.06|0.8238|
|=|          5|          5|        694|     5295879.000|         83|00:00:10|+0.00|0.06|0.8160|
|=|          6|          5|        694|     5002952.000|         85|00:00:10|+0.01|0.07|0.8129|
|=|         10|          5|        694|     5117565.222|         87|00:00:10|-0.00|0.05|0.8173|
|=|         19|          5|        600|     5244519.158|         92|00:00:10|-0.00|0.05|0.8113|
+-+-----------+-----------+-----------+----------------+-----------+--------+-----+----+------+
Best-so-far configuration:         600    mean value:      5244519.158
Description of the best-so-far configuration:
    .ID. localsearch rho ants .PARENT.
600  600           3 0.2   15      308

# 2025-01-22 03:14:36 -03: Elite configurations (first number is the configuration ID; listed from best to worst according to the sum of ranks):
    localsearch  rho ants
600           3 0.20   15
694           3 0.34   11
308           3 0.15    7
# 2025-01-22 03:14:36 -03: Iteration 7 of 7
# experimentsUsedSoFar: 4964
# remainingBudget: 36
# currentBudget: 36
# nbConfigurations: 4
# Markers:
     x No test is performed.
     c Configurations are discarded only due to capping.
     - The test is performed and some configurations are discarded.
     = The test is performed but no configuration is discarded.
     ! The test is performed and configurations could be discarded but elite configurations are preserved.
     . All alive configurations are elite and nothing is discarded.

+-+-----------+-----------+-----------+----------------+-----------+--------+-----+----+------+
| |   Instance|      Alive|       Best|       Mean best| Exp so far|  W time|  rho|KenW|  Qvar|
+-+-----------+-----------+-----------+----------------+-----------+--------+-----+----+------+
|x|         20|          4|        600|     544042.0000|          4|00:00:10|   NA|  NA|    NA|
|x|          9|          4|        600|     4114629.000|          5|00:00:10|-0.40|0.30|1.0494|
|x|          1|          4|        694|     5254498.667|          6|00:00:10|+0.20|0.47|0.5970|
|x|          2|          4|        600|     4047899.000|          7|00:00:10|-0.23|0.07|0.8197|
|=|         16|          4|        600|     4717464.800|          8|00:00:10|-0.04|0.17|0.6714|
|=|         14|          4|        694|     5151564.000|          9|00:00:10|-0.05|0.12|0.6960|
|=|          5|          4|        600|     4484838.857|         10|00:00:10|-0.07|0.09|0.7509|
|=|         15|          4|        694|     4002187.250|         11|00:00:10|-0.07|0.06|0.7934|
|=|         18|          4|        694|     3610049.333|         12|00:00:10|-0.04|0.07|0.7968|
|=|         11|          4|        600|     3995546.600|         13|00:00:10|-0.07|0.03|0.8143|
|=|         10|          4|        600|     4273190.000|         14|00:00:10|-0.05|0.05|0.7889|
|=|          3|          4|        600|     4524870.500|         15|00:00:10|-0.07|0.02|0.7961|
|=|         17|          4|        600|     4225508.154|         16|00:00:10|-0.05|0.03|0.7774|
|=|         19|          4|        600|     4463262.429|         17|00:00:10|-0.04|0.04|0.7655|
|=|         13|          4|        600|     4667219.067|         18|00:00:10|-0.05|0.02|0.7658|
|=|          7|          4|        600|     4849111.375|         19|00:00:10|-0.03|0.04|0.7457|
|=|          6|          4|        600|     4582625.176|         20|00:00:10|-0.05|0.02|0.7640|
|=|          4|          4|        600|     4740841.889|         21|00:00:10|-0.04|0.02|0.7667|
|=|          8|          4|        600|     4894804.316|         22|00:00:10|-0.04|0.02|0.7563|
|=|         12|          4|        600|     5009495.300|         23|00:00:10|-0.02|0.03|0.7423|
|=|         21|          4|        600|     5113958.286|         27|00:00:10|-0.02|0.03|0.7426|
+-+-----------+-----------+-----------+----------------+-----------+--------+-----+----+------+
Best-so-far configuration:         600    mean value:      5113958.286
Description of the best-so-far configuration:
    .ID. localsearch rho ants .PARENT.
600  600           3 0.2   15      308

# 2025-01-22 03:18:07 -03: Elite configurations (first number is the configuration ID; listed from best to worst according to the sum of ranks):
    localsearch  rho ants
600           3 0.20   15
694           3 0.34   11
308           3 0.15    7
# 2025-01-22 03:18:07 -03: Stopped because there is not enough budget left to race more than the minimum (3).
# You may either increase the budget or set 'minNbSurvival' to a lower value.
# Iteration: 8
# nbIterations: 8
# experimentsUsedSoFar: 4991
# timeUsed: 0
# remainingBudget: 9
# currentBudget: 9
# number of elites: 3
# nbConfigurations: 3
# Total CPU user time: 50242.95, CPU sys time: 123.104, Wall-clock time: 6882.705
    .ID. localsearch  rho ants .PARENT. .ALIVE. .RANK.  .WEIGHT.
600  600           3 0.20   15      308    TRUE   47.5 0.5000000
694  694           3 0.34   11      675    TRUE   51.0 0.3333333
308  308           3 0.15    7      266    TRUE   52.5 0.1666667
