# 2025-01-21 10:43:15 -03: 1 expression(s) specifying forbidden configurations read.
# 2025-01-21 10:43:15 -03: Initialization
# Elitist race
# Elitist new instances: 1
# Elitist limit: 2
# nbIterations: 5
# minNbSurvival: 5
# nbParameters: 11
# seed: 3764
# confidence level: 0.95
# budget: 5000
# mu: 5
# deterministic: FALSE

# 2025-01-21 10:43:15 -03: Iteration 1 of 5
# experimentsUsedSoFar: 0
# remainingBudget: 5000
# currentBudget: 1000
# nbConfigurations: 166
# Markers:
     x No test is performed.
     c Configurations are discarded only due to capping.
     - The test is performed and some configurations are discarded.
     = The test is performed but no configuration is discarded.
     ! The test is performed and configurations could be discarded but elite configurations are preserved.
     . All alive configurations are elite and nothing is discarded.

+-+-----------+-----------+-----------+----------------+-----------+--------+-----+----+------+
| |   Instance|      Alive|       Best|       Mean best| Exp so far|  W time|  rho|KenW|  Qvar|
+-+-----------+-----------+-----------+----------------+-----------+--------+-----+----+------+
|x|          1|        166|         62|     32494779.00|        166|00:03:38|   NA|  NA|    NA|
|x|          2|        166|         62|     32549276.50|        332|00:03:39|+0.97|0.99|0.0011|
|x|          3|        166|         62|     32640274.33|        498|00:03:39|+0.97|0.98|0.0012|
|x|          4|        166|         62|     32659880.50|        664|00:03:39|+0.97|0.98|0.0018|
|-|          5|         11|         62|     32684554.40|        830|00:03:39|+0.59|0.67|0.3836|
|-|          6|          4|         62|     32626088.17|        841|00:00:20|+0.05|0.21|0.6168|
+-+-----------+-----------+-----------+----------------+-----------+--------+-----+----+------+
Best-so-far configuration:          62    mean value:      32626088.17
Description of the best-so-far configuration:
   .ID. algorithm localsearch alpha beta  rho ants   q0 rasrank elitistants
62   62       acs           3  3.06  9.4 0.96   62 0.66      NA          NA
   nnls dlb .PARENT.
62    6   1       NA

first iteration, returning
# 2025-01-21 11:01:51 -03: Elite configurations (first number is the configuration ID; listed from best to worst according to the sum of ranks):
    algorithm localsearch alpha beta  rho ants   q0 rasrank elitistants nnls
62        acs           3  3.06 9.40 0.96   62 0.66      NA          NA    6
122       acs           3  4.59 2.48 0.39   60 0.11      NA          NA   11
50        ras           3  4.60 0.06 0.40   39   NA      14          NA   40
156       acs           3  3.29 5.34 0.74   12 0.02      NA          NA   18
    dlb
62    1
122   0
50    0
156   0
# 2025-01-21 11:01:51 -03: Iteration 2 of 5
# experimentsUsedSoFar: 841
# remainingBudget: 4159
# currentBudget: 1039
# nbConfigurations: 151
# Markers:
     x No test is performed.
     c Configurations are discarded only due to capping.
     - The test is performed and some configurations are discarded.
     = The test is performed but no configuration is discarded.
     ! The test is performed and configurations could be discarded but elite configurations are preserved.
     . All alive configurations are elite and nothing is discarded.

+-+-----------+-----------+-----------+----------------+-----------+--------+-----+----+------+
| |   Instance|      Alive|       Best|       Mean best| Exp so far|  W time|  rho|KenW|  Qvar|
+-+-----------+-----------+-----------+----------------+-----------+--------+-----+----+------+
|x|          7|        151|        204|     32536291.00|        151|00:03:18|   NA|  NA|    NA|
|x|          2|        151|        122|     32572002.00|        298|00:03:17|+0.96|0.98|0.0017|
|x|          5|        151|        122|     32626552.00|        445|00:03:18|+0.97|0.98|0.0014|
|x|          4|        151|        122|     32642175.00|        592|00:03:18|+0.97|0.98|0.0016|
|-|          6|         15|        122|     32573761.00|        739|00:03:18|+0.03|0.22|0.8576|
|=|          1|         15|        204|     32574862.33|        750|00:00:21|+0.03|0.19|0.9010|
|=|          3|         15|        195|     32610607.71|        761|00:00:20|+0.06|0.20|0.8717|
|-|          8|         11|        204|     32652209.75|        776|00:00:20|-0.10|0.04|1.0093|
|=|          9|         11|        204|     32616220.67|        787|00:00:20|-0.07|0.05|0.9750|
|=|         10|         11|        195|     32648066.60|        798|00:00:20|-0.05|0.05|0.9485|
+-+-----------+-----------+-----------+----------------+-----------+--------+-----+----+------+
Best-so-far configuration:         195    mean value:      32648066.60
Description of the best-so-far configuration:
    .ID. algorithm localsearch alpha beta  rho ants   q0 rasrank elitistants
195  195       acs           3  1.93 9.44 0.84   38 0.95      NA          NA
    nnls dlb .PARENT.
195   14   1       62

# 2025-01-21 11:20:07 -03: Elite configurations (first number is the configuration ID; listed from best to worst according to the sum of ranks):
    algorithm localsearch alpha beta  rho ants   q0 rasrank elitistants nnls
195       acs           3  1.93 9.44 0.84   38 0.95      NA          NA   14
204       acs           3  3.52 5.69 0.62   60 0.51      NA          NA    8
62        acs           3  3.06 9.40 0.96   62 0.66      NA          NA    6
309       acs           3  2.91 4.84 0.68   20 0.11      NA          NA   26
307       acs           3  4.93 8.98 0.90   76 0.48      NA          NA    6
    dlb
195   1
204   1
62    1
309   1
307   0
# 2025-01-21 11:20:07 -03: Iteration 3 of 5
# experimentsUsedSoFar: 1639
# remainingBudget: 3361
# currentBudget: 1120
# nbConfigurations: 106
# Markers:
     x No test is performed.
     c Configurations are discarded only due to capping.
     - The test is performed and some configurations are discarded.
     = The test is performed but no configuration is discarded.
     ! The test is performed and configurations could be discarded but elite configurations are preserved.
     . All alive configurations are elite and nothing is discarded.

+-+-----------+-----------+-----------+----------------+-----------+--------+-----+----+------+
| |   Instance|      Alive|       Best|       Mean best| Exp so far|  W time|  rho|KenW|  Qvar|
+-+-----------+-----------+-----------+----------------+-----------+--------+-----+----+------+
|x|         11|        106|        328|     32756329.00|        106|00:02:25|   NA|  NA|    NA|
|x|          3|        106|        328|     32781980.50|        207|00:02:15|+0.93|0.96|0.0045|
|x|          4|        106|        412|     32745288.33|        308|00:02:15|+0.95|0.97|0.0054|
|x|         10|        106|        412|     32808819.75|        409|00:02:16|+0.95|0.96|0.0054|
|-|          7|         13|        412|     32758976.00|        510|00:02:15|+0.05|0.24|0.8804|
|=|          9|         13|        328|     32686923.00|        518|00:00:10|+0.10|0.25|0.8247|
|=|          6|         13|        328|     32613258.71|        526|00:00:10|+0.12|0.24|0.7967|
|=|          8|         13|        328|     32633386.38|        534|00:00:10|+0.09|0.20|0.8260|
|=|          2|         13|        328|     32634213.11|        542|00:00:10|+0.07|0.17|0.8543|
|-|          5|          8|        328|     32643541.80|        550|00:00:10|+0.18|0.26|0.7332|
|-|          1|          3|        328|     32626631.64|        553|00:00:10|+0.15|0.23|0.5414|
+-+-----------+-----------+-----------+----------------+-----------+--------+-----+----+------+
Best-so-far configuration:         328    mean value:      32626631.64
Description of the best-so-far configuration:
    .ID. algorithm localsearch alpha beta  rho ants   q0 rasrank elitistants
328  328       acs           3  2.44 5.02 0.56   58 0.31      NA          NA
    nnls dlb .PARENT.
328   14   1      309

# 2025-01-21 11:32:40 -03: Elite configurations (first number is the configuration ID; listed from best to worst according to the sum of ranks):
    algorithm localsearch alpha beta  rho ants   q0 rasrank elitistants nnls
328       acs           3  2.44 5.02 0.56   58 0.31      NA          NA   14
412       acs           3  3.02 9.54 1.00   62 0.76      NA          NA   10
335       acs           3  3.26 9.09 0.81   60 0.57      NA          NA    7
    dlb
328   1
412   1
335   1
# 2025-01-21 11:32:40 -03: Iteration 4 of 5
# experimentsUsedSoFar: 2192
# remainingBudget: 2808
# currentBudget: 1404
# nbConfigurations: 119
# Markers:
     x No test is performed.
     c Configurations are discarded only due to capping.
     - The test is performed and some configurations are discarded.
     = The test is performed but no configuration is discarded.
     ! The test is performed and configurations could be discarded but elite configurations are preserved.
     . All alive configurations are elite and nothing is discarded.

+-+-----------+-----------+-----------+----------------+-----------+--------+-----+----+------+
| |   Instance|      Alive|       Best|       Mean best| Exp so far|  W time|  rho|KenW|  Qvar|
+-+-----------+-----------+-----------+----------------+-----------+--------+-----+----+------+
|x|         12|        119|        498|     32536442.00|        119|00:02:36|   NA|  NA|    NA|
|x|          3|        119|        490|     32665940.50|        235|00:02:36|+0.83|0.92|0.0046|
|x|         11|        119|        430|     32699938.00|        351|00:02:36|+0.79|0.86|0.0032|
|x|          1|        119|        428|     32642528.00|        467|00:02:36|+0.81|0.86|0.0042|
|-|          9|         29|        328|     32570879.60|        583|00:02:36|-0.14|0.09|1.0924|
|=|          2|         29|        506|     32576030.67|        609|00:00:41|-0.11|0.08|1.0677|
|=|          7|         29|        510|     32580647.29|        635|00:00:41|-0.06|0.09|1.0271|
|=|          5|         29|        510|     32601672.00|        661|00:00:41|-0.05|0.08|1.0051|
|=|          8|         29|        328|     32621813.44|        687|00:00:41|-0.04|0.08|0.9967|
|=|         10|         29|        328|     32660298.00|        713|00:00:41|-0.03|0.08|0.9860|
|=|          4|         29|        328|     32661465.00|        739|00:00:41|+0.00|0.09|0.9633|
|=|          6|         29|        328|     32620615.67|        765|00:00:41|+0.01|0.09|0.9440|
|=|         13|         29|        328|     32643050.08|        794|00:00:41|+0.02|0.10|0.9336|
+-+-----------+-----------+-----------+----------------+-----------+--------+-----+----+------+
Best-so-far configuration:         328    mean value:      32643050.08
Description of the best-so-far configuration:
    .ID. algorithm localsearch alpha beta  rho ants   q0 rasrank elitistants
328  328       acs           3  2.44 5.02 0.56   58 0.31      NA          NA
    nnls dlb .PARENT.
328   14   1      309

# 2025-01-21 11:51:16 -03: Elite configurations (first number is the configuration ID; listed from best to worst according to the sum of ranks):
    algorithm localsearch alpha beta  rho ants   q0 rasrank elitistants nnls
328       acs           3  2.44 5.02 0.56   58 0.31      NA          NA   14
506       acs           3  2.42 8.53 0.80   53 0.62      NA          NA   15
440       acs           3  3.15 3.83 0.50   62 0.35      NA          NA   17
412       acs           3  3.02 9.54 1.00   62 0.76      NA          NA   10
512       acs           3  2.58 7.70 0.87   66 0.66      NA          NA   11
    dlb
328   1
506   1
440   1
412   1
512   1
# 2025-01-21 11:51:16 -03: Iteration 5 of 5
# experimentsUsedSoFar: 2986
# remainingBudget: 2014
# currentBudget: 2014
# nbConfigurations: 148
# Markers:
     x No test is performed.
     c Configurations are discarded only due to capping.
     - The test is performed and some configurations are discarded.
     = The test is performed but no configuration is discarded.
     ! The test is performed and configurations could be discarded but elite configurations are preserved.
     . All alive configurations are elite and nothing is discarded.

+-+-----------+-----------+-----------+----------------+-----------+--------+-----+----+------+
| |   Instance|      Alive|       Best|       Mean best| Exp so far|  W time|  rho|KenW|  Qvar|
+-+-----------+-----------+-----------+----------------+-----------+--------+-----+----+------+
|x|         14|        148|        641|     32332684.00|        148|00:03:18|   NA|  NA|    NA|
|x|         12|        148|        652|     32434245.50|        291|00:03:07|+0.62|0.81|0.0679|
|x|         13|        148|        538|     32592322.33|        434|00:03:07|+0.61|0.74|0.0756|
|x|          4|        148|        538|     32598032.75|        577|00:03:07|+0.64|0.73|0.0724|
|-|         10|         26|        538|     32671210.00|        720|00:03:08|-0.07|0.14|1.0393|
|=|          7|         26|        538|     32649518.83|        741|00:00:31|-0.04|0.13|1.0167|
|=|          5|         26|        538|     32656021.14|        762|00:00:31|-0.03|0.11|1.0012|
|=|         11|         26|        538|     32670861.38|        783|00:00:31|-0.04|0.09|1.0124|
|=|          3|         26|        538|     32688272.78|        804|00:00:31|-0.05|0.06|1.0160|
|=|          6|         26|        538|     32647218.70|        825|00:00:31|-0.05|0.05|1.0223|
|=|          8|         26|        538|     32660112.73|        846|00:00:31|-0.05|0.04|1.0194|
|=|          9|         26|        538|     32632129.08|        867|00:00:31|-0.04|0.04|1.0042|
|=|          2|         26|        665|     32626910.23|        888|00:00:31|-0.04|0.04|0.9968|
|=|          1|         26|        538|     32620048.79|        909|00:00:31|-0.02|0.05|0.9828|
|=|         15|         26|        538|     32612779.93|        935|00:00:41|-0.01|0.05|0.9730|
+-+-----------+-----------+-----------+----------------+-----------+--------+-----+----+------+
Best-so-far configuration:         538    mean value:      32612779.93
Description of the best-so-far configuration:
    .ID. algorithm localsearch alpha beta  rho ants   q0 rasrank elitistants
538  538       acs           3  3.19 6.35 0.59   64 0.34      NA          NA
    nnls dlb .PARENT.
538   13   1      328

# 2025-01-21 12:12:29 -03: Elite configurations (first number is the configuration ID; listed from best to worst according to the sum of ranks):
    algorithm localsearch alpha beta  rho ants   q0 rasrank elitistants nnls
538       acs           3  3.19 6.35 0.59   64 0.34      NA          NA   13
665       acs           3  2.33 4.03 0.59   55 0.33      NA          NA   14
581       acs           3  2.68 8.09 0.76   54 0.45      NA          NA   16
576       acs           3  3.62 3.71 0.50   67 0.50      NA          NA   16
668       acs           3  3.40 5.29 0.53   63 0.50      NA          NA   15
    dlb
538   1
665   1
581   1
576   1
668   1
# 2025-01-21 12:12:29 -03: Iteration 6 of 6
# experimentsUsedSoFar: 3921
# remainingBudget: 1079
# currentBudget: 1079
# nbConfigurations: 72
# Markers:
     x No test is performed.
     c Configurations are discarded only due to capping.
     - The test is performed and some configurations are discarded.
     = The test is performed but no configuration is discarded.
     ! The test is performed and configurations could be discarded but elite configurations are preserved.
     . All alive configurations are elite and nothing is discarded.

+-+-----------+-----------+-----------+----------------+-----------+--------+-----+----+------+
| |   Instance|      Alive|       Best|       Mean best| Exp so far|  W time|  rho|KenW|  Qvar|
+-+-----------+-----------+-----------+----------------+-----------+--------+-----+----+------+
|x|         16|         72|        687|     32364438.00|         72|00:01:34|   NA|  NA|    NA|
|x|          4|         72|        687|     32492492.50|        139|00:01:33|+0.30|0.65|0.3817|
|x|         14|         72|        695|     32461497.33|        206|00:01:33|+0.26|0.51|0.4149|
|x|          7|         72|        699|     32484576.25|        273|00:01:33|+0.28|0.46|0.3865|
|-|         10|         34|        680|     32581265.80|        340|00:01:33|-0.09|0.13|1.0617|
|=|          5|         34|        538|     32606378.67|        369|00:00:41|-0.05|0.13|1.0149|
|=|          1|         34|        538|     32586825.14|        398|00:00:41|-0.02|0.12|0.9972|
|=|         11|         34|        680|     32608858.75|        427|00:00:41|-0.02|0.11|0.9876|
|=|          3|         34|        680|     32629808.00|        456|00:00:41|-0.01|0.10|0.9731|
|=|         13|         34|        703|     32647988.60|        485|00:00:41|-0.00|0.10|0.9643|
|=|         12|         34|        703|     32641221.09|        514|00:00:41|-0.01|0.08|0.9700|
|=|          8|         34|        538|     32657941.50|        543|00:00:41|-0.00|0.08|0.9680|
|=|          2|         34|        538|     32655456.00|        572|00:00:41|-0.01|0.07|0.9773|
|=|          9|         34|        736|     32628653.86|        601|00:00:41|+0.00|0.08|0.9671|
|=|         15|         34|        736|     32620943.87|        630|00:00:41|-0.00|0.06|0.9750|
|=|          6|         34|        699|     32593490.44|        659|00:00:41|-0.01|0.06|0.9785|
|=|         17|         34|        736|     32582469.88|        693|00:00:51|-0.01|0.05|0.9766|
+-+-----------+-----------+-----------+----------------+-----------+--------+-----+----+------+
Best-so-far configuration:         736    mean value:      32582469.88
Description of the best-so-far configuration:
    .ID. algorithm localsearch alpha beta  rho ants   q0 rasrank elitistants
736  736       acs           3  3.86 4.04 0.51   68 0.41      NA          NA
    nnls dlb .PARENT.
736   12   1      576

# 2025-01-21 12:28:51 -03: Elite configurations (first number is the configuration ID; listed from best to worst according to the sum of ranks):
    algorithm localsearch alpha beta  rho ants   q0 rasrank elitistants nnls
736       acs           3  3.86 4.04 0.51   68 0.41      NA          NA   12
699       acs           3  3.15 6.75 0.56   60 0.31      NA          NA   15
675       acs           3  3.37 6.32 0.66   66 0.33      NA          NA   14
703       acs           3  3.00 6.73 0.65   63 0.37      NA          NA   11
708       acs           3  2.85 6.03 0.55   57 0.42      NA          NA   17
    dlb
736   1
699   1
675   1
703   1
708   1
# 2025-01-21 12:28:51 -03: Iteration 7 of 7
# experimentsUsedSoFar: 4614
# remainingBudget: 386
# currentBudget: 386
# nbConfigurations: 26
# Markers:
     x No test is performed.
     c Configurations are discarded only due to capping.
     - The test is performed and some configurations are discarded.
     = The test is performed but no configuration is discarded.
     ! The test is performed and configurations could be discarded but elite configurations are preserved.
     . All alive configurations are elite and nothing is discarded.

+-+-----------+-----------+-----------+----------------+-----------+--------+-----+----+------+
| |   Instance|      Alive|       Best|       Mean best| Exp so far|  W time|  rho|KenW|  Qvar|
+-+-----------+-----------+-----------+----------------+-----------+--------+-----+----+------+
|x|         18|         26|        699|     32504335.00|         26|00:00:41|   NA|  NA|    NA|
|x|         15|         26|        699|     32475690.50|         47|00:00:31|+0.30|0.65|0.5016|
|x|         14|         26|        699|     32440082.00|         68|00:00:31|+0.21|0.47|0.5791|
|x|          7|         26|        699|     32462774.50|         89|00:00:31|+0.27|0.45|0.5060|
|-|          8|         11|        699|     32525946.00|        110|00:00:31|+0.03|0.22|0.8762|
|=|         13|         11|        699|     32587183.33|        116|00:00:10|-0.06|0.12|0.9374|
|=|          5|         11|        708|     32615856.86|        122|00:00:10|-0.05|0.10|0.9397|
|=|          6|         11|        708|     32559152.88|        128|00:00:10|+0.01|0.14|0.8930|
|=|          9|         11|        708|     32529574.33|        134|00:00:10|-0.01|0.10|0.9226|
|=|         12|         11|        708|     32532216.70|        140|00:00:10|-0.00|0.10|0.9187|
|=|         11|         11|        675|     32556582.82|        146|00:00:10|-0.02|0.08|0.9312|
|=|          4|         11|        708|     32570555.08|        152|00:00:10|-0.04|0.05|0.9357|
|=|         16|         11|        699|     32549227.54|        158|00:00:10|-0.03|0.04|0.9179|
|=|          2|         11|        699|     32553463.64|        164|00:00:10|-0.01|0.06|0.8985|
|=|          1|         11|        699|     32546297.13|        170|00:00:10|-0.00|0.07|0.8883|
|=|         10|         11|        699|     32576455.06|        176|00:00:10|+0.02|0.08|0.8788|
|=|          3|         11|        699|     32588246.00|        182|00:00:10|+0.02|0.08|0.8713|
|=|         17|         11|        699|     32579949.17|        188|00:00:10|+0.03|0.08|0.8712|
|=|         19|         11|        736|     32565634.32|        199|00:00:20|+0.04|0.09|0.8669|
+-+-----------+-----------+-----------+----------------+-----------+--------+-----+----+------+
Best-so-far configuration:         736    mean value:      32565634.32
Description of the best-so-far configuration:
    .ID. algorithm localsearch alpha beta  rho ants   q0 rasrank elitistants
736  736       acs           3  3.86 4.04 0.51   68 0.41      NA          NA
    nnls dlb .PARENT.
736   12   1      576

# 2025-01-21 12:34:16 -03: Elite configurations (first number is the configuration ID; listed from best to worst according to the sum of ranks):
    algorithm localsearch alpha beta  rho ants   q0 rasrank elitistants nnls
736       acs           3  3.86 4.04 0.51   68 0.41      NA          NA   12
675       acs           3  3.37 6.32 0.66   66 0.33      NA          NA   14
699       acs           3  3.15 6.75 0.56   60 0.31      NA          NA   15
708       acs           3  2.85 6.03 0.55   57 0.42      NA          NA   17
749       acs           3  3.50 5.80 0.68   64 0.33      NA          NA   13
    dlb
736   1
675   1
699   1
708   1
749   1
# 2025-01-21 12:34:16 -03: Iteration 8 of 8
# experimentsUsedSoFar: 4813
# remainingBudget: 187
# currentBudget: 187
# nbConfigurations: 14
# Markers:
     x No test is performed.
     c Configurations are discarded only due to capping.
     - The test is performed and some configurations are discarded.
     = The test is performed but no configuration is discarded.
     ! The test is performed and configurations could be discarded but elite configurations are preserved.
     . All alive configurations are elite and nothing is discarded.

+-+-----------+-----------+-----------+----------------+-----------+--------+-----+----+------+
| |   Instance|      Alive|       Best|       Mean best| Exp so far|  W time|  rho|KenW|  Qvar|
+-+-----------+-----------+-----------+----------------+-----------+--------+-----+----+------+
|x|         20|         14|        699|     32825971.00|         14|00:00:20|   NA|  NA|    NA|
|x|          9|         14|        765|     32564877.00|         23|00:00:20|-0.37|0.32|1.1723|
|x|          1|         14|        699|     32525931.33|         32|00:00:20|-0.26|0.16|1.1109|
|x|          5|         14|        699|     32579833.25|         41|00:00:20|-0.08|0.19|0.9702|
|=|          2|         14|        699|     32585573.20|         50|00:00:20|-0.03|0.18|0.9304|
|=|         14|         14|        699|     32549455.17|         59|00:00:20|-0.01|0.16|0.9025|
|=|         13|         14|        770|     32602682.29|         68|00:00:20|+0.01|0.15|0.8994|
|=|          3|         14|        764|     32618918.50|         77|00:00:20|-0.03|0.10|0.9279|
|=|          6|         14|        699|     32571500.78|         86|00:00:20|-0.01|0.10|0.9160|
|=|         18|         14|        699|     32564784.20|         95|00:00:20|+0.04|0.13|0.8679|
|=|         19|         14|        699|     32542518.64|        104|00:00:20|+0.00|0.09|0.9100|
|=|         11|         14|        675|     32561770.42|        113|00:00:20|+0.01|0.09|0.9083|
|=|         12|         14|        768|     32561691.77|        122|00:00:20|+0.02|0.09|0.9022|
|=|          4|         14|        768|     32568823.57|        131|00:00:20|+0.02|0.09|0.8999|
|=|         17|         14|        768|     32557028.07|        140|00:00:20|+0.04|0.10|0.8797|
|=|          7|         14|        768|     32559303.25|        149|00:00:20|+0.03|0.09|0.8908|
|=|         16|         14|        736|     32548767.24|        158|00:00:20|+0.04|0.10|0.8811|
|-|         10|         11|        768|     32578553.06|        167|00:00:20|-0.04|0.02|0.9359|
|=|         15|         11|        675|     32574258.84|        173|00:00:10|-0.04|0.02|0.9298|
|=|          8|         11|        675|     32583569.00|        179|00:00:10|-0.03|0.02|0.9237|
+-+-----------+-----------+-----------+----------------+-----------+--------+-----+----+------+
Best-so-far configuration:         675    mean value:      32583569.00
Description of the best-so-far configuration:
    .ID. algorithm localsearch alpha beta  rho ants   q0 rasrank elitistants
675  675       acs           3  3.37 6.32 0.66   66 0.33      NA          NA
    nnls dlb .PARENT.
675   14   1      538

# 2025-01-21 12:40:50 -03: Elite configurations (first number is the configuration ID; listed from best to worst according to the sum of ranks):
    algorithm localsearch alpha beta  rho ants   q0 rasrank elitistants nnls
675       acs           3  3.37 6.32 0.66   66 0.33      NA          NA   14
699       acs           3  3.15 6.75 0.56   60 0.31      NA          NA   15
768       acs           3  3.33 5.94 0.75   65 0.32      NA          NA   15
708       acs           3  2.85 6.03 0.55   57 0.42      NA          NA   17
736       acs           3  3.86 4.04 0.51   68 0.41      NA          NA   12
    dlb
675   1
699   1
768   1
708   1
736   1
# 2025-01-21 12:40:50 -03: Stopped because there is not enough budget left to race more than the minimum (5).
# You may either increase the budget or set 'minNbSurvival' to a lower value.
# Iteration: 9
# nbIterations: 9
# experimentsUsedSoFar: 4992
# timeUsed: 0
# remainingBudget: 8
# currentBudget: 8
# number of elites: 5
# nbConfigurations: 5
# Total CPU user time: 51683.85, CPU sys time: 420.081, Wall-clock time: 7055.709
    .ID. algorithm localsearch alpha beta  rho ants   q0 rasrank elitistants
675  675       acs           3  3.37 6.32 0.66   66 0.33      NA          NA
699  699       acs           3  3.15 6.75 0.56   60 0.31      NA          NA
768  768       acs           3  3.33 5.94 0.75   65 0.32      NA          NA
708  708       acs           3  2.85 6.03 0.55   57 0.42      NA          NA
736  736       acs           3  3.86 4.04 0.51   68 0.41      NA          NA
    nnls dlb .PARENT. .ALIVE. .RANK.   .WEIGHT.
675   14   1      538    TRUE    105 0.33333333
699   15   1      538    TRUE    108 0.26666667
768   15   1      675    TRUE    111 0.20000000
708   17   1      668    TRUE    115 0.13333333
736   12   1      576    TRUE    116 0.06666667
