# 2025-01-16 04:28:15 -03: 1 expression(s) specifying forbidden configurations read.
# 2025-01-16 04:28:15 -03: Initialization
# Elitist race
# Elitist new instances: 1
# Elitist limit: 2
# nbIterations: 5
# minNbSurvival: 5
# nbParameters: 11
# seed: 3764
# confidence level: 0.95
# budget: 5000
# mu: 5
# deterministic: FALSE

# 2025-01-16 04:28:16 -03: Iteration 1 of 5
# experimentsUsedSoFar: 0
# remainingBudget: 5000
# currentBudget: 1000
# nbConfigurations: 166
# Markers:
     x No test is performed.
     c Configurations are discarded only due to capping.
     - The test is performed and some configurations are discarded.
     = The test is performed but no configuration is discarded.
     ! The test is performed and configurations could be discarded but elite configurations are preserved.
     . All alive configurations are elite and nothing is discarded.

+-+-----------+-----------+-----------+----------------+-----------+--------+-----+----+------+
| |   Instance|      Alive|       Best|       Mean best| Exp so far|  W time|  rho|KenW|  Qvar|
+-+-----------+-----------+-----------+----------------+-----------+--------+-----+----+------+
|x|          1|        166|         62|     32503043.00|        166|00:03:38|   NA|  NA|    NA|
|x|          2|        166|         62|     32569865.00|        332|00:03:38|+0.96|0.98|0.0017|
|x|          3|        166|         62|     32659618.00|        498|00:03:39|+0.97|0.98|0.0014|
|x|          4|        166|         62|     32671276.00|        664|00:03:39|+0.96|0.97|0.0018|
|-|          5|         13|         62|     32703233.00|        830|00:03:39|+0.28|0.43|0.4327|
|-|          6|          2|        122|     32613096.50|        843|00:00:20|-0.20|0.00|0.6000|
+-+-----------+-----------+-----------+----------------+-----------+--------+-----+----+------+
Best configuration for the instances in this race: 122
Best-so-far configuration:          62    mean value:      32632996.83
Description of the best-so-far configuration:
   .ID. algorithm localsearch  alpha   beta    rho ants     q0 rasrank
62   62       acs           3 3.0584 9.3976 0.9634   62 0.6625      NA
   elitistants nnls dlb .PARENT.
62          NA    6   1       NA

first iteration, returning
# 2025-01-16 04:46:52 -03: Elite configurations (first number is the configuration ID; listed from best to worst according to the sum of ranks):
    algorithm localsearch  alpha   beta    rho ants     q0 rasrank elitistants
62        acs           3 3.0584 9.3976 0.9634   62 0.6625      NA          NA
122       acs           3 4.5907 2.4794 0.3851   60 0.1095      NA          NA
    nnls dlb
62     6   1
122   11   0
# 2025-01-16 04:46:52 -03: Iteration 2 of 5
# experimentsUsedSoFar: 843
# remainingBudget: 4157
# currentBudget: 1039
# nbConfigurations: 150
# Markers:
     x No test is performed.
     c Configurations are discarded only due to capping.
     - The test is performed and some configurations are discarded.
     = The test is performed but no configuration is discarded.
     ! The test is performed and configurations could be discarded but elite configurations are preserved.
     . All alive configurations are elite and nothing is discarded.

+-+-----------+-----------+-----------+----------------+-----------+--------+-----+----+------+
| |   Instance|      Alive|       Best|       Mean best| Exp so far|  W time|  rho|KenW|  Qvar|
+-+-----------+-----------+-----------+----------------+-----------+--------+-----+----+------+
|x|          7|        150|        312|     32568196.00|        150|00:03:18|   NA|  NA|    NA|
|x|          1|        150|        312|     32536091.50|        298|00:03:18|+0.95|0.98|0.0018|
|x|          4|        150|         62|     32614136.67|        446|00:03:18|+0.97|0.98|0.0016|
|x|          6|        150|        312|     32513962.75|        594|00:03:18|+0.96|0.97|0.0018|
|-|          2|         13|         62|     32552182.60|        742|00:03:18|+0.44|0.55|0.6209|
|-|          3|          6|        271|     32596143.50|        753|00:00:20|-0.17|0.03|0.9441|
|=|          5|          6|        122|     32608844.71|        757|00:00:10|-0.14|0.03|0.9237|
|=|          8|          6|        122|     32635074.25|        763|00:00:10|-0.07|0.06|0.8939|
+-+-----------+-----------+-----------+----------------+-----------+--------+-----+----+------+
Best-so-far configuration:         122    mean value:      32635074.25
Description of the best-so-far configuration:
    .ID. algorithm localsearch  alpha   beta    rho ants     q0 rasrank
122  122       acs           3 4.5907 2.4794 0.3851   60 0.1095      NA
    elitistants nnls dlb .PARENT.
122          NA   11   0       NA

# 2025-01-16 05:04:06 -03: Elite configurations (first number is the configuration ID; listed from best to worst according to the sum of ranks):
    algorithm localsearch  alpha   beta    rho ants     q0 rasrank elitistants
122       acs           3 4.5907 2.4794 0.3851   60 0.1095      NA          NA
312       acs           3 2.6534 7.4613 0.9206   56 0.6695      NA          NA
186       acs           3 3.1525 7.3217 0.9696   62 0.6506      NA          NA
271       acs           3 2.7860 8.9404 0.8544   43 0.5951      NA          NA
230       ras           3 2.4453 5.2636 0.6430   74     NA      17          NA
    nnls dlb
122   11   0
312   20   0
186   11   0
271   19   0
230   13   1
# 2025-01-16 05:04:06 -03: Iteration 3 of 5
# experimentsUsedSoFar: 1606
# remainingBudget: 3394
# currentBudget: 1131
# nbConfigurations: 130
# Markers:
     x No test is performed.
     c Configurations are discarded only due to capping.
     - The test is performed and some configurations are discarded.
     = The test is performed but no configuration is discarded.
     ! The test is performed and configurations could be discarded but elite configurations are preserved.
     . All alive configurations are elite and nothing is discarded.

+-+-----------+-----------+-----------+----------------+-----------+--------+-----+----+------+
| |   Instance|      Alive|       Best|       Mean best| Exp so far|  W time|  rho|KenW|  Qvar|
+-+-----------+-----------+-----------+----------------+-----------+--------+-----+----+------+
|x|          9|        130|        324|     32255435.00|        130|00:02:56|   NA|  NA|    NA|
|x|          7|        130|        418|     32430571.00|        255|00:02:47|+0.95|0.97|0.0012|
|x|          1|        130|        360|     32460425.00|        380|00:02:46|+0.95|0.97|0.0011|
|x|          8|        130|        434|     32545944.50|        505|00:02:46|+0.95|0.97|0.0011|
|-|          2|         13|        360|     32560301.40|        630|00:02:46|+0.08|0.26|0.8961|
|=|          6|         13|        360|     32498725.83|        638|00:00:10|+0.09|0.24|0.8712|
|-|          5|         10|        360|     32530116.29|        646|00:00:10|+0.23|0.34|0.7422|
|-|          3|          8|        360|     32561073.38|        651|00:00:10|+0.23|0.32|0.6799|
|=|          4|          8|        360|     32580826.67|        654|00:00:10|+0.12|0.22|0.7725|
|-|         10|          4|        360|     32629146.00|        662|00:00:10|-0.08|0.03|0.7636|
+-+-----------+-----------+-----------+----------------+-----------+--------+-----+----+------+
Best-so-far configuration:         360    mean value:      32629146.00
Description of the best-so-far configuration:
    .ID. algorithm localsearch  alpha  beta    rho ants     q0 rasrank
360  360       acs           3 3.9305 3.493 0.4401   67 0.1554      NA
    elitistants nnls dlb .PARENT.
360          NA    8   1      122

# 2025-01-16 05:19:03 -03: Elite configurations (first number is the configuration ID; listed from best to worst according to the sum of ranks):
    algorithm localsearch  alpha   beta    rho ants     q0 rasrank elitistants
360       acs           3 3.9305 3.4930 0.4401   67 0.1554      NA          NA
418       acs           3 3.7122 2.6708 0.9171   60 0.1883      NA          NA
122       acs           3 4.5907 2.4794 0.3851   60 0.1095      NA          NA
434       acs           3 4.7736 4.0116 0.1158   49 0.4218      NA          NA
    nnls dlb
360    8   1
418   18   1
122   11   0
434   12   0
# 2025-01-16 05:19:03 -03: Iteration 4 of 5
# experimentsUsedSoFar: 2268
# remainingBudget: 2732
# currentBudget: 1366
# nbConfigurations: 127
# Markers:
     x No test is performed.
     c Configurations are discarded only due to capping.
     - The test is performed and some configurations are discarded.
     = The test is performed but no configuration is discarded.
     ! The test is performed and configurations could be discarded but elite configurations are preserved.
     . All alive configurations are elite and nothing is discarded.

+-+-----------+-----------+-----------+----------------+-----------+--------+-----+----+------+
| |   Instance|      Alive|       Best|       Mean best| Exp so far|  W time|  rho|KenW|  Qvar|
+-+-----------+-----------+-----------+----------------+-----------+--------+-----+----+------+
|x|         11|        127|        485|     32722838.00|        127|00:02:46|   NA|  NA|    NA|
|x|          1|        127|        485|     32600110.50|        250|00:02:46|+0.88|0.94|0.0051|
|x|          4|        127|        517|     32635848.67|        373|00:02:46|+0.87|0.92|0.0035|
|x|          6|        127|        443|     32531820.25|        496|00:02:46|+0.87|0.90|0.0032|
|-|          3|         26|        491|     32582203.40|        619|00:02:46|-0.14|0.09|1.0912|
|=|          7|         26|        485|     32581904.33|        641|00:00:31|-0.09|0.09|1.0342|
|=|          2|         26|        360|     32591667.43|        663|00:00:31|-0.05|0.10|1.0039|
|=|          5|         26|        360|     32607516.38|        685|00:00:31|-0.02|0.10|0.9736|
|=|          8|         26|        360|     32632252.89|        707|00:00:31|+0.01|0.12|0.9362|
|=|          9|         26|        360|     32599471.90|        729|00:00:31|+0.02|0.12|0.9318|
|=|         10|         26|        517|     32636705.45|        751|00:00:31|+0.03|0.12|0.9209|
|-|         12|         21|        517|     32632168.83|        777|00:00:41|-0.01|0.07|0.9718|
|=|         13|         21|        517|     32652733.08|        798|00:00:31|-0.01|0.07|0.9646|
|=|         14|         21|        541|     32632668.50|        819|00:00:31|+0.01|0.08|0.9457|
+-+-----------+-----------+-----------+----------------+-----------+--------+-----+----+------+
Best-so-far configuration:         541    mean value:      32632668.50
Description of the best-so-far configuration:
    .ID. algorithm localsearch  alpha   beta    rho ants     q0 rasrank
541  541       acs           3 3.5806 2.9366 0.4408   62 0.1633      NA
    elitistants nnls dlb .PARENT.
541          NA   10   1      360

# 2025-01-16 05:37:49 -03: Elite configurations (first number is the configuration ID; listed from best to worst according to the sum of ranks):
    algorithm localsearch  alpha   beta    rho ants     q0 rasrank elitistants
541       acs           3 3.5806 2.9366 0.4408   62 0.1633      NA          NA
360       acs           3 3.9305 3.4930 0.4401   67 0.1554      NA          NA
484       acs           3 4.0310 4.1989 0.4883   65 0.2259      NA          NA
517       acs           3 4.0001 4.1402 0.9588   67 0.3632      NA          NA
496       acs           3 3.7670 2.8270 0.9320   65 0.2336      NA          NA
    nnls dlb
541   10   1
360    8   1
484   23   1
517   11   1
496   10   1
# 2025-01-16 05:37:49 -03: Iteration 5 of 5
# experimentsUsedSoFar: 3087
# remainingBudget: 1913
# currentBudget: 1913
# nbConfigurations: 132
# Markers:
     x No test is performed.
     c Configurations are discarded only due to capping.
     - The test is performed and some configurations are discarded.
     = The test is performed but no configuration is discarded.
     ! The test is performed and configurations could be discarded but elite configurations are preserved.
     . All alive configurations are elite and nothing is discarded.

+-+-----------+-----------+-----------+----------------+-----------+--------+-----+----+------+
| |   Instance|      Alive|       Best|       Mean best| Exp so far|  W time|  rho|KenW|  Qvar|
+-+-----------+-----------+-----------+----------------+-----------+--------+-----+----+------+
|x|         15|        132|        620|     32447146.00|        132|00:02:57|   NA|  NA|    NA|
|x|         13|        132|        620|     32640900.50|        259|00:02:47|+0.75|0.88|0.0010|
|x|         12|        132|        603|     32634674.33|        386|00:02:46|+0.76|0.84|0.0017|
|x|         14|        132|        624|     32567965.00|        513|00:02:46|+0.77|0.82|0.0015|
|-|          8|         25|        624|     32616412.40|        640|00:02:46|-0.05|0.16|1.0385|
|=|         10|         25|        624|     32684976.00|        660|00:00:31|+0.01|0.17|0.9738|
|=|          5|         25|        624|     32689324.43|        680|00:00:31|-0.01|0.13|0.9758|
|=|         11|         25|        624|     32696423.38|        700|00:00:31|+0.00|0.13|0.9514|
|=|          9|         25|        624|     32651848.33|        720|00:00:31|-0.00|0.11|0.9475|
|=|          2|         25|        624|     32643305.20|        740|00:00:31|-0.00|0.10|0.9599|
|=|          1|         25|        624|     32627321.82|        760|00:00:31|-0.00|0.09|0.9675|
|=|          6|         25|        624|     32595196.25|        780|00:00:31|-0.01|0.07|0.9772|
|=|          4|         25|        624|     32601284.38|        800|00:00:31|-0.00|0.07|0.9654|
|=|          3|         25|        624|     32613172.64|        820|00:00:31|+0.00|0.07|0.9587|
|=|          7|         25|        624|     32608942.00|        840|00:00:31|+0.01|0.08|0.9489|
|=|         16|         25|        624|     32601149.38|        865|00:00:41|+0.00|0.06|0.9568|
+-+-----------+-----------+-----------+----------------+-----------+--------+-----+----+------+
Best-so-far configuration:         624    mean value:      32601149.38
Description of the best-so-far configuration:
    .ID. algorithm localsearch alpha   beta   rho ants     q0 rasrank
624  624       acs           3  3.77 3.3216 0.386   59 0.0963      NA
    elitistants nnls dlb .PARENT.
624          NA   13   1      360

# 2025-01-16 05:57:49 -03: Elite configurations (first number is the configuration ID; listed from best to worst according to the sum of ranks):
    algorithm localsearch  alpha   beta    rho ants     q0 rasrank elitistants
624       acs           3 3.7700 3.3216 0.3860   59 0.0963      NA          NA
638       acs           3 3.8659 3.1073 0.3739   59 0.2593      NA          NA
643       acs           3 3.7311 4.8949 0.9681   72 0.3744      NA          NA
621       acs           3 4.3095 3.4944 0.8576   73 0.2481      NA          NA
616       acs           3 3.9749 5.7867 0.5463   67 0.3591      NA          NA
    nnls dlb
624   13   1
638   10   1
643   16   1
621   11   1
616   18   1
# 2025-01-16 05:57:49 -03: Iteration 6 of 6
# experimentsUsedSoFar: 3952
# remainingBudget: 1048
# currentBudget: 1048
# nbConfigurations: 66
# Markers:
     x No test is performed.
     c Configurations are discarded only due to capping.
     - The test is performed and some configurations are discarded.
     = The test is performed but no configuration is discarded.
     ! The test is performed and configurations could be discarded but elite configurations are preserved.
     . All alive configurations are elite and nothing is discarded.

+-+-----------+-----------+-----------+----------------+-----------+--------+-----+----+------+
| |   Instance|      Alive|       Best|       Mean best| Exp so far|  W time|  rho|KenW|  Qvar|
+-+-----------+-----------+-----------+----------------+-----------+--------+-----+----+------+
|x|         17|         66|        690|     32328742.00|         66|00:01:33|   NA|  NA|    NA|
|x|          7|         66|        692|     32432480.50|        127|00:01:23|+0.47|0.74|0.2638|
|x|          5|         66|        702|     32531917.67|        188|00:01:23|+0.40|0.60|0.2752|
|x|         10|         66|        690|     32637099.50|        249|00:01:23|+0.44|0.58|0.2314|
|-|          3|         29|        692|     32672580.40|        310|00:01:23|-0.14|0.09|1.0936|
|=|          9|         29|        690|     32607487.00|        334|00:00:31|-0.11|0.07|1.0573|
|=|          8|         29|        690|     32645293.14|        358|00:00:31|-0.11|0.05|1.0594|
|=|         15|         29|        690|     32622385.88|        382|00:00:31|-0.05|0.08|1.0162|
|=|          4|         29|        621|     32630776.33|        406|00:00:31|-0.06|0.06|1.0162|
|=|          6|         29|        690|     32586372.80|        430|00:00:31|-0.04|0.06|1.0077|
|=|          1|         29|        690|     32574794.55|        454|00:00:31|-0.04|0.06|1.0086|
|=|         16|         29|        690|     32563131.50|        478|00:00:31|-0.04|0.05|1.0024|
|=|         14|         29|        690|     32549614.31|        502|00:00:31|-0.03|0.05|0.9963|
|=|         11|         29|        690|     32566832.43|        526|00:00:31|-0.03|0.05|0.9936|
|=|         13|         29|        690|     32586604.47|        550|00:00:31|-0.02|0.05|0.9871|
|=|         12|         29|        690|     32585407.81|        574|00:00:31|-0.01|0.05|0.9800|
|=|          2|         29|        638|     32589811.94|        598|00:00:31|-0.00|0.06|0.9709|
|=|         18|         29|        690|     32584923.06|        627|00:00:41|-0.00|0.05|0.9685|
+-+-----------+-----------+-----------+----------------+-----------+--------+-----+----+------+
Best-so-far configuration:         690    mean value:      32584923.06
Description of the best-so-far configuration:
    .ID. algorithm localsearch  alpha   beta    rho ants     q0 rasrank
690  690       acs           3 4.0648 3.0435 0.3865   63 0.2036      NA
    elitistants nnls dlb .PARENT.
690          NA   10   1      638

# 2025-01-16 06:11:57 -03: Elite configurations (first number is the configuration ID; listed from best to worst according to the sum of ranks):
    algorithm localsearch  alpha   beta    rho ants     q0 rasrank elitistants
690       acs           3 4.0648 3.0435 0.3865   63 0.2036      NA          NA
638       acs           3 3.8659 3.1073 0.3739   59 0.2593      NA          NA
703       acs           3 4.1906 2.9168 0.9120   71 0.2510      NA          NA
624       acs           3 3.7700 3.3216 0.3860   59 0.0963      NA          NA
701       acs           3 3.8795 3.3907 0.4069   58 0.1371      NA          NA
    nnls dlb
690   10   1
638   10   1
703   13   1
624   13   1
701   12   1
# 2025-01-16 06:11:57 -03: Iteration 7 of 7
# experimentsUsedSoFar: 4579
# remainingBudget: 421
# currentBudget: 421
# nbConfigurations: 26
# Markers:
     x No test is performed.
     c Configurations are discarded only due to capping.
     - The test is performed and some configurations are discarded.
     = The test is performed but no configuration is discarded.
     ! The test is performed and configurations could be discarded but elite configurations are preserved.
     . All alive configurations are elite and nothing is discarded.

+-+-----------+-----------+-----------+----------------+-----------+--------+-----+----+------+
| |   Instance|      Alive|       Best|       Mean best| Exp so far|  W time|  rho|KenW|  Qvar|
+-+-----------+-----------+-----------+----------------+-----------+--------+-----+----+------+
|x|         19|         26|        769|     32213576.00|         26|00:00:41|   NA|  NA|    NA|
|x|         15|         26|        769|     32342429.00|         47|00:00:31|+0.26|0.63|0.6388|
|x|         13|         26|        638|     32523560.67|         68|00:00:31|+0.28|0.52|0.6611|
|x|         16|         26|        751|     32483574.50|         89|00:00:31|+0.21|0.41|0.7335|
|-|         14|         18|        751|     32466298.00|        110|00:00:31|-0.09|0.13|0.9362|
|=|          6|         18|        638|     32432697.00|        123|00:00:20|-0.04|0.13|0.9141|
|=|         12|         18|        638|     32451727.00|        136|00:00:20|-0.06|0.09|0.9566|
|=|          7|         18|        638|     32461828.12|        149|00:00:20|-0.02|0.11|0.9512|
|=|         11|         18|        638|     32489668.89|        162|00:00:20|+0.02|0.13|0.9064|
|=|          8|         18|        638|     32521002.00|        175|00:00:20|+0.03|0.13|0.9064|
|=|          1|         18|        638|     32522728.91|        188|00:00:20|+0.02|0.11|0.9103|
|=|         18|         18|        638|     32525484.75|        201|00:00:20|+0.03|0.11|0.8918|
|=|          4|         18|        638|     32534502.77|        214|00:00:20|+0.03|0.10|0.9039|
|=|         17|         18|        638|     32524100.21|        227|00:00:20|+0.04|0.11|0.8982|
|=|          2|         18|        638|     32528749.40|        240|00:00:21|+0.03|0.09|0.9059|
|=|         10|         18|        638|     32558076.19|        253|00:00:20|+0.02|0.08|0.9107|
|=|          9|         18|        638|     32544277.76|        266|00:00:20|+0.03|0.08|0.9040|
|=|          5|         18|        638|     32556975.83|        279|00:00:20|+0.03|0.08|0.9033|
|=|          3|         18|        638|     32569157.95|        292|00:00:20|+0.03|0.08|0.9068|
|-|         20|         12|        751|     32575524.25|        310|00:00:31|-0.02|0.03|0.9366|
|=|         21|         12|        690|     32583426.81|        322|00:00:20|-0.02|0.02|0.9407|
|=|         22|         12|        690|     32568143.82|        334|00:00:20|-0.02|0.03|0.9339|
+-+-----------+-----------+-----------+----------------+-----------+--------+-----+----+------+
Best-so-far configuration:         690    mean value:      32568143.82
Description of the best-so-far configuration:
    .ID. algorithm localsearch  alpha   beta    rho ants     q0 rasrank
690  690       acs           3 4.0648 3.0435 0.3865   63 0.2036      NA
    elitistants nnls dlb .PARENT.
690          NA   10   1      638

# 2025-01-16 06:20:51 -03: Elite configurations (first number is the configuration ID; listed from best to worst according to the sum of ranks):
    algorithm localsearch  alpha   beta    rho ants     q0 rasrank elitistants
690       acs           3 4.0648 3.0435 0.3865   63 0.2036      NA          NA
638       acs           3 3.8659 3.1073 0.3739   59 0.2593      NA          NA
769       acs           3 3.5477 2.9078 0.3828   58 0.1269      NA          NA
751       acs           3 4.1644 2.6072 0.9260   71 0.2629      NA          NA
624       acs           3 3.7700 3.3216 0.3860   59 0.0963      NA          NA
    nnls dlb
690   10   1
638   10   1
769   15   1
751   11   1
624   13   1
# 2025-01-16 06:20:51 -03: Iteration 8 of 8
# experimentsUsedSoFar: 4913
# remainingBudget: 87
# currentBudget: 87
# nbConfigurations: 8
# Markers:
     x No test is performed.
     c Configurations are discarded only due to capping.
     - The test is performed and some configurations are discarded.
     = The test is performed but no configuration is discarded.
     ! The test is performed and configurations could be discarded but elite configurations are preserved.
     . All alive configurations are elite and nothing is discarded.

+-+-----------+-----------+-----------+----------------+-----------+--------+-----+----+------+
| |   Instance|      Alive|       Best|       Mean best| Exp so far|  W time|  rho|KenW|  Qvar|
+-+-----------+-----------+-----------+----------------+-----------+--------+-----+----+------+
|x|         23|          8|        769|     32878713.00|          8|00:00:10|   NA|  NA|    NA|
|x|         13|          8|        751|     32865456.00|         11|00:00:10|-0.21|0.39|1.1257|
|x|         17|          8|        751|     32697974.00|         14|00:00:10|+0.10|0.40|0.8117|
|x|         15|          8|        690|     32638613.00|         17|00:00:10|+0.19|0.39|0.7133|
|=|         22|          8|        690|     32560330.60|         20|00:00:10|+0.13|0.30|0.7571|
|=|         11|          8|        690|     32598720.17|         23|00:00:10|+0.06|0.21|0.8004|
|=|         10|          8|        690|     32651828.57|         26|00:00:10|+0.08|0.21|0.7820|
|=|          2|          8|        690|     32650069.62|         29|00:00:10|-0.01|0.11|0.8813|
|=|          9|          8|        690|     32604997.22|         32|00:00:10|+0.00|0.11|0.8633|
|=|         16|          8|        690|     32587981.30|         35|00:00:10|+0.02|0.12|0.8533|
|=|         18|          8|        690|     32582195.09|         38|00:00:10|+0.07|0.16|0.8101|
|=|         19|          8|        690|     32556297.17|         41|00:00:10|+0.02|0.10|0.8470|
|=|         14|          8|        690|     32543305.69|         44|00:00:10|-0.00|0.07|0.8510|
|=|          8|          8|        751|     32558981.07|         47|00:00:10|-0.01|0.06|0.8608|
|=|         12|          8|        751|     32561789.67|         50|00:00:10|-0.02|0.04|0.8779|
|=|         21|          8|        690|     32568482.69|         53|00:00:10|-0.04|0.03|0.8930|
|=|          7|          8|        690|     32567189.12|         56|00:00:10|-0.03|0.03|0.8976|
|=|          1|          8|        690|     32561179.28|         59|00:00:10|-0.04|0.02|0.9006|
|=|          3|          8|        690|     32576491.21|         62|00:00:10|-0.04|0.02|0.9057|
|=|         20|          8|        690|     32590605.00|         65|00:00:10|-0.03|0.02|0.9029|
|=|          4|          8|        773|     32595776.14|         68|00:00:10|-0.03|0.02|0.9015|
|=|          5|          8|        690|     32601096.91|         71|00:00:10|-0.03|0.02|0.8983|
|=|          6|          8|        690|     32582583.74|         74|00:00:10|-0.02|0.03|0.8916|
|=|         24|          8|        690|     32590635.29|         82|00:00:10|-0.01|0.03|0.8841|
+-+-----------+-----------+-----------+----------------+-----------+--------+-----+----+------+
Best-so-far configuration:         690    mean value:      32590635.29
Description of the best-so-far configuration:
    .ID. algorithm localsearch  alpha   beta    rho ants     q0 rasrank
690  690       acs           3 4.0648 3.0435 0.3865   63 0.2036      NA
    elitistants nnls dlb .PARENT.
690          NA   10   1      638

# 2025-01-16 06:25:03 -03: Elite configurations (first number is the configuration ID; listed from best to worst according to the sum of ranks):
    algorithm localsearch  alpha   beta    rho ants     q0 rasrank elitistants
690       acs           3 4.0648 3.0435 0.3865   63 0.2036      NA          NA
774       acs           3 3.8096 2.5685 0.3393   57 0.0841      NA          NA
769       acs           3 3.5477 2.9078 0.3828   58 0.1269      NA          NA
773       acs           3 4.1632 2.9713 0.3796   62 0.2257      NA          NA
751       acs           3 4.1644 2.6072 0.9260   71 0.2629      NA          NA
    nnls dlb
690   10   1
774   13   1
769   15   1
773   11   1
751   11   1
# 2025-01-16 06:25:03 -03: Stopped because there is not enough budget left to race more than the minimum (5).
# You may either increase the budget or set 'minNbSurvival' to a lower value.
# Iteration: 9
# nbIterations: 9
# experimentsUsedSoFar: 4995
# timeUsed: 0
# remainingBudget: 5
# currentBudget: 5
# number of elites: 5
# nbConfigurations: 5
# Total CPU user time: 51707.22, CPU sys time: 411.143, Wall-clock time: 7007.756
    .ID. algorithm localsearch  alpha   beta    rho ants     q0 rasrank
690  690       acs           3 4.0648 3.0435 0.3865   63 0.2036      NA
774  774       acs           3 3.8096 2.5685 0.3393   57 0.0841      NA
769  769       acs           3 3.5477 2.9078 0.3828   58 0.1269      NA
773  773       acs           3 4.1632 2.9713 0.3796   62 0.2257      NA
751  751       acs           3 4.1644 2.6072 0.9260   71 0.2629      NA
    elitistants nnls dlb .PARENT. .ALIVE. .RANK.   .WEIGHT.
690          NA   10   1      638    TRUE     92 0.33333333
774          NA   13   1      769    TRUE     99 0.26666667
769          NA   15   1      624    TRUE    100 0.20000000
773          NA   11   1      690    TRUE    107 0.13333333
751          NA   11   1      703    TRUE    110 0.06666667
