# 2025-01-17 22:42:19 -03: Initialization
# Elitist race
# Elitist new instances: 1
# Elitist limit: 2
# nbIterations: 3
# minNbSurvival: 3
# nbParameters: 3
# seed: 1569
# confidence level: 0.95
# budget: 5000
# mu: 5
# deterministic: FALSE

# 2025-01-17 22:42:19 -03: Iteration 1 of 3
# experimentsUsedSoFar: 0
# remainingBudget: 5000
# currentBudget: 1666
# nbConfigurations: 277
# Markers:
     x No test is performed.
     c Configurations are discarded only due to capping.
     - The test is performed and some configurations are discarded.
     = The test is performed but no configuration is discarded.
     ! The test is performed and configurations could be discarded but elite configurations are preserved.
     . All alive configurations are elite and nothing is discarded.

+-+-----------+-----------+-----------+----------------+-----------+--------+-----+----+------+
| |   Instance|      Alive|       Best|       Mean best| Exp so far|  W time|  rho|KenW|  Qvar|
+-+-----------+-----------+-----------+----------------+-----------+--------+-----+----+------+
|x|          1|        277|        172|     7497422.000|        277|00:05:53|   NA|  NA|    NA|
|x|          2|        277|         42|     3980369.000|        554|00:05:53|-0.02|0.49|0.8755|
|x|          3|        277|         42|     5083076.000|        831|00:05:53|+0.22|0.48|0.6629|
|x|          4|        277|         42|     5668516.000|       1108|00:05:53|+0.33|0.50|0.5718|
|-|          5|         87|        111|     4628266.800|       1385|00:05:53|-0.04|0.17|1.0361|
|=|          6|         87|        111|     3909340.000|       1472|00:01:51|-0.06|0.11|1.0526|
|=|          7|         87|        111|     4435082.857|       1559|00:01:51|+0.00|0.15|0.9847|
+-+-----------+-----------+-----------+----------------+-----------+--------+-----+----+------+
Best-so-far configuration:         111    mean value:      4435082.857
Description of the best-so-far configuration:
    .ID. localsearch  rho ants .PARENT.
111  111           3 0.24   10       NA

first iteration, returning
# 2025-01-17 23:15:28 -03: Elite configurations (first number is the configuration ID; listed from best to worst according to the sum of ranks):
    localsearch    rho ants
111           3 0.2400   10
246           3 0.5572   40
2             3 0.2202   78
# 2025-01-17 23:15:28 -03: Iteration 2 of 3
# experimentsUsedSoFar: 1559
# remainingBudget: 3441
# currentBudget: 1720
# nbConfigurations: 217
# Markers:
     x No test is performed.
     c Configurations are discarded only due to capping.
     - The test is performed and some configurations are discarded.
     = The test is performed but no configuration is discarded.
     ! The test is performed and configurations could be discarded but elite configurations are preserved.
     . All alive configurations are elite and nothing is discarded.

+-+-----------+-----------+-----------+----------------+-----------+--------+-----+----+------+
| |   Instance|      Alive|       Best|       Mean best| Exp so far|  W time|  rho|KenW|  Qvar|
+-+-----------+-----------+-----------+----------------+-----------+--------+-----+----+------+
|x|          8|        217|        467|     7656100.000|        217|00:04:42|   NA|  NA|    NA|
|x|          6|        217|        484|     3990299.000|        431|00:04:32|-0.15|0.42|1.1003|
|x|          5|        217|        361|     2826385.333|        645|00:04:32|-0.12|0.25|1.0749|
|x|          7|        217|        246|     4017272.000|        859|00:04:32|+0.03|0.27|0.9470|
|=|          2|        217|        282|     3299219.600|       1073|00:04:32|+0.02|0.22|0.9638|
|-|          3|        125|        282|     3964270.333|       1287|00:04:32|-0.09|0.09|1.0564|
|=|          4|        125|        282|     4457052.571|       1409|00:02:41|-0.03|0.12|0.9874|
|-|          1|         75|        282|     4842377.250|       1531|00:02:41|-0.05|0.08|1.0276|
|=|          9|         75|        412|     5155210.667|       1606|00:01:41|-0.03|0.08|1.0093|
|=|         10|         75|        412|     5346924.000|       1681|00:01:40|-0.02|0.08|1.0015|
+-+-----------+-----------+-----------+----------------+-----------+--------+-----+----+------+
Best-so-far configuration:         412    mean value:      5346924.000
Description of the best-so-far configuration:
    .ID. localsearch    rho ants .PARENT.
412  412           3 0.2232   12      111

# 2025-01-17 23:51:38 -03: Elite configurations (first number is the configuration ID; listed from best to worst according to the sum of ranks):
    localsearch    rho ants
412           3 0.2232   12
489           3 0.1988   28
343           3 0.1546   13
# 2025-01-17 23:51:38 -03: Iteration 3 of 3
# experimentsUsedSoFar: 3240
# remainingBudget: 1760
# currentBudget: 1760
# nbConfigurations: 162
# Markers:
     x No test is performed.
     c Configurations are discarded only due to capping.
     - The test is performed and some configurations are discarded.
     = The test is performed but no configuration is discarded.
     ! The test is performed and configurations could be discarded but elite configurations are preserved.
     . All alive configurations are elite and nothing is discarded.

+-+-----------+-----------+-----------+----------------+-----------+--------+-----+----+------+
| |   Instance|      Alive|       Best|       Mean best| Exp so far|  W time|  rho|KenW|  Qvar|
+-+-----------+-----------+-----------+----------------+-----------+--------+-----+----+------+
|x|         11|        162|        498|     7420940.000|        162|00:03:31|   NA|  NA|    NA|
|x|          9|        162|        412|     7543606.000|        321|00:03:21|+0.48|0.74|0.3030|
|x|          6|        162|        412|     5132556.000|        480|00:03:21|+0.17|0.45|0.7580|
|x|          7|        162|        412|     5745073.000|        639|00:03:21|+0.23|0.42|0.6547|
|-|          4|         58|        412|     6079285.600|        798|00:03:21|-0.12|0.10|1.0853|
|=|          1|         58|        412|     6320554.000|        853|00:01:10|-0.08|0.10|1.0418|
|=|          2|         58|        412|     5478214.571|        908|00:01:10|-0.05|0.10|1.0139|
|=|          8|         58|        412|     5754749.750|        963|00:01:10|-0.05|0.08|1.0189|
|=|          5|         58|        412|     5170485.556|       1018|00:01:10|-0.02|0.09|0.9974|
|=|         10|         58|        649|     5361898.000|       1073|00:01:10|-0.01|0.09|0.9845|
|=|          3|         58|        649|     5537102.545|       1128|00:01:10|-0.01|0.08|0.9870|
|=|         12|         58|        649|     5676589.167|       1186|00:01:20|-0.01|0.08|0.9850|
+-+-----------+-----------+-----------+----------------+-----------+--------+-----+----+------+
Best-so-far configuration:         649    mean value:      5676589.167
Description of the best-so-far configuration:
    .ID. localsearch    rho ants .PARENT.
649  649           3 0.1373   11      343

# 2025-01-18 00:17:03 -03: Elite configurations (first number is the configuration ID; listed from best to worst according to the sum of ranks):
    localsearch    rho ants
649           3 0.1373   11
412           3 0.2232   12
343           3 0.1546   13
# 2025-01-18 00:17:03 -03: Iteration 4 of 4
# experimentsUsedSoFar: 4426
# remainingBudget: 574
# currentBudget: 574
# nbConfigurations: 46
# Markers:
     x No test is performed.
     c Configurations are discarded only due to capping.
     - The test is performed and some configurations are discarded.
     = The test is performed but no configuration is discarded.
     ! The test is performed and configurations could be discarded but elite configurations are preserved.
     . All alive configurations are elite and nothing is discarded.

+-+-----------+-----------+-----------+----------------+-----------+--------+-----+----+------+
| |   Instance|      Alive|       Best|       Mean best| Exp so far|  W time|  rho|KenW|  Qvar|
+-+-----------+-----------+-----------+----------------+-----------+--------+-----+----+------+
|x|         13|         46|        666|     7503530.000|         46|00:01:00|   NA|  NA|    NA|
|x|          7|         46|        412|     7546092.000|         89|00:01:00|+0.18|0.59|0.4152|
|x|          9|         46|        412|     7585876.667|        132|00:01:00|+0.31|0.54|0.3110|
|x|          5|         46|        412|     5813500.500|        175|00:01:00|+0.17|0.38|0.6498|
|-|          8|         34|        668|     6190065.200|        218|00:01:00|-0.12|0.11|1.0694|
|=|         11|         34|        412|     6394377.333|        249|00:00:40|-0.07|0.10|1.0232|
|=|          6|         34|        412|     5525245.714|        280|00:00:40|-0.04|0.11|1.0008|
|=|          4|         34|        412|     5761607.000|        311|00:00:40|-0.01|0.12|0.9699|
|=|         10|         34|        412|     5907244.444|        342|00:00:40|+0.02|0.13|0.9502|
|=|          1|         34|        412|     6069209.600|        373|00:00:40|+0.01|0.11|0.9570|
|=|          2|         34|        412|     5556024.909|        404|00:00:40|+0.02|0.11|0.9490|
|=|          3|         34|        412|     5700047.167|        435|00:00:40|+0.02|0.10|0.9518|
|=|         12|         34|        412|     5815906.923|        466|00:00:40|+0.01|0.09|0.9597|
|=|         14|         34|        343|     5922580.714|        500|00:00:50|+0.03|0.10|0.9438|
+-+-----------+-----------+-----------+----------------+-----------+--------+-----+----+------+
Best-so-far configuration:         343    mean value:      5922580.714
Description of the best-so-far configuration:
    .ID. localsearch    rho ants .PARENT.
343  343           3 0.1546   13      111

# 2025-01-18 00:28:19 -03: Elite configurations (first number is the configuration ID; listed from best to worst according to the sum of ranks):
    localsearch    rho ants
343           3 0.1546   13
649           3 0.1373   11
684           3 0.2258   12
# 2025-01-18 00:28:19 -03: Iteration 5 of 5
# experimentsUsedSoFar: 4926
# remainingBudget: 74
# currentBudget: 74
# nbConfigurations: 7
# Markers:
     x No test is performed.
     c Configurations are discarded only due to capping.
     - The test is performed and some configurations are discarded.
     = The test is performed but no configuration is discarded.
     ! The test is performed and configurations could be discarded but elite configurations are preserved.
     . All alive configurations are elite and nothing is discarded.

+-+-----------+-----------+-----------+----------------+-----------+--------+-----+----+------+
| |   Instance|      Alive|       Best|       Mean best| Exp so far|  W time|  rho|KenW|  Qvar|
+-+-----------+-----------+-----------+----------------+-----------+--------+-----+----+------+
|x|         15|          7|        695|     613166.0000|          7|00:00:10|   NA|  NA|    NA|
|x|          8|          7|        684|     4142723.000|         11|00:00:10|+0.14|0.57|0.6848|
|x|          3|          7|        684|     5186927.333|         15|00:00:10|+0.17|0.45|0.7830|
|x|         14|          7|        684|     5716486.500|         19|00:00:10|+0.07|0.30|0.8416|
|=|          9|          7|        684|     6108381.600|         23|00:00:10|+0.13|0.30|0.7823|
|=|          2|          7|        684|     5162162.333|         27|00:00:10|+0.03|0.20|0.8466|
|=|         11|          7|        649|     5488869.714|         31|00:00:10|-0.03|0.11|0.8773|
|=|         12|          7|        684|     5702710.000|         35|00:00:10|-0.07|0.06|0.9149|
|=|          4|          7|        684|     5893162.889|         39|00:00:10|-0.02|0.09|0.8762|
|=|          1|          7|        684|     6056432.200|         43|00:00:10|+0.02|0.12|0.8297|
|=|         13|          7|        684|     6189294.727|         47|00:00:10|+0.04|0.12|0.8118|
|=|          7|          7|        684|     6307527.667|         51|00:00:10|-0.00|0.08|0.8452|
|=|         10|          7|        343|     6364206.308|         55|00:00:10|+0.00|0.08|0.8438|
|=|          5|          7|        343|     5944811.143|         59|00:00:10|+0.02|0.09|0.8205|
|=|          6|          7|        343|     5569110.400|         63|00:00:10|+0.02|0.09|0.8282|
|=|         16|          7|        649|     5685179.750|         70|00:00:10|+0.01|0.07|0.8406|
+-+-----------+-----------+-----------+----------------+-----------+--------+-----+----+------+
Best-so-far configuration:         649    mean value:      5685179.750
Description of the best-so-far configuration:
    .ID. localsearch    rho ants .PARENT.
649  649           3 0.1373   11      343

# 2025-01-18 00:31:01 -03: Elite configurations (first number is the configuration ID; listed from best to worst according to the sum of ranks):
    localsearch    rho ants
649           3 0.1373   11
343           3 0.1546   13
684           3 0.2258   12
# 2025-01-18 00:31:01 -03: Stopped because there is not enough budget left to race more than the minimum (3).
# You may either increase the budget or set 'minNbSurvival' to a lower value.
# Iteration: 6
# nbIterations: 6
# experimentsUsedSoFar: 4996
# timeUsed: 0
# remainingBudget: 4
# currentBudget: 4
# number of elites: 3
# nbConfigurations: 3
# Total CPU user time: 50310.68, CPU sys time: 121.933, Wall-clock time: 6521.923
    .ID. localsearch    rho ants .PARENT. .ALIVE. .RANK.  .WEIGHT.
649  649           3 0.1373   11      343    TRUE   52.0 0.5000000
343  343           3 0.1546   13      111    TRUE   54.5 0.3333333
684  684           3 0.2258   12      412    TRUE   57.5 0.1666667
