# 2025-02-02 10:04:36 -03: 2 expression(s) specifying forbidden configurations read.
# 2025-02-02 10:04:36 -03: Initialization
# Elitist race
# Elitist new instances: 1
# Elitist limit: 2
# nbIterations: 5
# minNbSurvival: 5
# nbParameters: 8
# seed: 5144
# confidence level: 0.95
# budget: 5000
# mu: 5
# deterministic: FALSE

# 2025-02-02 10:04:36 -03: Iteration 1 of 5
# experimentsUsedSoFar: 0
# remainingBudget: 5000
# currentBudget: 1000
# nbConfigurations: 166
# Markers:
     x No test is performed.
     c Configurations are discarded only due to capping.
     - The test is performed and some configurations are discarded.
     = The test is performed but no configuration is discarded.
     ! The test is performed and configurations could be discarded but elite configurations are preserved.
     . All alive configurations are elite and nothing is discarded.

+-+-----------+-----------+-----------+----------------+-----------+--------+-----+----+------+
| |   Instance|      Alive|       Best|       Mean best| Exp so far|  W time|  rho|KenW|  Qvar|
+-+-----------+-----------+-----------+----------------+-----------+--------+-----+----+------+
|x|          1|        166|          9|    0.7377716645|        166|00:04:42|   NA|  NA|    NA|
|x|          2|        166|         91|     3203.071492|        332|00:04:54|+0.70|0.85|0.8965|
|x|          3|        166|        150|     6667.121219|        498|00:04:37|+0.75|0.84|0.7264|
|x|          4|        166|          9|     8469.024750|        664|00:04:37|+0.64|0.73|0.7245|
|-|          5|         26|          9|     6775.319692|        830|00:04:36|+0.16|0.32|1.0256|
|-|          6|          4|          9|     5659.439727|        856|00:00:37|+0.16|0.30|0.7279|
+-+-----------+-----------+-----------+----------------+-----------+--------+-----+----+------+
Best-so-far configuration:           9    mean value:      5659.439727
Description of the best-so-far configuration:
  .ID. particles topology modInfluence phi1 phi2 inertia branching tSchedule
9    9         5        5            1 2.28 1.92    0.27        NA         5
  .PARENT.
9       NA

first iteration, returning
# 2025-02-02 10:28:43 -03: Elite configurations (first number is the configuration ID; listed from best to worst according to the sum of ranks):
    particles topology modInfluence phi1 phi2 inertia branching tSchedule
9           5        5            1 2.28 1.92    0.27        NA         5
33         10        1            0 1.41 1.90    0.31        NA        NA
150         4        2            1 0.91 2.50    0.16        NA        NA
42          3        2            2 1.47 1.68    0.01        NA        NA
# 2025-02-02 10:28:43 -03: Iteration 2 of 5
# experimentsUsedSoFar: 856
# remainingBudget: 4144
# currentBudget: 1036
# nbConfigurations: 151
# Markers:
     x No test is performed.
     c Configurations are discarded only due to capping.
     - The test is performed and some configurations are discarded.
     = The test is performed but no configuration is discarded.
     ! The test is performed and configurations could be discarded but elite configurations are preserved.
     . All alive configurations are elite and nothing is discarded.

+-+-----------+-----------+-----------+----------------+-----------+--------+-----+----+------+
| |   Instance|      Alive|       Best|       Mean best| Exp so far|  W time|  rho|KenW|  Qvar|
+-+-----------+-----------+-----------+----------------+-----------+--------+-----+----+------+
|x|          7|        151|        150|     924275.5198|        151|00:03:41|   NA|  NA|    NA|
|x|          1|        151|          9|     603092.2317|        298|00:03:16|+0.93|0.96|0.1101|
|x|          4|        151|          9|     402062.3985|        445|00:03:21|+0.65|0.76|0.3191|
|x|          2|        151|          9|     310014.8356|        592|00:03:31|+0.57|0.68|0.3131|
|-|          3|         32|          9|     248011.9649|        739|00:03:17|+0.03|0.23|1.0005|
|=|          5|         32|        307|     263927.5398|        767|00:00:30|+0.08|0.23|0.9450|
|-|          6|         17|          9|     177162.9092|        795|00:00:33|-0.01|0.14|0.9262|
|=|          8|         17|          9|     155017.6421|        812|00:00:16|+0.07|0.18|0.8679|
|=|          9|         17|          9|     219459.7091|        829|00:00:18|+0.05|0.16|0.8926|
+-+-----------+-----------+-----------+----------------+-----------+--------+-----+----+------+
Best-so-far configuration:           9    mean value:      219459.7091
Description of the best-so-far configuration:
  .ID. particles topology modInfluence phi1 phi2 inertia branching tSchedule
9    9         5        5            1 2.28 1.92    0.27        NA         5
  .PARENT.
9       NA

# 2025-02-02 10:47:31 -03: Elite configurations (first number is the configuration ID; listed from best to worst according to the sum of ranks):
    particles topology modInfluence phi1 phi2 inertia branching tSchedule
9           5        5            1 2.28 1.92    0.27        NA         5
307         9        4            2 1.14 2.30    0.01        NA        NA
276        11        4            1 2.47 1.40    0.14        NA        NA
297        12        1            1 1.57 2.24    0.13        NA        NA
202         4        5            1 1.70 1.24    0.32        NA         4
# 2025-02-02 10:47:31 -03: Iteration 3 of 5
# experimentsUsedSoFar: 1685
# remainingBudget: 3315
# currentBudget: 1105
# nbConfigurations: 115
# Markers:
     x No test is performed.
     c Configurations are discarded only due to capping.
     - The test is performed and some configurations are discarded.
     = The test is performed but no configuration is discarded.
     ! The test is performed and configurations could be discarded but elite configurations are preserved.
     . All alive configurations are elite and nothing is discarded.

+-+-----------+-----------+-----------+----------------+-----------+--------+-----+----+------+
| |   Instance|      Alive|       Best|       Mean best| Exp so far|  W time|  rho|KenW|  Qvar|
+-+-----------+-----------+-----------+----------------+-----------+--------+-----+----+------+
|x|         10|        115|        389|     721275.3743|        115|00:01:58|   NA|  NA|    NA|
|x|          7|        115|        370|     892183.0605|        225|00:01:53|+0.90|0.95|0.0358|
|x|          9|        115|        377|     1030085.806|        335|00:01:49|+0.74|0.83|0.0482|
|x|          1|        115|        377|     772564.5188|        445|00:01:39|+0.79|0.85|0.0535|
|-|          4|         25|        324|     571067.5509|        555|00:01:35|+0.07|0.25|0.8612|
|-|          8|         18|        359|     572567.1415|        575|00:00:19|-0.07|0.11|0.9603|
|=|          5|         18|        359|     490771.9042|        588|00:00:11|-0.05|0.10|0.9675|
|=|          2|         18|        359|     435854.3709|        601|00:00:13|-0.03|0.10|0.9770|
|=|          6|         18|          9|     329177.5158|        614|00:00:13|-0.00|0.11|0.9378|
|=|          3|         18|        377|     313592.4828|        627|00:00:12|-0.01|0.09|0.9465|
|=|         11|         18|        377|     285104.5906|        645|00:00:19|-0.01|0.08|0.9600|
+-+-----------+-----------+-----------+----------------+-----------+--------+-----+----+------+
Best-so-far configuration:         377    mean value:      285104.5906
Description of the best-so-far configuration:
    .ID. particles topology modInfluence phi1 phi2 inertia branching tSchedule
377  377         6        5            1 2.48 1.11    0.08        NA         4
    .PARENT.
377      276

# 2025-02-02 10:57:59 -03: Elite configurations (first number is the configuration ID; listed from best to worst according to the sum of ranks):
    particles topology modInfluence phi1 phi2 inertia branching tSchedule
377         6        5            1 2.48 1.11    0.08        NA         4
9           5        5            1 2.28 1.92    0.27        NA         5
359         8        4            1 2.21 0.82    0.22        NA        NA
202         4        5            1 1.70 1.24    0.32        NA         4
400        14        4            1 1.96 2.21    0.26        NA        NA
# 2025-02-02 10:57:59 -03: Iteration 4 of 5
# experimentsUsedSoFar: 2330
# remainingBudget: 2670
# currentBudget: 1335
# nbConfigurations: 115
# Markers:
     x No test is performed.
     c Configurations are discarded only due to capping.
     - The test is performed and some configurations are discarded.
     = The test is performed but no configuration is discarded.
     ! The test is performed and configurations could be discarded but elite configurations are preserved.
     . All alive configurations are elite and nothing is discarded.

+-+-----------+-----------+-----------+----------------+-----------+--------+-----+----+------+
| |   Instance|      Alive|       Best|       Mean best| Exp so far|  W time|  rho|KenW|  Qvar|
+-+-----------+-----------+-----------+----------------+-----------+--------+-----+----+------+
|x|         12|        115|        460|     10.52048498|        115|00:01:48|   NA|  NA|    NA|
|x|          5|        115|        528|     5.581087131|        225|00:01:35|+0.48|0.74|0.0064|
|x|          8|        115|        514|     4.321639631|        335|00:01:39|+0.44|0.63|0.0104|
|x|          4|        115|        480|     4.093546562|        445|00:01:36|+0.42|0.57|0.5085|
|-|         11|         71|        528|     40.51170579|        555|00:01:53|-0.09|0.13|1.0435|
|=|          2|         71|        480|     5089.355825|        621|00:01:01|-0.05|0.12|1.0416|
|=|         10|         71|        480|     135846.5124|        687|00:01:04|+0.02|0.16|0.9913|
|-|          3|         39|        480|     118865.7482|        753|00:01:00|-0.07|0.07|1.0449|
|=|          9|         39|        480|     177945.7414|        787|00:00:28|-0.04|0.08|1.0264|
|=|          6|         39|        480|     160158.2618|        821|00:00:30|-0.01|0.09|1.0026|
|=|          7|         39|        480|     248233.4707|        855|00:00:32|+0.03|0.12|0.9669|
|-|          1|         24|        424|     204046.8737|        889|00:00:25|+0.00|0.08|0.9684|
|=|         13|         24|        480|     210059.0187|        913|00:00:25|-0.01|0.07|0.9801|
|=|         14|         24|        480|     195054.8207|        937|00:00:18|+0.02|0.09|0.9543|
+-+-----------+-----------+-----------+----------------+-----------+--------+-----+----+------+
Best-so-far configuration:         480    mean value:      195054.8207
Description of the best-so-far configuration:
    .ID. particles topology modInfluence phi1 phi2 inertia branching tSchedule
480  480         4        5            1  2.2 2.02     0.2        NA         5
    .PARENT.
480        9

# 2025-02-02 11:12:21 -03: Elite configurations (first number is the configuration ID; listed from best to worst according to the sum of ranks):
    particles topology modInfluence phi1 phi2 inertia branching tSchedule
480         4        5            1 2.20 2.02    0.20        NA         5
424         3        0            1 2.25 1.89    0.22        NA        NA
429         3        4            1 2.10 1.06    0.21        NA        NA
502         3        5            1 2.45 1.17    0.07        NA         4
513         5        5            1 2.23 1.23    0.07        NA         4
# 2025-02-02 11:12:21 -03: Iteration 5 of 5
# experimentsUsedSoFar: 3267
# remainingBudget: 1733
# currentBudget: 1733
# nbConfigurations: 120
# Markers:
     x No test is performed.
     c Configurations are discarded only due to capping.
     - The test is performed and some configurations are discarded.
     = The test is performed but no configuration is discarded.
     ! The test is performed and configurations could be discarded but elite configurations are preserved.
     . All alive configurations are elite and nothing is discarded.

+-+-----------+-----------+-----------+----------------+-----------+--------+-----+----+------+
| |   Instance|      Alive|       Best|       Mean best| Exp so far|  W time|  rho|KenW|  Qvar|
+-+-----------+-----------+-----------+----------------+-----------+--------+-----+----+------+
|x|         15|        120|        557|     51844.11215|        120|00:01:57|   NA|  NA|    NA|
|x|          9|        120|        575|     275016.5363|        235|00:01:57|-0.09|0.45|1.0440|
|x|          1|        120|        590|     200118.1624|        350|00:01:49|-0.07|0.29|0.9658|
|x|          4|        120|        539|     170179.8231|        465|00:01:45|-0.00|0.25|0.8706|
|=|         14|        120|        622|     137321.5297|        580|00:01:39|+0.01|0.21|0.9134|
|=|         12|        120|        622|     114436.5424|        695|00:01:56|+0.04|0.20|0.9087|
|-|          3|         60|        622|     98088.52473|        810|00:01:44|-0.06|0.09|1.0269|
|=|          6|         60|        590|     75063.19338|        865|00:00:57|-0.02|0.11|1.0023|
|=|          7|         60|        590|     221059.8990|        920|00:00:59|+0.02|0.13|0.9616|
|=|          5|         60|        622|     198986.2527|        975|00:00:57|+0.00|0.10|0.9664|
|=|         11|         60|        622|     180917.3827|       1030|00:01:08|-0.00|0.09|0.9731|
|=|          2|         60|        582|     134550.1839|       1085|00:01:02|+0.01|0.09|0.9574|
|-|         10|         32|        582|     189622.1788|       1140|00:01:05|-0.03|0.05|0.9790|
|=|         13|         32|        582|     176091.4759|       1167|00:00:29|-0.03|0.04|0.9804|
|=|          8|         32|        582|     164352.0948|       1194|00:00:26|-0.03|0.04|0.9795|
|=|         16|         32|        582|     180192.3598|       1226|00:00:35|-0.03|0.03|0.9762|
+-+-----------+-----------+-----------+----------------+-----------+--------+-----+----+------+
Best-so-far configuration:         582    mean value:      180192.3598
Description of the best-so-far configuration:
    .ID. particles topology modInfluence phi1 phi2 inertia branching tSchedule
582  582         4        0            1 2.38 2.02    0.27        NA        NA
    .PARENT.
582      424

# 2025-02-02 11:32:53 -03: Elite configurations (first number is the configuration ID; listed from best to worst according to the sum of ranks):
    particles topology modInfluence phi1 phi2 inertia branching tSchedule
582         4        0            1 2.38 2.02    0.27        NA        NA
572         4        4            1 2.22 1.02    0.21        NA        NA
622         7        0            1 2.46 2.03    0.21        NA        NA
597         3        5            1 2.25 1.22    0.10        NA         4
424         3        0            1 2.25 1.89    0.22        NA        NA
# 2025-02-02 11:32:53 -03: Iteration 6 of 6
# experimentsUsedSoFar: 4493
# remainingBudget: 507
# currentBudget: 507
# nbConfigurations: 34
# Markers:
     x No test is performed.
     c Configurations are discarded only due to capping.
     - The test is performed and some configurations are discarded.
     = The test is performed but no configuration is discarded.
     ! The test is performed and configurations could be discarded but elite configurations are preserved.
     . All alive configurations are elite and nothing is discarded.

+-+-----------+-----------+-----------+----------------+-----------+--------+-----+----+------+
| |   Instance|      Alive|       Best|       Mean best| Exp so far|  W time|  rho|KenW|  Qvar|
+-+-----------+-----------+-----------+----------------+-----------+--------+-----+----+------+
|x|         17|         34|        658|     758075.9769|         34|00:00:38|   NA|  NA|    NA|
|x|         14|         34|        582|     384898.0619|         63|00:00:29|+0.82|0.91|0.1282|
|x|          3|         34|        582|     256598.8512|         92|00:00:31|+0.15|0.43|0.9359|
|x|          9|         34|        582|     340434.2516|        121|00:00:36|+0.08|0.31|0.9532|
|=|         11|         34|        582|     272389.7358|        150|00:00:38|+0.05|0.24|0.9763|
|-|          5|         21|        572|     248617.4707|        179|00:00:32|-0.02|0.15|1.0434|
|=|          1|         21|        582|     194564.2561|        195|00:00:19|+0.02|0.16|0.9898|
|=|         13|         21|        582|     170267.7664|        211|00:00:21|+0.02|0.15|0.9723|
|=|         10|         21|        582|     245847.5832|        227|00:00:21|+0.03|0.14|0.9568|
|-|          7|         12|        582|     310105.4919|        243|00:00:22|-0.01|0.09|0.9239|
|=|          8|         12|        582|     281914.1526|        250|00:00:07|+0.01|0.10|0.9186|
|=|         12|         12|        572|     276610.4942|        257|00:00:06|+0.00|0.08|0.9267|
|=|          6|         12|        582|     238548.4282|        264|00:00:08|-0.02|0.06|0.9127|
|=|         16|         12|        582|     251351.8501|        271|00:00:08|+0.01|0.08|0.8882|
|=|          4|         12|        582|     234595.2321|        278|00:00:06|+0.01|0.08|0.9047|
|=|          2|         12|        582|     221700.9635|        285|00:00:07|+0.02|0.08|0.8968|
|=|         15|         12|        582|     214874.9204|        292|00:00:06|-0.00|0.06|0.9106|
|=|         18|         12|        582|     202937.4505|        304|00:00:11|+0.00|0.06|0.9150|
+-+-----------+-----------+-----------+----------------+-----------+--------+-----+----+------+
Best-so-far configuration:         582    mean value:      202937.4505
Description of the best-so-far configuration:
    .ID. particles topology modInfluence phi1 phi2 inertia branching tSchedule
582  582         4        0            1 2.38 2.02    0.27        NA        NA
    .PARENT.
582      424

# 2025-02-02 11:38:47 -03: Elite configurations (first number is the configuration ID; listed from best to worst according to the sum of ranks):
    particles topology modInfluence phi1 phi2 inertia branching tSchedule
582         4        0            1 2.38 2.02    0.27        NA        NA
661         4        0            1 2.47 1.96    0.29        NA        NA
622         7        0            1 2.46 2.03    0.21        NA        NA
572         4        4            1 2.22 1.02    0.21        NA        NA
424         3        0            1 2.25 1.89    0.22        NA        NA
# 2025-02-02 11:38:47 -03: Iteration 7 of 7
# experimentsUsedSoFar: 4797
# remainingBudget: 203
# currentBudget: 203
# nbConfigurations: 15
# Markers:
     x No test is performed.
     c Configurations are discarded only due to capping.
     - The test is performed and some configurations are discarded.
     = The test is performed but no configuration is discarded.
     ! The test is performed and configurations could be discarded but elite configurations are preserved.
     . All alive configurations are elite and nothing is discarded.

+-+-----------+-----------+-----------+----------------+-----------+--------+-----+----+------+
| |   Instance|      Alive|       Best|       Mean best| Exp so far|  W time|  rho|KenW|  Qvar|
+-+-----------+-----------+-----------+----------------+-----------+--------+-----+----+------+
|x|         19|         15|        572|     424180.2523|         15|00:00:15|   NA|  NA|    NA|
|x|          4|         15|        582|     329675.6511|         25|00:00:10|-0.18|0.41|0.9578|
|x|         15|         15|        622|     207488.9290|         35|00:00:10|-0.21|0.19|0.9452|
|x|         14|         15|        622|     155616.7552|         45|00:00:11|-0.06|0.21|0.9480|
|=|          9|         15|        622|     246009.0076|         55|00:00:10|+0.01|0.21|0.8746|
|=|         17|         15|        622|     479375.1160|         65|00:00:12|+0.04|0.20|0.8852|
|=|         18|         15|        622|     410893.0099|         75|00:00:10|+0.05|0.18|0.9007|
|-|          3|         11|        622|     359531.4360|         85|00:00:11|-0.06|0.08|0.9390|
|=|          2|         11|        622|     326229.1895|         91|00:00:07|-0.05|0.07|0.9322|
|=|         11|         11|        582|     215524.5608|         97|00:00:08|-0.05|0.06|0.9480|
|=|          6|         11|        582|     195937.0071|        103|00:00:07|-0.01|0.08|0.9230|
|=|         13|         11|        582|     179624.9515|        109|00:00:08|-0.03|0.06|0.9275|
|=|         10|         11|        582|     231229.6565|        115|00:00:07|-0.01|0.07|0.9236|
|=|         16|         11|        582|     244555.8478|        121|00:00:07|+0.00|0.07|0.9094|
|=|          1|         11|        582|     228252.1682|        127|00:00:07|+0.00|0.07|0.9092|
|=|          7|         11|        582|     269513.0745|        133|00:00:07|+0.02|0.08|0.8881|
|=|         12|         11|        582|     253660.0947|        139|00:00:06|+0.01|0.06|0.8918|
|=|          5|         11|        661|     242122.2571|        145|00:00:06|-0.00|0.05|0.8984|
|=|          8|         11|        661|     229379.0190|        151|00:00:07|-0.02|0.04|0.9078|
|=|         20|         11|        661|     217921.1596|        162|00:00:12|-0.02|0.04|0.9185|
+-+-----------+-----------+-----------+----------------+-----------+--------+-----+----+------+
Best-so-far configuration:         661    mean value:      217921.1596
Description of the best-so-far configuration:
    .ID. particles topology modInfluence phi1 phi2 inertia branching tSchedule
661  661         4        0            1 2.47 1.96    0.29        NA        NA
    .PARENT.
661      582

# 2025-02-02 11:41:55 -03: Elite configurations (first number is the configuration ID; listed from best to worst according to the sum of ranks):
    particles topology modInfluence phi1 phi2 inertia branching tSchedule
622         7        0            1 2.46 2.03    0.21        NA        NA
661         4        0            1 2.47 1.96    0.29        NA        NA
582         4        0            1 2.38 2.02    0.27        NA        NA
683         5        0            1 2.40 1.96    0.29        NA        NA
572         4        4            1 2.22 1.02    0.21        NA        NA
# 2025-02-02 11:41:55 -03: Iteration 8 of 8
# experimentsUsedSoFar: 4959
# remainingBudget: 41
# currentBudget: 41
# nbConfigurations: 6
# Markers:
     x No test is performed.
     c Configurations are discarded only due to capping.
     - The test is performed and some configurations are discarded.
     = The test is performed but no configuration is discarded.
     ! The test is performed and configurations could be discarded but elite configurations are preserved.
     . All alive configurations are elite and nothing is discarded.

+-+-----------+-----------+-----------+----------------+-----------+--------+-----+----+------+
| |   Instance|      Alive|       Best|       Mean best| Exp so far|  W time|  rho|KenW|  Qvar|
+-+-----------+-----------+-----------+----------------+-----------+--------+-----+----+------+
|x|         21|          6|        622|     210.8086894|          6|00:00:06|   NA|  NA|    NA|
|x|          5|          6|        622|     105.5903911|          7|00:00:01|+0.03|0.51|0.9249|
|x|         18|          6|        622|     70.51795133|          8|00:00:00|+0.01|0.34|0.8634|
|x|         10|          6|        622|     233333.8113|          9|00:00:00|-0.18|0.11|0.9630|
|=|         15|          6|        622|     202472.2316|         10|00:00:00|-0.07|0.14|0.8436|
|=|         17|          6|        622|     443094.4693|         11|00:00:01|-0.16|0.03|0.9503|
|=|         16|          6|        622|     495846.7431|         12|00:00:01|-0.14|0.02|0.9643|
|=|          4|          6|        661|     272988.7127|         13|00:00:00|-0.10|0.04|0.9198|
|=|          8|          6|        622|     385658.9711|         14|00:00:01|-0.09|0.03|0.8980|
|=|         12|          6|        622|     347094.2345|         15|00:00:00|-0.09|0.01|0.9011|
|=|          3|          6|        622|     315540.2513|         16|00:00:00|-0.06|0.04|0.8794|
|=|          7|          6|        572|     275179.8264|         17|00:00:00|-0.04|0.05|0.8749|
|=|         11|          6|        572|     254028.4431|         18|00:00:01|-0.06|0.02|0.8828|
|=|          2|          6|        572|     237544.3565|         19|00:00:00|-0.04|0.03|0.8670|
|=|         19|          6|        572|     249986.7495|         20|00:00:00|-0.03|0.04|0.8569|
|=|         20|          6|        572|     234381.0464|         21|00:00:01|-0.05|0.02|0.8722|
|=|          6|          6|        661|     214137.7557|         22|00:00:01|-0.05|0.01|0.8708|
|=|         14|          6|        661|     202241.2288|         23|00:00:01|-0.05|0.01|0.8695|
|=|          9|          6|        582|     226973.1295|         24|00:00:00|-0.05|0.00|0.8691|
|=|         13|          6|        622|     299281.0088|         25|00:00:01|-0.05|0.01|0.8680|
|=|          1|          6|        622|     285029.5621|         26|00:00:01|-0.04|0.01|0.8639|
|=|         22|          6|        622|     272073.6920|         32|00:00:06|-0.03|0.02|0.8556|
+-+-----------+-----------+-----------+----------------+-----------+--------+-----+----+------+
Best-so-far configuration:         622    mean value:      272073.6920
Description of the best-so-far configuration:
    .ID. particles topology modInfluence phi1 phi2 inertia branching tSchedule
622  622         7        0            1 2.46 2.03    0.21        NA        NA
    .PARENT.
622      424

# 2025-02-02 11:42:29 -03: Elite configurations (first number is the configuration ID; listed from best to worst according to the sum of ranks):
    particles topology modInfluence phi1 phi2 inertia branching tSchedule
582         4        0            1 2.38 2.02    0.27        NA        NA
622         7        0            1 2.46 2.03    0.21        NA        NA
572         4        4            1 2.22 1.02    0.21        NA        NA
683         5        0            1 2.40 1.96    0.29        NA        NA
661         4        0            1 2.47 1.96    0.29        NA        NA
# 2025-02-02 11:42:29 -03: Stopped because there is not enough budget left to race more than the minimum (5).
# You may either increase the budget or set 'minNbSurvival' to a lower value.
# Iteration: 9
# nbIterations: 9
# experimentsUsedSoFar: 4991
# timeUsed: 0
# remainingBudget: 9
# currentBudget: 9
# number of elites: 5
# nbConfigurations: 5
# Total CPU user time: 5809.353, CPU sys time: 90.072, Wall-clock time: 5872.703
    .ID. particles topology modInfluence phi1 phi2 inertia branching tSchedule
582  582         4        0            1 2.38 2.02    0.27        NA        NA
622  622         7        0            1 2.46 2.03    0.21        NA        NA
572  572         4        4            1 2.22 1.02    0.21        NA        NA
683  683         5        0            1 2.40 1.96    0.29        NA        NA
661  661         4        0            1 2.47 1.96    0.29        NA        NA
    .PARENT. .ALIVE. .RANK.   .WEIGHT.
582      424    TRUE     73 0.33333333
622      424    TRUE     73 0.26666667
572      429    TRUE     76 0.20000000
683      582    TRUE     76 0.13333333
661      582    TRUE     77 0.06666667
