# 2025-01-16 10:31:26 -03: 1 expression(s) specifying forbidden configurations read.
# 2025-01-16 10:31:27 -03: Initialization
# Elitist race
# Elitist new instances: 1
# Elitist limit: 2
# nbIterations: 5
# minNbSurvival: 5
# nbParameters: 11
# seed: 7175
# confidence level: 0.95
# budget: 5000
# mu: 5
# deterministic: FALSE

# 2025-01-16 10:31:27 -03: Iteration 1 of 5
# experimentsUsedSoFar: 0
# remainingBudget: 5000
# currentBudget: 1000
# nbConfigurations: 166
# Markers:
     x No test is performed.
     c Configurations are discarded only due to capping.
     - The test is performed and some configurations are discarded.
     = The test is performed but no configuration is discarded.
     ! The test is performed and configurations could be discarded but elite configurations are preserved.
     . All alive configurations are elite and nothing is discarded.

+-+-----------+-----------+-----------+----------------+-----------+--------+-----+----+------+
| |   Instance|      Alive|       Best|       Mean best| Exp so far|  W time|  rho|KenW|  Qvar|
+-+-----------+-----------+-----------+----------------+-----------+--------+-----+----+------+
|x|          1|        166|        150|     32440899.00|        166|00:03:39|   NA|  NA|    NA|
|x|          2|        166|        150|     32428885.50|        332|00:03:39|+0.97|0.99|0.0025|
|x|          3|        166|        150|     32483554.00|        498|00:03:39|+0.97|0.98|0.0024|
|x|          4|        166|        150|     32389997.25|        664|00:03:39|+0.97|0.98|0.0023|
|-|          5|          9|        150|     32412730.80|        830|00:03:39|+0.43|0.54|0.6146|
|-|          6|          3|        150|     32427114.50|        839|00:00:20|-0.10|0.08|0.7075|
+-+-----------+-----------+-----------+----------------+-----------+--------+-----+----+------+
Best-so-far configuration:         150    mean value:      32427114.50
Description of the best-so-far configuration:
    .ID. algorithm localsearch  alpha   beta   rho ants     q0 rasrank
150  150       acs           3 1.4263 3.0556 0.102   31 0.8602      NA
    elitistants nnls dlb .PARENT.
150          NA   21   1       NA

first iteration, returning
# 2025-01-16 10:50:04 -03: Elite configurations (first number is the configuration ID; listed from best to worst according to the sum of ranks):
    algorithm localsearch  alpha   beta    rho ants     q0 rasrank elitistants
150       acs           3 1.4263 3.0556 0.1020   31 0.8602      NA          NA
118       acs           3 3.9880 6.8875 0.9780   61 0.1109      NA          NA
153       acs           3 3.1483 4.2993 0.9108   27 0.2616      NA          NA
    nnls dlb
150   21   1
118   36   1
153    6   0
# 2025-01-16 10:50:04 -03: Iteration 2 of 5
# experimentsUsedSoFar: 839
# remainingBudget: 4161
# currentBudget: 1040
# nbConfigurations: 151
# Markers:
     x No test is performed.
     c Configurations are discarded only due to capping.
     - The test is performed and some configurations are discarded.
     = The test is performed but no configuration is discarded.
     ! The test is performed and configurations could be discarded but elite configurations are preserved.
     . All alive configurations are elite and nothing is discarded.

+-+-----------+-----------+-----------+----------------+-----------+--------+-----+----+------+
| |   Instance|      Alive|       Best|       Mean best| Exp so far|  W time|  rho|KenW|  Qvar|
+-+-----------+-----------+-----------+----------------+-----------+--------+-----+----+------+
|x|          7|        151|        196|     32438722.00|        151|00:03:18|   NA|  NA|    NA|
|x|          1|        151|        196|     32447004.50|        299|00:03:18|+0.98|0.99|0.0042|
|x|          4|        151|        251|     32332535.00|        447|00:03:18|+0.98|0.99|0.0040|
|x|          3|        151|        196|     32381165.75|        595|00:03:18|+0.98|0.99|0.0038|
|-|          2|          9|        196|     32386548.80|        743|00:03:18|+0.21|0.37|0.6549|
|=|          5|          9|        251|     32404267.00|        749|00:00:10|+0.13|0.28|0.7686|
|-|          6|          5|        251|     32417428.71|        755|00:00:10|-0.07|0.08|0.8652|
+-+-----------+-----------+-----------+----------------+-----------+--------+-----+----+------+
Best-so-far configuration:         251    mean value:      32417428.71
Description of the best-so-far configuration:
    .ID. algorithm localsearch  alpha  beta   rho ants     q0 rasrank
251  251       acs           3 2.3805 5.877 0.795   56 0.3327      NA
    elitistants nnls dlb .PARENT.
251          NA   10   1      153

# 2025-01-16 11:06:57 -03: Elite configurations (first number is the configuration ID; listed from best to worst according to the sum of ranks):
    algorithm localsearch  alpha   beta    rho ants     q0 rasrank elitistants
251       acs           3 2.3805 5.8770 0.7950   56 0.3327      NA          NA
312       acs           3 2.7715 8.0353 0.5254   38 0.1065      NA          NA
196       acs           3 1.4196 6.6089 0.2983   23 0.3705      NA          NA
298       acs           3 2.5628 8.1363 0.5392   16 0.1341      NA          NA
150       acs           3 1.4263 3.0556 0.1020   31 0.8602      NA          NA
    nnls dlb
251   10   1
312   11   1
196   17   1
298   13   1
150   21   1
# 2025-01-16 11:06:57 -03: Iteration 3 of 5
# experimentsUsedSoFar: 1594
# remainingBudget: 3406
# currentBudget: 1135
# nbConfigurations: 146
# Markers:
     x No test is performed.
     c Configurations are discarded only due to capping.
     - The test is performed and some configurations are discarded.
     = The test is performed but no configuration is discarded.
     ! The test is performed and configurations could be discarded but elite configurations are preserved.
     . All alive configurations are elite and nothing is discarded.

+-+-----------+-----------+-----------+----------------+-----------+--------+-----+----+------+
| |   Instance|      Alive|       Best|       Mean best| Exp so far|  W time|  rho|KenW|  Qvar|
+-+-----------+-----------+-----------+----------------+-----------+--------+-----+----+------+
|x|          8|        146|        352|     32603025.00|        146|00:03:17|   NA|  NA|    NA|
|x|          7|        146|        251|     32541604.50|        287|00:03:07|+0.95|0.98|0.0039|
|x|          3|        146|        251|     32541974.33|        428|00:03:07|+0.95|0.97|0.0064|
|x|          4|        146|        251|     32425172.00|        569|00:03:07|+0.95|0.96|0.0070|
|-|          1|         14|        251|     32429622.80|        710|00:03:07|-0.04|0.17|0.9407|
|=|          5|         14|        251|     32433943.17|        719|00:00:20|-0.01|0.16|0.9336|
|=|          6|         14|        251|     32442865.43|        728|00:00:20|-0.04|0.11|0.9663|
|=|          2|         14|        251|     32441224.50|        737|00:00:20|-0.01|0.11|0.9434|
|=|          9|         14|        251|     32441711.00|        751|00:00:20|+0.01|0.12|0.9180|
+-+-----------+-----------+-----------+----------------+-----------+--------+-----+----+------+
Best-so-far configuration:         251    mean value:      32441711.00
Description of the best-so-far configuration:
    .ID. algorithm localsearch  alpha  beta   rho ants     q0 rasrank
251  251       acs           3 2.3805 5.877 0.795   56 0.3327      NA
    elitistants nnls dlb .PARENT.
251          NA   10   1      153

# 2025-01-16 11:24:10 -03: Elite configurations (first number is the configuration ID; listed from best to worst according to the sum of ranks):
    algorithm localsearch  alpha   beta    rho ants     q0 rasrank elitistants
251       acs           3 2.3805 5.8770 0.7950   56 0.3327      NA          NA
450       acs           3 2.2296 9.9548 0.7131   42 0.3471      NA          NA
391       acs           3 2.2390 5.9139 0.4568   52 0.1500      NA          NA
312       acs           3 2.7715 8.0353 0.5254   38 0.1065      NA          NA
357       acs           3 2.7791 6.1822 0.4192   49 0.2089      NA          NA
    nnls dlb
251   10   1
450   12   1
391   11   1
312   11   1
357   15   1
# 2025-01-16 11:24:10 -03: Iteration 4 of 5
# experimentsUsedSoFar: 2345
# remainingBudget: 2655
# currentBudget: 1327
# nbConfigurations: 137
# Markers:
     x No test is performed.
     c Configurations are discarded only due to capping.
     - The test is performed and some configurations are discarded.
     = The test is performed but no configuration is discarded.
     ! The test is performed and configurations could be discarded but elite configurations are preserved.
     . All alive configurations are elite and nothing is discarded.

+-+-----------+-----------+-----------+----------------+-----------+--------+-----+----+------+
| |   Instance|      Alive|       Best|       Mean best| Exp so far|  W time|  rho|KenW|  Qvar|
+-+-----------+-----------+-----------+----------------+-----------+--------+-----+----+------+
|x|         10|        137|        465|     32762487.00|        137|00:03:07|   NA|  NA|    NA|
|x|          9|        137|        457|     32619068.50|        269|00:02:57|+0.82|0.91|0.0050|
|x|          8|        137|        552|     32618123.67|        401|00:02:57|+0.82|0.88|0.0046|
|x|          2|        137|        457|     32561554.50|        533|00:02:56|+0.81|0.86|0.0053|
|-|          3|         24|        457|     32555414.40|        665|00:02:57|-0.08|0.13|1.0380|
|=|          4|         24|        457|     32477549.17|        684|00:00:31|-0.04|0.13|0.9955|
|=|          7|         24|        578|     32474514.57|        703|00:00:31|+0.01|0.15|0.9436|
|=|          1|         24|        529|     32469005.00|        722|00:00:31|+0.04|0.16|0.9246|
|=|          6|         24|        578|     32475351.44|        741|00:00:31|+0.04|0.15|0.9202|
|=|          5|         24|        457|     32474488.40|        760|00:00:31|+0.04|0.13|0.9157|
|-|         11|         16|        457|     32478736.36|        784|00:00:31|-0.04|0.05|0.9603|
|=|         12|         16|        457|     32509628.42|        800|00:00:21|-0.04|0.05|0.9612|
|=|         13|         16|        457|     32506138.69|        816|00:00:20|-0.01|0.07|0.9355|
+-+-----------+-----------+-----------+----------------+-----------+--------+-----+----+------+
Best-so-far configuration:         457    mean value:      32506138.69
Description of the best-so-far configuration:
    .ID. algorithm localsearch  alpha   beta    rho ants     q0 rasrank
457  457       acs           3 2.6811 6.7858 0.4261   53 0.1285      NA
    elitistants nnls dlb .PARENT.
457          NA   13   1      391

# 2025-01-16 11:42:57 -03: Elite configurations (first number is the configuration ID; listed from best to worst according to the sum of ranks):
    algorithm localsearch  alpha   beta    rho ants     q0 rasrank elitistants
457       acs           3 2.6811 6.7858 0.4261   53 0.1285      NA          NA
465       acs           3 2.5022 6.4230 0.5773   55 0.1462      NA          NA
450       acs           3 2.2296 9.9548 0.7131   42 0.3471      NA          NA
529       acs           3 2.4432 6.7169 0.8296   60 0.0135      NA          NA
581       acs           3 2.4789 8.3884 0.6359   48 0.5429      NA          NA
    nnls dlb
457   13   1
465   17   1
450   12   1
529   12   1
581   16   1
# 2025-01-16 11:42:57 -03: Iteration 5 of 5
# experimentsUsedSoFar: 3161
# remainingBudget: 1839
# currentBudget: 1839
# nbConfigurations: 136
# Markers:
     x No test is performed.
     c Configurations are discarded only due to capping.
     - The test is performed and some configurations are discarded.
     = The test is performed but no configuration is discarded.
     ! The test is performed and configurations could be discarded but elite configurations are preserved.
     . All alive configurations are elite and nothing is discarded.

+-+-----------+-----------+-----------+----------------+-----------+--------+-----+----+------+
| |   Instance|      Alive|       Best|       Mean best| Exp so far|  W time|  rho|KenW|  Qvar|
+-+-----------+-----------+-----------+----------------+-----------+--------+-----+----+------+
|x|         14|        136|        588|     32402359.00|        136|00:02:57|   NA|  NA|    NA|
|x|          2|        136|        640|     32385746.50|        267|00:02:56|+0.65|0.83|0.0035|
|x|          6|        136|        716|     32408665.67|        398|00:02:57|+0.62|0.75|0.0057|
|x|         13|        136|        465|     32435417.00|        529|00:02:57|+0.63|0.72|0.0055|
|-|         12|         47|        680|     32517569.60|        660|00:02:57|-0.11|0.11|1.0999|
|=|         11|         47|        680|     32522493.33|        702|00:01:02|-0.05|0.12|1.0406|
|=|          1|         47|        457|     32515246.29|        744|00:01:02|-0.02|0.13|0.9983|
|=|          4|         47|        680|     32455034.50|        786|00:01:02|-0.00|0.12|0.9767|
|=|         10|         47|        457|     32500179.22|        828|00:01:02|-0.01|0.10|0.9824|
|=|          7|         47|        716|     32499928.40|        870|00:01:02|+0.00|0.10|0.9600|
|=|          3|         47|        457|     32504159.73|        912|00:01:02|+0.00|0.10|0.9556|
|=|          5|         47|        457|     32497667.42|        954|00:01:02|+0.01|0.09|0.9510|
|=|          9|         47|        457|     32492575.38|        996|00:01:02|+0.02|0.09|0.9446|
|=|          8|         47|        457|     32502090.21|       1038|00:01:02|+0.02|0.09|0.9367|
|-|         15|         27|        457|     32477907.07|       1085|00:01:02|-0.04|0.03|1.0014|
|=|         16|         27|        457|     32466841.12|       1112|00:00:41|-0.04|0.03|0.9974|
|=|         17|         27|        457|     32476108.29|       1139|00:00:41|-0.04|0.03|0.9964|
+-+-----------+-----------+-----------+----------------+-----------+--------+-----+----+------+
Best-so-far configuration:         457    mean value:      32476108.29
Description of the best-so-far configuration:
    .ID. algorithm localsearch  alpha   beta    rho ants     q0 rasrank
457  457       acs           3 2.6811 6.7858 0.4261   53 0.1285      NA
    elitistants nnls dlb .PARENT.
457          NA   13   1      391

# 2025-01-16 12:09:32 -03: Elite configurations (first number is the configuration ID; listed from best to worst according to the sum of ranks):
    algorithm localsearch  alpha   beta    rho ants     q0 rasrank elitistants
457       acs           3 2.6811 6.7858 0.4261   53 0.1285      NA          NA
465       acs           3 2.5022 6.4230 0.5773   55 0.1462      NA          NA
704       acs           3 3.5102 6.3129 0.6375   64 0.1134      NA          NA
684       acs           3 2.9293 7.5609 0.4967   54 0.0431      NA          NA
618       acs           3 2.4694 7.3412 0.4546   47 0.1887      NA          NA
    nnls dlb
457   13   1
465   17   1
704   14   1
684   13   1
618   14   1
# 2025-01-16 12:09:33 -03: Iteration 6 of 6
# experimentsUsedSoFar: 4300
# remainingBudget: 700
# currentBudget: 700
# nbConfigurations: 43
# Markers:
     x No test is performed.
     c Configurations are discarded only due to capping.
     - The test is performed and some configurations are discarded.
     = The test is performed but no configuration is discarded.
     ! The test is performed and configurations could be discarded but elite configurations are preserved.
     . All alive configurations are elite and nothing is discarded.

+-+-----------+-----------+-----------+----------------+-----------+--------+-----+----+------+
| |   Instance|      Alive|       Best|       Mean best| Exp so far|  W time|  rho|KenW|  Qvar|
+-+-----------+-----------+-----------+----------------+-----------+--------+-----+----+------+
|x|         18|         43|        731|     32770308.00|         43|00:01:02|   NA|  NA|    NA|
|x|         13|         43|        457|     32635242.00|         81|00:00:52|+0.14|0.57|0.3604|
|x|          1|         43|        457|     32569829.67|        119|00:00:52|+0.23|0.49|0.3543|
|x|         11|         43|        457|     32557676.25|        157|00:00:52|+0.34|0.50|0.3358|
|-|          9|         16|        457|     32532435.20|        195|00:00:52|+0.06|0.25|0.9132|
|=|          3|         16|        457|     32532171.67|        206|00:00:20|-0.00|0.17|0.9432|
|=|         16|         16|        457|     32499126.00|        217|00:00:20|-0.01|0.13|0.9523|
|=|         12|         16|        457|     32542915.38|        228|00:00:20|+0.01|0.14|0.9378|
|=|          5|         16|        457|     32529952.78|        239|00:00:20|+0.01|0.12|0.9414|
|=|          7|         16|        457|     32528286.50|        250|00:00:20|-0.00|0.10|0.9537|
|=|          4|         16|        457|     32488280.73|        261|00:00:20|+0.01|0.10|0.9509|
|=|         14|         16|        457|     32485045.67|        272|00:00:20|+0.00|0.09|0.9441|
|=|          8|         16|        457|     32495871.62|        283|00:00:20|+0.01|0.08|0.9387|
|=|         15|         16|        457|     32470405.29|        294|00:00:20|-0.00|0.07|0.9450|
|=|          6|         16|        457|     32472447.73|        305|00:00:20|+0.00|0.07|0.9439|
|=|          2|         16|        457|     32466813.38|        316|00:00:20|+0.00|0.06|0.9406|
|=|         10|         16|        457|     32486804.71|        327|00:00:20|-0.00|0.06|0.9419|
|=|         17|         16|        457|     32494447.94|        338|00:00:20|+0.01|0.06|0.9301|
|=|         19|         16|        457|     32507846.37|        354|00:00:20|+0.01|0.07|0.9227|
+-+-----------+-----------+-----------+----------------+-----------+--------+-----+----+------+
Best-so-far configuration:         457    mean value:      32507846.37
Description of the best-so-far configuration:
    .ID. algorithm localsearch  alpha   beta    rho ants     q0 rasrank
457  457       acs           3 2.6811 6.7858 0.4261   53 0.1285      NA
    elitistants nnls dlb .PARENT.
457          NA   13   1      391

# 2025-01-16 12:18:57 -03: Elite configurations (first number is the configuration ID; listed from best to worst according to the sum of ranks):
    algorithm localsearch  alpha   beta    rho ants     q0 rasrank elitistants
457       acs           3 2.6811 6.7858 0.4261   53 0.1285      NA          NA
722       acs           3 2.2978 5.8948 0.4424   51 0.0855      NA          NA
704       acs           3 3.5102 6.3129 0.6375   64 0.1134      NA          NA
465       acs           3 2.5022 6.4230 0.5773   55 0.1462      NA          NA
731       acs           3 2.6245 6.6529 0.3936   50 0.0975      NA          NA
    nnls dlb
457   13   1
722   12   1
704   14   1
465   17   1
731   14   1
# 2025-01-16 12:18:57 -03: Iteration 7 of 7
# experimentsUsedSoFar: 4654
# remainingBudget: 346
# currentBudget: 346
# nbConfigurations: 22
# Markers:
     x No test is performed.
     c Configurations are discarded only due to capping.
     - The test is performed and some configurations are discarded.
     = The test is performed but no configuration is discarded.
     ! The test is performed and configurations could be discarded but elite configurations are preserved.
     . All alive configurations are elite and nothing is discarded.

+-+-----------+-----------+-----------+----------------+-----------+--------+-----+----+------+
| |   Instance|      Alive|       Best|       Mean best| Exp so far|  W time|  rho|KenW|  Qvar|
+-+-----------+-----------+-----------+----------------+-----------+--------+-----+----+------+
|x|         20|         22|        772|     32826872.00|         22|00:00:31|   NA|  NA|    NA|
|x|          7|         22|        771|     32651831.50|         39|00:00:31|+0.36|0.68|0.2511|
|x|          2|         22|        771|     32549090.67|         56|00:00:31|+0.51|0.67|0.1737|
|x|          6|         22|        771|     32529515.25|         73|00:00:31|+0.41|0.55|0.2255|
|-|         14|         10|        771|     32506292.80|         90|00:00:31|+0.27|0.42|0.6970|
|=|         19|         10|        771|     32544248.50|         95|00:00:10|+0.16|0.30|0.7732|
|=|         13|         10|        759|     32544841.00|        100|00:00:10|+0.11|0.23|0.8024|
|=|         17|         10|        759|     32549439.62|        105|00:00:10|+0.06|0.17|0.8274|
|=|         11|         10|        759|     32547009.56|        110|00:00:10|+0.03|0.14|0.8546|
|=|         12|         10|        759|     32572533.00|        115|00:00:10|+0.03|0.13|0.8483|
|=|          4|         10|        759|     32533175.82|        120|00:00:10|-0.02|0.08|0.9035|
|=|         10|         10|        759|     32560752.08|        125|00:00:10|-0.04|0.05|0.9237|
|=|          5|         10|        759|     32552456.00|        130|00:00:10|-0.04|0.04|0.9187|
|=|          3|         10|        759|     32553048.57|        135|00:00:10|-0.04|0.03|0.9171|
|=|          8|         10|        704|     32557315.00|        140|00:00:10|-0.03|0.03|0.9152|
|=|          9|         10|        722|     32549387.31|        145|00:00:10|-0.03|0.04|0.9098|
|=|         16|         10|        759|     32535238.94|        150|00:00:10|-0.02|0.04|0.8991|
|=|         15|         10|        759|     32512552.39|        155|00:00:10|-0.02|0.03|0.9083|
|=|         18|         10|        759|     32529364.00|        160|00:00:10|-0.03|0.02|0.9194|
|=|          1|         10|        759|     32523417.30|        165|00:00:10|-0.03|0.02|0.9237|
|=|         21|         10|        759|     32523774.81|        175|00:00:20|-0.02|0.03|0.9111|
+-+-----------+-----------+-----------+----------------+-----------+--------+-----+----+------+
Best-so-far configuration:         759    mean value:      32523774.81
Description of the best-so-far configuration:
    .ID. algorithm localsearch alpha   beta    rho ants     q0 rasrank
759  759       acs           3 3.728 5.6213 0.7005   69 0.0811      NA
    elitistants nnls dlb .PARENT.
759          NA   14   1      704

# 2025-01-16 12:24:31 -03: Elite configurations (first number is the configuration ID; listed from best to worst according to the sum of ranks):
    algorithm localsearch  alpha   beta    rho ants     q0 rasrank elitistants
759       acs           3 3.7280 5.6213 0.7005   69 0.0811      NA          NA
771       acs           3 2.7986 6.3795 0.5983   56 0.1429      NA          NA
704       acs           3 3.5102 6.3129 0.6375   64 0.1134      NA          NA
457       acs           3 2.6811 6.7858 0.4261   53 0.1285      NA          NA
722       acs           3 2.2978 5.8948 0.4424   51 0.0855      NA          NA
    nnls dlb
759   14   1
771   15   1
704   14   1
457   13   1
722   12   1
# 2025-01-16 12:24:31 -03: Iteration 8 of 8
# experimentsUsedSoFar: 4829
# remainingBudget: 171
# currentBudget: 171
# nbConfigurations: 12
# Markers:
     x No test is performed.
     c Configurations are discarded only due to capping.
     - The test is performed and some configurations are discarded.
     = The test is performed but no configuration is discarded.
     ! The test is performed and configurations could be discarded but elite configurations are preserved.
     . All alive configurations are elite and nothing is discarded.

+-+-----------+-----------+-----------+----------------+-----------+--------+-----+----+------+
| |   Instance|      Alive|       Best|       Mean best| Exp so far|  W time|  rho|KenW|  Qvar|
+-+-----------+-----------+-----------+----------------+-----------+--------+-----+----+------+
|x|         22|         12|        780|     32342707.00|         12|00:00:20|   NA|  NA|    NA|
|x|         20|         12|        704|     32602179.00|         19|00:00:10|-0.45|0.28|1.3091|
|x|          1|         12|        779|     32543735.33|         26|00:00:10|-0.28|0.15|1.2034|
|x|         18|         12|        457|     32612861.50|         33|00:00:10|-0.13|0.15|1.0190|
|=|          5|         12|        457|     32575539.60|         40|00:00:10|-0.03|0.18|0.9038|
|=|          4|         12|        457|     32494320.17|         47|00:00:10|-0.02|0.15|0.8970|
|=|         17|         12|        775|     32507310.57|         54|00:00:10|+0.03|0.17|0.8452|
|=|         15|         12|        457|     32466205.88|         61|00:00:10|+0.03|0.16|0.8538|
|=|         14|         12|        457|     32464345.22|         68|00:00:10|+0.05|0.16|0.8323|
|-|         13|         10|        457|     32464336.90|         75|00:00:10|-0.05|0.05|0.9143|
|=|          3|         10|        457|     32470383.91|         80|00:00:10|-0.07|0.03|0.9352|
|=|         16|         10|        457|     32456256.25|         85|00:00:10|-0.06|0.03|0.9280|
|=|          9|         10|        457|     32454349.69|         90|00:00:10|-0.05|0.03|0.9219|
|=|         19|         10|        457|     32475397.43|         95|00:00:10|-0.04|0.03|0.9136|
|=|         21|         10|        759|     32479770.13|        100|00:00:10|-0.03|0.03|0.9076|
|=|          2|         10|        759|     32472867.94|        105|00:00:10|-0.03|0.03|0.9096|
|=|         11|         10|        759|     32476085.65|        110|00:00:10|-0.02|0.04|0.8967|
|=|         12|         10|        759|     32494205.56|        115|00:00:10|-0.00|0.05|0.8833|
|=|         10|         10|        759|     32513673.21|        120|00:00:10|-0.02|0.04|0.9035|
|=|          8|         10|        759|     32519567.85|        125|00:00:10|-0.01|0.04|0.9029|
|=|          6|         10|        759|     32517339.14|        130|00:00:10|-0.02|0.03|0.9084|
|=|          7|         10|        759|     32515800.32|        135|00:00:10|-0.02|0.03|0.9100|
|=|         23|         10|        771|     32523212.30|        145|00:00:20|-0.01|0.03|0.9062|
+-+-----------+-----------+-----------+----------------+-----------+--------+-----+----+------+
Best-so-far configuration:         771    mean value:      32523212.30
Description of the best-so-far configuration:
    .ID. algorithm localsearch  alpha   beta    rho ants     q0 rasrank
771  771       acs           3 2.7986 6.3795 0.5983   56 0.1429      NA
    elitistants nnls dlb .PARENT.
771          NA   15   1      465

# 2025-01-16 12:28:54 -03: Elite configurations (first number is the configuration ID; listed from best to worst according to the sum of ranks):
    algorithm localsearch  alpha   beta    rho ants     q0 rasrank elitistants
771       acs           3 2.7986 6.3795 0.5983   56 0.1429      NA          NA
775       acs           3 3.1012 6.7132 0.5986   58 0.0925      NA          NA
722       acs           3 2.2978 5.8948 0.4424   51 0.0855      NA          NA
759       acs           3 3.7280 5.6213 0.7005   69 0.0811      NA          NA
704       acs           3 3.5102 6.3129 0.6375   64 0.1134      NA          NA
    nnls dlb
771   15   1
775   18   1
722   12   1
759   14   1
704   14   1
# 2025-01-16 12:28:54 -03: Stopped because there is not enough budget left to race more than the minimum (5).
# You may either increase the budget or set 'minNbSurvival' to a lower value.
# Iteration: 9
# nbIterations: 9
# experimentsUsedSoFar: 4974
# timeUsed: 0
# remainingBudget: 26
# currentBudget: 26
# number of elites: 5
# nbConfigurations: 5
# Total CPU user time: 51497.89, CPU sys time: 416.978, Wall-clock time: 7047.408
    .ID. algorithm localsearch  alpha   beta    rho ants     q0 rasrank
771  771       acs           3 2.7986 6.3795 0.5983   56 0.1429      NA
775  775       acs           3 3.1012 6.7132 0.5986   58 0.0925      NA
722  722       acs           3 2.2978 5.8948 0.4424   51 0.0855      NA
759  759       acs           3 3.7280 5.6213 0.7005   69 0.0811      NA
704  704       acs           3 3.5102 6.3129 0.6375   64 0.1134      NA
    elitistants nnls dlb .PARENT. .ALIVE. .RANK.   .WEIGHT.
771          NA   15   1      465    TRUE    114 0.33333333
775          NA   18   1      771    TRUE    114 0.26666667
722          NA   12   1      457    TRUE    117 0.20000000
759          NA   14   1      704    TRUE    119 0.13333333
704          NA   14   1      465    TRUE    121 0.06666667
