# 2025-02-02 02:38:51 -03: 2 expression(s) specifying forbidden configurations read.
# 2025-02-02 02:38:51 -03: Initialization
# Elitist race
# Elitist new instances: 1
# Elitist limit: 2
# nbIterations: 5
# minNbSurvival: 5
# nbParameters: 8
# seed: 3764
# confidence level: 0.95
# budget: 5000
# mu: 5
# deterministic: FALSE

# 2025-02-02 02:38:51 -03: Iteration 1 of 5
# experimentsUsedSoFar: 0
# remainingBudget: 5000
# currentBudget: 1000
# nbConfigurations: 166
# Markers:
     x No test is performed.
     c Configurations are discarded only due to capping.
     - The test is performed and some configurations are discarded.
     = The test is performed but no configuration is discarded.
     ! The test is performed and configurations could be discarded but elite configurations are preserved.
     . All alive configurations are elite and nothing is discarded.

+-+-----------+-----------+-----------+----------------+-----------+--------+-----+----+------+
| |   Instance|      Alive|       Best|       Mean best| Exp so far|  W time|  rho|KenW|  Qvar|
+-+-----------+-----------+-----------+----------------+-----------+--------+-----+----+------+
|x|          1|        166|         26|    0.2642891844|        166|00:11:23|   NA|  NA|    NA|
|x|          2|        166|        122|    0.3302288054|        332|00:05:40|+0.22|0.61|0.7463|
|x|          3|        166|        122|     51.87697503|        498|00:05:42|+0.45|0.64|0.5197|
|x|          4|        166|        122|     19110.62572|        664|00:09:37|+0.48|0.61|0.4923|
|-|          5|         46|        122|     18738.23010|        830|00:06:20|+0.05|0.24|0.8321|
|=|          6|         46|          2|     12709.67766|        876|00:00:55|+0.07|0.23|0.8030|
|-|          7|         23|          2|     10930.97044|        922|00:00:58|-0.03|0.12|0.9898|
|=|          8|         23|          2|     9569.712076|        945|00:02:27|-0.02|0.11|0.9871|
|=|          9|         23|          8|     9868.046082|        968|00:02:12|+0.01|0.12|0.9719|
+-+-----------+-----------+-----------+----------------+-----------+--------+-----+----+------+
Best-so-far configuration:           8    mean value:      9868.046082
Description of the best-so-far configuration:
  .ID. particles topology modInfluence phi1 phi2 inertia branching tSchedule
8    8       166        5            0 2.01 2.11    0.48        NA         5
  .PARENT.
8       NA

first iteration, returning
# 2025-02-02 03:24:09 -03: Elite configurations (first number is the configuration ID; listed from best to worst according to the sum of ranks):
    particles topology modInfluence phi1 phi2 inertia branching tSchedule
8         166        5            0 2.01 2.11    0.48        NA         5
31        144        4            0 0.08 2.10    0.56        NA        NA
122       130        0            0 2.15 1.86    0.55        NA        NA
2         158        5            0 1.18 2.19    0.44        NA         3
26        141        4            0 0.32 1.72    0.51        NA        NA
# 2025-02-02 03:24:09 -03: Iteration 2 of 5
# experimentsUsedSoFar: 968
# remainingBudget: 4032
# currentBudget: 1008
# nbConfigurations: 105
# Markers:
     x No test is performed.
     c Configurations are discarded only due to capping.
     - The test is performed and some configurations are discarded.
     = The test is performed but no configuration is discarded.
     ! The test is performed and configurations could be discarded but elite configurations are preserved.
     . All alive configurations are elite and nothing is discarded.

+-+-----------+-----------+-----------+----------------+-----------+--------+-----+----+------+
| |   Instance|      Alive|       Best|       Mean best| Exp so far|  W time|  rho|KenW|  Qvar|
+-+-----------+-----------+-----------+----------------+-----------+--------+-----+----+------+
|x|         10|        105|         31|     178.7416653|        105|00:04:20|   NA|  NA|    NA|
|x|          3|        105|        232|     143.1447861|        205|00:04:20|+0.70|0.85|0.3585|
|x|          8|        105|        232|     108.4214465|        305|00:13:25|+0.22|0.48|0.7702|
|x|          6|        105|        188|     131.3262872|        405|00:04:02|+0.36|0.52|0.7488|
|-|          4|         39|          8|     14270.81431|        505|00:06:36|+0.04|0.23|0.9974|
|=|          2|         39|        265|     10129.21454|        539|00:00:32|-0.01|0.16|0.9322|
|=|          1|         39|        265|     8682.244948|        573|00:01:42|+0.05|0.19|0.9034|
|-|          9|         28|          8|     8921.926682|        607|00:03:18|-0.05|0.08|0.9866|
|=|          5|         28|        265|     8597.148431|        630|00:00:23|-0.03|0.09|0.9733|
|=|          7|         28|        241|     19501.43826|        653|00:00:20|-0.02|0.08|0.9690|
|=|         11|         28|         31|     19434.00471|        681|00:00:25|-0.01|0.08|0.9526|
+-+-----------+-----------+-----------+----------------+-----------+--------+-----+----+------+
Best-so-far configuration:          31    mean value:      19434.00471
Description of the best-so-far configuration:
   .ID. particles topology modInfluence phi1 phi2 inertia branching tSchedule
31   31       144        4            0 0.08  2.1    0.56        NA        NA
   .PARENT.
31       NA

# 2025-02-02 04:03:36 -03: Elite configurations (first number is the configuration ID; listed from best to worst according to the sum of ranks):
    particles topology modInfluence phi1 phi2 inertia branching tSchedule
31        144        4            0 0.08 2.10    0.56        NA        NA
239        62        4            0 1.50 1.43    0.72        NA        NA
241       200        4            0 2.47 2.38    0.59        NA        NA
168       181        4            0 0.24 2.05    0.42        NA        NA
242       155        5            0 1.91 1.85    0.69        NA         3
# 2025-02-02 04:03:36 -03: Iteration 3 of 5
# experimentsUsedSoFar: 1649
# remainingBudget: 3351
# currentBudget: 1117
# nbConfigurations: 97
# Markers:
     x No test is performed.
     c Configurations are discarded only due to capping.
     - The test is performed and some configurations are discarded.
     = The test is performed but no configuration is discarded.
     ! The test is performed and configurations could be discarded but elite configurations are preserved.
     . All alive configurations are elite and nothing is discarded.

+-+-----------+-----------+-----------+----------------+-----------+--------+-----+----+------+
| |   Instance|      Alive|       Best|       Mean best| Exp so far|  W time|  rho|KenW|  Qvar|
+-+-----------+-----------+-----------+----------------+-----------+--------+-----+----+------+
|x|         12|         97|        351|     15.54652176|         97|00:02:08|   NA|  NA|    NA|
|x|          3|         97|        312|     60.76993331|        189|00:02:06|+0.04|0.52|0.6239|
|x|          2|         97|        241|     38.66340574|        281|00:02:00|+0.23|0.49|0.4329|
|x|          7|         97|        306|     78.16510044|        373|00:02:02|+0.33|0.50|0.3373|
|-|          5|         33|        241|     3367.732264|        465|00:02:24|+0.03|0.22|0.9516|
|=|         11|         33|        346|     2746.755840|        493|00:00:20|+0.05|0.21|0.9090|
|=|          8|         33|        346|     2360.020458|        521|00:02:56|+0.03|0.17|0.9453|
|=|          9|         33|        346|     2067.597516|        549|00:02:39|+0.00|0.13|0.9643|
|=|          6|         33|        346|     1866.478924|        577|00:00:19|-0.00|0.11|0.9577|
|=|          1|         33|        346|     1679.883198|        605|00:01:17|+0.01|0.11|0.9606|
|=|          4|         33|        346|     18173.46753|        633|00:00:59|+0.00|0.09|0.9617|
|=|         10|         33|        346|     16677.13380|        661|00:00:19|-0.00|0.08|0.9573|
|=|         13|         33|        346|     15462.44512|        694|00:00:24|+0.02|0.09|0.9377|
+-+-----------+-----------+-----------+----------------+-----------+--------+-----+----+------+
Best-so-far configuration:         346    mean value:      15462.44512
Description of the best-so-far configuration:
    .ID. particles topology modInfluence phi1 phi2 inertia branching tSchedule
346  346       108        4            0 1.52 1.57    0.67        NA        NA
    .PARENT.
346      239

# 2025-02-02 04:23:37 -03: Elite configurations (first number is the configuration ID; listed from best to worst according to the sum of ranks):
    particles topology modInfluence phi1 phi2 inertia branching tSchedule
346       108        4            0 1.52 1.57    0.67        NA        NA
329        85        4            0 0.08 2.40    0.46        NA        NA
334        94        4            0 1.51 1.80    0.60        NA        NA
320       118        4            0 0.05 2.19    0.64        NA        NA
31        144        4            0 0.08 2.10    0.56        NA        NA
# 2025-02-02 04:23:37 -03: Iteration 4 of 5
# experimentsUsedSoFar: 2343
# remainingBudget: 2657
# currentBudget: 1328
# nbConfigurations: 99
# Markers:
     x No test is performed.
     c Configurations are discarded only due to capping.
     - The test is performed and some configurations are discarded.
     = The test is performed but no configuration is discarded.
     ! The test is performed and configurations could be discarded but elite configurations are preserved.
     . All alive configurations are elite and nothing is discarded.

+-+-----------+-----------+-----------+----------------+-----------+--------+-----+----+------+
| |   Instance|      Alive|       Best|       Mean best| Exp so far|  W time|  rho|KenW|  Qvar|
+-+-----------+-----------+-----------+----------------+-----------+--------+-----+----+------+
|x|         14|         99|        448|     1.634655281|         99|00:01:27|   NA|  NA|    NA|
|x|          4|         99|        366|     48024.65455|        193|00:03:42|+0.78|0.89|0.1587|
|x|          3|         99|        366|     32053.17794|        287|00:01:24|+0.50|0.66|0.1742|
|x|         12|         99|        433|     31924.06111|        381|00:01:25|+0.29|0.47|0.3735|
|-|          6|         31|        433|     25566.65799|        475|00:01:15|+0.05|0.24|0.9350|
|=|         11|         31|        433|     21305.61091|        501|00:00:21|+0.03|0.20|0.9438|
|=|         13|         31|        433|     18385.63669|        527|00:00:19|+0.02|0.16|0.9401|
|=|         10|         31|        404|     14738.92965|        553|00:00:20|-0.02|0.11|0.9627|
|=|          9|         31|        404|     13103.95532|        579|00:02:26|-0.04|0.08|0.9839|
|=|          7|         31|        400|     12175.73176|        605|00:00:21|-0.02|0.08|0.9605|
|=|          8|         31|        404|     10743.35780|        631|00:02:46|-0.01|0.08|0.9490|
|=|          5|         31|        400|     11493.87480|        657|00:00:26|+0.01|0.09|0.9258|
|=|          2|         31|        404|     10361.10634|        683|00:00:18|+0.01|0.09|0.9250|
|=|          1|         31|        400|     9851.948482|        709|00:01:14|+0.00|0.07|0.9333|
|=|         15|         31|        400|     9196.001560|        740|00:00:28|-0.00|0.07|0.9390|
+-+-----------+-----------+-----------+----------------+-----------+--------+-----+----+------+
Best-so-far configuration:         400    mean value:      9196.001560
Description of the best-so-far configuration:
    .ID. particles topology modInfluence phi1 phi2 inertia branching tSchedule
400  400       120        4            0 1.64 2.03    0.56        NA        NA
    .PARENT.
400      334

# 2025-02-02 04:41:57 -03: Elite configurations (first number is the configuration ID; listed from best to worst according to the sum of ranks):
    particles topology modInfluence phi1 phi2 inertia branching tSchedule
400       120        4            0 1.64 2.03    0.56        NA        NA
404       100        4            0 1.49 2.03    0.60        NA        NA
431        92        4            0 0.04 2.40    0.55        NA        NA
370        78        4            0 0.36 2.43    0.54        NA        NA
438       128        4            0 0.33 2.30    0.54        NA        NA
# 2025-02-02 04:41:57 -03: Iteration 5 of 5
# experimentsUsedSoFar: 3083
# remainingBudget: 1917
# currentBudget: 1917
# nbConfigurations: 124
# Markers:
     x No test is performed.
     c Configurations are discarded only due to capping.
     - The test is performed and some configurations are discarded.
     = The test is performed but no configuration is discarded.
     ! The test is performed and configurations could be discarded but elite configurations are preserved.
     . All alive configurations are elite and nothing is discarded.

+-+-----------+-----------+-----------+----------------+-----------+--------+-----+----+------+
| |   Instance|      Alive|       Best|       Mean best| Exp so far|  W time|  rho|KenW|  Qvar|
+-+-----------+-----------+-----------+----------------+-----------+--------+-----+----+------+
|x|         16|        124|        468|   0.06188881667|        124|00:01:40|   NA|  NA|    NA|
|x|          4|        124|        497|     44443.19148|        243|00:04:23|+0.03|0.51|0.4904|
|x|          8|        124|        509|     30111.34409|        362|00:12:37|-0.02|0.32|0.8628|
|x|          1|        124|        509|     22583.58570|        481|00:05:36|+0.05|0.29|0.6869|
|=|          2|        124|        509|     18066.93440|        600|00:01:32|+0.02|0.21|0.6233|
|=|         14|        124|        519|     20522.04638|        719|00:01:34|-0.01|0.15|0.5981|
|=|          7|        124|        519|     17619.61619|        838|00:01:28|+0.01|0.15|0.5572|
|=|          5|        124|        571|     17280.37889|        957|00:01:58|+0.03|0.15|0.5340|
|-|          6|         67|        571|     15381.21314|       1076|00:01:28|-0.07|0.05|1.0503|
|=|          3|         67|        571|     13856.93167|       1138|00:00:51|-0.07|0.04|1.0424|
|=|         13|         67|        571|     12659.55790|       1200|00:00:44|-0.05|0.05|1.0235|
|=|         11|         67|        492|     9349.112782|       1262|00:00:46|-0.04|0.05|1.0163|
|=|          9|         67|        558|     9840.557165|       1324|00:05:48|-0.03|0.04|1.0125|
|=|         15|         67|        431|     8473.241088|       1386|00:00:52|-0.03|0.04|1.0076|
|=|         12|         67|        519|     9475.997622|       1448|00:00:46|-0.03|0.04|1.0016|
|=|         10|         67|        431|     7426.625722|       1510|00:00:49|-0.03|0.04|1.0010|
|=|         17|         67|        431|     7001.689864|       1577|00:00:50|-0.02|0.04|0.9965|
+-+-----------+-----------+-----------+----------------+-----------+--------+-----+----+------+
Best-so-far configuration:         431    mean value:      7001.689864
Description of the best-so-far configuration:
    .ID. particles topology modInfluence phi1 phi2 inertia branching tSchedule
431  431        92        4            0 0.04  2.4    0.55        NA        NA
    .PARENT.
431      329

# 2025-02-02 05:25:50 -03: Elite configurations (first number is the configuration ID; listed from best to worst according to the sum of ranks):
    particles topology modInfluence phi1 phi2 inertia branching tSchedule
431        92        4            0 0.04 2.40    0.55        NA        NA
503        68        4            0 0.34 2.49    0.52        NA        NA
404       100        4            0 1.49 2.03    0.60        NA        NA
370        78        4            0 0.36 2.43    0.54        NA        NA
400       120        4            0 1.64 2.03    0.56        NA        NA
# 2025-02-02 05:25:50 -03: Iteration 6 of 6
# experimentsUsedSoFar: 4660
# remainingBudget: 340
# currentBudget: 340
# nbConfigurations: 23
# Markers:
     x No test is performed.
     c Configurations are discarded only due to capping.
     - The test is performed and some configurations are discarded.
     = The test is performed but no configuration is discarded.
     ! The test is performed and configurations could be discarded but elite configurations are preserved.
     . All alive configurations are elite and nothing is discarded.

+-+-----------+-----------+-----------+----------------+-----------+--------+-----+----+------+
| |   Instance|      Alive|       Best|       Mean best| Exp so far|  W time|  rho|KenW|  Qvar|
+-+-----------+-----------+-----------+----------------+-----------+--------+-----+----+------+
|x|         18|         23|        431|     16171.09783|         23|00:00:18|   NA|  NA|    NA|
|x|          5|         23|        578|     16120.90384|         41|00:00:16|+0.13|0.56|0.7971|
|x|         13|         23|        587|     10946.50352|         59|00:00:12|-0.06|0.29|0.9535|
|x|          6|         23|        404|     8349.621107|         77|00:00:13|-0.08|0.19|0.9015|
|=|          9|         23|        404|     6684.529015|         95|00:01:41|-0.09|0.13|0.9152|
|=|         11|         23|        431|     5618.698724|        113|00:00:15|-0.07|0.11|0.9419|
|=|          3|         23|        404|     4792.225540|        131|00:00:15|-0.08|0.07|0.9860|
|=|          7|         23|        431|     4253.592372|        149|00:00:14|-0.08|0.06|0.9880|
|=|         15|         23|        431|     3782.362674|        167|00:00:16|-0.04|0.07|0.9461|
|=|         14|         23|        587|     3483.105308|        185|00:00:14|-0.04|0.07|0.9585|
|=|          4|         23|        431|     12250.47791|        203|00:00:38|-0.01|0.08|0.9480|
|=|          2|         23|        431|     11229.63352|        221|00:00:15|-0.02|0.07|0.9531|
|=|          1|         23|        431|     10365.84546|        239|00:00:51|-0.02|0.06|0.9654|
|=|         12|         23|        431|     9626.880990|        257|00:00:15|-0.01|0.06|0.9570|
|=|          8|         23|        584|     9460.769635|        275|00:01:54|-0.02|0.04|0.9723|
|=|         17|         23|        431|     8438.712781|        293|00:00:16|-0.01|0.05|0.9670|
|=|         16|         23|        431|     7942.325413|        311|00:00:15|-0.01|0.05|0.9737|
|=|         10|         23|        431|     7511.101417|        329|00:00:14|-0.01|0.05|0.9740|
+-+-----------+-----------+-----------+----------------+-----------+--------+-----+----+------+
Best-so-far configuration:         431    mean value:      7511.101417
Description of the best-so-far configuration:
    .ID. particles topology modInfluence phi1 phi2 inertia branching tSchedule
431  431        92        4            0 0.04  2.4    0.55        NA        NA
    .PARENT.
431      329

# 2025-02-02 05:34:31 -03: Elite configurations (first number is the configuration ID; listed from best to worst according to the sum of ranks):
    particles topology modInfluence phi1 phi2 inertia branching tSchedule
431        92        4            0 0.04 2.40    0.55        NA        NA
584        82        4            0 0.15 2.43    0.55        NA        NA
404       100        4            0 1.49 2.03    0.60        NA        NA
581        82        4            0 0.36 2.41    0.47        NA        NA
400       120        4            0 1.64 2.03    0.56        NA        NA
# 2025-02-02 05:34:31 -03: Stopped because there is not enough budget left to race more than the minimum (5).
# You may either increase the budget or set 'minNbSurvival' to a lower value.
# Iteration: 7
# nbIterations: 7
# experimentsUsedSoFar: 4989
# timeUsed: 0
# remainingBudget: 11
# currentBudget: 11
# number of elites: 5
# nbConfigurations: 5
# Total CPU user time: 10485.01, CPU sys time: 81.616, Wall-clock time: 10539.66
    .ID. particles topology modInfluence phi1 phi2 inertia branching tSchedule
431  431        92        4            0 0.04 2.40    0.55        NA        NA
584  584        82        4            0 0.15 2.43    0.55        NA        NA
404  404       100        4            0 1.49 2.03    0.60        NA        NA
581  581        82        4            0 0.36 2.41    0.47        NA        NA
400  400       120        4            0 1.64 2.03    0.56        NA        NA
    .PARENT. .ALIVE. .RANK.   .WEIGHT.
431      329    TRUE    170 0.33333333
584      431    TRUE    175 0.26666667
404      334    TRUE    185 0.20000000
581      503    TRUE    187 0.13333333
400      334    TRUE    189 0.06666667
