# 2025-01-18 02:15:54 -03: Initialization
# Elitist race
# Elitist new instances: 1
# Elitist limit: 2
# nbIterations: 3
# minNbSurvival: 3
# nbParameters: 3
# seed: 8860
# confidence level: 0.95
# budget: 5000
# mu: 5
# deterministic: FALSE

# 2025-01-18 02:15:54 -03: Iteration 1 of 3
# experimentsUsedSoFar: 0
# remainingBudget: 5000
# currentBudget: 1666
# nbConfigurations: 277
# Markers:
     x No test is performed.
     c Configurations are discarded only due to capping.
     - The test is performed and some configurations are discarded.
     = The test is performed but no configuration is discarded.
     ! The test is performed and configurations could be discarded but elite configurations are preserved.
     . All alive configurations are elite and nothing is discarded.

+-+-----------+-----------+-----------+----------------+-----------+--------+-----+----+------+
| |   Instance|      Alive|       Best|       Mean best| Exp so far|  W time|  rho|KenW|  Qvar|
+-+-----------+-----------+-----------+----------------+-----------+--------+-----+----+------+
|x|          1|        277|        276|     7499696.000|        277|00:05:53|   NA|  NA|    NA|
|x|          2|        277|        157|     3973810.000|        554|00:05:53|+0.21|0.61|0.6711|
|x|          3|        277|        266|     2790599.333|        831|00:05:53|+0.15|0.43|0.6455|
|x|          4|        277|        157|     2199296.000|       1108|00:05:53|+0.16|0.37|0.6082|
|-|          5|        144|        160|     1830726.400|       1385|00:05:53|-0.11|0.12|1.0935|
|=|          6|        144|        160|     2760902.667|       1529|00:03:02|-0.07|0.11|1.0661|
+-+-----------+-----------+-----------+----------------+-----------+--------+-----+----+------+
Best-so-far configuration:         160    mean value:      2760902.667
Description of the best-so-far configuration:
    .ID. localsearch   rho ants .PARENT.
160  160           2 0.353   38       NA

first iteration, returning
# 2025-01-18 02:48:22 -03: Elite configurations (first number is the configuration ID; listed from best to worst according to the sum of ranks):
    localsearch    rho ants
160           2 0.3530   38
249           3 0.1888   33
192           0 0.4508   61
# 2025-01-18 02:48:23 -03: Iteration 2 of 3
# experimentsUsedSoFar: 1529
# remainingBudget: 3471
# currentBudget: 1735
# nbConfigurations: 250
# Markers:
     x No test is performed.
     c Configurations are discarded only due to capping.
     - The test is performed and some configurations are discarded.
     = The test is performed but no configuration is discarded.
     ! The test is performed and configurations could be discarded but elite configurations are preserved.
     . All alive configurations are elite and nothing is discarded.

+-+-----------+-----------+-----------+----------------+-----------+--------+-----+----+------+
| |   Instance|      Alive|       Best|       Mean best| Exp so far|  W time|  rho|KenW|  Qvar|
+-+-----------+-----------+-----------+----------------+-----------+--------+-----+----+------+
|x|          7|        250|        372|     7478766.000|        250|00:05:22|   NA|  NA|    NA|
|x|          3|        250|        448|     3952670.000|        497|00:05:12|-0.26|0.37|1.2779|
|x|          4|        250|        466|     2781822.667|        744|00:05:12|-0.12|0.25|1.1095|
|x|          6|        250|        381|     3937843.500|        991|00:05:12|-0.04|0.22|1.0395|
|=|          5|        250|        160|     3218131.200|       1238|00:05:12|-0.05|0.16|1.0443|
|=|          2|        250|        160|     2754647.667|       1485|00:05:12|-0.01|0.16|1.0197|
|=|          1|        250|        438|     3431885.714|       1732|00:05:12|+0.00|0.14|1.0062|
+-+-----------+-----------+-----------+----------------+-----------+--------+-----+----+------+
Best-so-far configuration:         438    mean value:      3431885.714
Description of the best-so-far configuration:
    .ID. localsearch    rho ants .PARENT.
438  438           3 0.3696   40      160

# 2025-01-18 03:25:02 -03: Elite configurations (first number is the configuration ID; listed from best to worst according to the sum of ranks):
    localsearch    rho ants
438           3 0.3696   40
249           3 0.1888   33
160           2 0.3530   38
# 2025-01-18 03:25:02 -03: Iteration 3 of 3
# experimentsUsedSoFar: 3261
# remainingBudget: 1739
# currentBudget: 1739
# nbConfigurations: 220
# Markers:
     x No test is performed.
     c Configurations are discarded only due to capping.
     - The test is performed and some configurations are discarded.
     = The test is performed but no configuration is discarded.
     ! The test is performed and configurations could be discarded but elite configurations are preserved.
     . All alive configurations are elite and nothing is discarded.

+-+-----------+-----------+-----------+----------------+-----------+--------+-----+----+------+
| |   Instance|      Alive|       Best|       Mean best| Exp so far|  W time|  rho|KenW|  Qvar|
+-+-----------+-----------+-----------+----------------+-----------+--------+-----+----+------+
|x|          8|        220|        249|     375394.0000|        220|00:04:42|   NA|  NA|    NA|
|x|          3|        220|        601|     392431.0000|        437|00:04:42|+0.04|0.52|0.9407|
|x|          7|        220|        732|     2761138.667|        654|00:04:42|-0.12|0.25|1.1350|
|x|          5|        220|        716|     2146544.000|        871|00:04:42|-0.07|0.20|1.0681|
|=|          6|        220|        716|     3197387.600|       1088|00:04:42|-0.04|0.17|1.0321|
|=|          1|        220|        625|     3915592.667|       1305|00:04:42|+0.03|0.19|0.9678|
|=|          2|        220|        249|     3419726.857|       1522|00:04:42|+0.01|0.15|0.9920|
|=|          4|        220|        249|     3046429.750|       1739|00:04:42|-0.01|0.12|1.0099|
+-+-----------+-----------+-----------+----------------+-----------+--------+-----+----+------+
Best-so-far configuration:         249    mean value:      3046429.750
Description of the best-so-far configuration:
    .ID. localsearch    rho ants .PARENT.
249  249           3 0.1888   33       NA

# 2025-01-18 04:02:44 -03: Elite configurations (first number is the configuration ID; listed from best to worst according to the sum of ranks):
    localsearch    rho ants
249           3 0.1888   33
716           3 0.3593   41
595           3 0.3819   40
# 2025-01-18 04:02:44 -03: Stopped because budget is exhausted
# Iteration: 4
# nbIterations: 3
# experimentsUsedSoFar: 5000
# timeUsed: 0
# remainingBudget: 0
# currentBudget: 1739
# number of elites: 3
# nbConfigurations: 220
# Total CPU user time: 50367.78, CPU sys time: 122.922, Wall-clock time: 6409.908
    .ID. localsearch    rho ants .PARENT. .ALIVE. .RANK.  .WEIGHT.
249  249           3 0.1888   33       NA    TRUE  411.5 0.5000000
716  716           3 0.3593   41      438    TRUE  432.5 0.3333333
595  595           3 0.3819   40      438    TRUE  485.5 0.1666667
