# 2025-01-18 07:51:38 -03: Initialization
# Elitist race
# Elitist new instances: 1
# Elitist limit: 2
# nbIterations: 3
# minNbSurvival: 3
# nbParameters: 3
# seed: 1569
# confidence level: 0.95
# budget: 5000
# mu: 5
# deterministic: FALSE

# 2025-01-18 07:51:38 -03: Iteration 1 of 3
# experimentsUsedSoFar: 0
# remainingBudget: 5000
# currentBudget: 1666
# nbConfigurations: 277
# Markers:
     x No test is performed.
     c Configurations are discarded only due to capping.
     - The test is performed and some configurations are discarded.
     = The test is performed but no configuration is discarded.
     ! The test is performed and configurations could be discarded but elite configurations are preserved.
     . All alive configurations are elite and nothing is discarded.

+-+-----------+-----------+-----------+----------------+-----------+--------+-----+----+------+
| |   Instance|      Alive|       Best|       Mean best| Exp so far|  W time|  rho|KenW|  Qvar|
+-+-----------+-----------+-----------+----------------+-----------+--------+-----+----+------+
|x|          1|        277|        134|     7507012.000|        277|00:05:53|   NA|  NA|    NA|
|x|          2|        277|        246|     3984955.000|        554|00:05:53|+0.04|0.52|0.8556|
|x|          3|        277|        134|     5074224.667|        831|00:05:53|+0.26|0.51|0.6566|
|x|          4|        277|        102|     5668154.000|       1108|00:05:53|+0.34|0.51|0.5724|
|-|          5|        106|        246|     4638086.400|       1385|00:05:53|-0.08|0.14|1.0643|
|=|          6|        106|        246|     3916659.000|       1491|00:02:21|-0.09|0.09|1.0712|
|=|          7|        106|        212|     4438282.857|       1597|00:02:21|-0.02|0.13|1.0087|
+-+-----------+-----------+-----------+----------------+-----------+--------+-----+----+------+
Best-so-far configuration:         212    mean value:      4438282.857
Description of the best-so-far configuration:
    .ID. localsearch    rho ants .PARENT.
212  212           3 0.1884   59       NA

first iteration, returning
# 2025-01-18 08:25:48 -03: Elite configurations (first number is the configuration ID; listed from best to worst according to the sum of ranks):
    localsearch    rho ants
212           3 0.1884   59
246           3 0.5572   43
245           3 0.4481   93
# 2025-01-18 08:25:48 -03: Iteration 2 of 3
# experimentsUsedSoFar: 1597
# remainingBudget: 3403
# currentBudget: 1701
# nbConfigurations: 215
# Markers:
     x No test is performed.
     c Configurations are discarded only due to capping.
     - The test is performed and some configurations are discarded.
     = The test is performed but no configuration is discarded.
     ! The test is performed and configurations could be discarded but elite configurations are preserved.
     . All alive configurations are elite and nothing is discarded.

+-+-----------+-----------+-----------+----------------+-----------+--------+-----+----+------+
| |   Instance|      Alive|       Best|       Mean best| Exp so far|  W time|  rho|KenW|  Qvar|
+-+-----------+-----------+-----------+----------------+-----------+--------+-----+----+------+
|x|          8|        215|        365|     7660770.000|        215|00:04:33|   NA|  NA|    NA|
|x|          4|        215|        416|     7540204.000|        427|00:04:33|+0.76|0.88|0.2542|
|x|          5|        215|        465|     5194850.000|        639|00:04:33|+0.02|0.35|0.9763|
|x|          1|        215|        465|     5778231.500|        851|00:04:33|+0.21|0.41|0.7976|
|-|          2|         94|        372|     4711621.200|       1063|00:04:33|-0.06|0.15|1.0194|
|=|          6|         94|        372|     3977492.333|       1154|00:02:01|-0.05|0.13|1.0289|
|=|          7|         94|        372|     4492342.286|       1245|00:02:01|-0.01|0.13|0.9699|
|=|          3|         94|        465|     4839984.500|       1336|00:02:01|+0.03|0.15|0.9229|
|-|          9|         41|        465|     5155668.222|       1430|00:02:02|-0.05|0.07|1.0157|
|=|         10|         41|        465|     5347432.200|       1471|00:01:00|-0.05|0.06|1.0079|
|=|         11|         41|        372|     5539285.818|       1512|00:01:00|-0.04|0.05|1.0037|
+-+-----------+-----------+-----------+----------------+-----------+--------+-----+----+------+
Best-so-far configuration:         372    mean value:      5539285.818
Description of the best-so-far configuration:
    .ID. localsearch    rho ants .PARENT.
372  372           3 0.6032   41      246

# 2025-01-18 08:58:44 -03: Elite configurations (first number is the configuration ID; listed from best to worst according to the sum of ranks):
    localsearch    rho ants
372           3 0.6032   41
461           3 0.2548   40
465           3 0.1844   51
# 2025-01-18 08:58:44 -03: Iteration 3 of 3
# experimentsUsedSoFar: 3109
# remainingBudget: 1891
# currentBudget: 1891
# nbConfigurations: 160
# Markers:
     x No test is performed.
     c Configurations are discarded only due to capping.
     - The test is performed and some configurations are discarded.
     = The test is performed but no configuration is discarded.
     ! The test is performed and configurations could be discarded but elite configurations are preserved.
     . All alive configurations are elite and nothing is discarded.

+-+-----------+-----------+-----------+----------------+-----------+--------+-----+----+------+
| |   Instance|      Alive|       Best|       Mean best| Exp so far|  W time|  rho|KenW|  Qvar|
+-+-----------+-----------+-----------+----------------+-----------+--------+-----+----+------+
|x|         12|        160|        641|     7175786.000|        160|00:03:22|   NA|  NA|    NA|
|x|          8|        160|        534|     7424543.000|        317|00:03:22|+0.52|0.76|0.3096|
|x|          5|        160|        563|     5110710.000|        474|00:03:22|+0.08|0.38|0.8835|
|x|          6|        160|        563|     3909746.000|        631|00:03:22|+0.04|0.28|0.9405|
|-|          1|         65|        372|     4639944.400|        788|00:03:22|-0.09|0.13|1.0845|
|=|          3|         65|        563|     5075750.667|        850|00:01:21|-0.08|0.10|1.0677|
|=|          7|         65|        372|     5439426.286|        912|00:01:21|-0.04|0.11|1.0354|
|=|         11|         65|        372|     5691779.000|        974|00:01:21|-0.03|0.10|1.0221|
|=|          4|         65|        563|     5883399.778|       1036|00:01:21|-0.01|0.10|0.9971|
|=|          2|         65|        372|     5339166.800|       1098|00:01:21|+0.01|0.11|0.9805|
|=|          9|         65|        372|     5552629.091|       1160|00:01:21|+0.01|0.10|0.9833|
|=|         10|         65|        372|     5677029.000|       1222|00:01:21|+0.01|0.09|0.9785|
|=|         13|         65|        372|     5817941.692|       1287|00:01:30|+0.01|0.09|0.9760|
+-+-----------+-----------+-----------+----------------+-----------+--------+-----+----+------+
Best-so-far configuration:         372    mean value:      5817941.692
Description of the best-so-far configuration:
    .ID. localsearch    rho ants .PARENT.
372  372           3 0.6032   41      246

# 2025-01-18 09:26:37 -03: Elite configurations (first number is the configuration ID; listed from best to worst according to the sum of ranks):
    localsearch    rho ants
372           3 0.6032   41
548           3 0.5895   40
563           3 0.3062   23
# 2025-01-18 09:26:37 -03: Iteration 4 of 4
# experimentsUsedSoFar: 4396
# remainingBudget: 604
# currentBudget: 604
# nbConfigurations: 45
# Markers:
     x No test is performed.
     c Configurations are discarded only due to capping.
     - The test is performed and some configurations are discarded.
     = The test is performed but no configuration is discarded.
     ! The test is performed and configurations could be discarded but elite configurations are preserved.
     . All alive configurations are elite and nothing is discarded.

+-+-----------+-----------+-----------+----------------+-----------+--------+-----+----+------+
| |   Instance|      Alive|       Best|       Mean best| Exp so far|  W time|  rho|KenW|  Qvar|
+-+-----------+-----------+-----------+----------------+-----------+--------+-----+----+------+
|x|         14|         45|        671|     7280200.000|         45|00:01:00|   NA|  NA|    NA|
|x|          5|         45|        657|     3890450.000|         87|00:01:00|+0.02|0.51|0.9243|
|x|         11|         45|        671|     5068752.667|        129|00:01:00|+0.18|0.45|0.8056|
|x|          1|         45|        563|     5694725.500|        171|00:01:00|+0.09|0.32|0.7778|
|-|         13|         31|        657|     6059646.000|        213|00:01:00|-0.07|0.14|1.0095|
|=|          4|         31|        657|     6285954.333|        241|00:00:40|-0.01|0.16|0.9583|
|=|         10|         31|        563|     6397903.714|        269|00:00:40|+0.01|0.15|0.9411|
|=|          2|         31|        563|     5651597.750|        297|00:00:40|+0.01|0.13|0.9454|
|=|          8|         31|        563|     5872551.333|        325|00:00:40|+0.01|0.12|0.9396|
|=|          6|         31|        563|     5315981.600|        353|00:00:40|+0.04|0.13|0.9221|
|=|         12|         31|        563|     5487369.636|        381|00:00:40|+0.02|0.11|0.9356|
|=|          7|         31|        372|     5664480.833|        409|00:00:40|+0.03|0.11|0.9266|
|-|          3|         15|        372|     5789891.538|        437|00:00:40|-0.01|0.06|0.9521|
|=|          9|         15|        563|     5924558.143|        449|00:00:20|-0.03|0.05|0.9476|
|=|         15|         15|        563|     5570465.333|        464|00:00:20|-0.01|0.06|0.9242|
+-+-----------+-----------+-----------+----------------+-----------+--------+-----+----+------+
Best-so-far configuration:         563    mean value:      5570465.333
Description of the best-so-far configuration:
    .ID. localsearch    rho ants .PARENT.
563  563           3 0.3062   23      461

# 2025-01-18 09:37:45 -03: Elite configurations (first number is the configuration ID; listed from best to worst according to the sum of ranks):
    localsearch    rho ants
563           3 0.3062   23
372           3 0.6032   41
548           3 0.5895   40
# 2025-01-18 09:37:45 -03: Iteration 5 of 5
# experimentsUsedSoFar: 4860
# remainingBudget: 140
# currentBudget: 140
# nbConfigurations: 11
# Markers:
     x No test is performed.
     c Configurations are discarded only due to capping.
     - The test is performed and some configurations are discarded.
     = The test is performed but no configuration is discarded.
     ! The test is performed and configurations could be discarded but elite configurations are preserved.
     . All alive configurations are elite and nothing is discarded.

+-+-----------+-----------+-----------+----------------+-----------+--------+-----+----+------+
| |   Instance|      Alive|       Best|       Mean best| Exp so far|  W time|  rho|KenW|  Qvar|
+-+-----------+-----------+-----------+----------------+-----------+--------+-----+----+------+
|x|         16|         11|        372|     7380898.000|         11|00:00:20|   NA|  NA|    NA|
|x|         14|         11|        563|     7354784.000|         19|00:00:10|-0.03|0.49|0.9235|
|x|         15|         11|        563|     5107578.000|         27|00:00:10|+0.39|0.59|0.5310|
|x|         10|         11|        563|     5592040.500|         35|00:00:10|+0.28|0.46|0.5332|
|=|          6|         11|        563|     4535003.200|         43|00:00:10|+0.17|0.33|0.6842|
|-|          8|          4|        563|     5052532.667|         51|00:00:10|+0.12|0.26|0.5142|
|=|          4|          4|        563|     5391941.429|         52|00:00:10|+0.13|0.26|0.5192|
|=|          2|          4|        563|     4771380.750|         53|00:00:10|-0.01|0.12|0.6853|
|=|          7|          4|        563|     5087733.778|         54|00:00:10|-0.03|0.09|0.7363|
|=|         13|          4|        372|     5329602.000|         55|00:00:10|-0.07|0.04|0.7682|
|=|          3|          4|        695|     5513181.455|         56|00:00:10|-0.09|0.01|0.7963|
|=|         12|          4|        372|     5648587.000|         57|00:00:10|-0.06|0.03|0.7812|
|=|         11|          4|        563|     5788483.538|         58|00:00:10|-0.07|0.02|0.7886|
|=|          9|          4|        563|     5924056.286|         59|00:00:10|-0.05|0.03|0.7670|
|=|          1|          4|        563|     6031641.333|         60|00:00:10|-0.03|0.04|0.7552|
|=|          5|          4|        563|     5685332.500|         61|00:00:10|-0.00|0.06|0.7317|
|=|         17|          4|        563|     5388145.882|         65|00:00:10|+0.01|0.07|0.7227|
+-+-----------+-----------+-----------+----------------+-----------+--------+-----+----+------+
Best-so-far configuration:         563    mean value:      5388145.882
Description of the best-so-far configuration:
    .ID. localsearch    rho ants .PARENT.
563  563           3 0.3062   23      461

# 2025-01-18 09:40:48 -03: Elite configurations (first number is the configuration ID; listed from best to worst according to the sum of ranks):
    localsearch    rho ants
563           3 0.3062   23
372           3 0.6032   41
695           3 0.5893   40
# 2025-01-18 09:40:48 -03: Iteration 6 of 6
# experimentsUsedSoFar: 4925
# remainingBudget: 75
# currentBudget: 75
# nbConfigurations: 7
# Markers:
     x No test is performed.
     c Configurations are discarded only due to capping.
     - The test is performed and some configurations are discarded.
     = The test is performed but no configuration is discarded.
     ! The test is performed and configurations could be discarded but elite configurations are preserved.
     . All alive configurations are elite and nothing is discarded.

+-+-----------+-----------+-----------+----------------+-----------+--------+-----+----+------+
| |   Instance|      Alive|       Best|       Mean best| Exp so far|  W time|  rho|KenW|  Qvar|
+-+-----------+-----------+-----------+----------------+-----------+--------+-----+----+------+
|x|         18|          7|        697|     472946.0000|          7|00:00:10|   NA|  NA|    NA|
|x|          5|          7|        697|     485760.0000|         11|00:00:10|-0.87|0.07|1.5810|
|x|         13|          7|        698|     2834361.333|         15|00:00:10|-0.24|0.17|1.1070|
|x|         12|          7|        372|     3923468.500|         19|00:00:10|-0.08|0.19|0.9675|
|=|          6|          7|        372|     3200144.400|         23|00:00:10|-0.02|0.18|0.9104|
|=|         10|          7|        372|     3841025.000|         27|00:00:10|+0.08|0.23|0.8110|
|=|          8|          7|        372|     4389351.143|         31|00:00:10|+0.10|0.23|0.7857|
|=|          1|          7|        372|     4782015.000|         35|00:00:10|+0.13|0.24|0.7631|
|=|         14|          7|        372|     5064302.222|         39|00:00:10|+0.08|0.19|0.7763|
|=|          7|          7|        372|     5316016.200|         43|00:00:10|+0.10|0.19|0.7789|
|-|         15|          4|        372|     4888484.364|         47|00:00:10|+0.05|0.14|0.7206|
|=|          2|          4|        372|     4516392.667|         48|00:00:10|+0.05|0.13|0.7259|
|=|          3|          4|        372|     4730117.846|         49|00:00:10|+0.04|0.11|0.7269|
|=|         17|          4|        372|     4438035.571|         50|00:00:10|+0.05|0.12|0.7065|
|=|          4|          4|        372|     4637770.000|         51|00:00:10|+0.06|0.12|0.6869|
|=|         11|          4|        372|     4814049.875|         52|00:00:10|+0.03|0.09|0.6826|
|=|          9|          4|        563|     4981353.882|         53|00:00:10|+0.06|0.12|0.6586|
|=|         16|          4|        372|     5116274.889|         54|00:00:10|+0.09|0.14|0.6505|
|-|         19|          3|        372|     5244136.842|         58|00:00:10|-0.04|0.01|0.6719|
+-+-----------+-----------+-----------+----------------+-----------+--------+-----+----+------+
Best-so-far configuration:         372    mean value:      5244136.842
Description of the best-so-far configuration:
    .ID. localsearch    rho ants .PARENT.
372  372           3 0.6032   41      246

# 2025-01-18 09:44:01 -03: Elite configurations (first number is the configuration ID; listed from best to worst according to the sum of ranks):
    localsearch    rho ants
372           3 0.6032   41
563           3 0.3062   23
695           3 0.5893   40
# 2025-01-18 09:44:01 -03: Stopped because there is not enough budget left to race more than the minimum (3).
# You may either increase the budget or set 'minNbSurvival' to a lower value.
# Iteration: 7
# nbIterations: 7
# experimentsUsedSoFar: 4983
# timeUsed: 0
# remainingBudget: 17
# currentBudget: 17
# number of elites: 3
# nbConfigurations: 3
# Total CPU user time: 50316.26, CPU sys time: 120.258, Wall-clock time: 6742.488
    .ID. localsearch    rho ants .PARENT. .ALIVE. .RANK.  .WEIGHT.
372  372           3 0.6032   41      246    TRUE   36.5 0.5000000
563  563           3 0.3062   23      461    TRUE   37.0 0.3333333
695  695           3 0.5893   40      548    TRUE   40.5 0.1666667
