# 2025-02-02 14:01:40 -03: 2 expression(s) specifying forbidden configurations read.
# 2025-02-02 14:01:40 -03: Initialization
# Elitist race
# Elitist new instances: 1
# Elitist limit: 2
# nbIterations: 5
# minNbSurvival: 5
# nbParameters: 8
# seed: 7175
# confidence level: 0.95
# budget: 5000
# mu: 5
# deterministic: FALSE

# 2025-02-02 14:01:40 -03: Iteration 1 of 5
# experimentsUsedSoFar: 0
# remainingBudget: 5000
# currentBudget: 1000
# nbConfigurations: 166
# Markers:
     x No test is performed.
     c Configurations are discarded only due to capping.
     - The test is performed and some configurations are discarded.
     = The test is performed but no configuration is discarded.
     ! The test is performed and configurations could be discarded but elite configurations are preserved.
     . All alive configurations are elite and nothing is discarded.

+-+-----------+-----------+-----------+----------------+-----------+--------+-----+----+------+
| |   Instance|      Alive|       Best|       Mean best| Exp so far|  W time|  rho|KenW|  Qvar|
+-+-----------+-----------+-----------+----------------+-----------+--------+-----+----+------+
|x|          1|        166|         83|     32.92276956|        166|00:06:08|   NA|  NA|    NA|
|x|          2|        166|         13|     96.07452067|        332|00:05:43|+0.59|0.79|0.4415|
|x|          3|        166|         13|     64.23848745|        498|00:05:30|+0.68|0.79|0.3245|
|x|          4|        166|         76|     416381.2230|        664|00:05:50|+0.68|0.76|0.3702|
|-|          5|         33|         76|     333105.5744|        830|00:05:32|+0.02|0.21|0.9630|
|-|          6|         19|         76|     279066.0621|        863|00:00:29|-0.04|0.13|1.0061|
|=|          7|         19|         76|     239199.8367|        882|00:00:13|+0.04|0.18|0.9482|
|=|          8|         19|        128|     186867.3187|        901|00:00:17|+0.04|0.16|0.9706|
+-+-----------+-----------+-----------+----------------+-----------+--------+-----+----+------+
Best-so-far configuration:         128    mean value:      186867.3187
Description of the best-so-far configuration:
    .ID. particles topology modInfluence phi1 phi2 inertia branching tSchedule
128  128        16        4            0 2.35 2.49    0.48        NA        NA
    .PARENT.
128       NA

first iteration, returning
# 2025-02-02 14:31:25 -03: Elite configurations (first number is the configuration ID; listed from best to worst according to the sum of ranks):
    particles topology modInfluence phi1 phi2 inertia branching tSchedule
128        16        4            0 2.35 2.49    0.48        NA        NA
76        123        0            0 0.81 1.63    0.68        NA        NA
150         6        5            1 0.60 2.03    0.28        NA         8
19         39        0            0 0.65 1.21    0.33        NA        NA
58          4        0            1 0.38 0.58    0.32        NA        NA
# 2025-02-02 14:31:25 -03: Iteration 2 of 5
# experimentsUsedSoFar: 901
# remainingBudget: 4099
# currentBudget: 1024
# nbConfigurations: 118
# Markers:
     x No test is performed.
     c Configurations are discarded only due to capping.
     - The test is performed and some configurations are discarded.
     = The test is performed but no configuration is discarded.
     ! The test is performed and configurations could be discarded but elite configurations are preserved.
     . All alive configurations are elite and nothing is discarded.

+-+-----------+-----------+-----------+----------------+-----------+--------+-----+----+------+
| |   Instance|      Alive|       Best|       Mean best| Exp so far|  W time|  rho|KenW|  Qvar|
+-+-----------+-----------+-----------+----------------+-----------+--------+-----+----+------+
|x|          9|        118|        271|     76.14525470|        118|00:03:12|   NA|  NA|    NA|
|x|          1|        118|        271|     78.39445107|        231|00:03:05|+0.85|0.92|0.1720|
|x|          5|        118|        217|     94.80055990|        344|00:02:41|+0.41|0.60|0.4792|
|x|          7|        118|        128|     82.52679692|        457|00:02:41|+0.46|0.59|0.4535|
|-|          6|         38|        128|     3576.173096|        570|00:02:50|-0.05|0.16|1.0280|
|=|          8|         38|        128|     2982.685794|        603|00:00:30|-0.04|0.14|1.0150|
|=|          4|         38|        128|     212654.5551|        636|00:00:30|+0.02|0.16|0.9563|
|-|          3|         18|        128|     186072.7769|        669|00:00:26|+0.01|0.13|0.9840|
|=|          2|         18|        272|     112667.1142|        682|00:00:12|+0.02|0.13|0.9926|
|=|         10|         18|        272|     101400.4518|        700|00:00:15|+0.05|0.15|0.9701|
+-+-----------+-----------+-----------+----------------+-----------+--------+-----+----+------+
Best-so-far configuration:         272    mean value:      101400.4518
Description of the best-so-far configuration:
    .ID. particles topology modInfluence phi1 phi2 inertia branching tSchedule
272  272         2        2            1 2.17 2.26    0.24        NA        NA
    .PARENT.
272      128

# 2025-02-02 14:47:51 -03: Elite configurations (first number is the configuration ID; listed from best to worst according to the sum of ranks):
    particles topology modInfluence phi1 phi2 inertia branching tSchedule
272         2        2            1 2.17 2.26    0.24        NA        NA
225         8        4            0 2.47 1.70    0.35        NA        NA
128        16        4            0 2.35 2.49    0.48        NA        NA
259         7        5            1 0.85 2.40    0.28        NA         4
216        56        0            0 1.01 1.79    0.35        NA        NA
# 2025-02-02 14:47:51 -03: Iteration 3 of 5
# experimentsUsedSoFar: 1601
# remainingBudget: 3399
# currentBudget: 1133
# nbConfigurations: 107
# Markers:
     x No test is performed.
     c Configurations are discarded only due to capping.
     - The test is performed and some configurations are discarded.
     = The test is performed but no configuration is discarded.
     ! The test is performed and configurations could be discarded but elite configurations are preserved.
     . All alive configurations are elite and nothing is discarded.

+-+-----------+-----------+-----------+----------------+-----------+--------+-----+----+------+
| |   Instance|      Alive|       Best|       Mean best| Exp so far|  W time|  rho|KenW|  Qvar|
+-+-----------+-----------+-----------+----------------+-----------+--------+-----+----+------+
