# 2025-02-01 22:51:52 -03: 2 expression(s) specifying forbidden configurations read.
# 2025-02-01 22:51:52 -03: Initialization
# Elitist race
# Elitist new instances: 1
# Elitist limit: 2
# nbIterations: 5
# minNbSurvival: 5
# nbParameters: 8
# seed: 128
# confidence level: 0.95
# budget: 5000
# mu: 5
# deterministic: FALSE

# 2025-02-01 22:51:52 -03: Iteration 1 of 5
# experimentsUsedSoFar: 0
# remainingBudget: 5000
# currentBudget: 1000
# nbConfigurations: 166
# Markers:
     x No test is performed.
     c Configurations are discarded only due to capping.
     - The test is performed and some configurations are discarded.
     = The test is performed but no configuration is discarded.
     ! The test is performed and configurations could be discarded but elite configurations are preserved.
     . All alive configurations are elite and nothing is discarded.

+-+-----------+-----------+-----------+----------------+-----------+--------+-----+----+------+
| |   Instance|      Alive|       Best|       Mean best| Exp so far|  W time|  rho|KenW|  Qvar|
+-+-----------+-----------+-----------+----------------+-----------+--------+-----+----+------+
|x|          1|        166|        138|     170.6349507|        166|00:05:36|   NA|  NA|    NA|
|x|          2|        166|         93|     90.13764401|        332|00:05:39|+0.71|0.85|0.2811|
|x|          3|        166|         93|     60.22038580|        498|00:11:14|+0.38|0.59|0.6471|
|x|          4|        166|         93|     45.27414134|        664|00:05:38|+0.46|0.60|0.5910|
|-|          5|         45|         93|     43.99386775|        830|00:20:49|-0.01|0.19|1.0268|
|=|          6|         45|         93|     40.14298651|        875|00:00:57|+0.01|0.17|0.9944|
|=|          7|         45|         93|     37.42489186|        920|00:00:53|+0.01|0.15|0.9869|
+-+-----------+-----------+-----------+----------------+-----------+--------+-----+----+------+
Best-so-far configuration:          93    mean value:      37.42489186
Description of the best-so-far configuration:
   .ID. particles topology modInfluence phi1 phi2 inertia branching tSchedule
93   93        51        1            0 1.57 2.39    0.71        NA        NA
   .PARENT.
93       NA

first iteration, returning
# 2025-02-01 23:42:41 -03: Elite configurations (first number is the configuration ID; listed from best to worst according to the sum of ranks):
    particles topology modInfluence phi1 phi2 inertia branching tSchedule
93         51        1            0 1.57 2.39    0.71        NA        NA
100       150        4            0 0.63 2.16    0.26        NA        NA
46          3        4            2 0.45 1.07    0.01        NA        NA
151       143        5            1 2.04 1.56    0.77        NA         2
59         84        2            1 2.19 2.12    0.80        NA        NA
# 2025-02-01 23:42:41 -03: Iteration 2 of 5
# experimentsUsedSoFar: 920
# remainingBudget: 4080
# currentBudget: 1020
# nbConfigurations: 131
# Markers:
     x No test is performed.
     c Configurations are discarded only due to capping.
     - The test is performed and some configurations are discarded.
     = The test is performed but no configuration is discarded.
     ! The test is performed and configurations could be discarded but elite configurations are preserved.
     . All alive configurations are elite and nothing is discarded.

+-+-----------+-----------+-----------+----------------+-----------+--------+-----+----+------+
| |   Instance|      Alive|       Best|       Mean best| Exp so far|  W time|  rho|KenW|  Qvar|
+-+-----------+-----------+-----------+----------------+-----------+--------+-----+----+------+
|x|          8|        131|        257|     49636.56362|        131|00:06:44|   NA|  NA|    NA|
|x|          5|        131|        219|     27221.43692|        257|00:15:04|+0.18|0.59|0.8330|
|x|          3|        131|        219|     18147.73744|        383|00:07:45|+0.34|0.56|0.6746|
|x|          4|        131|        219|     13612.77804|        509|00:03:32|+0.31|0.48|0.6774|
|-|          6|         49|        217|     18817.97928|        635|00:03:46|-0.06|0.15|0.9945|
|=|          1|         49|         93|     28002.50035|        679|00:01:00|-0.05|0.13|0.9577|
|=|          7|         49|         93|     24005.15977|        723|00:01:00|-0.02|0.13|0.9142|
|=|          2|         49|         93|     21004.55666|        767|00:00:57|-0.02|0.11|0.8542|
|=|          9|         49|         93|     18691.64218|        816|00:01:06|+0.02|0.13|0.8339|
+-+-----------+-----------+-----------+----------------+-----------+--------+-----+----+------+
Best-so-far configuration:          93    mean value:      18691.64218
Description of the best-so-far configuration:
   .ID. particles topology modInfluence phi1 phi2 inertia branching tSchedule
93   93        51        1            0 1.57 2.39    0.71        NA        NA
   .PARENT.
93       NA

# 2025-02-02 00:23:39 -03: Elite configurations (first number is the configuration ID; listed from best to worst according to the sum of ranks):
    particles topology modInfluence phi1 phi2 inertia branching tSchedule
93         51        1            0 1.57 2.39    0.71        NA        NA
270       104        4            0 0.67 1.89    0.54        NA        NA
174       157        4            0 0.37 2.32    0.70        NA        NA
171        54        1            0 1.35 2.17    0.69        NA        NA
100       150        4            0 0.63 2.16    0.26        NA        NA
# 2025-02-02 00:23:39 -03: Iteration 3 of 5
# experimentsUsedSoFar: 1736
# remainingBudget: 3264
# currentBudget: 1088
# nbConfigurations: 113
# Markers:
     x No test is performed.
     c Configurations are discarded only due to capping.
     - The test is performed and some configurations are discarded.
     = The test is performed but no configuration is discarded.
     ! The test is performed and configurations could be discarded but elite configurations are preserved.
     . All alive configurations are elite and nothing is discarded.

+-+-----------+-----------+-----------+----------------+-----------+--------+-----+----+------+
| |   Instance|      Alive|       Best|       Mean best| Exp so far|  W time|  rho|KenW|  Qvar|
+-+-----------+-----------+-----------+----------------+-----------+--------+-----+----+------+
|x|         10|        113|        385|     1.464845087|        113|00:01:58|   NA|  NA|    NA|
|x|          9|        113|        376|     87.58458053|        221|00:01:45|+0.74|0.87|0.3086|
|x|          6|        113|        353|     67.19508984|        329|00:02:01|+0.18|0.46|0.8143|
|x|          2|        113|        353|     50.47270974|        437|00:01:52|+0.26|0.45|0.7125|
|-|          3|         39|         93|     42.45052025|        545|00:05:28|-0.10|0.12|1.0014|
|=|          1|         39|         93|     65.36549650|        579|00:00:28|-0.02|0.15|0.9257|
|=|          7|         39|         93|     59.04418614|        613|00:00:27|-0.01|0.13|0.9548|
|=|          4|         39|         93|     51.71808887|        647|00:00:27|+0.01|0.13|0.9420|
|=|          8|         39|         93|     18687.58042|        681|00:01:15|+0.03|0.14|0.9346|
|=|          5|         39|         93|     16822.70965|        715|00:03:36|+0.03|0.13|0.9283|
|=|         11|         39|         93|     15295.26980|        754|00:00:36|+0.04|0.13|0.9118|
+-+-----------+-----------+-----------+----------------+-----------+--------+-----+----+------+
Best-so-far configuration:          93    mean value:      15295.26980
Description of the best-so-far configuration:
   .ID. particles topology modInfluence phi1 phi2 inertia branching tSchedule
93   93        51        1            0 1.57 2.39    0.71        NA        NA
   .PARENT.
93       NA

# 2025-02-02 00:43:37 -03: Elite configurations (first number is the configuration ID; listed from best to worst according to the sum of ranks):
    particles topology modInfluence phi1 phi2 inertia branching tSchedule
93         51        1            0 1.57 2.39    0.71        NA        NA
353        90        1            0 1.68 1.92    0.58        NA        NA
376        82        1            0 1.82 2.33    0.58        NA        NA
270       104        4            0 0.67 1.89    0.54        NA        NA
171        54        1            0 1.35 2.17    0.69        NA        NA
# 2025-02-02 00:43:37 -03: Iteration 4 of 5
# experimentsUsedSoFar: 2490
# remainingBudget: 2510
# currentBudget: 1255
# nbConfigurations: 109
# Markers:
     x No test is performed.
     c Configurations are discarded only due to capping.
     - The test is performed and some configurations are discarded.
     = The test is performed but no configuration is discarded.
     ! The test is performed and configurations could be discarded but elite configurations are preserved.
     . All alive configurations are elite and nothing is discarded.

+-+-----------+-----------+-----------+----------------+-----------+--------+-----+----+------+
| |   Instance|      Alive|       Best|       Mean best| Exp so far|  W time|  rho|KenW|  Qvar|
+-+-----------+-----------+-----------+----------------+-----------+--------+-----+----+------+
|x|         12|        109|        493|     15192.52317|        109|00:01:51|   NA|  NA|    NA|
|x|          4|        109|        409|     7603.462354|        213|00:01:39|+0.25|0.62|0.2786|
|x|          8|        109|        420|     35937.40263|        317|00:04:03|+0.33|0.55|0.3122|
|x|          5|        109|        420|     26962.75090|        421|00:11:16|+0.18|0.39|0.6402|
|-|          6|         38|        420|     21574.37191|        525|00:01:51|-0.10|0.12|1.0866|
|=|          9|         38|        420|     18018.39315|        558|00:00:27|-0.08|0.10|1.0714|
|=|         10|         38|        420|     15444.58961|        591|00:00:27|-0.06|0.09|1.0227|
|=|          7|         38|        420|     13516.51193|        624|00:00:27|-0.04|0.09|1.0261|
|=|          2|         38|        420|     12014.72386|        657|00:00:27|-0.03|0.08|0.9944|
|=|          3|         38|        420|     10813.30215|        690|00:01:36|-0.03|0.07|0.9949|
|=|          1|         38|        270|     11618.90702|        723|00:00:26|-0.02|0.07|0.9666|
|=|         11|         38|        417|     11623.79761|        756|00:00:30|-0.01|0.08|0.9604|
|=|         13|         38|        417|     10737.11222|        794|00:00:33|+0.01|0.09|0.9332|
+-+-----------+-----------+-----------+----------------+-----------+--------+-----+----+------+
Best-so-far configuration:         417    mean value:      10737.11222
Description of the best-so-far configuration:
    .ID. particles topology modInfluence phi1 phi2 inertia branching tSchedule
417  417        42        1            0 1.21  2.4    0.66        NA        NA
    .PARENT.
417       93

# 2025-02-02 01:09:15 -03: Elite configurations (first number is the configuration ID; listed from best to worst according to the sum of ranks):
    particles topology modInfluence phi1 phi2 inertia branching tSchedule
417        42        1            0 1.21 2.40    0.66        NA        NA
270       104        4            0 0.67 1.89    0.54        NA        NA
93         51        1            0 1.57 2.39    0.71        NA        NA
420        83        1            0 1.71 2.45    0.57        NA        NA
441        61        1            0 1.77 2.23    0.58        NA        NA
# 2025-02-02 01:09:15 -03: Iteration 5 of 5
# experimentsUsedSoFar: 3284
# remainingBudget: 1716
# currentBudget: 1716
# nbConfigurations: 127
# Markers:
     x No test is performed.
     c Configurations are discarded only due to capping.
     - The test is performed and some configurations are discarded.
     = The test is performed but no configuration is discarded.
     ! The test is performed and configurations could be discarded but elite configurations are preserved.
     . All alive configurations are elite and nothing is discarded.

+-+-----------+-----------+-----------+----------------+-----------+--------+-----+----+------+
| |   Instance|      Alive|       Best|       Mean best| Exp so far|  W time|  rho|KenW|  Qvar|
+-+-----------+-----------+-----------+----------------+-----------+--------+-----+----+------+
|x|         14|        127|        508|    0.2025311076|        127|00:01:44|   NA|  NA|    NA|
|x|          2|        127|         93|    0.2936757003|        249|00:01:38|+0.05|0.52|0.0043|
|x|         11|        127|        441|     7.131191312|        371|00:01:45|-0.05|0.30|0.6151|
|x|          8|        127|        441|     22023.16400|        493|00:04:26|+0.02|0.26|0.6256|
|=|          6|        127|        441|     17622.72618|        615|00:01:48|-0.02|0.19|0.7871|
|=|          5|        127|        538|     18460.61515|        737|00:12:57|-0.02|0.15|0.8594|
|=|         12|        127|         93|     26271.52553|        859|00:01:51|+0.00|0.14|0.7953|
|=|         10|        127|        417|     17384.78232|        981|00:01:40|+0.03|0.15|0.7406|
|-|          7|         86|        417|     15455.40680|       1103|00:01:43|-0.05|0.06|1.0277|
|=|          1|         86|        417|     13929.09451|       1184|00:01:01|-0.05|0.06|1.0375|
|=|         13|         86|        417|     12671.62115|       1265|00:01:08|-0.03|0.06|1.0280|
|=|          4|         86|        417|     11615.66214|       1346|00:01:04|-0.03|0.06|1.0219|
|=|          9|         86|        417|     10737.09740|       1427|00:00:58|-0.03|0.05|1.0248|
|=|          3|         86|        417|     9970.194765|       1508|00:03:46|-0.02|0.05|1.0154|
|=|         15|         86|        417|     9332.367843|       1594|00:01:01|-0.02|0.05|1.0141|
+-+-----------+-----------+-----------+----------------+-----------+--------+-----+----+------+
Best-so-far configuration:         417    mean value:      9332.367843
Description of the best-so-far configuration:
    .ID. particles topology modInfluence phi1 phi2 inertia branching tSchedule
417  417        42        1            0 1.21  2.4    0.66        NA        NA
    .PARENT.
417       93

# 2025-02-02 01:47:55 -03: Elite configurations (first number is the configuration ID; listed from best to worst according to the sum of ranks):
    particles topology modInfluence phi1 phi2 inertia branching tSchedule
417        42        1            0 1.21 2.40    0.66        NA        NA
599       102        4            0 0.84 2.14    0.53        NA        NA
567        56        1            0 1.21 2.38    0.62        NA        NA
508        72        1            0 1.88 2.41    0.61        NA        NA
580        35        1            0 1.19 2.43    0.62        NA        NA
# 2025-02-02 01:47:55 -03: Iteration 6 of 6
# experimentsUsedSoFar: 4878
# remainingBudget: 122
# currentBudget: 122
# nbConfigurations: 12
# Markers:
     x No test is performed.
     c Configurations are discarded only due to capping.
     - The test is performed and some configurations are discarded.
     = The test is performed but no configuration is discarded.
     ! The test is performed and configurations could be discarded but elite configurations are preserved.
     . All alive configurations are elite and nothing is discarded.

+-+-----------+-----------+-----------+----------------+-----------+--------+-----+----+------+
| |   Instance|      Alive|       Best|       Mean best| Exp so far|  W time|  rho|KenW|  Qvar|
+-+-----------+-----------+-----------+----------------+-----------+--------+-----+----+------+
|x|         16|         12|        630|     12.35338220|         12|00:00:09|   NA|  NA|    NA|
|x|          5|         12|        417|     25.60814042|         19|00:00:45|-0.56|0.22|1.4176|
|x|         11|         12|        417|     24.00874141|         26|00:00:06|-0.17|0.22|1.0579|
|x|         14|         12|        417|     18.07352487|         33|00:00:05|+0.02|0.27|0.9355|
|=|         15|         12|        417|     95.01700649|         40|00:00:04|-0.05|0.16|0.9631|
|=|          7|         12|        417|     82.58128281|         47|00:00:06|-0.10|0.08|0.9851|
|=|         10|         12|        417|     71.03546364|         54|00:00:06|-0.06|0.09|0.9688|
|=|          3|         12|        417|     62.21360148|         61|00:00:19|-0.05|0.08|0.9689|
|=|          9|         12|        417|     76.89213888|         68|00:00:06|-0.05|0.07|0.9765|
|=|         12|         12|        417|     1668.634969|         75|00:00:06|-0.03|0.07|0.9575|
|=|          8|         12|        508|     9734.533421|         82|00:00:15|-0.03|0.07|0.9398|
|=|         13|         12|        508|     8931.802810|         89|00:00:05|-0.03|0.06|0.9470|
|=|          6|         12|        417|     10754.29071|         96|00:00:06|-0.01|0.07|0.9328|
|=|          2|         12|        417|     9986.159084|        103|00:00:04|-0.00|0.07|0.9216|
|=|          4|         12|        417|     9320.422682|        110|00:00:05|+0.00|0.07|0.9290|
|=|          1|         12|        417|     8749.914009|        117|00:00:05|+0.00|0.07|0.9252|
+-+-----------+-----------+-----------+----------------+-----------+--------+-----+----+------+
Best-so-far configuration:         417    mean value:      8749.914009
Description of the best-so-far configuration:
    .ID. particles topology modInfluence phi1 phi2 inertia branching tSchedule
417  417        42        1            0 1.21  2.4    0.66        NA        NA
    .PARENT.
417       93

# 2025-02-02 01:50:35 -03: Elite configurations (first number is the configuration ID; listed from best to worst according to the sum of ranks):
    particles topology modInfluence phi1 phi2 inertia branching tSchedule
417        42        1            0 1.21 2.40    0.66        NA        NA
508        72        1            0 1.88 2.41    0.61        NA        NA
567        56        1            0 1.21 2.38    0.62        NA        NA
580        35        1            0 1.19 2.43    0.62        NA        NA
632        48        1            0 1.13 2.47    0.63        NA        NA
# 2025-02-02 01:50:35 -03: Stopped because there is not enough budget left to race more than the minimum (5).
# You may either increase the budget or set 'minNbSurvival' to a lower value.
# Iteration: 7
# nbIterations: 7
# experimentsUsedSoFar: 4995
# timeUsed: 0
# remainingBudget: 5
# currentBudget: 5
# number of elites: 5
# nbConfigurations: 5
# Total CPU user time: 10666.25, CPU sys time: 83.296, Wall-clock time: 10722.87
    .ID. particles topology modInfluence phi1 phi2 inertia branching tSchedule
417  417        42        1            0 1.21 2.40    0.66        NA        NA
508  508        72        1            0 1.88 2.41    0.61        NA        NA
567  567        56        1            0 1.21 2.38    0.62        NA        NA
580  580        35        1            0 1.19 2.43    0.62        NA        NA
632  632        48        1            0 1.13 2.47    0.63        NA        NA
    .PARENT. .ALIVE. .RANK.   .WEIGHT.
417       93    TRUE     82 0.33333333
508      420    TRUE     91 0.26666667
567      417    TRUE     91 0.20000000
580      417    TRUE     93 0.13333333
632      417    TRUE     93 0.06666667
