# 2025-01-17 20:53:24 -03: Initialization
# Elitist race
# Elitist new instances: 1
# Elitist limit: 2
# nbIterations: 3
# minNbSurvival: 3
# nbParameters: 3
# seed: 9685
# confidence level: 0.95
# budget: 5000
# mu: 5
# deterministic: FALSE

# 2025-01-17 20:53:24 -03: Iteration 1 of 3
# experimentsUsedSoFar: 0
# remainingBudget: 5000
# currentBudget: 1666
# nbConfigurations: 277
# Markers:
     x No test is performed.
     c Configurations are discarded only due to capping.
     - The test is performed and some configurations are discarded.
     = The test is performed but no configuration is discarded.
     ! The test is performed and configurations could be discarded but elite configurations are preserved.
     . All alive configurations are elite and nothing is discarded.

+-+-----------+-----------+-----------+----------------+-----------+--------+-----+----+------+
| |   Instance|      Alive|       Best|       Mean best| Exp so far|  W time|  rho|KenW|  Qvar|
+-+-----------+-----------+-----------+----------------+-----------+--------+-----+----+------+
|x|          1|        277|         16|     7571454.000|        277|00:05:53|   NA|  NA|    NA|
|x|          2|        277|        175|     7627750.000|        554|00:05:53|+0.61|0.80|0.3825|
|x|          3|        277|        175|     7578950.667|        831|00:05:53|+0.64|0.76|0.3331|
|x|          4|        277|        174|     5790878.500|       1108|00:05:53|+0.33|0.49|0.6391|
|-|          5|        116|        175|     4741442.000|       1385|00:05:53|-0.05|0.16|1.0319|
|-|          6|         52|        175|     5203596.667|       1501|00:02:31|+0.01|0.18|0.9757|
|=|          7|         52|        175|     4537302.000|       1553|00:01:10|+0.02|0.16|0.9621|
|=|          8|         52|        276|     4032366.750|       1605|00:01:10|+0.02|0.14|0.9526|
+-+-----------+-----------+-----------+----------------+-----------+--------+-----+----+------+
Best-so-far configuration:         276    mean value:      4032366.750
Description of the best-so-far configuration:
    .ID. localsearch    rho ants .PARENT.
276  276           3 0.5069    7       NA

first iteration, returning
# 2025-01-17 21:27:45 -03: Elite configurations (first number is the configuration ID; listed from best to worst according to the sum of ranks):
    localsearch    rho ants
276           3 0.5069    7
175           3 0.2697   13
179           3 0.6852    8
# 2025-01-17 21:27:45 -03: Iteration 2 of 3
# experimentsUsedSoFar: 1605
# remainingBudget: 3395
# currentBudget: 1697
# nbConfigurations: 191
# Markers:
     x No test is performed.
     c Configurations are discarded only due to capping.
     - The test is performed and some configurations are discarded.
     = The test is performed but no configuration is discarded.
     ! The test is performed and configurations could be discarded but elite configurations are preserved.
     . All alive configurations are elite and nothing is discarded.

+-+-----------+-----------+-----------+----------------+-----------+--------+-----+----+------+
| |   Instance|      Alive|       Best|       Mean best| Exp so far|  W time|  rho|KenW|  Qvar|
+-+-----------+-----------+-----------+----------------+-----------+--------+-----+----+------+
|x|          9|        191|        292|     375394.0000|        191|00:04:01|   NA|  NA|    NA|
|x|          3|        191|        441|     3929469.000|        379|00:04:01|+0.02|0.51|0.8671|
|x|          7|        191|        179|     2800720.667|        567|00:04:01|+0.01|0.34|0.9760|
|x|          6|        191|        179|     3978046.000|        755|00:04:01|+0.14|0.35|0.8422|
|-|          4|         91|        310|     3268107.600|        943|00:04:01|-0.14|0.09|1.1225|
|=|          2|         91|        310|     4002132.000|       1031|00:01:50|-0.06|0.12|1.0321|
|=|          1|         91|        310|     4510700.857|       1119|00:01:50|-0.00|0.14|0.9521|
|=|          8|         91|        310|     4005981.500|       1207|00:01:50|-0.02|0.10|0.9836|
|=|          5|         91|        310|     3621946.667|       1295|00:01:50|-0.03|0.09|0.9972|
|=|         10|         91|        310|     3295534.800|       1386|00:02:00|-0.03|0.07|1.0116|
+-+-----------+-----------+-----------+----------------+-----------+--------+-----+----+------+
Best-so-far configuration:         310    mean value:      3295534.800
Description of the best-so-far configuration:
    .ID. localsearch    rho ants .PARENT.
310  310           3 0.2893    5      175

# 2025-01-17 21:57:19 -03: Elite configurations (first number is the configuration ID; listed from best to worst according to the sum of ranks):
    localsearch    rho ants
310           3 0.2893    5
179           3 0.6852    8
296           3 0.6843   15
# 2025-01-17 21:57:19 -03: Iteration 3 of 3
# experimentsUsedSoFar: 2991
# remainingBudget: 2009
# currentBudget: 2009
# nbConfigurations: 185
# Markers:
     x No test is performed.
     c Configurations are discarded only due to capping.
     - The test is performed and some configurations are discarded.
     = The test is performed but no configuration is discarded.
     ! The test is performed and configurations could be discarded but elite configurations are preserved.
     . All alive configurations are elite and nothing is discarded.

+-+-----------+-----------+-----------+----------------+-----------+--------+-----+----+------+
| |   Instance|      Alive|       Best|       Mean best| Exp so far|  W time|  rho|KenW|  Qvar|
+-+-----------+-----------+-----------+----------------+-----------+--------+-----+----+------+
|x|         11|        185|        468|     437230.0000|        185|00:04:01|   NA|  NA|    NA|
|x|          9|        185|        468|     406312.0000|        367|00:03:51|+0.10|0.55|0.8729|
|x|          6|        185|        502|     2774622.667|        549|00:03:51|+0.11|0.41|0.7861|
|x|          5|        185|        495|     2217169.500|        731|00:03:51|+0.04|0.28|0.9088|
|=|          7|        185|        495|     1881537.600|        913|00:03:51|+0.02|0.22|0.9387|
|-|          3|         87|        495|     2816740.667|       1095|00:03:51|-0.13|0.06|1.0976|
|=|          8|         87|        495|     2484017.143|       1179|00:01:50|-0.10|0.06|1.0680|
|=|          4|         87|        495|     2225757.750|       1263|00:01:50|-0.07|0.07|1.0391|
|=|          2|         87|        495|     2832095.556|       1347|00:01:50|-0.05|0.07|1.0109|
|=|         10|         87|        519|     2585257.600|       1431|00:01:50|-0.05|0.06|1.0173|
|=|          1|         87|        310|     3036564.364|       1515|00:01:50|-0.04|0.05|1.0001|
|=|         12|         87|        310|     2818111.500|       1602|00:01:50|-0.03|0.05|0.9937|
+-+-----------+-----------+-----------+----------------+-----------+--------+-----+----+------+
Best-so-far configuration:         310    mean value:      2818111.500
Description of the best-so-far configuration:
    .ID. localsearch    rho ants .PARENT.
310  310           3 0.2893    5      175

# 2025-01-17 22:31:44 -03: Elite configurations (first number is the configuration ID; listed from best to worst according to the sum of ranks):
    localsearch    rho ants
310           3 0.2893    5
519           3 0.3070    6
582           3 0.6733    9
# 2025-01-17 22:31:44 -03: Iteration 4 of 4
# experimentsUsedSoFar: 4593
# remainingBudget: 407
# currentBudget: 407
# nbConfigurations: 34
# Markers:
     x No test is performed.
     c Configurations are discarded only due to capping.
     - The test is performed and some configurations are discarded.
     = The test is performed but no configuration is discarded.
     ! The test is performed and configurations could be discarded but elite configurations are preserved.
     . All alive configurations are elite and nothing is discarded.

+-+-----------+-----------+-----------+----------------+-----------+--------+-----+----+------+
| |   Instance|      Alive|       Best|       Mean best| Exp so far|  W time|  rho|KenW|  Qvar|
+-+-----------+-----------+-----------+----------------+-----------+--------+-----+----+------+
|x|         13|         34|        669|     7426164.000|         34|00:00:50|   NA|  NA|    NA|
|x|          2|         34|        519|     7549463.000|         65|00:00:40|+0.11|0.55|0.3899|
|x|          4|         34|        649|     5173294.667|         96|00:00:40|+0.12|0.41|0.5297|
|x|          9|         34|        678|     3972287.000|        127|00:00:40|+0.26|0.44|0.5212|
|-|          6|         15|        678|     4681250.800|        158|00:00:40|+0.03|0.22|0.9001|
|=|          1|         15|        673|     5164742.000|        170|00:00:20|-0.04|0.13|0.9565|
|=|         10|         15|        673|     4478024.571|        182|00:00:20|-0.03|0.12|0.9448|
|=|         12|         15|        673|     3970360.750|        194|00:00:20|+0.01|0.13|0.9184|
|=|         11|         15|        673|     3577812.889|        206|00:00:20|+0.00|0.11|0.9144|
|=|          8|         15|        673|     3268300.400|        218|00:00:20|-0.02|0.09|0.9329|
|=|          3|         15|        673|     3651746.000|        230|00:00:20|+0.01|0.10|0.9050|
|=|          5|         15|        519|     3395599.333|        242|00:00:20|+0.02|0.10|0.9016|
|=|          7|         15|        519|     3175861.692|        254|00:00:20|+0.03|0.10|0.8916|
|=|         14|         15|        519|     3478340.571|        269|00:00:20|+0.02|0.09|0.9056|
+-+-----------+-----------+-----------+----------------+-----------+--------+-----+----+------+
Best-so-far configuration:         519    mean value:      3478340.571
Description of the best-so-far configuration:
    .ID. localsearch   rho ants .PARENT.
519  519           3 0.307    6      310

# 2025-01-17 22:38:17 -03: Elite configurations (first number is the configuration ID; listed from best to worst according to the sum of ranks):
    localsearch    rho ants
519           3 0.3070    6
652           3 0.3035    6
673           3 0.3048    6
# 2025-01-17 22:38:17 -03: Iteration 5 of 5
# experimentsUsedSoFar: 4862
# remainingBudget: 138
# currentBudget: 138
# nbConfigurations: 12
# Markers:
     x No test is performed.
     c Configurations are discarded only due to capping.
     - The test is performed and some configurations are discarded.
     = The test is performed but no configuration is discarded.
     ! The test is performed and configurations could be discarded but elite configurations are preserved.
     . All alive configurations are elite and nothing is discarded.

+-+-----------+-----------+-----------+----------------+-----------+--------+-----+----+------+
| |   Instance|      Alive|       Best|       Mean best| Exp so far|  W time|  rho|KenW|  Qvar|
+-+-----------+-----------+-----------+----------------+-----------+--------+-----+----+------+
|x|         15|         12|        685|     352308.0000|         12|00:00:20|   NA|  NA|    NA|
|x|          4|         12|        684|     385071.0000|         21|00:00:20|+0.61|0.81|0.3208|
|x|          6|         12|        684|     2763221.333|         30|00:00:20|+0.18|0.45|0.7070|
|x|          3|         12|        652|     3940395.500|         39|00:00:20|+0.06|0.29|0.6596|
|=|          7|         12|        681|     3262816.400|         48|00:00:20|-0.03|0.18|0.8337|
|=|         10|         12|        519|     2783041.667|         57|00:00:20|+0.02|0.18|0.8509|
|=|         14|         12|        519|     3444116.571|         66|00:00:20|+0.05|0.19|0.8011|
|=|          1|         12|        519|     3962054.750|         75|00:00:20|+0.11|0.22|0.7216|
|-|          8|         11|        685|     3571984.667|         84|00:00:20|-0.05|0.07|0.9358|
|=|         12|         11|        519|     3259383.200|         92|00:00:10|-0.06|0.05|0.9486|
|=|         13|         11|        519|     3638648.182|        100|00:00:10|-0.02|0.07|0.9173|
|=|         11|         11|        652|     3370752.667|        108|00:00:10|-0.01|0.07|0.9058|
|=|          5|         11|        652|     3153625.231|        116|00:00:10|-0.00|0.07|0.9094|
|=|          2|         11|        519|     3477219.429|        124|00:00:10|-0.01|0.07|0.9110|
|=|          9|         11|        519|     3270539.200|        132|00:00:10|-0.01|0.06|0.9163|
+-+-----------+-----------+-----------+----------------+-----------+--------+-----+----+------+
Best-so-far configuration:         519    mean value:      3270539.200
Description of the best-so-far configuration:
    .ID. localsearch   rho ants .PARENT.
519  519           3 0.307    6      310

# 2025-01-17 22:42:19 -03: Elite configurations (first number is the configuration ID; listed from best to worst according to the sum of ranks):
    localsearch    rho ants
519           3 0.3070    6
652           3 0.3035    6
673           3 0.3048    6
# 2025-01-17 22:42:19 -03: Stopped because there is not enough budget left to race more than the minimum (3).
# You may either increase the budget or set 'minNbSurvival' to a lower value.
# Iteration: 6
# nbIterations: 6
# experimentsUsedSoFar: 4994
# timeUsed: 0
# remainingBudget: 6
# currentBudget: 6
# number of elites: 3
# nbConfigurations: 3
# Total CPU user time: 50228.63, CPU sys time: 124.758, Wall-clock time: 6534.628
    .ID. localsearch    rho ants .PARENT. .ALIVE. .RANK.  .WEIGHT.
519  519           3 0.3070    6      310    TRUE     71 0.5000000
652  652           3 0.3035    6      519    TRUE     71 0.3333333
673  673           3 0.3048    6      519    TRUE     85 0.1666667
