# 2025-01-20 18:43:21 -03: 1 expression(s) specifying forbidden configurations read.
# 2025-01-20 18:43:21 -03: Initialization
# Elitist race
# Elitist new instances: 1
# Elitist limit: 2
# nbIterations: 5
# minNbSurvival: 5
# nbParameters: 11
# seed: 9685
# confidence level: 0.95
# budget: 5000
# mu: 5
# deterministic: FALSE

# 2025-01-20 18:43:21 -03: Iteration 1 of 5
# experimentsUsedSoFar: 0
# remainingBudget: 5000
# currentBudget: 1000
# nbConfigurations: 166
# Markers:
     x No test is performed.
     c Configurations are discarded only due to capping.
     - The test is performed and some configurations are discarded.
     = The test is performed but no configuration is discarded.
     ! The test is performed and configurations could be discarded but elite configurations are preserved.
     . All alive configurations are elite and nothing is discarded.

+-+-----------+-----------+-----------+----------------+-----------+--------+-----+----+------+
| |   Instance|      Alive|       Best|       Mean best| Exp so far|  W time|  rho|KenW|  Qvar|
+-+-----------+-----------+-----------+----------------+-----------+--------+-----+----+------+
|x|          1|        166|         33|     32664929.00|        166|00:03:39|   NA|  NA|    NA|
|x|          2|        166|         33|     32602058.50|        332|00:03:39|+0.97|0.99|0.0025|
|x|          3|        166|         33|     32664475.00|        498|00:03:39|+0.96|0.97|0.0024|
|x|          4|        166|         33|     32671064.75|        664|00:03:39|+0.96|0.97|0.0023|
|-|          5|         10|         33|     32614747.20|        830|00:03:39|+0.55|0.64|0.3968|
|-|          6|          2|         33|     32602841.17|        840|00:00:20|+0.33|0.44|0.3333|
+-+-----------+-----------+-----------+----------------+-----------+--------+-----+----+------+
Best-so-far configuration:          33    mean value:      32602841.17
Description of the best-so-far configuration:
   .ID. algorithm localsearch alpha beta  rho ants   q0 rasrank elitistants
33   33       acs           3  3.49 8.66 0.44   31 0.04      NA          NA
   nnls dlb .PARENT.
33   10   0       NA

first iteration, returning
# 2025-01-20 19:01:59 -03: Elite configurations (first number is the configuration ID; listed from best to worst according to the sum of ranks):
   algorithm localsearch alpha beta  rho ants   q0 rasrank elitistants nnls dlb
33       acs           3  3.49 8.66 0.44   31 0.04      NA          NA   10   0
78       acs           3  1.65 4.40 0.38   61 0.85      NA          NA    6   1
# 2025-01-20 19:01:59 -03: Iteration 2 of 5
# experimentsUsedSoFar: 840
# remainingBudget: 4160
# currentBudget: 1040
# nbConfigurations: 150
# Markers:
     x No test is performed.
     c Configurations are discarded only due to capping.
     - The test is performed and some configurations are discarded.
     = The test is performed but no configuration is discarded.
     ! The test is performed and configurations could be discarded but elite configurations are preserved.
     . All alive configurations are elite and nothing is discarded.

+-+-----------+-----------+-----------+----------------+-----------+--------+-----+----+------+
| |   Instance|      Alive|       Best|       Mean best| Exp so far|  W time|  rho|KenW|  Qvar|
+-+-----------+-----------+-----------+----------------+-----------+--------+-----+----+------+
|x|          7|        150|        275|     32869513.00|        150|00:03:18|   NA|  NA|    NA|
|x|          1|        150|        199|     32739905.50|        298|00:03:18|+0.96|0.98|0.0042|
|x|          2|        150|        199|     32654638.00|        446|00:03:18|+0.96|0.97|0.0041|
|x|          5|        150|        300|     32594535.50|        594|00:03:18|+0.96|0.97|0.0045|
|-|          6|         15|        199|     32578056.00|        742|00:03:18|+0.35|0.48|0.5704|
|-|          3|          7|        300|     32611470.33|        755|00:00:20|+0.27|0.39|0.4550|
|-|          4|          5|        300|     32621402.71|        760|00:00:10|-0.01|0.13|0.8191|
+-+-----------+-----------+-----------+----------------+-----------+--------+-----+----+------+
Best-so-far configuration:         300    mean value:      32621402.71
Description of the best-so-far configuration:
    .ID. algorithm localsearch alpha beta rho ants   q0 rasrank elitistants
300  300       acs           3  2.61 7.42 0.4   32 0.02      NA          NA
    nnls dlb .PARENT.
300   21   1       33

# 2025-01-20 19:19:02 -03: Elite configurations (first number is the configuration ID; listed from best to worst according to the sum of ranks):
    algorithm localsearch alpha beta  rho ants   q0 rasrank elitistants nnls
300       acs           3  2.61 7.42 0.40   32 0.02      NA          NA   21
199       acs           3  2.70 7.01 0.30   12 0.37      NA          NA   17
264       acs           3  1.40 7.28 0.75    8 0.99      NA          NA   22
194       acs           3  3.40 9.66 0.78   71 0.98      NA          NA   12
33        acs           3  3.49 8.66 0.44   31 0.04      NA          NA   10
    dlb
300   1
199   1
264   1
194   1
33    0
# 2025-01-20 19:19:02 -03: Iteration 3 of 5
# experimentsUsedSoFar: 1600
# remainingBudget: 3400
# currentBudget: 1133
# nbConfigurations: 146
# Markers:
     x No test is performed.
     c Configurations are discarded only due to capping.
     - The test is performed and some configurations are discarded.
     = The test is performed but no configuration is discarded.
     ! The test is performed and configurations could be discarded but elite configurations are preserved.
     . All alive configurations are elite and nothing is discarded.

+-+-----------+-----------+-----------+----------------+-----------+--------+-----+----+------+
| |   Instance|      Alive|       Best|       Mean best| Exp so far|  W time|  rho|KenW|  Qvar|
+-+-----------+-----------+-----------+----------------+-----------+--------+-----+----+------+
|x|          8|        146|        352|     32616968.00|        146|00:03:18|   NA|  NA|    NA|
|x|          4|        146|        344|     32622353.50|        287|00:03:07|+0.92|0.96|0.0051|
|x|          3|        146|        344|     32666895.33|        428|00:03:07|+0.93|0.95|0.0087|
|x|          7|        146|        344|     32725708.75|        569|00:03:07|+0.93|0.95|0.0083|
|-|          5|         15|        344|     32653666.40|        710|00:03:07|+0.04|0.23|0.9064|
|=|          2|         15|        344|     32625622.33|        720|00:00:20|+0.01|0.17|0.9442|
|=|          6|         15|        344|     32608248.71|        730|00:00:20|+0.03|0.17|0.9239|
|=|          1|         15|        344|     32610672.50|        740|00:00:20|+0.02|0.15|0.9221|
|=|          9|         15|        344|     32623340.00|        755|00:00:20|+0.06|0.17|0.8865|
+-+-----------+-----------+-----------+----------------+-----------+--------+-----+----+------+
Best-so-far configuration:         344    mean value:      32623340.00
Description of the best-so-far configuration:
    .ID. algorithm localsearch alpha beta  rho ants   q0 rasrank elitistants
344  344       acs           3   3.8 7.75 0.77   68 0.86      NA          NA
    nnls dlb .PARENT.
344   13   1      194

# 2025-01-20 19:36:15 -03: Elite configurations (first number is the configuration ID; listed from best to worst according to the sum of ranks):
    algorithm localsearch alpha beta  rho ants   q0 rasrank elitistants nnls
344       acs           3  3.80 7.75 0.77   68 0.86      NA          NA   13
264       acs           3  1.40 7.28 0.75    8 0.99      NA          NA   22
300       acs           3  2.61 7.42 0.40   32 0.02      NA          NA   21
347       acs           3  2.82 6.17 0.67   71 0.73      NA          NA    8
434       acs           3  2.54 5.93 0.51   29 0.81      NA          NA   13
    dlb
344   1
264   1
300   1
347   1
434   1
# 2025-01-20 19:36:15 -03: Iteration 4 of 5
# experimentsUsedSoFar: 2355
# remainingBudget: 2645
# currentBudget: 1322
# nbConfigurations: 136
# Markers:
     x No test is performed.
     c Configurations are discarded only due to capping.
     - The test is performed and some configurations are discarded.
     = The test is performed but no configuration is discarded.
     ! The test is performed and configurations could be discarded but elite configurations are preserved.
     . All alive configurations are elite and nothing is discarded.

+-+-----------+-----------+-----------+----------------+-----------+--------+-----+----+------+
| |   Instance|      Alive|       Best|       Mean best| Exp so far|  W time|  rho|KenW|  Qvar|
+-+-----------+-----------+-----------+----------------+-----------+--------+-----+----+------+
|x|         10|        136|        501|     32283998.00|        136|00:02:57|   NA|  NA|    NA|
|x|          5|        136|        570|     32333350.50|        267|00:02:57|+0.91|0.96|0.0034|
|x|          3|        136|        501|     32461131.33|        398|00:02:57|+0.87|0.91|0.0055|
|x|          6|        136|        501|     32479224.25|        529|00:02:57|+0.87|0.90|0.0047|
|-|          8|         24|        501|     32509696.20|        660|00:02:57|-0.12|0.11|1.0776|
|=|          4|         24|        501|     32526766.17|        679|00:00:31|-0.05|0.12|1.0150|
|=|          1|         24|        501|     32531810.29|        698|00:00:31|-0.00|0.14|0.9704|
|=|          9|         24|        562|     32565081.00|        717|00:00:31|-0.00|0.12|0.9584|
|=|          7|         24|        562|     32601820.44|        736|00:00:31|+0.02|0.13|0.9452|
|=|          2|         24|        501|     32591215.30|        755|00:00:31|+0.01|0.11|0.9490|
|=|         11|         24|        501|     32587228.55|        779|00:00:31|+0.02|0.11|0.9352|
+-+-----------+-----------+-----------+----------------+-----------+--------+-----+----+------+
Best-so-far configuration:         501    mean value:      32587228.55
Description of the best-so-far configuration:
    .ID. algorithm localsearch alpha beta  rho ants   q0 rasrank elitistants
501  501       acs           3  4.48 9.48 0.67   67 0.69      NA          NA
    nnls dlb .PARENT.
501   19   1      344

# 2025-01-20 19:54:10 -03: Elite configurations (first number is the configuration ID; listed from best to worst according to the sum of ranks):
    algorithm localsearch alpha beta  rho ants   q0 rasrank elitistants nnls
501       acs           3  4.48 9.48 0.67   67 0.69      NA          NA   19
570       acs           3  2.81 8.51 0.53   56 0.78      NA          NA   17
491       acs           3  3.27 8.15 0.79   64 0.86      NA          NA   13
562       acs           3  1.76 8.50 0.65   30 0.84      NA          NA    9
520       acs           3  2.84 6.04 0.89   68 0.70      NA          NA    8
    dlb
501   1
570   1
491   1
562   1
520   1
# 2025-01-20 19:54:10 -03: Iteration 5 of 5
# experimentsUsedSoFar: 3134
# remainingBudget: 1866
# currentBudget: 1866
# nbConfigurations: 160
# Markers:
     x No test is performed.
     c Configurations are discarded only due to capping.
     - The test is performed and some configurations are discarded.
     = The test is performed but no configuration is discarded.
     ! The test is performed and configurations could be discarded but elite configurations are preserved.
     . All alive configurations are elite and nothing is discarded.

+-+-----------+-----------+-----------+----------------+-----------+--------+-----+----+------+
| |   Instance|      Alive|       Best|       Mean best| Exp so far|  W time|  rho|KenW|  Qvar|
+-+-----------+-----------+-----------+----------------+-----------+--------+-----+----+------+
|x|         12|        160|        668|     32761575.00|        160|00:03:28|   NA|  NA|    NA|
|x|          5|        160|        491|     32549593.00|        315|00:03:28|+0.64|0.82|0.2602|
|x|          4|        160|        570|     32583933.33|        470|00:03:28|+0.62|0.75|0.2221|
|x|          2|        160|        501|     32557009.00|        625|00:03:28|+0.59|0.69|0.2199|
|-|          8|         39|        570|     32567545.80|        780|00:03:28|-0.09|0.13|1.0829|
|=|         11|         39|        570|     32559219.50|        814|00:00:52|-0.02|0.15|1.0144|
|=|          9|         39|        570|     32593885.71|        848|00:00:52|-0.00|0.14|1.0045|
|=|         10|         39|        570|     32561174.38|        882|00:00:52|-0.02|0.11|1.0114|
|=|          7|         39|        570|     32596199.00|        916|00:00:52|-0.01|0.10|0.9991|
|=|          6|         39|        570|     32591488.70|        950|00:00:52|-0.02|0.08|1.0017|
|=|          3|         39|        733|     32601603.27|        984|00:00:52|-0.01|0.08|0.9877|
|=|          1|         39|        570|     32604022.17|       1018|00:00:52|-0.00|0.08|0.9851|
|=|         13|         39|        491|     32585264.85|       1057|00:00:52|-0.00|0.08|0.9841|
+-+-----------+-----------+-----------+----------------+-----------+--------+-----+----+------+
Best-so-far configuration:         491    mean value:      32585264.85
Description of the best-so-far configuration:
    .ID. algorithm localsearch alpha beta  rho ants   q0 rasrank elitistants
491  491       acs           3  3.27 8.15 0.79   64 0.86      NA          NA
    nnls dlb .PARENT.
491   13   1      344

# 2025-01-20 20:18:29 -03: Elite configurations (first number is the configuration ID; listed from best to worst according to the sum of ranks):
    algorithm localsearch alpha beta  rho ants   q0 rasrank elitistants nnls
491       acs           3  3.27 8.15 0.79   64 0.86      NA          NA   13
688       acs           3  4.97 9.82 0.69   63 0.62      NA          NA   19
570       acs           3  2.81 8.51 0.53   56 0.78      NA          NA   17
603       acs           3  4.57 9.93 0.72   65 0.62      NA          NA   19
733       acs           3  2.91 6.02 0.87   71 0.75      NA          NA   15
    dlb
491   1
688   1
570   1
603   1
733   1
# 2025-01-20 20:18:29 -03: Iteration 6 of 6
# experimentsUsedSoFar: 4191
# remainingBudget: 809
# currentBudget: 809
# nbConfigurations: 62
# Markers:
     x No test is performed.
     c Configurations are discarded only due to capping.
     - The test is performed and some configurations are discarded.
     = The test is performed but no configuration is discarded.
     ! The test is performed and configurations could be discarded but elite configurations are preserved.
     . All alive configurations are elite and nothing is discarded.

+-+-----------+-----------+-----------+----------------+-----------+--------+-----+----+------+
| |   Instance|      Alive|       Best|       Mean best| Exp so far|  W time|  rho|KenW|  Qvar|
+-+-----------+-----------+-----------+----------------+-----------+--------+-----+----+------+
|x|         14|         62|        750|     32514589.00|         62|00:01:23|   NA|  NA|    NA|
|x|         13|         62|        791|     32461193.00|        119|00:01:23|+0.16|0.58|0.5603|
|x|          8|         62|        791|     32515044.67|        176|00:01:23|+0.23|0.48|0.5032|
|x|          9|         62|        791|     32577614.75|        233|00:01:23|+0.28|0.46|0.4700|
|-|         10|         33|        791|     32533799.00|        290|00:01:23|-0.09|0.13|1.0526|
|=|          2|         33|        791|     32524164.50|        318|00:00:41|-0.06|0.12|1.0178|
|=|         12|         33|        791|     32562103.71|        346|00:00:41|-0.00|0.14|0.9770|
|=|          3|         33|        791|     32586817.25|        374|00:00:41|-0.00|0.12|0.9722|
|=|          5|         33|        791|     32564789.44|        402|00:00:41|+0.00|0.11|0.9701|
|=|          6|         33|        791|     32555937.60|        430|00:00:41|+0.02|0.12|0.9555|
|=|          4|         33|        791|     32567515.18|        458|00:00:41|+0.02|0.11|0.9553|
|=|          7|         33|        791|     32593277.75|        486|00:00:41|+0.02|0.10|0.9566|
|=|         11|         33|        733|     32590712.62|        514|00:00:41|+0.02|0.09|0.9584|
|=|          1|         33|        570|     32589303.64|        542|00:00:41|+0.02|0.09|0.9535|
|-|         15|         24|        755|     32588630.40|        575|00:00:52|-0.00|0.06|0.9576|
|=|         16|         24|        570|     32591682.88|        599|00:00:31|+0.01|0.07|0.9487|
|=|         17|         24|        733|     32603634.12|        623|00:00:31|+0.01|0.07|0.9463|
+-+-----------+-----------+-----------+----------------+-----------+--------+-----+----+------+
Best-so-far configuration:         733    mean value:      32603634.12
Description of the best-so-far configuration:
    .ID. algorithm localsearch alpha beta  rho ants   q0 rasrank elitistants
733  733       acs           3  2.91 6.02 0.87   71 0.75      NA          NA
    nnls dlb .PARENT.
733   15   1      520

# 2025-01-20 20:33:37 -03: Elite configurations (first number is the configuration ID; listed from best to worst according to the sum of ranks):
    algorithm localsearch alpha beta  rho ants   q0 rasrank elitistants nnls
733       acs           3  2.91 6.02 0.87   71 0.75      NA          NA   15
570       acs           3  2.81 8.51 0.53   56 0.78      NA          NA   17
791       acs           3  4.63 9.31 0.75   68 0.63      NA          NA   17
775       acs           3  2.61 9.80 0.55   48 0.80      NA          NA   18
603       acs           3  4.57 9.93 0.72   65 0.62      NA          NA   19
    dlb
733   1
570   1
791   1
775   1
603   1
# 2025-01-20 20:33:37 -03: Iteration 7 of 7
# experimentsUsedSoFar: 4814
# remainingBudget: 186
# currentBudget: 186
# nbConfigurations: 15
# Markers:
     x No test is performed.
     c Configurations are discarded only due to capping.
     - The test is performed and some configurations are discarded.
     = The test is performed but no configuration is discarded.
     ! The test is performed and configurations could be discarded but elite configurations are preserved.
     . All alive configurations are elite and nothing is discarded.

+-+-----------+-----------+-----------+----------------+-----------+--------+-----+----+------+
| |   Instance|      Alive|       Best|       Mean best| Exp so far|  W time|  rho|KenW|  Qvar|
+-+-----------+-----------+-----------+----------------+-----------+--------+-----+----+------+
|x|         18|         15|        799|     32852558.00|         15|00:00:20|   NA|  NA|    NA|
|x|          8|         15|        799|     32724535.00|         25|00:00:20|+0.20|0.60|0.6838|
|x|          3|         15|        799|     32720920.33|         35|00:00:20|+0.13|0.42|0.7983|
|x|         12|         15|        799|     32741400.25|         45|00:00:20|+0.16|0.37|0.7457|
|=|         13|         15|        799|     32679026.40|         55|00:00:20|+0.14|0.31|0.7697|
|-|          5|         12|        799|     32634423.00|         65|00:00:20|-0.05|0.12|0.9636|
|=|         17|         12|        603|     32652356.00|         72|00:00:10|-0.07|0.08|0.9554|
|=|          6|         12|        791|     32634089.38|         79|00:00:10|-0.06|0.08|0.9372|
|=|          9|         12|        791|     32648671.11|         86|00:00:10|-0.01|0.10|0.9020|
|=|         14|         12|        791|     32638565.60|         93|00:00:10|-0.02|0.08|0.9151|
|=|         10|         12|        791|     32613108.36|        100|00:00:10|-0.00|0.09|0.8918|
|=|          1|         12|        791|     32611745.75|        107|00:00:10|+0.01|0.09|0.8833|
|=|          4|         12|        603|     32619913.69|        114|00:00:10|+0.01|0.08|0.9049|
|=|          7|         12|        603|     32638180.93|        121|00:00:10|+0.01|0.08|0.9043|
|=|         15|         12|        570|     32634530.27|        128|00:00:10|+0.01|0.08|0.8949|
|=|         11|         12|        733|     32626228.94|        135|00:00:10|+0.02|0.08|0.8919|
|=|         16|         12|        733|     32626831.65|        142|00:00:10|+0.03|0.08|0.8849|
|=|          2|         12|        570|     32618867.11|        149|00:00:10|+0.03|0.09|0.8748|
|=|         19|         12|        733|     32619631.37|        161|00:00:20|+0.03|0.08|0.8784|
+-+-----------+-----------+-----------+----------------+-----------+--------+-----+----+------+
Best-so-far configuration:         733    mean value:      32619631.37
Description of the best-so-far configuration:
    .ID. algorithm localsearch alpha beta  rho ants   q0 rasrank elitistants
733  733       acs           3  2.91 6.02 0.87   71 0.75      NA          NA
    nnls dlb .PARENT.
733   15   1      520

# 2025-01-20 20:38:09 -03: Elite configurations (first number is the configuration ID; listed from best to worst according to the sum of ranks):
    algorithm localsearch alpha beta  rho ants   q0 rasrank elitistants nnls
733       acs           3  2.91 6.02 0.87   71 0.75      NA          NA   15
802       acs           3  2.82 7.47 0.52   56 0.73      NA          NA   20
570       acs           3  2.81 8.51 0.53   56 0.78      NA          NA   17
603       acs           3  4.57 9.93 0.72   65 0.62      NA          NA   19
775       acs           3  2.61 9.80 0.55   48 0.80      NA          NA   18
    dlb
733   1
802   1
570   1
603   1
775   1
# 2025-01-20 20:38:09 -03: Iteration 8 of 8
# experimentsUsedSoFar: 4975
# remainingBudget: 25
# currentBudget: 25
# nbConfigurations: 6
# Markers:
     x No test is performed.
     c Configurations are discarded only due to capping.
     - The test is performed and some configurations are discarded.
     = The test is performed but no configuration is discarded.
     ! The test is performed and configurations could be discarded but elite configurations are preserved.
     . All alive configurations are elite and nothing is discarded.

+-+-----------+-----------+-----------+----------------+-----------+--------+-----+----+------+
| |   Instance|      Alive|       Best|       Mean best| Exp so far|  W time|  rho|KenW|  Qvar|
+-+-----------+-----------+-----------+----------------+-----------+--------+-----+----+------+
|x|         20|          6|        802|     32436253.00|          6|00:00:10|   NA|  NA|    NA|
|x|         14|          6|        802|     32505853.50|          7|00:00:10|+0.20|0.60|0.1647|
|x|          8|          6|        802|     32541265.67|          8|00:00:10|+0.24|0.49|0.1168|
|x|          4|          6|        802|     32559350.75|          9|00:00:10|+0.36|0.52|0.0875|
|-|          6|          5|        802|     32556362.00|         10|00:00:10|-0.15|0.08|0.8868|
|.|         10|          5|        802|     32522489.83|         10|00:00:00|-0.15|0.04|0.9076|
|.|         19|          5|        802|     32538921.86|         10|00:00:00|-0.07|0.08|0.8455|
|.|          9|          5|        802|     32573729.25|         10|00:00:00|-0.03|0.10|0.8165|
|.|          2|          5|        802|     32561336.22|         10|00:00:00|-0.07|0.05|0.8518|
|.|         15|          5|        802|     32557996.10|         10|00:00:00|-0.04|0.06|0.8388|
|.|         12|          5|        802|     32583077.36|         10|00:00:00|-0.07|0.03|0.8568|
|.|          3|          5|        802|     32595327.25|         10|00:00:00|-0.04|0.05|0.8312|
|.|         17|          5|        802|     32613280.08|         10|00:00:00|-0.03|0.05|0.8251|
|.|         13|          5|        802|     32596894.86|         10|00:00:00|-0.02|0.05|0.8181|
|.|          1|          5|        802|     32594637.93|         10|00:00:00|-0.05|0.02|0.8322|
|.|         18|          5|        802|     32611797.88|         10|00:00:00|-0.04|0.02|0.8288|
|.|         16|          5|        802|     32611093.35|         10|00:00:00|-0.03|0.04|0.8183|
|.|          7|          5|        802|     32627516.50|         10|00:00:00|-0.02|0.04|0.8217|
|.|          5|          5|        802|     32614230.42|         10|00:00:00|-0.03|0.02|0.8308|
|.|         11|          5|        802|     32609500.15|         10|00:00:00|-0.02|0.03|0.8242|
+-+-----------+-----------+-----------+----------------+-----------+--------+-----+----+------+
Best configuration for the instances in this race: 802
Best-so-far configuration:         733    mean value:      32611449.20
Description of the best-so-far configuration:
    .ID. algorithm localsearch alpha beta  rho ants   q0 rasrank elitistants
733  733       acs           3  2.91 6.02 0.87   71 0.75      NA          NA
    nnls dlb .PARENT.
733   15   1      520

# 2025-01-20 20:39:02 -03: Elite configurations (first number is the configuration ID; listed from best to worst according to the sum of ranks):
    algorithm localsearch alpha beta  rho ants   q0 rasrank elitistants nnls
733       acs           3  2.91 6.02 0.87   71 0.75      NA          NA   15
802       acs           3  2.82 7.47 0.52   56 0.73      NA          NA   20
570       acs           3  2.81 8.51 0.53   56 0.78      NA          NA   17
603       acs           3  4.57 9.93 0.72   65 0.62      NA          NA   19
775       acs           3  2.61 9.80 0.55   48 0.80      NA          NA   18
    dlb
733   1
802   1
570   1
603   1
775   1
# 2025-01-20 20:39:02 -03: Stopped because there is not enough budget left to race more than the minimum (5).
# You may either increase the budget or set 'minNbSurvival' to a lower value.
# Iteration: 9
# nbIterations: 9
# experimentsUsedSoFar: 4985
# timeUsed: 0
# remainingBudget: 15
# currentBudget: 15
# number of elites: 5
# nbConfigurations: 5
# Total CPU user time: 51615.92, CPU sys time: 418.883, Wall-clock time: 6940.295
    .ID. algorithm localsearch alpha beta  rho ants   q0 rasrank elitistants
733  733       acs           3  2.91 6.02 0.87   71 0.75      NA          NA
802  802       acs           3  2.82 7.47 0.52   56 0.73      NA          NA
570  570       acs           3  2.81 8.51 0.53   56 0.78      NA          NA
603  603       acs           3  4.57 9.93 0.72   65 0.62      NA          NA
775  775       acs           3  2.61 9.80 0.55   48 0.80      NA          NA
    nnls dlb .PARENT. .ALIVE. .RANK.   .WEIGHT.
733   15   1      520    TRUE     54 0.33333333
802   20   1      570    TRUE     55 0.26666667
570   17   1      344    TRUE     62 0.20000000
603   19   1      501    TRUE     62 0.13333333
775   18   1      570    TRUE     67 0.06666667
