# 2025-01-21 02:45:28 -03: 1 expression(s) specifying forbidden configurations read.
# 2025-01-21 02:45:28 -03: Initialization
# Elitist race
# Elitist new instances: 1
# Elitist limit: 2
# nbIterations: 5
# minNbSurvival: 5
# nbParameters: 11
# seed: 9411
# confidence level: 0.95
# budget: 5000
# mu: 5
# deterministic: FALSE

# 2025-01-21 02:45:28 -03: Iteration 1 of 5
# experimentsUsedSoFar: 0
# remainingBudget: 5000
# currentBudget: 1000
# nbConfigurations: 166
# Markers:
     x No test is performed.
     c Configurations are discarded only due to capping.
     - The test is performed and some configurations are discarded.
     = The test is performed but no configuration is discarded.
     ! The test is performed and configurations could be discarded but elite configurations are preserved.
     . All alive configurations are elite and nothing is discarded.

+-+-----------+-----------+-----------+----------------+-----------+--------+-----+----+------+
| |   Instance|      Alive|       Best|       Mean best| Exp so far|  W time|  rho|KenW|  Qvar|
+-+-----------+-----------+-----------+----------------+-----------+--------+-----+----+------+
|x|          1|        166|         20|     32541103.00|        166|00:03:39|   NA|  NA|    NA|
|x|          2|        166|        144|     32492404.50|        332|00:03:39|+0.98|0.99|0.0018|
|x|          3|        166|        144|     32519555.33|        498|00:03:39|+0.98|0.99|0.0016|
|x|          4|        166|        144|     32582135.25|        664|00:03:39|+0.98|0.99|0.0015|
|-|          5|          7|        144|     32647268.20|        830|00:03:39|+0.36|0.49|0.4707|
|-|          6|          2|        144|     32667322.33|        837|00:00:10|-0.07|0.11|0.5333|
+-+-----------+-----------+-----------+----------------+-----------+--------+-----+----+------+
Best-so-far configuration:         144    mean value:      32667322.33
Description of the best-so-far configuration:
    .ID. algorithm localsearch alpha beta  rho ants   q0 rasrank elitistants
144  144       acs           3  2.49 0.04 0.87   20 0.12      NA          NA
    nnls dlb .PARENT.
144    7   0       NA

first iteration, returning
# 2025-01-21 03:03:56 -03: Elite configurations (first number is the configuration ID; listed from best to worst according to the sum of ranks):
    algorithm localsearch alpha beta  rho ants   q0 rasrank elitistants nnls
144       acs           3  2.49 0.04 0.87   20 0.12      NA          NA    7
124       acs           3  3.93 9.11 0.60   70 0.62      NA          NA   30
    dlb
144   0
124   1
# 2025-01-21 03:03:56 -03: Iteration 2 of 5
# experimentsUsedSoFar: 837
# remainingBudget: 4163
# currentBudget: 1040
# nbConfigurations: 150
# Markers:
     x No test is performed.
     c Configurations are discarded only due to capping.
     - The test is performed and some configurations are discarded.
     = The test is performed but no configuration is discarded.
     ! The test is performed and configurations could be discarded but elite configurations are preserved.
     . All alive configurations are elite and nothing is discarded.

+-+-----------+-----------+-----------+----------------+-----------+--------+-----+----+------+
| |   Instance|      Alive|       Best|       Mean best| Exp so far|  W time|  rho|KenW|  Qvar|
+-+-----------+-----------+-----------+----------------+-----------+--------+-----+----+------+
|x|          7|        150|        287|     32775414.00|        150|00:03:18|   NA|  NA|    NA|
|x|          1|        150|        182|     32633567.00|        298|00:03:17|+0.95|0.98|0.0018|
|x|          2|        150|        182|     32584181.33|        446|00:03:18|+0.96|0.97|0.0016|
|x|          4|        150|        171|     32617284.50|        594|00:03:18|+0.96|0.97|0.0015|
|-|          6|         13|        182|     32650742.40|        742|00:03:18|+0.00|0.20|0.9134|
|=|          3|         13|        182|     32629114.83|        753|00:00:20|+0.10|0.25|0.8122|
|-|          5|          9|        171|     32660282.29|        764|00:00:20|-0.06|0.10|0.9591|
|=|          8|          9|        171|     32675807.12|        773|00:00:20|-0.03|0.10|0.9196|
|=|          9|          9|        171|     32636906.11|        782|00:00:20|+0.01|0.12|0.9069|
+-+-----------+-----------+-----------+----------------+-----------+--------+-----+----+------+
Best-so-far configuration:         171    mean value:      32636906.11
Description of the best-so-far configuration:
    .ID. algorithm localsearch alpha beta  rho ants   q0 rasrank elitistants
171  171       acs           3  3.47 2.62 0.52   44 0.28      NA          NA
    nnls dlb .PARENT.
171   10   0      144

# 2025-01-21 03:21:51 -03: Elite configurations (first number is the configuration ID; listed from best to worst according to the sum of ranks):
    algorithm localsearch alpha beta  rho ants   q0 rasrank elitistants nnls
171       acs           3  3.47 2.62 0.52   44 0.28      NA          NA   10
287       acs           3  3.33 6.67 0.74   49 0.13      NA          NA   27
290       acs           3  1.16 2.29 0.43    7 0.43      NA          NA    7
182       acs           3  3.11 4.28 0.53   32 0.13      NA          NA   27
294       acs           3  4.60 8.13 0.83   15 0.00      NA          NA   30
    dlb
171   0
287   1
290   1
182   1
294   1
# 2025-01-21 03:21:51 -03: Iteration 3 of 5
# experimentsUsedSoFar: 1619
# remainingBudget: 3381
# currentBudget: 1127
# nbConfigurations: 117
# Markers:
     x No test is performed.
     c Configurations are discarded only due to capping.
     - The test is performed and some configurations are discarded.
     = The test is performed but no configuration is discarded.
     ! The test is performed and configurations could be discarded but elite configurations are preserved.
     . All alive configurations are elite and nothing is discarded.

+-+-----------+-----------+-----------+----------------+-----------+--------+-----+----+------+
| |   Instance|      Alive|       Best|       Mean best| Exp so far|  W time|  rho|KenW|  Qvar|
+-+-----------+-----------+-----------+----------------+-----------+--------+-----+----+------+
|x|         10|        117|        402|     32581733.00|        117|00:02:36|   NA|  NA|    NA|
|x|          4|        117|        393|     32607846.50|        229|00:02:26|+0.89|0.95|0.0068|
|x|          6|        117|        393|     32652055.33|        341|00:02:25|+0.92|0.94|0.0087|
|x|          1|        117|        354|     32618962.50|        453|00:02:25|+0.92|0.94|0.0063|
|-|          7|         14|        354|     32637436.60|        565|00:02:26|+0.17|0.34|0.7328|
|=|          3|         14|        354|     32618257.17|        574|00:00:20|+0.11|0.26|0.8083|
|=|          5|         14|        354|     32650174.43|        583|00:00:20|+0.09|0.22|0.8478|
|=|          9|         14|        354|     32604836.50|        592|00:00:20|+0.10|0.21|0.8403|
|-|          2|         10|        354|     32580632.67|        601|00:00:20|+0.22|0.31|0.7069|
|-|          8|          5|        354|     32595291.00|        606|00:00:10|+0.03|0.13|0.7711|
+-+-----------+-----------+-----------+----------------+-----------+--------+-----+----+------+
Best-so-far configuration:         354    mean value:      32595291.00
Description of the best-so-far configuration:
    .ID. algorithm localsearch alpha beta rho ants   q0 rasrank elitistants
354  354       acs           3  1.86 3.42 0.7   37 0.01      NA          NA
    nnls dlb .PARENT.
354   17   1      290

# 2025-01-21 03:35:45 -03: Elite configurations (first number is the configuration ID; listed from best to worst according to the sum of ranks):
    algorithm localsearch alpha beta  rho ants   q0 rasrank elitistants nnls
354       acs           3  1.86 3.42 0.70   37 0.01      NA          NA   17
395       acs           3  2.24 5.39 0.22   46 0.28      NA          NA   11
389       acs           3  2.80 4.02 0.55   35 0.20      NA          NA   25
367       acs           3  2.26 4.81 0.53   26 0.20      NA          NA   25
390       acs           3  2.63 4.68 0.40   16 0.21      NA          NA   24
    dlb
354   1
395   1
389   1
367   1
390   1
# 2025-01-21 03:35:45 -03: Iteration 4 of 5
# experimentsUsedSoFar: 2225
# remainingBudget: 2775
# currentBudget: 1387
# nbConfigurations: 130
# Markers:
     x No test is performed.
     c Configurations are discarded only due to capping.
     - The test is performed and some configurations are discarded.
     = The test is performed but no configuration is discarded.
     ! The test is performed and configurations could be discarded but elite configurations are preserved.
     . All alive configurations are elite and nothing is discarded.

+-+-----------+-----------+-----------+----------------+-----------+--------+-----+----+------+
| |   Instance|      Alive|       Best|       Mean best| Exp so far|  W time|  rho|KenW|  Qvar|
+-+-----------+-----------+-----------+----------------+-----------+--------+-----+----+------+
|x|         11|        130|        436|     32708507.00|        130|00:02:57|   NA|  NA|    NA|
|x|          2|        130|        534|     32543399.50|        255|00:02:46|+0.85|0.93|0.0056|
|x|          3|        130|        443|     32516153.00|        380|00:02:46|+0.84|0.90|0.0056|
|x|          8|        130|        443|     32555646.50|        505|00:02:46|+0.83|0.87|0.0072|
|-|          6|         20|        443|     32585799.00|        630|00:02:47|+0.01|0.21|0.8502|
|=|          9|         20|        443|     32536535.50|        645|00:00:20|+0.00|0.17|0.8947|
|=|          4|         20|        443|     32554727.29|        660|00:00:20|+0.02|0.16|0.9023|
|=|         10|         20|        443|     32556355.88|        675|00:00:21|+0.05|0.17|0.8622|
|=|          5|         20|        443|     32589189.89|        690|00:00:20|+0.06|0.17|0.8495|
|-|          7|         14|        443|     32607275.80|        705|00:00:20|+0.08|0.17|0.8205|
|=|          1|         14|        443|     32598268.73|        714|00:00:20|+0.04|0.13|0.8649|
|=|         12|         14|        443|     32579111.08|        728|00:00:20|+0.06|0.14|0.8537|
+-+-----------+-----------+-----------+----------------+-----------+--------+-----+----+------+
Best-so-far configuration:         443    mean value:      32579111.08
Description of the best-so-far configuration:
    .ID. algorithm localsearch alpha beta  rho ants   q0 rasrank elitistants
443  443       acs           3  2.14 3.99 0.72   55 0.35      NA          NA
    nnls dlb .PARENT.
443   12   1      354

# 2025-01-21 03:52:17 -03: Elite configurations (first number is the configuration ID; listed from best to worst according to the sum of ranks):
    algorithm localsearch alpha beta  rho ants   q0 rasrank elitistants nnls
443       acs           3  2.14 3.99 0.72   55 0.35      NA          NA   12
492       acs           3  2.28 4.91 0.33   50 0.41      NA          NA   17
513       acs           3  2.26 1.14 0.65   46 0.08      NA          NA   12
354       acs           3  1.86 3.42 0.70   37 0.01      NA          NA   17
464       acs           3  2.44 3.05 0.65   50 0.10      NA          NA   22
    dlb
443   1
492   1
513   1
354   1
464   1
# 2025-01-21 03:52:17 -03: Iteration 5 of 5
# experimentsUsedSoFar: 2953
# remainingBudget: 2047
# currentBudget: 2047
# nbConfigurations: 162
# Markers:
     x No test is performed.
     c Configurations are discarded only due to capping.
     - The test is performed and some configurations are discarded.
     = The test is performed but no configuration is discarded.
     ! The test is performed and configurations could be discarded but elite configurations are preserved.
     . All alive configurations are elite and nothing is discarded.

+-+-----------+-----------+-----------+----------------+-----------+--------+-----+----+------+
| |   Instance|      Alive|       Best|       Mean best| Exp so far|  W time|  rho|KenW|  Qvar|
+-+-----------+-----------+-----------+----------------+-----------+--------+-----+----+------+
|x|         13|        162|        631|     32267897.00|        162|00:03:38|   NA|  NA|    NA|
|x|         11|        162|        649|     32519040.00|        319|00:03:28|+0.67|0.83|0.0535|
|x|          9|        162|        647|     32436305.00|        476|00:03:28|+0.62|0.75|0.0701|
|x|         10|        162|        513|     32472518.50|        633|00:03:28|+0.62|0.72|0.0702|
|-|          4|         53|        513|     32506463.00|        790|00:03:28|-0.10|0.12|1.0976|
|=|          2|         53|        443|     32485412.50|        838|00:01:02|-0.04|0.13|1.0313|
|=|          8|         53|        443|     32512371.71|        886|00:01:02|-0.03|0.12|1.0150|
|=|          5|         53|        443|     32554808.00|        934|00:01:02|-0.02|0.11|1.0093|
|=|          6|         53|        443|     32571652.56|        982|00:01:02|-0.02|0.10|0.9973|
|=|          1|         53|        443|     32565307.10|       1030|00:01:02|-0.00|0.10|0.9864|
|=|          7|         53|        443|     32583920.00|       1078|00:01:02|-0.00|0.09|0.9873|
|=|          3|         53|        443|     32572599.00|       1126|00:01:02|+0.01|0.10|0.9672|
|=|         12|         53|        599|     32558091.46|       1174|00:01:02|+0.02|0.10|0.9581|
|-|         14|         32|        599|     32567428.14|       1227|00:01:12|-0.03|0.04|1.0067|
|=|         15|         32|        599|     32565814.13|       1259|00:00:41|-0.02|0.04|0.9973|
|=|         16|         32|        443|     32559111.38|       1291|00:00:41|-0.02|0.04|0.9877|
+-+-----------+-----------+-----------+----------------+-----------+--------+-----+----+------+
Best-so-far configuration:         443    mean value:      32559111.38
Description of the best-so-far configuration:
    .ID. algorithm localsearch alpha beta  rho ants   q0 rasrank elitistants
443  443       acs           3  2.14 3.99 0.72   55 0.35      NA          NA
    nnls dlb .PARENT.
443   12   1      354

# 2025-01-21 04:20:48 -03: Elite configurations (first number is the configuration ID; listed from best to worst according to the sum of ranks):
    algorithm localsearch alpha beta  rho ants   q0 rasrank elitistants nnls
443       acs           3  2.14 3.99 0.72   55 0.35      NA          NA   12
599       acs           3  2.26 3.74 0.68   57 0.40      NA          NA   15
571       acs           3  2.63 2.65 0.72   56 0.24      NA          NA   13
589       acs           3  2.35 4.18 0.65   55 0.43      NA          NA   15
632       acs           3  2.59 3.86 0.58   56 0.33      NA          NA   18
    dlb
443   1
599   1
571   1
589   1
632   1
# 2025-01-21 04:20:48 -03: Iteration 6 of 6
# experimentsUsedSoFar: 4244
# remainingBudget: 756
# currentBudget: 756
# nbConfigurations: 49
# Markers:
     x No test is performed.
     c Configurations are discarded only due to capping.
     - The test is performed and some configurations are discarded.
     = The test is performed but no configuration is discarded.
     ! The test is performed and configurations could be discarded but elite configurations are preserved.
     . All alive configurations are elite and nothing is discarded.

+-+-----------+-----------+-----------+----------------+-----------+--------+-----+----+------+
| |   Instance|      Alive|       Best|       Mean best| Exp so far|  W time|  rho|KenW|  Qvar|
+-+-----------+-----------+-----------+----------------+-----------+--------+-----+----+------+
|x|         17|         49|        716|     32447637.00|         49|00:01:12|   NA|  NA|    NA|
|x|          7|         49|        750|     32598113.00|         93|00:01:02|+0.22|0.61|0.3653|
|x|         10|         49|        599|     32589745.67|        137|00:01:02|+0.23|0.49|0.3196|
|x|         16|         49|        743|     32555811.00|        181|00:01:02|+0.22|0.41|0.3266|
|-|         11|         36|        599|     32602870.60|        225|00:01:02|-0.11|0.11|1.0730|
|=|          4|         36|        731|     32608912.17|        256|00:00:41|-0.07|0.11|1.0258|
|=|          2|         36|        589|     32576132.86|        287|00:00:41|-0.04|0.11|0.9952|
|=|         15|         36|        731|     32576718.38|        318|00:00:41|-0.01|0.12|0.9659|
|=|          6|         36|        731|     32593054.67|        349|00:00:41|+0.03|0.13|0.9336|
|=|          1|         36|        731|     32580884.60|        380|00:00:41|+0.04|0.13|0.9270|
|-|         12|         19|        731|     32558189.18|        411|00:00:41|-0.04|0.06|0.9739|
|=|         14|         19|        731|     32571083.58|        425|00:00:20|-0.02|0.07|0.9661|
|=|          8|         19|        731|     32577682.38|        439|00:00:20|-0.02|0.05|0.9704|
|=|          9|         19|        731|     32552578.00|        453|00:00:20|-0.02|0.06|0.9621|
|=|         13|         19|        731|     32536576.27|        467|00:00:20|-0.00|0.06|0.9510|
|=|          5|         19|        731|     32555001.69|        481|00:00:20|+0.01|0.07|0.9462|
|=|          3|         19|        731|     32551843.12|        495|00:00:20|+0.01|0.07|0.9413|
|=|         18|         19|        731|     32561122.44|        514|00:00:31|+0.02|0.08|0.9292|
+-+-----------+-----------+-----------+----------------+-----------+--------+-----+----+------+
Best-so-far configuration:         731    mean value:      32561122.44
Description of the best-so-far configuration:
    .ID. algorithm localsearch alpha beta  rho ants   q0 rasrank elitistants
731  731       acs           3  2.63 3.16 0.68   57 0.39      NA          NA
    nnls dlb .PARENT.
731   17   1      599

# 2025-01-21 04:33:00 -03: Elite configurations (first number is the configuration ID; listed from best to worst according to the sum of ranks):
    algorithm localsearch alpha beta  rho ants   q0 rasrank elitistants nnls
731       acs           3  2.63 3.16 0.68   57 0.39      NA          NA   17
715       acs           3  2.45 3.88 0.61   59 0.48      NA          NA   18
443       acs           3  2.14 3.99 0.72   55 0.35      NA          NA   12
735       acs           3  2.09 4.93 0.69   56 0.47      NA          NA    9
599       acs           3  2.26 3.74 0.68   57 0.40      NA          NA   15
    dlb
731   1
715   1
443   1
735   1
599   1
# 2025-01-21 04:33:00 -03: Iteration 7 of 7
# experimentsUsedSoFar: 4758
# remainingBudget: 242
# currentBudget: 242
# nbConfigurations: 17
# Markers:
     x No test is performed.
     c Configurations are discarded only due to capping.
     - The test is performed and some configurations are discarded.
     = The test is performed but no configuration is discarded.
     ! The test is performed and configurations could be discarded but elite configurations are preserved.
     . All alive configurations are elite and nothing is discarded.

+-+-----------+-----------+-----------+----------------+-----------+--------+-----+----+------+
| |   Instance|      Alive|       Best|       Mean best| Exp so far|  W time|  rho|KenW|  Qvar|
+-+-----------+-----------+-----------+----------------+-----------+--------+-----+----+------+
|x|         19|         17|        731|     32410822.00|         17|00:00:31|   NA|  NA|    NA|
|x|         11|         17|        731|     32575464.50|         29|00:00:20|+0.08|0.54|0.6684|
|x|          6|         17|        731|     32624891.33|         41|00:00:20|+0.14|0.42|0.5853|
|x|          7|         17|        731|     32648641.00|         53|00:00:20|+0.26|0.44|0.5800|
|-|          1|         11|        731|     32613183.60|         65|00:00:20|-0.05|0.16|0.9954|
|=|          4|         11|        731|     32615563.17|         71|00:00:10|+0.06|0.21|0.9028|
|=|         15|         11|        731|     32606160.14|         77|00:00:10|+0.02|0.16|0.9044|
|=|         12|         11|        731|     32571794.50|         83|00:00:10|+0.08|0.20|0.8521|
|=|         17|         11|        731|     32567913.00|         89|00:00:10|+0.01|0.12|0.9084|
|=|         14|         11|        731|     32582413.90|         95|00:00:10|+0.03|0.12|0.8899|
|=|          3|         11|        731|     32575040.45|        101|00:00:10|+0.03|0.12|0.8856|
|=|         10|         11|        599|     32575280.42|        107|00:00:10|+0.02|0.10|0.8877|
|=|          8|         11|        599|     32581398.85|        113|00:00:10|+0.01|0.09|0.8971|
|=|          5|         11|        599|     32599794.36|        119|00:00:10|-0.01|0.07|0.9084|
|=|         16|         11|        731|     32589523.33|        125|00:00:10|-0.01|0.06|0.9086|
|=|          9|         11|        731|     32566816.94|        131|00:00:10|+0.00|0.07|0.8963|
|=|         18|         11|        731|     32575761.29|        137|00:00:10|+0.01|0.07|0.8930|
|=|          2|         11|        731|     32566581.89|        143|00:00:10|+0.01|0.06|0.8981|
|=|         13|         11|        731|     32553211.89|        149|00:00:10|+0.02|0.07|0.8939|
|=|         20|         11|        731|     32563198.90|        160|00:00:20|+0.02|0.07|0.8882|
+-+-----------+-----------+-----------+----------------+-----------+--------+-----+----+------+
Best-so-far configuration:         731    mean value:      32563198.90
Description of the best-so-far configuration:
    .ID. algorithm localsearch alpha beta  rho ants   q0 rasrank elitistants
731  731       acs           3  2.63 3.16 0.68   57 0.39      NA          NA
    nnls dlb .PARENT.
731   17   1      599

# 2025-01-21 04:37:43 -03: Elite configurations (first number is the configuration ID; listed from best to worst according to the sum of ranks):
    algorithm localsearch alpha beta  rho ants   q0 rasrank elitistants nnls
731       acs           3  2.63 3.16 0.68   57 0.39      NA          NA   17
599       acs           3  2.26 3.74 0.68   57 0.40      NA          NA   15
443       acs           3  2.14 3.99 0.72   55 0.35      NA          NA   12
715       acs           3  2.45 3.88 0.61   59 0.48      NA          NA   18
735       acs           3  2.09 4.93 0.69   56 0.47      NA          NA    9
    dlb
731   1
599   1
443   1
715   1
735   1
# 2025-01-21 04:37:43 -03: Iteration 8 of 8
# experimentsUsedSoFar: 4918
# remainingBudget: 82
# currentBudget: 82
# nbConfigurations: 8
# Markers:
     x No test is performed.
     c Configurations are discarded only due to capping.
     - The test is performed and some configurations are discarded.
     = The test is performed but no configuration is discarded.
     ! The test is performed and configurations could be discarded but elite configurations are preserved.
     . All alive configurations are elite and nothing is discarded.

+-+-----------+-----------+-----------+----------------+-----------+--------+-----+----+------+
| |   Instance|      Alive|       Best|       Mean best| Exp so far|  W time|  rho|KenW|  Qvar|
+-+-----------+-----------+-----------+----------------+-----------+--------+-----+----+------+
|x|         21|          8|        715|     32376067.00|          8|00:00:10|   NA|  NA|    NA|
|x|          7|          8|        715|     32533801.50|         11|00:00:10|+0.29|0.64|0.5834|
|x|         14|          8|        715|     32576957.67|         14|00:00:10|+0.44|0.62|0.4479|
|x|          8|          8|        715|     32610677.00|         17|00:00:10|+0.31|0.48|0.5905|
|=|          4|          8|        715|     32613270.60|         20|00:00:10|+0.20|0.36|0.6657|
|-|         12|          6|        715|     32566016.83|         23|00:00:10|+0.15|0.29|0.7466|
|=|          2|          6|        715|     32547668.14|         24|00:00:10|-0.03|0.12|0.8710|
|=|         11|          6|        715|     32583521.75|         25|00:00:10|-0.06|0.07|0.9126|
|=|          9|          6|        731|     32542445.22|         26|00:00:10|-0.03|0.08|0.8845|
|=|         15|          6|        731|     32543174.90|         27|00:00:10|-0.05|0.06|0.8812|
|=|         13|          6|        731|     32522209.18|         28|00:00:10|-0.06|0.04|0.8845|
|=|          6|          6|        731|     32539003.83|         29|00:00:10|-0.03|0.05|0.8632|
|=|         17|          6|        731|     32538839.00|         30|00:00:10|-0.05|0.03|0.8846|
|=|          5|          6|        731|     32559735.00|         31|00:00:10|-0.04|0.03|0.8828|
|=|         20|          6|        731|     32572616.13|         32|00:00:10|-0.03|0.04|0.8672|
|=|         19|          6|        731|     32562504.00|         33|00:00:10|-0.01|0.05|0.8534|
|=|          1|          6|        731|     32557142.24|         34|00:00:10|+0.00|0.06|0.8424|
|=|         18|          6|        731|     32566127.17|         35|00:00:10|+0.01|0.07|0.8314|
|=|         16|          6|        731|     32559079.42|         36|00:00:10|+0.02|0.07|0.8266|
|=|          3|          6|        731|     32556190.75|         37|00:00:10|+0.00|0.05|0.8379|
|=|         10|          6|        731|     32558130.90|         38|00:00:10|-0.01|0.04|0.8454|
|=|         22|          6|        731|     32573754.45|         44|00:00:10|-0.01|0.04|0.8434|
+-+-----------+-----------+-----------+----------------+-----------+--------+-----+----+------+
Best-so-far configuration:         731    mean value:      32573754.45
Description of the best-so-far configuration:
    .ID. algorithm localsearch alpha beta  rho ants   q0 rasrank elitistants
731  731       acs           3  2.63 3.16 0.68   57 0.39      NA          NA
    nnls dlb .PARENT.
731   17   1      599

# 2025-01-21 04:41:33 -03: Elite configurations (first number is the configuration ID; listed from best to worst according to the sum of ranks):
    algorithm localsearch alpha beta  rho ants   q0 rasrank elitistants nnls
731       acs           3  2.63 3.16 0.68   57 0.39      NA          NA   17
715       acs           3  2.45 3.88 0.61   59 0.48      NA          NA   18
599       acs           3  2.26 3.74 0.68   57 0.40      NA          NA   15
766       acs           3  2.17 3.68 0.71   60 0.40      NA          NA   12
735       acs           3  2.09 4.93 0.69   56 0.47      NA          NA    9
    dlb
731   1
715   1
599   1
766   1
735   1
# 2025-01-21 04:41:33 -03: Iteration 9 of 9
# experimentsUsedSoFar: 4962
# remainingBudget: 38
# currentBudget: 38
# nbConfigurations: 6
# Markers:
     x No test is performed.
     c Configurations are discarded only due to capping.
     - The test is performed and some configurations are discarded.
     = The test is performed but no configuration is discarded.
     ! The test is performed and configurations could be discarded but elite configurations are preserved.
     . All alive configurations are elite and nothing is discarded.

+-+-----------+-----------+-----------+----------------+-----------+--------+-----+----+------+
| |   Instance|      Alive|       Best|       Mean best| Exp so far|  W time|  rho|KenW|  Qvar|
+-+-----------+-----------+-----------+----------------+-----------+--------+-----+----+------+
|x|         23|          6|        766|     32406312.00|          6|00:00:10|   NA|  NA|    NA|
|x|          7|          6|        766|     32566921.00|          7|00:00:10|+0.09|0.54|0.5476|
|x|          5|          6|        766|     32649756.33|          8|00:00:10|+0.05|0.37|0.7268|
|x|         20|          6|        766|     32677552.25|          9|00:00:10|+0.11|0.34|0.8007|
|=|         14|          6|        766|     32683761.00|         10|00:00:10|+0.05|0.24|0.7903|
|=|         10|          6|        766|     32663139.33|         11|00:00:10|+0.13|0.27|0.7312|
|=|         11|          6|        766|     32678350.43|         12|00:00:10|+0.03|0.17|0.8225|
|=|         22|          6|        766|     32700492.75|         13|00:00:10|+0.05|0.17|0.7946|
|=|         13|          6|        766|     32657962.44|         14|00:00:10|+0.05|0.16|0.7849|
|=|         12|          6|        766|     32628377.40|         15|00:00:10|-0.00|0.10|0.8404|
|=|          9|          6|        731|     32596402.45|         16|00:00:10|-0.00|0.09|0.8405|
|=|         19|          6|        731|     32580937.42|         17|00:00:10|+0.02|0.10|0.8148|
|=|         16|          6|        731|     32569497.62|         18|00:00:10|+0.03|0.11|0.8062|
|=|          2|          6|        731|     32558142.93|         19|00:00:10|+0.01|0.08|0.8346|
|=|          1|          6|        731|     32552357.00|         20|00:00:10|+0.02|0.09|0.8280|
|=|         15|          6|        731|     32552193.56|         21|00:00:10|+0.02|0.08|0.8281|
|=|          4|          6|        731|     32556621.06|         22|00:00:10|+0.02|0.07|0.8301|
|=|          8|          6|        731|     32562190.33|         23|00:00:10|+0.01|0.07|0.8267|
|=|          3|          6|        731|     32558985.89|         24|00:00:10|-0.00|0.05|0.8385|
|=|         18|          6|        731|     32566980.15|         25|00:00:10|-0.00|0.05|0.8353|
|=|         17|          6|        731|     32565545.90|         26|00:00:10|-0.01|0.04|0.8396|
|=|         21|          6|        731|     32560601.59|         27|00:00:10|-0.02|0.03|0.8489|
|=|          6|          6|        731|     32567694.78|         28|00:00:10|-0.02|0.02|0.8520|
|=|         24|          6|        731|     32560338.88|         34|00:00:10|-0.03|0.01|0.8569|
+-+-----------+-----------+-----------+----------------+-----------+--------+-----+----+------+
Best-so-far configuration:         731    mean value:      32560338.88
Description of the best-so-far configuration:
    .ID. algorithm localsearch alpha beta  rho ants   q0 rasrank elitistants
731  731       acs           3  2.63 3.16 0.68   57 0.39      NA          NA
    nnls dlb .PARENT.
731   17   1      599

# 2025-01-21 04:45:43 -03: Elite configurations (first number is the configuration ID; listed from best to worst according to the sum of ranks):
    algorithm localsearch alpha beta  rho ants   q0 rasrank elitistants nnls
731       acs           3  2.63 3.16 0.68   57 0.39      NA          NA   17
715       acs           3  2.45 3.88 0.61   59 0.48      NA          NA   18
768       acs           3  2.44 4.09 0.71   59 0.38      NA          NA   14
599       acs           3  2.26 3.74 0.68   57 0.40      NA          NA   15
766       acs           3  2.17 3.68 0.71   60 0.40      NA          NA   12
    dlb
731   1
715   1
768   1
599   1
766   1
# 2025-01-21 04:45:43 -03: Stopped because there is not enough budget left to race more than the minimum (5).
# You may either increase the budget or set 'minNbSurvival' to a lower value.
# Iteration: 10
# nbIterations: 10
# experimentsUsedSoFar: 4996
# timeUsed: 0
# remainingBudget: 4
# currentBudget: 4
# number of elites: 5
# nbConfigurations: 4
# Total CPU user time: 51712.1, CPU sys time: 413.579, Wall-clock time: 7215.62
    .ID. algorithm localsearch alpha beta  rho ants   q0 rasrank elitistants
731  731       acs           3  2.63 3.16 0.68   57 0.39      NA          NA
715  715       acs           3  2.45 3.88 0.61   59 0.48      NA          NA
768  768       acs           3  2.44 4.09 0.71   59 0.38      NA          NA
599  599       acs           3  2.26 3.74 0.68   57 0.40      NA          NA
766  766       acs           3  2.17 3.68 0.71   60 0.40      NA          NA
    nnls dlb .PARENT. .ALIVE. .RANK.   .WEIGHT.
731   17   1      599    TRUE     78 0.33333333
715   18   1      599    TRUE     80 0.26666667
768   14   1      599    TRUE     83 0.20000000
599   15   1      443    TRUE     85 0.13333333
766   12   1      443    TRUE     85 0.06666667
