# 2025-01-21 21:26:20 -03: Initialization
# Elitist race
# Elitist new instances: 1
# Elitist limit: 2
# nbIterations: 3
# minNbSurvival: 3
# nbParameters: 3
# seed: 7940
# confidence level: 0.95
# budget: 5000
# mu: 5
# deterministic: FALSE

# 2025-01-21 21:26:20 -03: Iteration 1 of 3
# experimentsUsedSoFar: 0
# remainingBudget: 5000
# currentBudget: 1666
# nbConfigurations: 277
# Markers:
     x No test is performed.
     c Configurations are discarded only due to capping.
     - The test is performed and some configurations are discarded.
     = The test is performed but no configuration is discarded.
     ! The test is performed and configurations could be discarded but elite configurations are preserved.
     . All alive configurations are elite and nothing is discarded.

+-+-----------+-----------+-----------+----------------+-----------+--------+-----+----+------+
| |   Instance|      Alive|       Best|       Mean best| Exp so far|  W time|  rho|KenW|  Qvar|
+-+-----------+-----------+-----------+----------------+-----------+--------+-----+----+------+
|x|          1|        277|         78|     7590448.000|        277|00:05:53|   NA|  NA|    NA|
|x|          2|        277|        186|     7500194.000|        554|00:05:53|+0.58|0.79|0.3378|
|x|          3|        277|        160|     5152197.333|        831|00:05:53|+0.28|0.52|0.6353|
|x|          4|        277|        160|     5722437.000|       1108|00:05:53|+0.38|0.53|0.5408|
|-|          5|        115|        180|     4691967.200|       1385|00:05:53|-0.07|0.15|1.0176|
|=|          6|        115|        180|     3969592.667|       1500|00:02:31|-0.07|0.11|1.0290|
|=|          7|        115|        180|     4485168.571|       1615|00:02:31|-0.01|0.14|0.9714|
+-+-----------+-----------+-----------+----------------+-----------+--------+-----+----+------+
Best-so-far configuration:         180    mean value:      4485168.571
Description of the best-so-far configuration:
    .ID. localsearch  rho ants .PARENT.
180  180           3 0.71   28       NA

first iteration, returning
# 2025-01-21 22:00:50 -03: Elite configurations (first number is the configuration ID; listed from best to worst according to the sum of ranks):
    localsearch  rho ants
180           3 0.71   28
21            3 0.22   94
37            3 0.33   63
# 2025-01-21 22:00:50 -03: Iteration 2 of 3
# experimentsUsedSoFar: 1615
# remainingBudget: 3385
# currentBudget: 1692
# nbConfigurations: 214
# Markers:
     x No test is performed.
     c Configurations are discarded only due to capping.
     - The test is performed and some configurations are discarded.
     = The test is performed but no configuration is discarded.
     ! The test is performed and configurations could be discarded but elite configurations are preserved.
     . All alive configurations are elite and nothing is discarded.

+-+-----------+-----------+-----------+----------------+-----------+--------+-----+----+------+
| |   Instance|      Alive|       Best|       Mean best| Exp so far|  W time|  rho|KenW|  Qvar|
+-+-----------+-----------+-----------+----------------+-----------+--------+-----+----+------+
|x|          8|        214|        415|     7653762.000|        214|00:04:33|   NA|  NA|    NA|
|x|          6|        214|         21|     4012925.000|        425|00:04:32|-0.03|0.49|0.9570|
|x|          5|        214|        180|     2858047.333|        636|00:04:32|-0.04|0.31|1.0501|
|x|          2|        214|        180|     3997321.000|        847|00:04:32|+0.07|0.30|0.9293|
|-|          4|         84|        453|     4680185.600|       1058|00:04:32|-0.07|0.14|1.0455|
|=|          1|         84|        453|     5170725.000|       1139|00:01:50|-0.02|0.15|0.9641|
|=|          7|         84|        385|     5509363.143|       1220|00:01:51|+0.04|0.17|0.8931|
|=|          3|         84|         21|     4879999.000|       1301|00:01:51|+0.02|0.14|0.9320|
|-|          9|         62|        348|     5150562.000|       1385|00:01:51|-0.05|0.07|1.0343|
|=|         10|         62|        348|     4673547.200|       1447|00:01:21|-0.05|0.06|1.0343|
|=|         11|         62|        360|     4299249.818|       1509|00:01:21|-0.04|0.05|1.0310|
+-+-----------+-----------+-----------+----------------+-----------+--------+-----+----+------+
Best-so-far configuration:         360    mean value:      4299249.818
Description of the best-so-far configuration:
    .ID. localsearch rho ants .PARENT.
360  360           3 0.6   33      180

# 2025-01-21 22:33:43 -03: Elite configurations (first number is the configuration ID; listed from best to worst according to the sum of ranks):
    localsearch  rho ants
360           3 0.60   33
304           3 0.33   60
180           3 0.71   28
# 2025-01-21 22:33:43 -03: Iteration 3 of 3
# experimentsUsedSoFar: 3124
# remainingBudget: 1876
# currentBudget: 1876
# nbConfigurations: 159
# Markers:
     x No test is performed.
     c Configurations are discarded only due to capping.
     - The test is performed and some configurations are discarded.
     = The test is performed but no configuration is discarded.
     ! The test is performed and configurations could be discarded but elite configurations are preserved.
     . All alive configurations are elite and nothing is discarded.

+-+-----------+-----------+-----------+----------------+-----------+--------+-----+----+------+
| |   Instance|      Alive|       Best|       Mean best| Exp so far|  W time|  rho|KenW|  Qvar|
+-+-----------+-----------+-----------+----------------+-----------+--------+-----+----+------+
|x|         12|        159|        605|     7044384.000|        159|00:03:22|   NA|  NA|    NA|
|x|          9|        159|        605|     7168603.000|        315|00:03:22|+0.66|0.83|0.2410|
|x|          1|        159|        605|     7309370.667|        471|00:03:22|+0.67|0.78|0.2619|
|x|          4|        159|        605|     7336551.000|        627|00:03:22|+0.66|0.74|0.2630|
|-|         10|         85|        581|     5955902.800|        783|00:03:22|-0.02|0.18|0.9696|
|=|          5|         85|        605|     5047092.000|        865|00:01:51|-0.03|0.14|0.9772|
|=|          2|         85|        605|     5385083.143|        947|00:01:51|-0.04|0.11|0.9930|
|=|          8|         85|        568|     5679316.500|       1029|00:01:51|-0.03|0.10|0.9944|
|=|          3|         85|        568|     5097866.889|       1111|00:01:51|-0.02|0.10|0.9906|
|=|          7|         85|        568|     5344578.200|       1193|00:01:51|-0.02|0.08|0.9938|
|=|         11|         85|        568|     4908338.000|       1275|00:01:51|-0.02|0.07|0.9946|
|=|          6|         85|        568|     4529011.000|       1357|00:01:51|-0.02|0.06|0.9925|
|=|         13|         85|        568|     4228783.846|       1442|00:01:51|-0.02|0.06|0.9849|
+-+-----------+-----------+-----------+----------------+-----------+--------+-----+----+------+
Best-so-far configuration:         568    mean value:      4228783.846
Description of the best-so-far configuration:
    .ID. localsearch  rho ants .PARENT.
568  568           3 0.63   45      180

# 2025-01-21 23:05:27 -03: Elite configurations (first number is the configuration ID; listed from best to worst according to the sum of ranks):
    localsearch  rho ants
568           3 0.63   45
636           3 0.60   22
515           3 0.20   57
# 2025-01-21 23:05:27 -03: Iteration 4 of 4
# experimentsUsedSoFar: 4566
# remainingBudget: 434
# currentBudget: 434
# nbConfigurations: 33
# Markers:
     x No test is performed.
     c Configurations are discarded only due to capping.
     - The test is performed and some configurations are discarded.
     = The test is performed but no configuration is discarded.
     ! The test is performed and configurations could be discarded but elite configurations are preserved.
     . All alive configurations are elite and nothing is discarded.

+-+-----------+-----------+-----------+----------------+-----------+--------+-----+----+------+
| |   Instance|      Alive|       Best|       Mean best| Exp so far|  W time|  rho|KenW|  Qvar|
+-+-----------+-----------+-----------+----------------+-----------+--------+-----+----+------+
|x|         14|         33|        515|     421642.0000|         33|00:00:50|   NA|  NA|    NA|
|x|         11|         33|        648|     484791.0000|         63|00:00:40|-0.12|0.44|1.0684|
|x|          2|         33|        648|     2791158.000|         93|00:00:40|-0.02|0.32|1.0733|
|x|          8|         33|        648|     4013243.000|        123|00:00:40|+0.11|0.33|0.9200|
|-|          1|         19|        648|     4731749.600|        153|00:00:40|-0.01|0.19|0.9748|
|=|          5|         19|        663|     4031793.000|        169|00:00:20|+0.02|0.18|0.9273|
|=|         10|         19|        663|     3510048.571|        185|00:00:20|+0.03|0.17|0.8911|
|=|          3|         19|        663|     3127474.000|        201|00:00:20|-0.01|0.12|0.9338|
|=|          7|         19|        658|     3620706.222|        217|00:00:20|-0.01|0.10|0.9447|
|=|         13|         19|        658|     3320295.000|        233|00:00:20|-0.01|0.09|0.9372|
|=|          6|         19|        515|     3052473.273|        249|00:00:20|-0.03|0.06|0.9614|
|=|          4|         19|        658|     3415520.000|        265|00:00:20|-0.02|0.07|0.9557|
|=|          9|         19|        658|     3714282.769|        281|00:00:20|-0.00|0.07|0.9391|
|=|         12|         19|        658|     3954324.429|        297|00:00:20|+0.01|0.08|0.9279|
|=|         15|         19|        658|     4170317.600|        316|00:00:30|+0.02|0.08|0.9217|
+-+-----------+-----------+-----------+----------------+-----------+--------+-----+----+------+
Best-so-far configuration:         658    mean value:      4170317.600
Description of the best-so-far configuration:
    .ID. localsearch rho ants .PARENT.
658  658           3 0.6   20      636

# 2025-01-21 23:12:35 -03: Elite configurations (first number is the configuration ID; listed from best to worst according to the sum of ranks):
    localsearch  rho ants
658           3 0.60   20
636           3 0.60   22
663           3 0.54   13
# 2025-01-21 23:12:35 -03: Iteration 5 of 5
# experimentsUsedSoFar: 4882
# remainingBudget: 118
# currentBudget: 118
# nbConfigurations: 10
# Markers:
     x No test is performed.
     c Configurations are discarded only due to capping.
     - The test is performed and some configurations are discarded.
     = The test is performed but no configuration is discarded.
     ! The test is performed and configurations could be discarded but elite configurations are preserved.
     . All alive configurations are elite and nothing is discarded.

+-+-----------+-----------+-----------+----------------+-----------+--------+-----+----+------+
| |   Instance|      Alive|       Best|       Mean best| Exp so far|  W time|  rho|KenW|  Qvar|
+-+-----------+-----------+-----------+----------------+-----------+--------+-----+----+------+
|x|         16|         10|        679|     715296.0000|         10|00:00:20|   NA|  NA|    NA|
|x|         15|         10|        679|     3940509.000|         17|00:00:10|-0.11|0.45|0.8248|
|x|         12|         10|        679|     4982833.333|         24|00:00:10|+0.18|0.45|0.5965|
|x|         10|         10|        679|     3832146.500|         31|00:00:10|-0.03|0.23|0.8014|
|=|          4|         10|        679|     4553037.200|         38|00:00:10|+0.01|0.21|0.7297|
|=|          6|         10|        636|     3851377.667|         45|00:00:10|+0.00|0.17|0.7627|
|=|          2|         10|        677|     4365632.286|         52|00:00:10|+0.03|0.17|0.7493|
|=|          8|         10|        677|     4779139.250|         59|00:00:10|+0.10|0.21|0.6967|
|-|          7|          7|        677|     5088385.556|         66|00:00:10|-0.05|0.06|0.9021|
|=|         13|          7|        658|     4638600.000|         70|00:00:10|-0.04|0.07|0.8855|
|=|          9|          7|        658|     4880494.182|         74|00:00:10|-0.02|0.08|0.8616|
|=|         14|          7|        658|     4509491.333|         78|00:00:10|-0.01|0.07|0.8670|
|=|          5|          7|        658|     4204687.077|         82|00:00:10|+0.01|0.08|0.8485|
|=|         11|          7|        658|     3943267.000|         86|00:00:10|+0.01|0.08|0.8371|
|=|          1|          7|        679|     4188193.600|         90|00:00:10|+0.00|0.07|0.8408|
|=|          3|          7|        658|     3954617.750|         94|00:00:10|+0.01|0.07|0.8318|
|=|         17|          7|        679|     4174156.706|        101|00:00:10|-0.01|0.05|0.8378|
+-+-----------+-----------+-----------+----------------+-----------+--------+-----+----+------+
Best-so-far configuration:         679    mean value:      4174156.706
Description of the best-so-far configuration:
    .ID. localsearch  rho ants .PARENT.
679  679           3 0.52   12      663

# 2025-01-21 23:15:37 -03: Elite configurations (first number is the configuration ID; listed from best to worst according to the sum of ranks):
    localsearch  rho ants
679           3 0.52   12
663           3 0.54   13
658           3 0.60   20
# 2025-01-21 23:15:37 -03: Stopped because there is not enough budget left to race more than the minimum (3).
# You may either increase the budget or set 'minNbSurvival' to a lower value.
# Iteration: 6
# nbIterations: 6
# experimentsUsedSoFar: 4983
# timeUsed: 0
# remainingBudget: 17
# currentBudget: 17
# number of elites: 3
# nbConfigurations: 3
# Total CPU user time: 50302.37, CPU sys time: 122.061, Wall-clock time: 6557.305
    .ID. localsearch  rho ants .PARENT. .ALIVE. .RANK.  .WEIGHT.
679  679           3 0.52   12      663    TRUE   59.0 0.5000000
663  663           3 0.54   13      636    TRUE   62.0 0.3333333
658  658           3 0.60   20      636    TRUE   62.5 0.1666667
