# 2025-01-18 00:31:01 -03: Initialization
# Elitist race
# Elitist new instances: 1
# Elitist limit: 2
# nbIterations: 3
# minNbSurvival: 3
# nbParameters: 3
# seed: 5144
# confidence level: 0.95
# budget: 5000
# mu: 5
# deterministic: FALSE

# 2025-01-18 00:31:01 -03: Iteration 1 of 3
# experimentsUsedSoFar: 0
# remainingBudget: 5000
# currentBudget: 1666
# nbConfigurations: 277
# Markers:
     x No test is performed.
     c Configurations are discarded only due to capping.
     - The test is performed and some configurations are discarded.
     = The test is performed but no configuration is discarded.
     ! The test is performed and configurations could be discarded but elite configurations are preserved.
     . All alive configurations are elite and nothing is discarded.

+-+-----------+-----------+-----------+----------------+-----------+--------+-----+----+------+
| |   Instance|      Alive|       Best|       Mean best| Exp so far|  W time|  rho|KenW|  Qvar|
+-+-----------+-----------+-----------+----------------+-----------+--------+-----+----+------+
|x|          1|        277|         24|     7578654.000|        277|00:05:53|   NA|  NA|    NA|
|x|          2|        277|         64|     3969890.000|        554|00:05:53|+0.02|0.51|0.8773|
|x|          3|        277|        208|     5003870.000|        831|00:05:53|+0.25|0.50|0.6770|
|x|          4|        277|        208|     3855520.000|       1108|00:05:53|+0.17|0.38|0.6972|
|-|          5|         96|        208|     4603379.600|       1385|00:05:53|-0.06|0.15|1.0398|
|=|          6|         96|        208|     5090441.333|       1481|00:02:01|+0.04|0.20|0.9422|
|-|          7|         53|        258|     5418310.286|       1577|00:02:01|-0.01|0.13|0.9830|
|=|          8|         53|        258|     5653459.500|       1630|00:01:11|+0.03|0.15|0.9397|
+-+-----------+-----------+-----------+----------------+-----------+--------+-----+----+------+
Best-so-far configuration:         258    mean value:      5653459.500
Description of the best-so-far configuration:
    .ID. localsearch    rho ants .PARENT.
258  258           3 0.3315   15       NA

first iteration, returning
# 2025-01-18 01:05:42 -03: Elite configurations (first number is the configuration ID; listed from best to worst according to the sum of ranks):
    localsearch    rho ants
258           3 0.3315   15
119           3 0.3349   34
109           3 0.5653   14
# 2025-01-18 01:05:42 -03: Iteration 2 of 3
# experimentsUsedSoFar: 1630
# remainingBudget: 3370
# currentBudget: 1685
# nbConfigurations: 189
# Markers:
     x No test is performed.
     c Configurations are discarded only due to capping.
     - The test is performed and some configurations are discarded.
     = The test is performed but no configuration is discarded.
     ! The test is performed and configurations could be discarded but elite configurations are preserved.
     . All alive configurations are elite and nothing is discarded.

+-+-----------+-----------+-----------+----------------+-----------+--------+-----+----+------+
| |   Instance|      Alive|       Best|       Mean best| Exp so far|  W time|  rho|KenW|  Qvar|
+-+-----------+-----------+-----------+----------------+-----------+--------+-----+----+------+
|x|          9|        189|        328|     7389668.000|        189|00:04:01|   NA|  NA|    NA|
|x|          6|        189|        348|     7454307.000|        375|00:04:01|+0.73|0.86|0.2184|
|x|          3|        189|        373|     7321648.667|        561|00:04:01|+0.74|0.83|0.2312|
|x|          7|        189|        450|     7339320.000|        747|00:04:01|+0.76|0.82|0.2134|
|-|          4|         67|        450|     5954350.800|        933|00:04:01|-0.03|0.17|1.0214|
|=|          2|         67|        381|     5024156.333|        997|00:01:20|-0.05|0.13|1.0311|
|=|          1|         67|        450|     5390177.429|       1061|00:01:20|-0.05|0.10|1.0389|
|=|          5|         67|        381|     5665061.000|       1125|00:01:20|-0.04|0.09|1.0261|
|=|          8|         67|        388|     5847227.111|       1189|00:01:20|-0.04|0.08|1.0227|
|=|         10|         67|        388|     5298283.600|       1256|00:01:30|-0.03|0.07|1.0126|
+-+-----------+-----------+-----------+----------------+-----------+--------+-----+----+------+
Best-so-far configuration:         388    mean value:      5298283.600
Description of the best-so-far configuration:
    .ID. localsearch    rho ants .PARENT.
388  388           3 0.6104    6      109

# 2025-01-18 01:32:46 -03: Elite configurations (first number is the configuration ID; listed from best to worst according to the sum of ranks):
    localsearch    rho ants
388           3 0.6104    6
317           3 0.1918   19
372           3 0.5152    2
# 2025-01-18 01:32:46 -03: Iteration 3 of 3
# experimentsUsedSoFar: 2886
# remainingBudget: 2114
# currentBudget: 2114
# nbConfigurations: 194
# Markers:
     x No test is performed.
     c Configurations are discarded only due to capping.
     - The test is performed and some configurations are discarded.
     = The test is performed but no configuration is discarded.
     ! The test is performed and configurations could be discarded but elite configurations are preserved.
     . All alive configurations are elite and nothing is discarded.

+-+-----------+-----------+-----------+----------------+-----------+--------+-----+----+------+
| |   Instance|      Alive|       Best|       Mean best| Exp so far|  W time|  rho|KenW|  Qvar|
+-+-----------+-----------+-----------+----------------+-----------+--------+-----+----+------+
|x|         11|        194|        474|     377532.0000|        194|00:04:11|   NA|  NA|    NA|
|x|          2|        194|        599|     363707.0000|        385|00:04:01|+0.04|0.52|0.9428|
|x|          6|        194|        652|     2744199.333|        576|00:04:01|-0.01|0.32|0.9643|
|x|          9|        194|        599|     3912401.000|        767|00:04:01|+0.06|0.30|0.8335|
|-|          3|        121|        501|     4541383.200|        958|00:04:01|-0.10|0.12|1.0900|
|=|          7|        121|        501|     5018338.000|       1076|00:02:31|-0.05|0.13|1.0277|
|=|         10|        121|        372|     4352411.714|       1194|00:02:31|-0.04|0.11|1.0211|
|=|          1|        121|        372|     4759121.250|       1312|00:02:31|-0.02|0.11|0.9966|
|=|          4|        121|        573|     4276665.333|       1430|00:02:31|-0.00|0.11|0.9845|
|=|          5|        121|        388|     4605440.400|       1548|00:02:31|-0.00|0.10|0.9755|
|=|          8|        121|        501|     4851120.727|       1666|00:02:31|+0.00|0.10|0.9647|
|=|         12|        121|        511|     5082654.333|       1787|00:02:41|+0.01|0.09|0.9512|
+-+-----------+-----------+-----------+----------------+-----------+--------+-----+----+------+
Best-so-far configuration:         511    mean value:      5082654.333
Description of the best-so-far configuration:
    .ID. localsearch    rho ants .PARENT.
511  511           3 0.2018   21      317

# 2025-01-18 02:10:54 -03: Elite configurations (first number is the configuration ID; listed from best to worst according to the sum of ranks):
    localsearch    rho ants
511           3 0.2018   21
501           3 0.6297    6
470           3 0.2203   18
# 2025-01-18 02:10:54 -03: Iteration 4 of 4
# experimentsUsedSoFar: 4673
# remainingBudget: 327
# currentBudget: 327
# nbConfigurations: 27
# Markers:
     x No test is performed.
     c Configurations are discarded only due to capping.
     - The test is performed and some configurations are discarded.
     = The test is performed but no configuration is discarded.
     ! The test is performed and configurations could be discarded but elite configurations are preserved.
     . All alive configurations are elite and nothing is discarded.

+-+-----------+-----------+-----------+----------------+-----------+--------+-----+----+------+
| |   Instance|      Alive|       Best|       Mean best| Exp so far|  W time|  rho|KenW|  Qvar|
+-+-----------+-----------+-----------+----------------+-----------+--------+-----+----+------+
|x|         13|         27|        655|     543182.0000|         27|00:00:40|   NA|  NA|    NA|
|x|          3|         27|        669|     3799905.000|         51|00:00:30|+0.05|0.52|1.0802|
|x|          7|         27|        672|     5000431.333|         75|00:00:30|+0.01|0.34|0.9273|
|x|          4|         27|        663|     3853783.000|         99|00:00:30|-0.06|0.21|0.9878|
|=|          9|         27|        663|     4566052.400|        123|00:00:30|-0.00|0.20|0.9175|
|=|          2|         27|        470|     3864088.333|        147|00:00:30|-0.02|0.15|0.9458|
|=|          5|         27|        470|     4391672.571|        171|00:00:30|+0.03|0.17|0.8740|
|-|          8|         10|        470|     4753646.750|        195|00:00:30|-0.06|0.08|0.9538|
|=|         11|         10|        470|     4268077.333|        202|00:00:10|-0.03|0.09|0.9351|
|=|         12|         10|        470|     4604236.000|        209|00:00:10|-0.01|0.09|0.9201|
|=|         10|         10|        470|     4218753.273|        216|00:00:10|-0.01|0.08|0.9116|
|=|          1|         10|        470|     4500206.500|        223|00:00:10|-0.02|0.07|0.9159|
|=|          6|         10|        671|     4731942.000|        230|00:00:10|-0.01|0.06|0.9159|
|=|         14|         10|        671|     4424870.714|        240|00:00:20|+0.01|0.08|0.8954|
+-+-----------+-----------+-----------+----------------+-----------+--------+-----+----+------+
Best-so-far configuration:         671    mean value:      4424870.714
Description of the best-so-far configuration:
    .ID. localsearch    rho ants .PARENT.
671  671           3 0.6252    6      501

# 2025-01-18 02:16:18 -03: Elite configurations (first number is the configuration ID; listed from best to worst according to the sum of ranks):
    localsearch    rho ants
671           3 0.6252    6
470           3 0.2203   18
511           3 0.2018   21
# 2025-01-18 02:16:18 -03: Iteration 5 of 5
# experimentsUsedSoFar: 4913
# remainingBudget: 87
# currentBudget: 87
# nbConfigurations: 8
# Markers:
     x No test is performed.
     c Configurations are discarded only due to capping.
     - The test is performed and some configurations are discarded.
     = The test is performed but no configuration is discarded.
     ! The test is performed and configurations could be discarded but elite configurations are preserved.
     . All alive configurations are elite and nothing is discarded.

+-+-----------+-----------+-----------+----------------+-----------+--------+-----+----+------+
| |   Instance|      Alive|       Best|       Mean best| Exp so far|  W time|  rho|KenW|  Qvar|
+-+-----------+-----------+-----------+----------------+-----------+--------+-----+----+------+
|x|         15|          8|        679|     656094.0000|          8|00:00:10|   NA|  NA|    NA|
|x|          2|          8|        470|     508709.0000|         13|00:00:10|-0.57|0.22|1.4981|
|x|          1|          8|        511|     2865793.333|         18|00:00:10|-0.20|0.20|1.0913|
|x|          9|          8|        470|     4004940.500|         23|00:00:10|-0.09|0.18|0.9695|
|=|          7|          8|        470|     4683762.800|         28|00:00:10|-0.02|0.18|0.9171|
|=|          8|          8|        470|     5117713.333|         33|00:00:10|+0.09|0.24|0.8281|
|=|         14|          8|        470|     4448460.571|         38|00:00:10|+0.15|0.27|0.7695|
|=|         13|          8|        470|     3960408.250|         43|00:00:10|+0.14|0.25|0.7799|
|-|          6|          4|        470|     4356083.111|         48|00:00:10|+0.04|0.15|0.7456|
|=|         11|          4|        671|     3955702.800|         49|00:00:10|+0.07|0.16|0.7096|
|=|         10|          4|        671|     3628262.545|         50|00:00:10|+0.08|0.16|0.6936|
|=|         12|          4|        671|     3963603.167|         51|00:00:10|+0.08|0.16|0.7005|
|=|          4|          4|        671|     3690745.538|         52|00:00:10|+0.04|0.12|0.7344|
|=|          5|          4|        671|     3967479.571|         53|00:00:10|+0.08|0.15|0.7089|
|=|          3|          4|        671|     4174184.133|         54|00:00:10|+0.04|0.10|0.7366|
|=|         16|          4|        671|     3940119.500|         58|00:00:10|-0.00|0.06|0.7642|
+-+-----------+-----------+-----------+----------------+-----------+--------+-----+----+------+
Best-so-far configuration:         671    mean value:      3940119.500
Description of the best-so-far configuration:
    .ID. localsearch    rho ants .PARENT.
671  671           3 0.6252    6      501

# 2025-01-18 02:18:59 -03: Elite configurations (first number is the configuration ID; listed from best to worst according to the sum of ranks):
    localsearch    rho ants
671           3 0.6252    6
470           3 0.2203   18
511           3 0.2018   21
# 2025-01-18 02:18:59 -03: Iteration 6 of 6
# experimentsUsedSoFar: 4971
# remainingBudget: 29
# currentBudget: 29
# nbConfigurations: 4
# Markers:
     x No test is performed.
     c Configurations are discarded only due to capping.
     - The test is performed and some configurations are discarded.
     = The test is performed but no configuration is discarded.
     ! The test is performed and configurations could be discarded but elite configurations are preserved.
     . All alive configurations are elite and nothing is discarded.

+-+-----------+-----------+-----------+----------------+-----------+--------+-----+----+------+
| |   Instance|      Alive|       Best|       Mean best| Exp so far|  W time|  rho|KenW|  Qvar|
+-+-----------+-----------+-----------+----------------+-----------+--------+-----+----+------+
|x|         17|          4|        470|     613166.0000|          4|00:00:10|   NA|  NA|    NA|
|x|         11|          4|        684|     495349.0000|          5|00:00:10|+0.11|0.55|0.4403|
|x|          6|          4|        671|     2832679.333|          6|00:00:10|-0.28|0.15|0.8071|
|x|         10|          4|        671|     2212974.500|          7|00:00:10|-0.05|0.21|0.7273|
|=|          8|          4|        671|     3227517.200|          8|00:00:10|+0.03|0.22|0.7183|
|=|          9|          4|        671|     3921284.000|          9|00:00:10|+0.15|0.29|0.6167|
|=|         14|          4|        671|     3422949.714|         10|00:00:10|+0.19|0.30|0.6009|
|=|          1|          4|        671|     3944479.000|         11|00:00:10|+0.13|0.24|0.6907|
|=|          3|          4|        671|     4291542.222|         12|00:00:10|+0.19|0.28|0.6682|
|=|          2|          4|        671|     3898064.200|         13|00:00:10|+0.13|0.22|0.6737|
|=|          4|          4|        671|     3581554.182|         14|00:00:10|+0.11|0.19|0.6697|
|=|          5|          4|        671|     3913509.833|         15|00:00:10|+0.13|0.21|0.6464|
|-|         12|          3|        671|     4201112.923|         16|00:00:10|-0.01|0.06|0.6905|
|.|         15|          3|        671|     3948502.857|         16|00:00:00|-0.02|0.06|0.6886|
|.|         13|          3|        671|     3721953.067|         16|00:00:00|+0.01|0.07|0.6747|
|.|          7|          3|        671|     3951834.750|         16|00:00:00|+0.03|0.09|0.6542|
|.|         16|          3|        671|     3744618.000|         16|00:00:00|-0.00|0.05|0.6778|
+-+-----------+-----------+-----------+----------------+-----------+--------+-----+----+------+
Best configuration for the instances in this race: 671
Best-so-far configuration:         470    mean value:      3744856.000
Description of the best-so-far configuration:
    .ID. localsearch    rho ants .PARENT.
470  470           3 0.2203   18      317

# 2025-01-18 02:21:10 -03: Elite configurations (first number is the configuration ID; listed from best to worst according to the sum of ranks):
    localsearch    rho ants
470           3 0.2203   18
671           3 0.6252    6
511           3 0.2018   21
# 2025-01-18 02:21:10 -03: Stopped because there is not enough budget left to race more than the minimum (3).
# You may either increase the budget or set 'minNbSurvival' to a lower value.
# Iteration: 7
# nbIterations: 7
# experimentsUsedSoFar: 4987
# timeUsed: 0
# remainingBudget: 13
# currentBudget: 13
# number of elites: 3
# nbConfigurations: 3
# Total CPU user time: 50181.26, CPU sys time: 123.268, Wall-clock time: 6608.807
    .ID. localsearch    rho ants .PARENT. .ALIVE. .RANK.  .WEIGHT.
470  470           3 0.2203   18      317    TRUE   31.5 0.5000000
671  671           3 0.6252    6      501    TRUE   32.0 0.3333333
511  511           3 0.2018   21      317    TRUE   38.5 0.1666667
