# 2025-01-28 14:51:01 -03: 2 expression(s) specifying forbidden configurations read.
# 2025-01-28 14:51:01 -03: Initialization
# Elitist race
# Elitist new instances: 1
# Elitist limit: 2
# nbIterations: 5
# minNbSurvival: 5
# nbParameters: 8
# seed: 9411
# confidence level: 0.95
# budget: 5000
# mu: 5
# deterministic: FALSE

# 2025-01-28 14:51:02 -03: Iteration 1 of 5
# experimentsUsedSoFar: 0
# remainingBudget: 5000
# currentBudget: 1000
# nbConfigurations: 166
# Markers:
     x No test is performed.
     c Configurations are discarded only due to capping.
     - The test is performed and some configurations are discarded.
     = The test is performed but no configuration is discarded.
     ! The test is performed and configurations could be discarded but elite configurations are preserved.
     . All alive configurations are elite and nothing is discarded.

+-+-----------+-----------+-----------+----------------+-----------+--------+-----+----+------+
| |   Instance|      Alive|       Best|       Mean best| Exp so far|  W time|  rho|KenW|  Qvar|
+-+-----------+-----------+-----------+----------------+-----------+--------+-----+----+------+
|x|          1|        166|         89|     81.72443591|        166|00:06:36|   NA|  NA|    NA|
|x|          2|        166|        114|     136.3863029|        332|00:06:46|+0.41|0.70|0.5622|
|x|          3|        166|        114|     143.8936879|        498|00:06:54|+0.48|0.65|0.4785|
|x|          4|        166|         54|     345.8827979|        664|00:38:11|+0.46|0.59|0.4305|
|-|          5|         63|         54|     283.9087196|        830|00:06:34|-0.12|0.10|1.0316|
|=|          6|         63|         54|     388.4316470|        893|00:13:42|-0.06|0.11|0.9836|
|=|          7|         63|         11|     403.3924697|        956|00:09:00|-0.04|0.11|0.9505|
+-+-----------+-----------+-----------+----------------+-----------+--------+-----+----+------+
Best-so-far configuration:          11    mean value:      403.3924697
Description of the best-so-far configuration:
   .ID. particles topology modInfluence phi1 phi2 inertia branching tSchedule
11   11        70        1            1  1.4 2.02    0.85        NA        NA
   .PARENT.
11       NA

first iteration, returning
# 2025-01-28 16:18:49 -03: Elite configurations (first number is the configuration ID; listed from best to worst according to the sum of ranks):
    particles topology modInfluence phi1 phi2 inertia branching tSchedule
11         70        1            1 1.40 2.02    0.85        NA        NA
54        179        4            0 1.70 1.77    0.57        NA        NA
12         98        4            1 2.29 0.66    0.82        NA        NA
97        137        1            0 1.23 2.43    0.58        NA        NA
101       115        4            0 1.70 1.27    0.62        NA        NA
# 2025-01-28 16:18:49 -03: Iteration 2 of 5
# experimentsUsedSoFar: 956
# remainingBudget: 4044
# currentBudget: 1011
# nbConfigurations: 130
# Markers:
     x No test is performed.
     c Configurations are discarded only due to capping.
     - The test is performed and some configurations are discarded.
     = The test is performed but no configuration is discarded.
     ! The test is performed and configurations could be discarded but elite configurations are preserved.
     . All alive configurations are elite and nothing is discarded.

+-+-----------+-----------+-----------+----------------+-----------+--------+-----+----+------+
| |   Instance|      Alive|       Best|       Mean best| Exp so far|  W time|  rho|KenW|  Qvar|
+-+-----------+-----------+-----------+----------------+-----------+--------+-----+----+------+
|x|          8|        130|        288|     882.8207705|        130|00:32:00|   NA|  NA|    NA|
|x|          1|        130|        184|     525.7149053|        255|00:03:52|+0.34|0.67|0.4852|
|x|          3|        130|        184|     402.7296151|        380|00:04:02|+0.37|0.58|0.4678|
|x|          2|        130|        184|     338.1357684|        505|00:03:58|+0.42|0.57|0.4541|
|-|          4|         54|        184|     452.4175859|        630|00:27:42|-0.03|0.17|1.0364|
|=|          5|         54|        184|     378.0375412|        679|00:00:45|+0.02|0.18|0.9699|
|=|          7|         54|        184|     375.5886679|        728|00:06:29|+0.02|0.16|0.9543|
|=|          6|         54|        184|     442.3584586|        777|00:10:08|+0.04|0.16|0.9383|
|-|          9|         11|        184|     422.5082069|        831|00:10:51|-0.01|0.10|0.9121|
|=|         10|         11|        184|     439.3968356|        842|00:02:13|-0.01|0.09|0.9076|
|=|         11|         11|        184|     404.0701899|        853|00:00:11|-0.01|0.08|0.9102|
+-+-----------+-----------+-----------+----------------+-----------+--------+-----+----+------+
Best-so-far configuration:         184    mean value:      404.0701899
Description of the best-so-far configuration:
    .ID. particles topology modInfluence phi1 phi2 inertia branching tSchedule
184  184       133        4            2 1.31 2.27    0.78        NA        NA
    .PARENT.
184       11

# 2025-01-28 18:01:05 -03: Elite configurations (first number is the configuration ID; listed from best to worst according to the sum of ranks):
    particles topology modInfluence phi1 phi2 inertia branching tSchedule
184       133        4            2 1.31 2.27    0.78        NA        NA
288       137        4            0 1.97 1.54    0.74        NA        NA
197        66        4            2 1.95 2.20    0.90        NA        NA
206       115        4            0 2.30 2.08    0.41        NA        NA
192       156        4            1 2.23 1.06    0.81        NA        NA
# 2025-01-28 18:01:05 -03: Iteration 3 of 5
# experimentsUsedSoFar: 1809
# remainingBudget: 3191
# currentBudget: 1063
# nbConfigurations: 93
# Markers:
     x No test is performed.
     c Configurations are discarded only due to capping.
     - The test is performed and some configurations are discarded.
     = The test is performed but no configuration is discarded.
     ! The test is performed and configurations could be discarded but elite configurations are preserved.
     . All alive configurations are elite and nothing is discarded.

+-+-----------+-----------+-----------+----------------+-----------+--------+-----+----+------+
| |   Instance|      Alive|       Best|       Mean best| Exp so far|  W time|  rho|KenW|  Qvar|
+-+-----------+-----------+-----------+----------------+-----------+--------+-----+----+------+
|x|         12|         93|        369|     539.2781275|         93|00:19:49|   NA|  NA|    NA|
|x|          8|         93|        356|     725.7234622|        181|00:21:24|+0.10|0.55|0.6030|
|x|          4|         93|        356|     786.8836641|        269|00:19:12|+0.33|0.56|0.6344|
|x|          5|         93|        356|     599.1787444|        357|00:02:21|+0.33|0.50|0.5908|
|-|          1|         42|        356|     506.3680214|        445|00:02:23|-0.13|0.10|1.0670|
|=|          9|         42|        356|     461.5956221|        482|00:07:25|-0.08|0.10|1.0289|
|=|          7|         42|        184|     455.1960918|        519|00:04:51|-0.06|0.09|1.0141|
|=|          2|         42|        184|     416.3408589|        556|00:00:33|-0.02|0.11|0.9900|
|=|          6|         42|        184|     471.1637627|        593|00:07:38|-0.01|0.11|1.0065|
|=|          3|         42|        184|     439.7232899|        630|00:00:38|+0.01|0.11|0.9988|
|=|         10|         42|        184|     453.5115812|        667|00:07:28|-0.01|0.08|0.9953|
|=|         11|         42|        184|     419.9525938|        704|00:00:37|+0.01|0.09|0.9807|
|=|         13|         42|        184|     388.8464849|        746|00:00:39|+0.02|0.09|0.9787|
+-+-----------+-----------+-----------+----------------+-----------+--------+-----+----+------+
Best-so-far configuration:         184    mean value:      388.8464849
Description of the best-so-far configuration:
    .ID. particles topology modInfluence phi1 phi2 inertia branching tSchedule
184  184       133        4            2 1.31 2.27    0.78        NA        NA
    .PARENT.
184       11

# 2025-01-28 19:36:09 -03: Elite configurations (first number is the configuration ID; listed from best to worst according to the sum of ranks):
    particles topology modInfluence phi1 phi2 inertia branching tSchedule
184       133        4            2 1.31 2.27    0.78        NA        NA
369       108        4            0 2.15 2.18    0.34        NA        NA
356       186        4            0 1.42 2.37    0.51        NA        NA
206       115        4            0 2.30 2.08    0.41        NA        NA
370       138        4            0 1.86 1.72    0.62        NA        NA
# 2025-01-28 19:36:09 -03: Iteration 4 of 5
# experimentsUsedSoFar: 2555
# remainingBudget: 2445
# currentBudget: 1222
# nbConfigurations: 91
# Markers:
     x No test is performed.
     c Configurations are discarded only due to capping.
     - The test is performed and some configurations are discarded.
     = The test is performed but no configuration is discarded.
     ! The test is performed and configurations could be discarded but elite configurations are preserved.
     . All alive configurations are elite and nothing is discarded.

+-+-----------+-----------+-----------+----------------+-----------+--------+-----+----+------+
| |   Instance|      Alive|       Best|       Mean best| Exp so far|  W time|  rho|KenW|  Qvar|
+-+-----------+-----------+-----------+----------------+-----------+--------+-----+----+------+
|x|         14|         91|        435|     48574.80219|         91|00:01:33|   NA|  NA|    NA|
|x|         13|         91|        390|     32655.50366|        177|00:01:32|+0.60|0.80|0.0153|
|x|          4|         91|        390|     22073.44110|        263|00:17:57|+0.22|0.48|0.0462|
|x|          3|         91|        369|     18465.84709|        349|00:01:38|+0.30|0.48|0.0471|
|-|          7|         63|        393|     17131.04245|        435|00:11:29|-0.10|0.12|1.0304|
|=|          9|         63|        459|     16456.76315|        493|00:11:36|-0.10|0.08|1.0537|
|=|          2|         63|        206|     10574.94516|        551|00:00:54|-0.05|0.10|1.0190|
|=|         12|         63|        455|     10036.46859|        609|00:11:41|-0.03|0.10|0.9732|
|=|          1|         63|        455|     8933.159544|        667|00:00:48|-0.01|0.10|0.9612|
|=|         11|         63|        369|     7604.748782|        725|00:00:57|-0.00|0.10|0.9374|
|=|         10|         63|        369|     6963.541582|        783|00:11:41|+0.02|0.11|0.8957|
|=|          5|         63|        369|     6386.907542|        841|00:00:49|+0.01|0.09|0.8630|
|=|          8|         63|        369|     5969.253454|        899|00:13:22|+0.02|0.10|0.8305|
|-|          6|         45|        369|     5607.845632|        957|00:11:56|-0.03|0.04|0.9902|
|=|         15|         45|        455|     5548.004171|       1002|00:05:57|-0.02|0.04|0.9784|
|=|         16|         45|        458|     6921.374260|       1047|00:00:44|-0.01|0.05|0.9654|
+-+-----------+-----------+-----------+----------------+-----------+--------+-----+----+------+
Best-so-far configuration:         458    mean value:      6921.374260
Description of the best-so-far configuration:
    .ID. particles topology modInfluence phi1 phi2 inertia branching tSchedule
458  458       110        4            0 2.14 2.25    0.42        NA        NA
    .PARENT.
458      369

# 2025-01-28 21:20:49 -03: Elite configurations (first number is the configuration ID; listed from best to worst according to the sum of ranks):
    particles topology modInfluence phi1 phi2 inertia branching tSchedule
458       110        4            0 2.14 2.25    0.42        NA        NA
455       142        4            0 2.21 2.30    0.39        NA        NA
369       108        4            0 2.15 2.18    0.34        NA        NA
465       129        4            0 1.96 2.20    0.48        NA        NA
382       106        4            0 2.04 1.99    0.71        NA        NA
# 2025-01-28 21:20:49 -03: Iteration 5 of 5
# experimentsUsedSoFar: 3602
# remainingBudget: 1398
# currentBudget: 1398
# nbConfigurations: 86
# Markers:
     x No test is performed.
     c Configurations are discarded only due to capping.
     - The test is performed and some configurations are discarded.
     = The test is performed but no configuration is discarded.
     ! The test is performed and configurations could be discarded but elite configurations are preserved.
     . All alive configurations are elite and nothing is discarded.

+-+-----------+-----------+-----------+----------------+-----------+--------+-----+----+------+
| |   Instance|      Alive|       Best|       Mean best| Exp so far|  W time|  rho|KenW|  Qvar|
+-+-----------+-----------+-----------+----------------+-----------+--------+-----+----+------+
|x|         17|         86|        534|     908.5431164|         86|00:17:38|   NA|  NA|    NA|
|x|          7|         86|        537|     737.9213031|        167|00:10:31|+0.48|0.74|0.5040|
|x|          1|         86|        537|     531.5121973|        248|00:01:03|+0.12|0.41|0.3539|
|x|          5|         86|        537|     408.0977663|        329|00:01:03|+0.15|0.36|0.2694|
|=|         12|         86|        537|     435.6003902|        410|00:16:10|+0.02|0.22|0.3370|
|-|          8|         54|        537|     513.6158145|        491|00:18:37|-0.11|0.08|0.9793|
|=|          3|         54|        537|     464.2706724|        540|00:00:43|-0.08|0.07|0.9972|
|=|         14|         54|        537|     15177.34699|        589|00:00:40|-0.06|0.07|0.9978|
|=|          9|         54|        542|     10934.64838|        638|00:09:44|-0.06|0.06|1.0052|
|=|         10|         54|        542|     9896.650935|        687|00:09:49|-0.04|0.06|0.9890|
|=|         15|         54|        542|     9028.252591|        736|00:06:28|-0.05|0.04|0.9982|
|=|          4|         54|        529|     7680.975855|        785|00:10:04|-0.04|0.04|0.9980|
|=|          2|         54|        529|     7100.548060|        834|00:00:41|-0.04|0.04|0.9963|
|=|          6|         54|        529|     6658.382111|        883|00:10:02|-0.03|0.05|0.9909|
|=|         16|         54|        529|     6698.091342|        932|00:00:44|-0.03|0.04|0.9868|
|=|         13|         54|        503|     6309.144429|        981|00:00:40|-0.02|0.04|0.9858|
|=|         11|         54|        529|     5913.702831|       1030|00:00:43|-0.02|0.04|0.9854|
|=|         18|         54|        503|     5612.841769|       1084|00:04:59|-0.02|0.04|0.9868|
+-+-----------+-----------+-----------+----------------+-----------+--------+-----+----+------+
Best-so-far configuration:         503    mean value:      5612.841769
Description of the best-so-far configuration:
    .ID. particles topology modInfluence phi1 phi2 inertia branching tSchedule
503  503       111        4            0 2.37 2.36    0.41        NA        NA
    .PARENT.
503      458

# 2025-01-28 23:21:18 -03: Elite configurations (first number is the configuration ID; listed from best to worst according to the sum of ranks):
    particles topology modInfluence phi1 phi2 inertia branching tSchedule
503       111        4            0 2.37 2.36    0.41        NA        NA
529       121        4            0 2.12 2.25    0.49        NA        NA
467       115        4            0 2.14 2.37    0.45        NA        NA
382       106        4            0 2.04 1.99    0.71        NA        NA
458       110        4            0 2.14 2.25    0.42        NA        NA
# 2025-01-28 23:21:18 -03: Iteration 6 of 6
# experimentsUsedSoFar: 4686
# remainingBudget: 314
# currentBudget: 314
# nbConfigurations: 21
# Markers:
     x No test is performed.
     c Configurations are discarded only due to capping.
     - The test is performed and some configurations are discarded.
     = The test is performed but no configuration is discarded.
     ! The test is performed and configurations could be discarded but elite configurations are preserved.
     . All alive configurations are elite and nothing is discarded.

+-+-----------+-----------+-----------+----------------+-----------+--------+-----+----+------+
| |   Instance|      Alive|       Best|       Mean best| Exp so far|  W time|  rho|KenW|  Qvar|
+-+-----------+-----------+-----------+----------------+-----------+--------+-----+----+------+
|x|         19|         21|        549|     3.719993715|         21|00:00:16|   NA|  NA|    NA|
|x|         17|         21|        557|     456.4934140|         37|00:03:16|-0.08|0.46|1.0159|
|x|         15|         21|        561|     389.8241370|         53|00:02:06|-0.04|0.30|1.0036|
|x|         16|         21|        561|     2134.097630|         69|00:00:14|-0.08|0.19|1.0569|
|=|          3|         21|        529|     1712.091544|         85|00:00:13|-0.07|0.14|1.0271|
|=|          1|         21|        529|     1448.846109|        101|00:00:12|-0.05|0.13|1.0031|
|=|          4|         21|        529|     1371.655570|        117|00:03:16|-0.03|0.11|0.9710|
|=|          7|         21|        529|     1312.185208|        133|00:02:04|-0.04|0.09|0.9732|
|=|          5|         21|        529|     1170.552038|        149|00:00:12|-0.05|0.06|0.9919|
|=|          9|         21|        529|     1084.445054|        165|00:03:10|-0.04|0.06|0.9873|
|=|         10|         21|        529|     1036.511882|        181|00:03:12|-0.03|0.06|0.9848|
|=|         11|         21|        529|     954.1516883|        197|00:00:14|-0.02|0.07|0.9783|
|=|         18|         21|        529|     883.3500171|        213|00:01:29|-0.01|0.07|0.9665|
|=|          6|         21|        529|     885.2696426|        229|00:03:16|-0.00|0.07|0.9607|
|=|          8|         21|        529|     888.8932655|        245|00:03:40|-0.02|0.05|0.9712|
|=|         12|         21|        529|     867.3696225|        261|00:03:11|-0.02|0.05|0.9739|
|=|         14|         21|        529|     5907.167671|        277|00:00:13|-0.01|0.05|0.9658|
|=|          2|         21|        529|     5586.514718|        293|00:00:14|-0.01|0.05|0.9659|
|=|         13|         21|        503|     5317.647705|        309|00:00:12|-0.00|0.05|0.9569|
+-+-----------+-----------+-----------+----------------+-----------+--------+-----+----+------+
Best-so-far configuration:         503    mean value:      5317.647705
Description of the best-so-far configuration:
    .ID. particles topology modInfluence phi1 phi2 inertia branching tSchedule
503  503       111        4            0 2.37 2.36    0.41        NA        NA
    .PARENT.
503      458

# 2025-01-28 23:52:09 -03: Elite configurations (first number is the configuration ID; listed from best to worst according to the sum of ranks):
    particles topology modInfluence phi1 phi2 inertia branching tSchedule
503       111        4            0 2.37 2.36    0.41        NA        NA
529       121        4            0 2.12 2.25    0.49        NA        NA
556       119        4            0 2.02 2.26    0.45        NA        NA
552       116        4            0 2.42 2.39    0.47        NA        NA
458       110        4            0 2.14 2.25    0.42        NA        NA
# 2025-01-28 23:52:09 -03: Stopped because there is not enough budget left to race more than the minimum (5).
# You may either increase the budget or set 'minNbSurvival' to a lower value.
# Iteration: 7
# nbIterations: 7
# experimentsUsedSoFar: 4995
# timeUsed: 0
# remainingBudget: 5
# currentBudget: 5
# number of elites: 5
# nbConfigurations: 5
# Total CPU user time: 32364.11, CPU sys time: 128.301, Wall-clock time: 32467.08
    .ID. particles topology modInfluence phi1 phi2 inertia branching tSchedule
503  503       111        4            0 2.37 2.36    0.41        NA        NA
529  529       121        4            0 2.12 2.25    0.49        NA        NA
556  556       119        4            0 2.02 2.26    0.45        NA        NA
552  552       116        4            0 2.42 2.39    0.47        NA        NA
458  458       110        4            0 2.14 2.25    0.42        NA        NA
    .PARENT. .ALIVE. .RANK.   .WEIGHT.
503      458    TRUE    168 0.33333333
529      458    TRUE    168 0.26666667
556      529    TRUE    188 0.20000000
552      503    TRUE    189 0.13333333
458      369    TRUE    190 0.06666667
