# 2025-01-21 14:12:52 -03: Initialization
# Elitist race
# Elitist new instances: 1
# Elitist limit: 2
# nbIterations: 3
# minNbSurvival: 3
# nbParameters: 3
# seed: 7175
# confidence level: 0.95
# budget: 5000
# mu: 5
# deterministic: FALSE

# 2025-01-21 14:12:52 -03: Iteration 1 of 3
# experimentsUsedSoFar: 0
# remainingBudget: 5000
# currentBudget: 1666
# nbConfigurations: 277
# Markers:
     x No test is performed.
     c Configurations are discarded only due to capping.
     - The test is performed and some configurations are discarded.
     = The test is performed but no configuration is discarded.
     ! The test is performed and configurations could be discarded but elite configurations are preserved.
     . All alive configurations are elite and nothing is discarded.

+-+-----------+-----------+-----------+----------------+-----------+--------+-----+----+------+
| |   Instance|      Alive|       Best|       Mean best| Exp so far|  W time|  rho|KenW|  Qvar|
+-+-----------+-----------+-----------+----------------+-----------+--------+-----+----+------+
|x|          1|        277|         21|     490700.0000|        277|00:05:53|   NA|  NA|    NA|
|x|          2|        277|        190|     4070404.000|        554|00:05:53|+0.10|0.55|0.7764|
|x|          3|        277|        190|     5223515.333|        831|00:05:53|+0.27|0.51|0.6389|
|x|          4|        277|        276|     4059132.000|       1108|00:05:53|+0.21|0.41|0.6489|
|-|          5|        107|        190|     3313714.800|       1385|00:05:53|-0.12|0.10|1.1205|
|=|          6|        107|        190|     3978873.667|       1492|00:02:21|-0.05|0.12|1.0526|
|=|          7|        107|        190|     3465971.429|       1599|00:02:21|-0.07|0.08|1.0604|
+-+-----------+-----------+-----------+----------------+-----------+--------+-----+----+------+
Best-so-far configuration:         190    mean value:      3465971.429
Description of the best-so-far configuration:
    .ID. localsearch  rho ants .PARENT.
190  190           3 0.33   80       NA

first iteration, returning
# 2025-01-21 14:47:00 -03: Elite configurations (first number is the configuration ID; listed from best to worst according to the sum of ranks):
    localsearch  rho ants
190           3 0.33   80
276           3 0.42   24
256           3 0.36   23
# 2025-01-21 14:47:00 -03: Iteration 2 of 3
# experimentsUsedSoFar: 1599
# remainingBudget: 3401
# currentBudget: 1700
# nbConfigurations: 215
# Markers:
     x No test is performed.
     c Configurations are discarded only due to capping.
     - The test is performed and some configurations are discarded.
     = The test is performed but no configuration is discarded.
     ! The test is performed and configurations could be discarded but elite configurations are preserved.
     . All alive configurations are elite and nothing is discarded.

+-+-----------+-----------+-----------+----------------+-----------+--------+-----+----+------+
| |   Instance|      Alive|       Best|       Mean best| Exp so far|  W time|  rho|KenW|  Qvar|
+-+-----------+-----------+-----------+----------------+-----------+--------+-----+----+------+
|x|          8|        215|        281|     539010.0000|        215|00:04:33|   NA|  NA|    NA|
|x|          4|        215|        295|     541878.0000|        427|00:04:32|+0.16|0.58|0.8062|
|x|          6|        215|        484|     2800940.667|        639|00:04:33|-0.13|0.25|1.1023|
|x|          1|        215|        374|     2223434.000|        851|00:04:33|-0.02|0.24|0.9976|
|=|          5|        215|        374|     1849986.800|       1063|00:04:33|+0.02|0.21|0.9541|
|=|          3|        215|        190|     2794419.000|       1275|00:04:33|+0.01|0.17|0.9739|
|=|          7|        215|        419|     2452526.286|       1487|00:04:32|-0.00|0.14|0.9816|
|=|          2|        215|        488|     3102063.250|       1699|00:04:32|+0.01|0.13|0.9781|
+-+-----------+-----------+-----------+----------------+-----------+--------+-----+----+------+
Best-so-far configuration:         488    mean value:      3102063.250
Description of the best-so-far configuration:
    .ID. localsearch rho ants .PARENT.
488  488           3 0.5   13      276

# 2025-01-21 15:23:25 -03: Elite configurations (first number is the configuration ID; listed from best to worst according to the sum of ranks):
    localsearch  rho ants
488           3 0.50   13
419           3 0.37   23
313           3 0.46   41
# 2025-01-21 15:23:25 -03: Iteration 3 of 3
# experimentsUsedSoFar: 3298
# remainingBudget: 1702
# currentBudget: 1702
# nbConfigurations: 191
# Markers:
     x No test is performed.
     c Configurations are discarded only due to capping.
     - The test is performed and some configurations are discarded.
     = The test is performed but no configuration is discarded.
     ! The test is performed and configurations could be discarded but elite configurations are preserved.
     . All alive configurations are elite and nothing is discarded.

+-+-----------+-----------+-----------+----------------+-----------+--------+-----+----+------+
| |   Instance|      Alive|       Best|       Mean best| Exp so far|  W time|  rho|KenW|  Qvar|
+-+-----------+-----------+-----------+----------------+-----------+--------+-----+----+------+
|x|          9|        191|        529|     7156198.000|        191|00:04:02|   NA|  NA|    NA|
|x|          7|        191|        554|     3773965.000|        379|00:04:02|-0.03|0.48|1.1095|
|x|          1|        191|        529|     2674912.667|        567|00:04:02|+0.05|0.37|0.9831|
|x|          5|        191|        419|     2100287.500|        755|00:04:02|-0.03|0.23|1.0516|
|=|          6|        191|        592|     3146087.200|        943|00:04:02|-0.02|0.18|1.0061|
|=|          3|        191|        419|     3876586.333|       1131|00:04:02|+0.03|0.19|0.9311|
|=|          4|        191|        419|     3400609.143|       1319|00:04:02|+0.01|0.15|0.9691|
|-|          2|        143|        488|     3932534.750|       1507|00:04:02|-0.04|0.09|1.0125|
|=|          8|        143|        592|     3558876.222|       1647|00:03:01|-0.04|0.08|1.0036|
+-+-----------+-----------+-----------+----------------+-----------+--------+-----+----+------+
Best-so-far configuration:         592    mean value:      3558876.222
Description of the best-so-far configuration:
    .ID. localsearch  rho ants .PARENT.
592  592           3 0.47   40      313

# 2025-01-21 15:58:45 -03: Elite configurations (first number is the configuration ID; listed from best to worst according to the sum of ranks):
    localsearch  rho ants
592           3 0.47   40
488           3 0.50   13
495           3 0.36   22
# 2025-01-21 15:58:45 -03: Iteration 4 of 4
# experimentsUsedSoFar: 4945
# remainingBudget: 55
# currentBudget: 55
# nbConfigurations: 8
# Markers:
     x No test is performed.
     c Configurations are discarded only due to capping.
     - The test is performed and some configurations are discarded.
     = The test is performed but no configuration is discarded.
     ! The test is performed and configurations could be discarded but elite configurations are preserved.
     . All alive configurations are elite and nothing is discarded.

+-+-----------+-----------+-----------+----------------+-----------+--------+-----+----+------+
| |   Instance|      Alive|       Best|       Mean best| Exp so far|  W time|  rho|KenW|  Qvar|
+-+-----------+-----------+-----------+----------------+-----------+--------+-----+----+------+
|x|         10|          8|        592|     505582.0000|          8|00:00:10|   NA|  NA|    NA|
|x|          4|          8|        592|     525873.0000|         13|00:00:10|-0.49|0.25|1.2370|
|x|          5|          8|        592|     468872.6667|         18|00:00:10|+0.03|0.35|0.7939|
|x|          3|          8|        495|     2234510.000|         23|00:00:10|-0.02|0.23|0.9277|
|=|          1|          8|        592|     1893586.000|         28|00:00:10|-0.10|0.12|0.9959|
|=|          9|          8|        592|     2776073.667|         33|00:00:10|-0.06|0.12|0.9457|
|=|          2|          8|        592|     3471690.571|         38|00:00:10|-0.01|0.13|0.8945|
|=|          7|          8|        592|     3084920.750|         43|00:00:10|+0.02|0.15|0.8979|
|=|          8|          8|        592|     2802041.778|         48|00:00:10|+0.09|0.19|0.8514|
|-|          6|          4|        592|     3253546.800|         53|00:00:10|-0.10|0.01|0.8258|
+-+-----------+-----------+-----------+----------------+-----------+--------+-----+----+------+
Best-so-far configuration:         592    mean value:      3253546.800
Description of the best-so-far configuration:
    .ID. localsearch  rho ants .PARENT.
592  592           3 0.47   40      313

# 2025-01-21 16:00:27 -03: Elite configurations (first number is the configuration ID; listed from best to worst according to the sum of ranks):
    localsearch  rho ants
592           3 0.47   40
495           3 0.36   22
488           3 0.50   13
# 2025-01-21 16:00:27 -03: Stopped because there is not enough budget left to race more than the minimum (3).
# You may either increase the budget or set 'minNbSurvival' to a lower value.
# Iteration: 5
# nbIterations: 5
# experimentsUsedSoFar: 4998
# timeUsed: 0
# remainingBudget: 2
# currentBudget: 2
# number of elites: 3
# nbConfigurations: 2
# Total CPU user time: 50365.31, CPU sys time: 127.454, Wall-clock time: 6454.85
    .ID. localsearch  rho ants .PARENT. .ALIVE. .RANK.  .WEIGHT.
592  592           3 0.47   40      313    TRUE   23.0 0.5000000
495  495           3 0.36   22      419    TRUE   25.5 0.3333333
488  488           3 0.50   13      276    TRUE   26.0 0.1666667
