# 2025-01-17 19:04:58 -03: Initialization
# Elitist race
# Elitist new instances: 1
# Elitist limit: 2
# nbIterations: 3
# minNbSurvival: 3
# nbParameters: 3
# seed: 9411
# confidence level: 0.95
# budget: 5000
# mu: 5
# deterministic: FALSE

# 2025-01-17 19:04:58 -03: Iteration 1 of 3
# experimentsUsedSoFar: 0
# remainingBudget: 5000
# currentBudget: 1666
# nbConfigurations: 277
# Markers:
     x No test is performed.
     c Configurations are discarded only due to capping.
     - The test is performed and some configurations are discarded.
     = The test is performed but no configuration is discarded.
     ! The test is performed and configurations could be discarded but elite configurations are preserved.
     . All alive configurations are elite and nothing is discarded.

+-+-----------+-----------+-----------+----------------+-----------+--------+-----+----+------+
| |   Instance|      Alive|       Best|       Mean best| Exp so far|  W time|  rho|KenW|  Qvar|
+-+-----------+-----------+-----------+----------------+-----------+--------+-----+----+------+
|x|          1|        277|        162|     7514778.000|        277|00:05:53|   NA|  NA|    NA|
|x|          2|        277|        167|     4002496.000|        554|00:05:53|+0.01|0.50|0.8825|
|x|          3|        277|        230|     2895350.667|        831|00:05:53|+0.14|0.43|0.6828|
|x|          4|        277|        230|     2280820.500|       1108|00:05:53|+0.20|0.40|0.5895|
|-|          5|        108|        230|     3262054.800|       1385|00:05:53|-0.15|0.08|1.1648|
|=|          6|        108|        230|     3959795.333|       1493|00:02:21|-0.06|0.12|1.0784|
|=|          7|        108|        230|     3454891.714|       1601|00:02:21|-0.07|0.08|1.0675|
+-+-----------+-----------+-----------+----------------+-----------+--------+-----+----+------+
Best-so-far configuration:         230    mean value:      3454891.714
Description of the best-so-far configuration:
    .ID. localsearch    rho ants .PARENT.
230  230           3 0.1129   19       NA

first iteration, returning
# 2025-01-17 19:39:06 -03: Elite configurations (first number is the configuration ID; listed from best to worst according to the sum of ranks):
    localsearch    rho ants
230           3 0.1129   19
215           3 0.5086   11
27            3 0.6519   10
# 2025-01-17 19:39:06 -03: Iteration 2 of 3
# experimentsUsedSoFar: 1601
# remainingBudget: 3399
# currentBudget: 1699
# nbConfigurations: 215
# Markers:
     x No test is performed.
     c Configurations are discarded only due to capping.
     - The test is performed and some configurations are discarded.
     = The test is performed but no configuration is discarded.
     ! The test is performed and configurations could be discarded but elite configurations are preserved.
     . All alive configurations are elite and nothing is discarded.

+-+-----------+-----------+-----------+----------------+-----------+--------+-----+----+------+
| |   Instance|      Alive|       Best|       Mean best| Exp so far|  W time|  rho|KenW|  Qvar|
+-+-----------+-----------+-----------+----------------+-----------+--------+-----+----+------+
|x|          8|        215|        278|     375394.0000|        215|00:04:32|   NA|  NA|    NA|
|x|          2|        215|        328|     424170.0000|        427|00:04:32|+0.14|0.57|0.7813|
|x|          3|        215|        377|     501478.0000|        639|00:04:32|+0.11|0.40|0.8481|
|x|          4|        215|        438|     485429.0000|        851|00:04:31|+0.11|0.33|0.8281|
|-|          1|        145|        410|     1898399.200|       1063|00:04:32|-0.11|0.11|1.1034|
|=|          5|        145|        410|     2778802.667|       1205|00:03:01|-0.05|0.13|1.0564|
|=|          7|        145|        386|     2441755.143|       1347|00:03:01|-0.06|0.09|1.0655|
|=|          6|        145|        386|     3066760.500|       1489|00:03:01|-0.02|0.11|1.0269|
|=|          9|        145|        386|     2765753.778|       1634|00:03:11|-0.04|0.08|1.0351|
+-+-----------+-----------+-----------+----------------+-----------+--------+-----+----+------+
Best-so-far configuration:         386    mean value:      2765753.778
Description of the best-so-far configuration:
    .ID. localsearch   rho ants .PARENT.
386  386           3 0.212   23      230

# 2025-01-17 20:14:03 -03: Elite configurations (first number is the configuration ID; listed from best to worst according to the sum of ranks):
    localsearch    rho ants
386           3 0.2120   23
215           3 0.5086   11
345           3 0.4197   17
# 2025-01-17 20:14:03 -03: Iteration 3 of 3
# experimentsUsedSoFar: 3235
# remainingBudget: 1765
# currentBudget: 1765
# nbConfigurations: 179
# Markers:
     x No test is performed.
     c Configurations are discarded only due to capping.
     - The test is performed and some configurations are discarded.
     = The test is performed but no configuration is discarded.
     ! The test is performed and configurations could be discarded but elite configurations are preserved.
     . All alive configurations are elite and nothing is discarded.

+-+-----------+-----------+-----------+----------------+-----------+--------+-----+----+------+
| |   Instance|      Alive|       Best|       Mean best| Exp so far|  W time|  rho|KenW|  Qvar|
+-+-----------+-----------+-----------+----------------+-----------+--------+-----+----+------+
|x|         10|        179|        490|     613166.0000|        179|00:03:51|   NA|  NA|    NA|
|x|          1|        179|        577|     4065508.000|        355|00:03:42|-0.05|0.48|1.0389|
|x|          8|        179|        603|     2837960.000|        531|00:03:42|-0.02|0.32|1.0234|
|x|          7|        179|        603|     2230721.000|        707|00:03:42|-0.00|0.25|1.0139|
|=|          5|        179|        603|     3223965.200|        883|00:03:42|+0.01|0.21|0.9678|
|=|          9|        179|        603|     2745754.667|       1059|00:03:42|-0.01|0.16|0.9978|
|=|          3|        179|        497|     2447442.286|       1235|00:03:42|-0.02|0.13|1.0175|
|=|          2|        179|        526|     2202217.000|       1411|00:03:42|-0.01|0.11|1.0122|
|=|          4|        179|        655|     2004602.667|       1587|00:03:42|+0.00|0.11|0.9931|
|=|          6|        179|        215|     2551978.200|       1763|00:03:42|+0.01|0.11|0.9800|
+-+-----------+-----------+-----------+----------------+-----------+--------+-----+----+------+
Best-so-far configuration:         215    mean value:      2551978.200
Description of the best-so-far configuration:
    .ID. localsearch    rho ants .PARENT.
215  215           3 0.5086   11       NA

# 2025-01-17 20:51:14 -03: Elite configurations (first number is the configuration ID; listed from best to worst according to the sum of ranks):
    localsearch    rho ants
215           3 0.5086   11
526           3 0.5129   12
655           3 0.5033   10
# 2025-01-17 20:51:14 -03: Stopped because there is not enough budget left to race more than the minimum (3).
# You may either increase the budget or set 'minNbSurvival' to a lower value.
# Iteration: 4
# nbIterations: 4
# experimentsUsedSoFar: 4998
# timeUsed: 0
# remainingBudget: 2
# currentBudget: 2
# number of elites: 3
# nbConfigurations: 2
# Total CPU user time: 50294.01, CPU sys time: 131.679, Wall-clock time: 6376.917
    .ID. localsearch    rho ants .PARENT. .ALIVE. .RANK.  .WEIGHT.
215  215           3 0.5086   11       NA    TRUE  539.5 0.5000000
526  526           3 0.5129   12      215    TRUE  577.0 0.3333333
655  655           3 0.5033   10      215    TRUE  583.5 0.1666667
