# 2025-01-21 00:42:40 -03: 1 expression(s) specifying forbidden configurations read.
# 2025-01-21 00:42:40 -03: Initialization
# Elitist race
# Elitist new instances: 1
# Elitist limit: 2
# nbIterations: 5
# minNbSurvival: 5
# nbParameters: 11
# seed: 3764
# confidence level: 0.95
# budget: 5000
# mu: 5
# deterministic: FALSE

# 2025-01-21 00:42:41 -03: Iteration 1 of 5
# experimentsUsedSoFar: 0
# remainingBudget: 5000
# currentBudget: 1000
# nbConfigurations: 166
# Markers:
     x No test is performed.
     c Configurations are discarded only due to capping.
     - The test is performed and some configurations are discarded.
     = The test is performed but no configuration is discarded.
     ! The test is performed and configurations could be discarded but elite configurations are preserved.
     . All alive configurations are elite and nothing is discarded.

+-+-----------+-----------+-----------+----------------+-----------+--------+-----+----+------+
| |   Instance|      Alive|       Best|       Mean best| Exp so far|  W time|  rho|KenW|  Qvar|
+-+-----------+-----------+-----------+----------------+-----------+--------+-----+----+------+
|x|          1|        166|         62|     32494779.00|        166|00:03:39|   NA|  NA|    NA|
|x|          2|        166|         62|     32549276.50|        332|00:03:39|+0.97|0.99|0.0012|
|x|          3|        166|         62|     32640274.33|        498|00:03:39|+0.97|0.98|0.0012|
|x|          4|        166|         62|     32659703.50|        664|00:03:38|+0.97|0.98|0.0019|
|-|          5|         11|         62|     32684412.80|        830|00:03:39|+0.51|0.61|0.3801|
|-|          6|          4|         62|     32624987.00|        841|00:00:20|+0.16|0.30|0.5684|
+-+-----------+-----------+-----------+----------------+-----------+--------+-----+----+------+
Best-so-far configuration:          62    mean value:      32624987.00
Description of the best-so-far configuration:
   .ID. algorithm localsearch alpha beta  rho ants   q0 rasrank elitistants
62   62       acs           3  3.06  9.4 0.96   62 0.66      NA          NA
   nnls dlb .PARENT.
62    6   1       NA

first iteration, returning
# 2025-01-21 01:01:18 -03: Elite configurations (first number is the configuration ID; listed from best to worst according to the sum of ranks):
    algorithm localsearch alpha beta  rho ants   q0 rasrank elitistants nnls
62        acs           3  3.06 9.40 0.96   62 0.66      NA          NA    6
122       acs           3  4.59 2.48 0.39   60 0.11      NA          NA   11
50        ras           3  4.60 0.06 0.40   39   NA      14          NA   40
156       acs           3  3.29 5.34 0.74   12 0.02      NA          NA   18
    dlb
62    1
122   0
50    0
156   0
# 2025-01-21 01:01:18 -03: Iteration 2 of 5
# experimentsUsedSoFar: 841
# remainingBudget: 4159
# currentBudget: 1039
# nbConfigurations: 151
# Markers:
     x No test is performed.
     c Configurations are discarded only due to capping.
     - The test is performed and some configurations are discarded.
     = The test is performed but no configuration is discarded.
     ! The test is performed and configurations could be discarded but elite configurations are preserved.
     . All alive configurations are elite and nothing is discarded.

+-+-----------+-----------+-----------+----------------+-----------+--------+-----+----+------+
| |   Instance|      Alive|       Best|       Mean best| Exp so far|  W time|  rho|KenW|  Qvar|
+-+-----------+-----------+-----------+----------------+-----------+--------+-----+----+------+
|x|          7|        151|        204|     32536291.00|        151|00:03:17|   NA|  NA|    NA|
|x|          2|        151|        307|     32574696.00|        298|00:03:18|+0.96|0.98|0.0015|
|x|          5|        151|        122|     32627105.67|        445|00:03:18|+0.97|0.98|0.0013|
|x|          4|        151|        122|     32642584.00|        592|00:03:18|+0.97|0.98|0.0015|
|-|          6|         16|        122|     32573509.40|        739|00:03:18|-0.00|0.20|0.8543|
|=|          1|         16|        204|     32573454.00|        751|00:00:20|+0.03|0.19|0.8710|
|=|          3|         16|         62|     32617331.86|        763|00:00:20|+0.07|0.20|0.8367|
|-|          8|         12|        204|     32650572.88|        779|00:00:20|-0.07|0.07|0.9753|
|=|          9|         12|        204|     32614765.67|        791|00:00:20|-0.05|0.07|0.9520|
|=|         10|         12|        195|     32647505.10|        803|00:00:20|-0.01|0.09|0.9162|
+-+-----------+-----------+-----------+----------------+-----------+--------+-----+----+------+
Best-so-far configuration:         195    mean value:      32647505.10
Description of the best-so-far configuration:
    .ID. algorithm localsearch alpha beta  rho ants   q0 rasrank elitistants
195  195       acs           3  1.93 9.44 0.84   38 0.95      NA          NA
    nnls dlb .PARENT.
195   14   1       62

# 2025-01-21 01:19:34 -03: Elite configurations (first number is the configuration ID; listed from best to worst according to the sum of ranks):
    algorithm localsearch alpha beta  rho ants   q0 rasrank elitistants nnls
195       acs           3  1.93 9.44 0.84   38 0.95      NA          NA   14
204       acs           3  3.52 5.69 0.62   60 0.51      NA          NA    8
62        acs           3  3.06 9.40 0.96   62 0.66      NA          NA    6
229       acs           3  2.19 1.58 0.49   11 0.18      NA          NA    8
307       acs           3  4.93 8.98 0.90   76 0.48      NA          NA    6
    dlb
195   1
204   1
62    1
229   1
307   0
# 2025-01-21 01:19:34 -03: Iteration 3 of 5
# experimentsUsedSoFar: 1644
# remainingBudget: 3356
# currentBudget: 1118
# nbConfigurations: 106
# Markers:
     x No test is performed.
     c Configurations are discarded only due to capping.
     - The test is performed and some configurations are discarded.
     = The test is performed but no configuration is discarded.
     ! The test is performed and configurations could be discarded but elite configurations are preserved.
     . All alive configurations are elite and nothing is discarded.

+-+-----------+-----------+-----------+----------------+-----------+--------+-----+----+------+
| |   Instance|      Alive|       Best|       Mean best| Exp so far|  W time|  rho|KenW|  Qvar|
+-+-----------+-----------+-----------+----------------+-----------+--------+-----+----+------+
|x|         11|        106|        404|     32703914.00|        106|00:02:25|   NA|  NA|    NA|
|x|          5|        106|        363|     32721978.00|        207|00:02:15|+0.92|0.96|0.0105|
|x|          8|        106|        363|     32755931.00|        308|00:02:15|+0.93|0.95|0.0065|
|x|          4|        106|        363|     32720702.00|        409|00:02:15|+0.93|0.95|0.0060|
|-|          6|         15|        363|     32619855.00|        510|00:02:15|+0.09|0.27|0.8161|
|=|          1|         15|        363|     32601744.00|        520|00:00:20|-0.01|0.16|0.9054|
|=|          7|         15|        363|     32597982.14|        530|00:00:20|-0.01|0.14|0.8865|
|=|         10|         15|        363|     32649595.25|        540|00:00:20|+0.00|0.13|0.8897|
|=|          3|         15|        363|     32669169.11|        550|00:00:20|+0.00|0.11|0.8978|
|=|          2|         15|        374|     32665997.80|        560|00:00:20|+0.02|0.12|0.8866|
|=|          9|         15|        374|     32631432.36|        570|00:00:20|+0.03|0.12|0.8776|
|=|         12|         15|        374|     32622418.75|        585|00:00:20|+0.04|0.12|0.8661|
+-+-----------+-----------+-----------+----------------+-----------+--------+-----+----+------+
Best-so-far configuration:         374    mean value:      32622418.75
Description of the best-so-far configuration:
    .ID. algorithm localsearch alpha beta  rho ants   q0 rasrank elitistants
374  374       acs           3  2.54 5.46 0.71   67 0.59      NA          NA
    nnls dlb .PARENT.
374    8   1      204

# 2025-01-21 01:33:29 -03: Elite configurations (first number is the configuration ID; listed from best to worst according to the sum of ranks):
    algorithm localsearch alpha beta  rho ants   q0 rasrank elitistants nnls
374       acs           3  2.54 5.46 0.71   67 0.59      NA          NA    8
407       acs           3  1.27 5.93 0.96   32 0.84      NA          NA   18
362       acs           3  3.32 7.23 0.43   53 0.57      NA          NA   16
385       acs           3  1.72 2.69 0.69   43 0.77      NA          NA    9
363       acs           3  4.47 5.41 0.69   68 0.07      NA          NA   11
    dlb
374   1
407   1
362   1
385   1
363   1
# 2025-01-21 01:33:29 -03: Iteration 4 of 5
# experimentsUsedSoFar: 2229
# remainingBudget: 2771
# currentBudget: 1385
# nbConfigurations: 111
# Markers:
     x No test is performed.
     c Configurations are discarded only due to capping.
     - The test is performed and some configurations are discarded.
     = The test is performed but no configuration is discarded.
     ! The test is performed and configurations could be discarded but elite configurations are preserved.
     . All alive configurations are elite and nothing is discarded.

+-+-----------+-----------+-----------+----------------+-----------+--------+-----+----+------+
| |   Instance|      Alive|       Best|       Mean best| Exp so far|  W time|  rho|KenW|  Qvar|
+-+-----------+-----------+-----------+----------------+-----------+--------+-----+----+------+
|x|         13|        111|        466|     32842658.00|        111|00:02:25|   NA|  NA|    NA|
|x|         12|        111|        519|     32685186.00|        217|00:02:25|+0.84|0.92|0.0030|
|x|          9|        111|        519|     32551193.67|        323|00:02:26|+0.83|0.89|0.0026|
|x|          3|        111|        519|     32607831.25|        429|00:02:26|+0.84|0.88|0.0028|
|-|          7|         19|        374|     32601750.40|        535|00:02:25|-0.06|0.16|1.0266|
|=|          2|         19|        374|     32591253.67|        549|00:00:20|-0.01|0.16|0.9559|
|=|          6|         19|        374|     32539783.00|        563|00:00:20|+0.02|0.16|0.9199|
|=|          5|         19|        374|     32567369.50|        577|00:00:20|+0.04|0.16|0.9163|
|=|         11|         19|        374|     32586780.22|        591|00:00:20|+0.03|0.14|0.9128|
|=|          8|         19|        374|     32611537.40|        605|00:00:20|+0.04|0.14|0.9041|
|=|          4|         19|        374|     32617439.09|        619|00:00:21|+0.03|0.12|0.9198|
|=|         10|         19|        374|     32651519.42|        633|00:00:20|+0.04|0.12|0.9017|
|=|          1|         19|        374|     32643568.08|        647|00:00:20|+0.05|0.12|0.8977|
|=|         14|         19|        469|     32630896.14|        666|00:00:31|+0.04|0.11|0.9015|
+-+-----------+-----------+-----------+----------------+-----------+--------+-----+----+------+
Best-so-far configuration:         469    mean value:      32630896.14
Description of the best-so-far configuration:
    .ID. algorithm localsearch alpha beta  rho ants   q0 rasrank elitistants
469  469       acs           3  4.06 7.68 0.53   62 0.74      NA          NA
    nnls dlb .PARENT.
469   12   1      362

# 2025-01-21 01:48:58 -03: Elite configurations (first number is the configuration ID; listed from best to worst according to the sum of ranks):
    algorithm localsearch alpha beta  rho ants   q0 rasrank elitistants nnls
469       acs           3  4.06 7.68 0.53   62 0.74      NA          NA   12
374       acs           3  2.54 5.46 0.71   67 0.59      NA          NA    8
493       acs           3  3.36 6.49 0.58   62 0.43      NA          NA   17
456       acs           3  2.73 6.14 0.96   66 0.59      NA          NA   14
519       acs           3  1.12 3.10 0.74   35 0.59      NA          NA    9
    dlb
469   1
374   1
493   1
456   1
519   1
# 2025-01-21 01:48:58 -03: Iteration 5 of 5
# experimentsUsedSoFar: 2895
# remainingBudget: 2105
# currentBudget: 2105
# nbConfigurations: 145
# Markers:
     x No test is performed.
     c Configurations are discarded only due to capping.
     - The test is performed and some configurations are discarded.
     = The test is performed but no configuration is discarded.
     ! The test is performed and configurations could be discarded but elite configurations are preserved.
     . All alive configurations are elite and nothing is discarded.

+-+-----------+-----------+-----------+----------------+-----------+--------+-----+----+------+
| |   Instance|      Alive|       Best|       Mean best| Exp so far|  W time|  rho|KenW|  Qvar|
+-+-----------+-----------+-----------+----------------+-----------+--------+-----+----+------+
|x|         15|        145|        525|     32446649.00|        145|00:03:17|   NA|  NA|    NA|
|x|         13|        145|        519|     32658408.00|        285|00:03:07|+0.64|0.82|0.0092|
|x|          5|        145|        590|     32674366.33|        425|00:03:07|+0.67|0.78|0.0085|
|x|         12|        145|        519|     32638369.75|        565|00:03:07|+0.68|0.76|0.0096|
|-|          2|         36|        616|     32637965.40|        705|00:03:07|-0.10|0.12|1.0778|
|=|          7|         36|        616|     32619213.67|        736|00:00:41|-0.06|0.12|1.0249|
|=|          8|         36|        374|     32649260.00|        767|00:00:41|-0.06|0.09|1.0286|
|=|          3|         36|        521|     32663843.75|        798|00:00:41|-0.03|0.09|1.0044|
|=|          1|         36|        564|     32644308.44|        829|00:00:41|-0.03|0.08|0.9993|
|=|         11|         36|        519|     32660047.90|        860|00:00:41|-0.02|0.08|0.9843|
|=|         14|         36|        633|     32639637.09|        891|00:00:41|-0.03|0.06|0.9942|
|=|          4|         36|        633|     32642319.58|        922|00:00:41|-0.03|0.06|0.9955|
|=|          9|         36|        633|     32612888.69|        953|00:00:41|-0.02|0.06|0.9866|
|=|         10|         36|        633|     32646272.29|        984|00:00:41|-0.02|0.05|0.9827|
|=|          6|         36|        633|     32613308.93|       1015|00:00:41|-0.01|0.06|0.9693|
|=|         16|         36|        633|     32603714.94|       1051|00:00:51|-0.01|0.06|0.9675|
+-+-----------+-----------+-----------+----------------+-----------+--------+-----+----+------+
Best-so-far configuration:         633    mean value:      32603714.94
Description of the best-so-far configuration:
    .ID. algorithm localsearch alpha beta rho ants   q0 rasrank elitistants
633  633       acs           3  3.43 9.31 0.5   60 0.67      NA          NA
    nnls dlb .PARENT.
633    9   1      469

# 2025-01-21 02:12:36 -03: Elite configurations (first number is the configuration ID; listed from best to worst according to the sum of ranks):
    algorithm localsearch alpha beta  rho ants   q0 rasrank elitistants nnls
633       acs           3  3.43 9.31 0.50   60 0.67      NA          NA    9
548       acs           3  3.07 5.53 0.86   74 0.74      NA          NA   10
564       acs           3  3.35 5.04 0.88   67 0.48      NA          NA    8
546       acs           3  2.78 4.76 0.80   67 0.56      NA          NA   10
635       acs           3  4.05 6.29 0.51   67 0.73      NA          NA   13
    dlb
633   1
548   1
564   1
546   1
635   1
# 2025-01-21 02:12:36 -03: Iteration 6 of 6
# experimentsUsedSoFar: 3946
# remainingBudget: 1054
# currentBudget: 1054
# nbConfigurations: 66
# Markers:
     x No test is performed.
     c Configurations are discarded only due to capping.
     - The test is performed and some configurations are discarded.
     = The test is performed but no configuration is discarded.
     ! The test is performed and configurations could be discarded but elite configurations are preserved.
     . All alive configurations are elite and nothing is discarded.

+-+-----------+-----------+-----------+----------------+-----------+--------+-----+----+------+
| |   Instance|      Alive|       Best|       Mean best| Exp so far|  W time|  rho|KenW|  Qvar|
+-+-----------+-----------+-----------+----------------+-----------+--------+-----+----+------+
|x|         17|         66|        564|     32344358.00|         66|00:01:33|   NA|  NA|    NA|
|x|          2|         66|        678|     32445588.50|        127|00:01:23|+0.35|0.68|0.4611|
|x|         15|         66|        678|     32450487.00|        188|00:01:23|+0.45|0.63|0.3698|
|x|         11|         66|        696|     32542068.50|        249|00:01:23|+0.42|0.56|0.3965|
|-|          3|         30|        678|     32581078.80|        310|00:01:23|-0.06|0.15|1.0171|
|=|          5|         30|        564|     32602488.33|        335|00:00:41|-0.04|0.13|0.9976|
|=|         12|         30|        564|     32593661.57|        360|00:00:41|-0.00|0.14|0.9630|
|=|         14|         30|        564|     32569631.38|        385|00:00:41|-0.00|0.12|0.9602|
|=|          8|         30|        564|     32594815.33|        410|00:00:41|+0.00|0.12|0.9464|
|=|          7|         30|        564|     32593002.40|        435|00:00:41|+0.01|0.11|0.9362|
|=|         16|         30|        564|     32573047.82|        460|00:00:41|+0.01|0.10|0.9367|
|=|         13|         30|        720|     32602153.58|        485|00:00:41|+0.00|0.09|0.9413|
|=|         10|         30|        564|     32634880.62|        510|00:00:41|+0.01|0.09|0.9328|
|=|          1|         30|        720|     32622063.79|        535|00:00:41|+0.02|0.09|0.9321|
|=|          4|         30|        720|     32625254.80|        560|00:00:41|+0.01|0.08|0.9378|
|=|          6|         30|        720|     32599369.62|        585|00:00:41|+0.01|0.08|0.9399|
|=|          9|         30|        720|     32579194.12|        610|00:00:41|+0.02|0.08|0.9321|
|-|         18|         21|        720|     32577275.50|        640|00:00:41|-0.04|0.02|0.9850|
|=|         19|         21|        661|     32562731.47|        661|00:00:31|-0.04|0.02|0.9861|
|=|         20|         21|        548|     32580469.70|        682|00:00:31|-0.04|0.02|0.9836|
+-+-----------+-----------+-----------+----------------+-----------+--------+-----+----+------+
Best-so-far configuration:         548    mean value:      32580469.70
Description of the best-so-far configuration:
    .ID. algorithm localsearch alpha beta  rho ants   q0 rasrank elitistants
548  548       acs           3  3.07 5.53 0.86   74 0.74      NA          NA
    nnls dlb .PARENT.
548   10   1      374

# 2025-01-21 02:29:48 -03: Elite configurations (first number is the configuration ID; listed from best to worst according to the sum of ranks):
    algorithm localsearch alpha beta  rho ants   q0 rasrank elitistants nnls
548       acs           3  3.07 5.53 0.86   74 0.74      NA          NA   10
661       acs           3  3.34 4.50 0.85   71 0.58      NA          NA   10
720       acs           3  2.95 4.50 0.79   68 0.59      NA          NA   11
564       acs           3  3.35 5.04 0.88   67 0.48      NA          NA    8
674       acs           3  2.93 5.56 0.92   67 0.60      NA          NA   14
    dlb
548   1
661   1
720   1
564   1
674   1
# 2025-01-21 02:29:48 -03: Iteration 7 of 7
# experimentsUsedSoFar: 4628
# remainingBudget: 372
# currentBudget: 372
# nbConfigurations: 22
# Markers:
     x No test is performed.
     c Configurations are discarded only due to capping.
     - The test is performed and some configurations are discarded.
     = The test is performed but no configuration is discarded.
     ! The test is performed and configurations could be discarded but elite configurations are preserved.
     . All alive configurations are elite and nothing is discarded.

+-+-----------+-----------+-----------+----------------+-----------+--------+-----+----+------+
| |   Instance|      Alive|       Best|       Mean best| Exp so far|  W time|  rho|KenW|  Qvar|
+-+-----------+-----------+-----------+----------------+-----------+--------+-----+----+------+
|x|         21|         22|        723|     32571100.00|         22|00:00:31|   NA|  NA|    NA|
|x|         15|         22|        722|     32532214.50|         39|00:00:31|-0.08|0.46|1.0423|
|x|         13|         22|        738|     32644680.33|         56|00:00:31|+0.04|0.36|0.9017|
|x|         10|         22|        723|     32733131.25|         73|00:00:30|+0.06|0.29|0.8885|
|=|          6|         22|        738|     32627932.60|         90|00:00:31|+0.04|0.23|0.9008|
|=|          8|         22|        723|     32660694.17|        107|00:00:30|+0.07|0.22|0.8651|
|-|          5|         18|        720|     32667623.86|        124|00:00:30|-0.05|0.10|0.9889|
|=|          1|         18|        720|     32640571.50|        137|00:00:20|+0.01|0.14|0.9227|
|=|          4|         18|        720|     32643833.44|        150|00:00:20|-0.03|0.09|0.9617|
|=|         19|         18|        661|     32611562.50|        163|00:00:20|-0.03|0.07|0.9712|
|=|          7|         18|        661|     32606088.36|        176|00:00:20|-0.03|0.06|0.9686|
|=|         18|         18|        720|     32601868.50|        189|00:00:20|-0.01|0.08|0.9488|
|=|         20|         18|        735|     32618092.85|        202|00:00:20|+0.00|0.08|0.9391|
|=|         16|         18|        674|     32603688.79|        215|00:00:20|+0.01|0.08|0.9399|
|=|         14|         18|        735|     32587555.80|        228|00:00:20|+0.01|0.08|0.9408|
|=|          2|         18|        735|     32586209.69|        241|00:00:20|+0.03|0.09|0.9288|
|=|         17|         18|        735|     32577542.76|        254|00:00:20|+0.03|0.09|0.9198|
|=|          3|         18|        735|     32587018.06|        267|00:00:20|+0.03|0.09|0.9145|
|-|         11|          8|        735|     32593587.95|        280|00:00:20|-0.03|0.02|0.9062|
|=|         12|          8|        735|     32591091.20|        283|00:00:10|-0.03|0.02|0.9071|
|=|          9|          8|        735|     32577303.90|        286|00:00:10|-0.03|0.02|0.9087|
|=|         22|          8|        548|     32569519.64|        294|00:00:10|-0.02|0.02|0.9054|
+-+-----------+-----------+-----------+----------------+-----------+--------+-----+----+------+
Best-so-far configuration:         548    mean value:      32569519.64
Description of the best-so-far configuration:
    .ID. algorithm localsearch alpha beta  rho ants   q0 rasrank elitistants
548  548       acs           3  3.07 5.53 0.86   74 0.74      NA          NA
    nnls dlb .PARENT.
548   10   1      374

# 2025-01-21 02:38:08 -03: Elite configurations (first number is the configuration ID; listed from best to worst according to the sum of ranks):
    algorithm localsearch alpha beta  rho ants   q0 rasrank elitistants nnls
548       acs           3  3.07 5.53 0.86   74 0.74      NA          NA   10
735       acs           3  3.13 4.80 0.79   73 0.81      NA          NA   10
720       acs           3  2.95 4.50 0.79   68 0.59      NA          NA   11
674       acs           3  2.93 5.56 0.92   67 0.60      NA          NA   14
661       acs           3  3.34 4.50 0.85   71 0.58      NA          NA   10
    dlb
548   1
735   1
720   1
674   1
661   1
# 2025-01-21 02:38:08 -03: Iteration 8 of 8
# experimentsUsedSoFar: 4922
# remainingBudget: 78
# currentBudget: 78
# nbConfigurations: 8
# Markers:
     x No test is performed.
     c Configurations are discarded only due to capping.
     - The test is performed and some configurations are discarded.
     = The test is performed but no configuration is discarded.
     ! The test is performed and configurations could be discarded but elite configurations are preserved.
     . All alive configurations are elite and nothing is discarded.

+-+-----------+-----------+-----------+----------------+-----------+--------+-----+----+------+
| |   Instance|      Alive|       Best|       Mean best| Exp so far|  W time|  rho|KenW|  Qvar|
+-+-----------+-----------+-----------+----------------+-----------+--------+-----+----+------+
|x|         23|          8|        740|     32883805.00|          8|00:00:10|   NA|  NA|    NA|
|x|         15|          8|        720|     32677320.00|         11|00:00:10|+0.36|0.68|0.6251|
|x|          3|          8|        720|     32712248.67|         14|00:00:10|+0.28|0.52|0.6886|
|x|          5|          8|        720|     32708512.75|         17|00:00:10|+0.25|0.43|0.6732|
|-|          1|          6|        720|     32657051.20|         20|00:00:10|+0.14|0.31|0.6362|
|=|         14|          6|        720|     32610635.00|         21|00:00:10|+0.08|0.23|0.7078|
|=|         12|          6|        720|     32603253.29|         22|00:00:10|+0.03|0.17|0.7811|
|=|         21|          6|        735|     32611306.62|         23|00:00:10|-0.03|0.10|0.8234|
|=|          7|          6|        720|     32601328.89|         24|00:00:10|-0.05|0.07|0.8615|
|=|         18|          6|        720|     32595661.90|         25|00:00:10|-0.02|0.09|0.8576|
|=|          6|          6|        720|     32560701.00|         26|00:00:10|-0.05|0.05|0.8731|
|=|         20|          6|        735|     32583131.42|         27|00:00:10|-0.05|0.04|0.8802|
|=|         17|          6|        674|     32573803.38|         28|00:00:10|-0.06|0.02|0.8917|
|=|          4|          6|        735|     32578536.86|         29|00:00:10|-0.05|0.03|0.8895|
|=|         19|          6|        735|     32561564.13|         30|00:00:10|-0.05|0.02|0.8878|
|=|          2|          6|        735|     32561842.50|         31|00:00:10|-0.03|0.04|0.8763|
|=|         10|          6|        548|     32589248.47|         32|00:00:10|-0.04|0.02|0.8729|
|=|         22|          6|        548|     32572015.72|         33|00:00:10|-0.03|0.02|0.8736|
|=|          8|          6|        548|     32586685.53|         34|00:00:10|-0.04|0.02|0.8769|
|=|          9|          6|        548|     32568293.55|         35|00:00:10|-0.04|0.02|0.8711|
|=|         11|          6|        548|     32578695.14|         36|00:00:10|-0.04|0.01|0.8711|
|=|         13|          6|        735|     32589550.68|         37|00:00:10|-0.03|0.02|0.8684|
|=|         16|          6|        735|     32581349.17|         38|00:00:10|-0.02|0.02|0.8642|
|=|         24|          6|        735|     32589989.33|         44|00:00:10|-0.01|0.03|0.8595|
+-+-----------+-----------+-----------+----------------+-----------+--------+-----+----+------+
Best-so-far configuration:         735    mean value:      32589989.33
Description of the best-so-far configuration:
    .ID. algorithm localsearch alpha beta  rho ants   q0 rasrank elitistants
735  735       acs           3  3.13  4.8 0.79   73 0.81      NA          NA
    nnls dlb .PARENT.
735   10   1      548

# 2025-01-21 02:42:19 -03: Elite configurations (first number is the configuration ID; listed from best to worst according to the sum of ranks):
    algorithm localsearch alpha beta  rho ants   q0 rasrank elitistants nnls
735       acs           3  3.13 4.80 0.79   73 0.81      NA          NA   10
720       acs           3  2.95 4.50 0.79   68 0.59      NA          NA   11
740       acs           3  2.98 5.53 0.87   65 0.60      NA          NA   15
548       acs           3  3.07 5.53 0.86   74 0.74      NA          NA   10
674       acs           3  2.93 5.56 0.92   67 0.60      NA          NA   14
    dlb
735   1
720   1
740   1
548   1
674   1
# 2025-01-21 02:42:19 -03: Iteration 9 of 9
# experimentsUsedSoFar: 4966
# remainingBudget: 34
# currentBudget: 34
# nbConfigurations: 6
# Markers:
     x No test is performed.
     c Configurations are discarded only due to capping.
     - The test is performed and some configurations are discarded.
     = The test is performed but no configuration is discarded.
     ! The test is performed and configurations could be discarded but elite configurations are preserved.
     . All alive configurations are elite and nothing is discarded.

+-+-----------+-----------+-----------+----------------+-----------+--------+-----+----+------+
| |   Instance|      Alive|       Best|       Mean best| Exp so far|  W time|  rho|KenW|  Qvar|
+-+-----------+-----------+-----------+----------------+-----------+--------+-----+----+------+
|x|         25|          6|        735|     32807583.00|          6|00:00:10|   NA|  NA|    NA|
|x|          4|          6|        735|     32735325.00|          7|00:00:10|+0.26|0.63|0.6931|
|x|         11|          6|        735|     32727498.67|          8|00:00:10|+0.28|0.52|0.7161|
|x|         19|          6|        735|     32626610.50|          9|00:00:10|+0.03|0.27|0.8558|
|=|          7|          6|        740|     32603728.80|         10|00:00:10|-0.02|0.19|0.8470|
|=|         18|          6|        735|     32594960.33|         11|00:00:10|-0.02|0.15|0.8727|
|=|         14|          6|        735|     32563853.71|         12|00:00:10|-0.02|0.13|0.9043|
|=|         15|          6|        735|     32557092.50|         13|00:00:10|-0.05|0.08|0.9194|
|=|         12|          6|        735|     32555599.22|         14|00:00:10|-0.01|0.10|0.8789|
|=|         20|          6|        735|     32583144.70|         15|00:00:10|+0.04|0.14|0.8368|
|=|         24|          6|        735|     32601832.73|         16|00:00:10|+0.08|0.17|0.8058|
|=|         21|          6|        735|     32601343.83|         17|00:00:10|+0.05|0.13|0.8275|
|=|         16|          6|        735|     32585926.31|         18|00:00:10|+0.07|0.15|0.8002|
|=|          3|          6|        735|     32597510.00|         19|00:00:10|+0.09|0.15|0.7824|
|=|         10|          6|        735|     32626775.60|         20|00:00:10|+0.05|0.12|0.7943|
|=|         13|          6|        735|     32639657.12|         21|00:00:10|+0.07|0.13|0.7761|
|=|          5|          6|        735|     32643040.00|         22|00:00:10|+0.07|0.13|0.7798|
|-|          1|          5|        735|     32633628.67|         23|00:00:10|+0.02|0.07|0.7950|
|.|         23|          5|        735|     32650014.32|         23|00:00:00|+0.01|0.06|0.8024|
|.|         17|          5|        735|     32639457.20|         23|00:00:00|-0.01|0.04|0.8160|
|.|          8|          5|        735|     32646871.81|         23|00:00:00|-0.00|0.04|0.8100|
|.|          2|          5|        735|     32643196.64|         23|00:00:00|+0.01|0.05|0.8023|
|.|          6|          5|        735|     32624481.57|         23|00:00:00|-0.01|0.03|0.8091|
|.|         22|          5|        735|     32611073.71|         23|00:00:00|-0.01|0.03|0.8160|
|.|          9|          5|        735|     32598693.08|         23|00:00:00|-0.02|0.02|0.8190|
+-+-----------+-----------+-----------+----------------+-----------+--------+-----+----+------+
Best-so-far configuration:         735    mean value:      32598693.08
Description of the best-so-far configuration:
    .ID. algorithm localsearch alpha beta  rho ants   q0 rasrank elitistants
735  735       acs           3  3.13  4.8 0.79   73 0.81      NA          NA
    nnls dlb .PARENT.
735   10   1      548

# 2025-01-21 02:45:27 -03: Elite configurations (first number is the configuration ID; listed from best to worst according to the sum of ranks):
    algorithm localsearch alpha beta  rho ants   q0 rasrank elitistants nnls
735       acs           3  3.13 4.80 0.79   73 0.81      NA          NA   10
740       acs           3  2.98 5.53 0.87   65 0.60      NA          NA   15
548       acs           3  3.07 5.53 0.86   74 0.74      NA          NA   10
720       acs           3  2.95 4.50 0.79   68 0.59      NA          NA   11
674       acs           3  2.93 5.56 0.92   67 0.60      NA          NA   14
    dlb
735   1
740   1
548   1
720   1
674   1
# 2025-01-21 02:45:27 -03: Stopped because there is not enough budget left to race more than the minimum (5).
# You may either increase the budget or set 'minNbSurvival' to a lower value.
# Iteration: 10
# nbIterations: 10
# experimentsUsedSoFar: 4989
# timeUsed: 0
# remainingBudget: 11
# currentBudget: 11
# number of elites: 5
# nbConfigurations: 5
# Total CPU user time: 51645.68, CPU sys time: 412.688, Wall-clock time: 7366.71
    .ID. algorithm localsearch alpha beta  rho ants   q0 rasrank elitistants
735  735       acs           3  3.13 4.80 0.79   73 0.81      NA          NA
740  740       acs           3  2.98 5.53 0.87   65 0.60      NA          NA
548  548       acs           3  3.07 5.53 0.86   74 0.74      NA          NA
720  720       acs           3  2.95 4.50 0.79   68 0.59      NA          NA
674  674       acs           3  2.93 5.56 0.92   67 0.60      NA          NA
    nnls dlb .PARENT. .ALIVE. .RANK.   .WEIGHT.
735   10   1      548    TRUE     68 0.33333333
740   15   1      674    TRUE     72 0.26666667
548   10   1      374    TRUE     76 0.20000000
720   11   1      546    TRUE     78 0.13333333
674   14   1      564    TRUE     81 0.06666667
