# 2025-02-02 16:47:36 -03: 2 expression(s) specifying forbidden configurations read.
# 2025-02-02 16:47:36 -03: Initialization
# Elitist race
# Elitist new instances: 1
# Elitist limit: 2
# nbIterations: 5
# minNbSurvival: 5
# nbParameters: 8
# seed: 128
# confidence level: 0.95
# budget: 5000
# mu: 5
# deterministic: FALSE

# 2025-02-02 16:47:36 -03: Iteration 1 of 5
# experimentsUsedSoFar: 0
# remainingBudget: 5000
# currentBudget: 1000
# nbConfigurations: 166
# Markers:
     x No test is performed.
     c Configurations are discarded only due to capping.
     - The test is performed and some configurations are discarded.
     = The test is performed but no configuration is discarded.
     ! The test is performed and configurations could be discarded but elite configurations are preserved.
     . All alive configurations are elite and nothing is discarded.

+-+-----------+-----------+-----------+----------------+-----------+--------+-----+----+------+
| |   Instance|      Alive|       Best|       Mean best| Exp so far|  W time|  rho|KenW|  Qvar|
+-+-----------+-----------+-----------+----------------+-----------+--------+-----+----+------+
|x|          1|        166|         31|     4270.768013|        166|00:05:24|   NA|  NA|    NA|
|x|          2|        166|          1|     2606.795235|        332|00:05:18|+0.49|0.75|0.3438|
|x|          3|        166|        120|     9621.904391|        498|00:05:20|+0.61|0.74|0.2803|
|x|          4|        166|         82|     7647.518588|        664|00:05:41|+0.41|0.56|0.2932|
|-|          5|         51|         82|     1856076.972|        830|00:05:42|-0.00|0.20|0.9771|
|=|          6|         51|        120|     1174362.121|        881|00:00:58|+0.03|0.19|0.9802|
|-|          7|         20|        120|     1006596.177|        932|00:00:59|+0.09|0.22|0.9197|
|=|          8|         20|         82|     1161046.609|        952|00:00:17|+0.08|0.19|0.9620|
|-|          9|          9|         82|     1032045.034|        972|00:00:16|-0.03|0.08|0.9311|
|=|         10|          9|        150|     985873.8266|        981|00:00:08|-0.04|0.06|0.9039|
|=|         11|          9|        150|     979574.2020|        990|00:00:08|-0.03|0.07|0.8892|
+-+-----------+-----------+-----------+----------------+-----------+--------+-----+----+------+
Best-so-far configuration:         150    mean value:      979574.2020
Description of the best-so-far configuration:
    .ID. particles topology modInfluence phi1 phi2 inertia branching tSchedule
150  150        11        2            0 2.48 2.47    0.37        NA        NA
    .PARENT.
150       NA

first iteration, returning
# 2025-02-02 17:17:52 -03: Elite configurations (first number is the configuration ID; listed from best to worst according to the sum of ranks):
    particles topology modInfluence phi1 phi2 inertia branching tSchedule
150        11        2            0 2.48 2.47    0.37        NA        NA
120        38        4            2 1.90 2.17    0.44        NA        NA
82        141        0            0 1.31 2.31    0.23        NA        NA
65          3        4            2 0.45 1.07    0.01        NA        NA
11        156        4            0 2.42 2.44    0.06        NA        NA
# 2025-02-02 17:17:52 -03: Iteration 2 of 5
# experimentsUsedSoFar: 990
# remainingBudget: 4010
# currentBudget: 1002
# nbConfigurations: 88
# Markers:
     x No test is performed.
     c Configurations are discarded only due to capping.
     - The test is performed and some configurations are discarded.
     = The test is performed but no configuration is discarded.
     ! The test is performed and configurations could be discarded but elite configurations are preserved.
     . All alive configurations are elite and nothing is discarded.

+-+-----------+-----------+-----------+----------------+-----------+--------+-----+----+------+
| |   Instance|      Alive|       Best|       Mean best| Exp so far|  W time|  rho|KenW|  Qvar|
+-+-----------+-----------+-----------+----------------+-----------+--------+-----+----+------+
|x|         12|         88|        219|     57.89205538|         88|00:02:45|   NA|  NA|    NA|
|x|          5|         88|        183|     4378817.580|        171|00:02:33|+0.21|0.60|0.7349|
|x|          7|         88|        237|     767872.1723|        254|00:02:18|+0.48|0.65|0.5199|
|x|          1|         88|        239|     1676661.417|        337|00:02:23|+0.48|0.61|0.5418|
|-|          4|         39|        183|     1757018.288|        420|00:02:30|-0.01|0.19|1.0323|
|=|          8|         39|        183|     1464198.173|        454|00:00:44|+0.06|0.21|0.9651|
|-|          9|         25|        183|     1255027.987|        488|00:00:44|-0.01|0.13|0.9933|
|=|         11|         25|        212|     513053.0104|        508|00:00:17|-0.01|0.11|0.9739|
|=|          6|         25|        175|     293181.3422|        528|00:00:15|+0.00|0.11|0.9672|
|=|          3|         25|        175|     263863.2574|        548|00:00:15|+0.03|0.13|0.9362|
|=|          2|         25|        175|     239875.7755|        568|00:00:16|+0.05|0.13|0.9375|
|-|         10|         11|        175|     287573.5855|        588|00:00:17|-0.00|0.08|0.9175|
|=|         13|         11|        175|     267745.1024|        599|00:00:08|+0.02|0.09|0.8994|
|=|         14|         11|        175|     248620.5297|        610|00:00:09|+0.04|0.11|0.8844|
+-+-----------+-----------+-----------+----------------+-----------+--------+-----+----+------+
Best-so-far configuration:         175    mean value:      248620.5297
Description of the best-so-far configuration:
    .ID. particles topology modInfluence phi1 phi2 inertia branching tSchedule
175  175         4        4            2 0.44 1.93     0.1        NA        NA
    .PARENT.
175       65

# 2025-02-02 17:33:35 -03: Elite configurations (first number is the configuration ID; listed from best to worst according to the sum of ranks):
    particles topology modInfluence phi1 phi2 inertia branching tSchedule
175         4        4            2 0.44 1.93    0.10        NA        NA
212        24        0            0 1.96 1.93    0.08        NA        NA
237        19        0            0 2.48 1.59    0.35        NA        NA
150        11        2            0 2.48 2.47    0.37        NA        NA
194         9        5            2 1.88 1.73    0.13        NA        10
# 2025-02-02 17:33:35 -03: Iteration 3 of 5
# experimentsUsedSoFar: 1600
# remainingBudget: 3400
# currentBudget: 1133
# nbConfigurations: 80
# Markers:
     x No test is performed.
     c Configurations are discarded only due to capping.
     - The test is performed and some configurations are discarded.
     = The test is performed but no configuration is discarded.
     ! The test is performed and configurations could be discarded but elite configurations are preserved.
     . All alive configurations are elite and nothing is discarded.

+-+-----------+-----------+-----------+----------------+-----------+--------+-----+----+------+
| |   Instance|      Alive|       Best|       Mean best| Exp so far|  W time|  rho|KenW|  Qvar|
+-+-----------+-----------+-----------+----------------+-----------+--------+-----+----+------+
|x|         15|         80|        282|     86.94332598|         80|00:01:30|   NA|  NA|    NA|
|x|          7|         80|        317|     86.16674824|        155|00:01:04|+0.22|0.61|0.6582|
|x|         14|         80|        317|     57.63958144|        230|00:01:06|+0.39|0.60|0.5427|
|x|          9|         80|        277|     44.67265079|        305|00:01:09|+0.49|0.62|0.5095|
|-|          3|         24|        317|     36.93079682|        380|00:01:04|+0.00|0.20|0.9409|
|=|         12|         24|        317|     62.29931063|        399|00:00:19|-0.03|0.15|0.9605|
|=|         10|         24|        317|     170342.7873|        418|00:00:16|-0.00|0.14|0.9548|
|=|         13|         24|        317|     155545.9559|        437|00:00:13|+0.01|0.13|0.9382|
|=|          8|         24|        237|     108146.1672|        456|00:00:14|+0.02|0.13|0.9218|
|=|          1|         24|        317|     128524.7029|        475|00:00:14|+0.01|0.11|0.9170|
|=|          5|         24|        237|     301829.6406|        494|00:00:16|+0.05|0.13|0.8970|
|=|         11|         24|        317|     356349.1231|        513|00:00:16|+0.04|0.12|0.9143|
|=|          4|         24|        298|     280240.9980|        532|00:00:17|+0.03|0.11|0.9185|
|=|          6|         24|        317|     305443.2687|        551|00:00:14|+0.03|0.10|0.9198|
|-|          2|         18|        317|     285080.4651|        570|00:00:14|-0.02|0.05|0.9489|
|=|         16|         18|        298|     227702.7611|        588|00:00:14|-0.01|0.05|0.9456|
|=|         17|         18|        298|     217765.5981|        606|00:00:15|-0.01|0.05|0.9403|
+-+-----------+-----------+-----------+----------------+-----------+--------+-----+----+------+
Best-so-far configuration:         298    mean value:      217765.5981
Description of the best-so-far configuration:
    .ID. particles topology modInfluence phi1 phi2 inertia branching tSchedule
298  298         5        0            2 2.24 2.06    0.24        NA        NA
    .PARENT.
298      194

# 2025-02-02 17:42:38 -03: Elite configurations (first number is the configuration ID; listed from best to worst according to the sum of ranks):
    particles topology modInfluence phi1 phi2 inertia branching tSchedule
298         5        0            2 2.24 2.06    0.24        NA        NA
294        10        0            0 2.09 2.44    0.25        NA        NA
317        52        0            0 2.10 2.24    0.03        NA        NA
305         7        1            0 2.21 1.98    0.26        NA        NA
175         4        4            2 0.44 1.93    0.10        NA        NA
# 2025-02-02 17:42:38 -03: Iteration 4 of 5
# experimentsUsedSoFar: 2206
# remainingBudget: 2794
# currentBudget: 1397
# nbConfigurations: 82
# Markers:
     x No test is performed.
     c Configurations are discarded only due to capping.
     - The test is performed and some configurations are discarded.
     = The test is performed but no configuration is discarded.
     ! The test is performed and configurations could be discarded but elite configurations are preserved.
     . All alive configurations are elite and nothing is discarded.

+-+-----------+-----------+-----------+----------------+-----------+--------+-----+----+------+
| |   Instance|      Alive|       Best|       Mean best| Exp so far|  W time|  rho|KenW|  Qvar|
+-+-----------+-----------+-----------+----------------+-----------+--------+-----+----+------+
|x|         18|         82|        374|     138.2889538|         82|00:02:05|   NA|  NA|    NA|
|x|          4|         82|        383|     75.28733758|        159|00:01:47|-0.21|0.39|0.7749|
|x|          5|         82|        367|     572335.4775|        236|00:01:51|-0.03|0.31|0.5162|
|x|          8|         82|        362|     449788.1453|        313|00:01:42|+0.13|0.35|0.5471|
|-|         16|         39|        362|     359830.5645|        390|00:01:45|-0.03|0.18|1.0274|
|=|          1|         39|        362|     317597.2941|        424|00:00:27|-0.08|0.10|1.0466|
|=|         12|         39|        367|     253730.0056|        458|00:00:32|-0.06|0.09|1.0086|
|=|          7|         39|        367|     222013.8134|        492|00:00:25|-0.05|0.08|1.0075|
|=|         10|         39|        367|     307995.9117|        526|00:00:28|-0.02|0.09|0.9818|
|=|          3|         39|        350|     166765.4178|        560|00:00:25|-0.01|0.09|0.9713|
|=|         11|         39|        367|     315273.7228|        594|00:00:27|-0.01|0.08|0.9722|
|=|         15|         39|        325|     320771.8001|        628|00:00:34|+0.01|0.09|0.9606|
|=|          2|         39|        367|     266786.1189|        662|00:00:26|+0.01|0.09|0.9481|
|=|          9|         39|        362|     234958.8627|        696|00:00:24|+0.02|0.09|0.9492|
|=|         13|         39|        399|     177575.1129|        730|00:00:26|+0.01|0.08|0.9491|
|=|         17|         39|        350|     158632.5381|        764|00:00:22|+0.01|0.07|0.9403|
|=|         14|         39|        380|     225731.5649|        798|00:00:25|+0.02|0.08|0.9373|
|=|          6|         39|        380|     213191.0782|        832|00:00:26|+0.01|0.07|0.9442|
|=|         19|         39|        380|     241402.0504|        871|00:00:36|+0.02|0.07|0.9410|
+-+-----------+-----------+-----------+----------------+-----------+--------+-----+----+------+
Best-so-far configuration:         380    mean value:      241402.0504
Description of the best-so-far configuration:
    .ID. particles topology modInfluence phi1 phi2 inertia branching tSchedule
380  380        17        0            0 2.41 2.05    0.11        NA        NA
    .PARENT.
380      317

# 2025-02-02 17:58:20 -03: Elite configurations (first number is the configuration ID; listed from best to worst according to the sum of ranks):
    particles topology modInfluence phi1 phi2 inertia branching tSchedule
380        17        0            0 2.41 2.05    0.11        NA        NA
399         3        0            1 1.99 2.31    0.24        NA        NA
350        12        0            0 1.83 2.36    0.18        NA        NA
333        34        0            0 2.28 2.36    0.10        NA        NA
364        21        0            0 2.27 2.01    0.27        NA        NA
# 2025-02-02 17:58:20 -03: Iteration 5 of 5
# experimentsUsedSoFar: 3077
# remainingBudget: 1923
# currentBudget: 1923
# nbConfigurations: 100
# Markers:
     x No test is performed.
     c Configurations are discarded only due to capping.
     - The test is performed and some configurations are discarded.
     = The test is performed but no configuration is discarded.
     ! The test is performed and configurations could be discarded but elite configurations are preserved.
     . All alive configurations are elite and nothing is discarded.

+-+-----------+-----------+-----------+----------------+-----------+--------+-----+----+------+
| |   Instance|      Alive|       Best|       Mean best| Exp so far|  W time|  rho|KenW|  Qvar|
+-+-----------+-----------+-----------+----------------+-----------+--------+-----+----+------+
|x|         20|        100|        468|     161.4438851|        100|00:01:56|   NA|  NA|    NA|
|x|         10|        100|        453|     250194.0559|        195|00:01:40|+0.01|0.51|0.6145|
|x|          1|        100|        406|     258642.6263|        290|00:01:30|+0.11|0.41|0.5862|
|x|         13|        100|        466|     177869.6620|        385|00:01:37|+0.18|0.38|0.6096|
|-|          4|         77|        477|     123078.3479|        480|00:01:38|-0.13|0.10|1.0857|
|=|         12|         77|        475|     90870.11888|        552|00:01:12|-0.07|0.10|1.0250|
|=|          8|         77|        475|     77900.41129|        624|00:00:59|-0.06|0.09|1.0088|
|=|          5|         77|        477|     229050.1744|        696|00:01:05|-0.04|0.09|0.9643|
|=|         18|         77|        477|     203621.1596|        768|00:01:09|-0.05|0.07|0.9407|
|=|         19|         77|        477|     309114.5821|        840|00:01:04|-0.03|0.07|0.9091|
|=|          6|         77|        477|     281013.5212|        912|00:00:59|-0.02|0.07|0.9001|
|=|          3|         77|        477|     257595.7679|        984|00:01:00|-0.01|0.07|0.9000|
|=|         11|         77|        477|     291884.6518|       1056|00:01:04|-0.01|0.07|0.8908|
|=|          9|         77|        477|     271035.7683|       1128|00:00:52|+0.00|0.07|0.8706|
|=|         17|         77|        477|     255711.9954|       1200|00:00:54|+0.00|0.07|0.8548|
|=|         15|         77|        477|     239740.6728|       1272|00:01:13|+0.01|0.08|0.8458|
|-|         16|         45|        477|     225638.2951|       1344|00:00:56|-0.03|0.03|0.9785|
|=|         14|         45|        477|     213102.8806|       1384|00:00:29|-0.03|0.03|0.9766|
|=|          7|         45|        477|     201886.9665|       1424|00:00:29|-0.02|0.03|0.9759|
|=|          2|         45|        477|     191792.6652|       1464|00:00:30|-0.02|0.03|0.9687|
|=|         21|         45|        477|     182659.7042|       1509|00:00:30|-0.02|0.03|0.9747|
+-+-----------+-----------+-----------+----------------+-----------+--------+-----+----+------+
Best-so-far configuration:         477    mean value:      182659.7042
Description of the best-so-far configuration:
    .ID. particles topology modInfluence phi1 phi2 inertia branching tSchedule
477  477        12        0            0 2.36  2.2    0.19        NA        NA
    .PARENT.
477      380

# 2025-02-02 18:21:17 -03: Elite configurations (first number is the configuration ID; listed from best to worst according to the sum of ranks):
    particles topology modInfluence phi1 phi2 inertia branching tSchedule
477        12        0            0 2.36 2.20    0.19        NA        NA
441        10        0            0 1.97 2.25    0.16        NA        NA
453        13        0            0 2.29 2.12    0.14        NA        NA
475        13        0            0 2.15 2.03    0.14        NA        NA
403        12        0            0 2.37 2.17    0.09        NA        NA
# 2025-02-02 18:21:17 -03: Iteration 6 of 6
# experimentsUsedSoFar: 4586
# remainingBudget: 414
# currentBudget: 414
# nbConfigurations: 23
# Markers:
     x No test is performed.
     c Configurations are discarded only due to capping.
     - The test is performed and some configurations are discarded.
     = The test is performed but no configuration is discarded.
     ! The test is performed and configurations could be discarded but elite configurations are preserved.
     . All alive configurations are elite and nothing is discarded.

+-+-----------+-----------+-----------+----------------+-----------+--------+-----+----+------+
| |   Instance|      Alive|       Best|       Mean best| Exp so far|  W time|  rho|KenW|  Qvar|
+-+-----------+-----------+-----------+----------------+-----------+--------+-----+----+------+
|x|         22|         23|        509|     2.641173786|         23|00:00:15|   NA|  NA|    NA|
|x|          6|         23|        509|     2.777460927|         41|00:00:12|+0.02|0.51|1.0613|
|x|         14|         23|        500|     2.152980986|         59|00:00:12|-0.04|0.31|0.9874|
|x|         20|         23|        502|     49.23606153|         77|00:00:16|+0.05|0.29|0.9159|
|=|          5|         23|        512|     293998.3947|         95|00:00:16|+0.01|0.21|0.9988|
|=|          1|         23|        512|     254733.7178|        113|00:00:13|+0.09|0.24|0.9116|
|=|          9|         23|        403|     223755.9004|        131|00:00:12|+0.03|0.17|0.9435|
|-|         18|         18|        403|     195809.1463|        149|00:00:15|-0.05|0.08|0.9459|
|=|         10|         18|        512|     241352.5033|        162|00:00:10|-0.02|0.10|0.9052|
|=|         12|         18|        453|     281104.5329|        175|00:00:12|+0.00|0.10|0.8786|
|=|          8|         18|        477|     164667.0532|        188|00:00:09|-0.01|0.08|0.8928|
|=|         19|         18|        477|     255824.4141|        201|00:00:10|-0.01|0.07|0.8940|
|=|          4|         18|        477|     236146.5645|        214|00:00:10|-0.01|0.07|0.8782|
|=|          7|         18|        453|     314504.2551|        227|00:00:08|-0.01|0.06|0.8820|
|=|         13|         18|        512|     235317.7574|        240|00:00:09|-0.02|0.05|0.8977|
|=|          2|         18|        512|     220610.4595|        253|00:00:08|-0.02|0.04|0.9173|
|=|         11|         18|        512|     243464.4331|        266|00:00:10|-0.02|0.04|0.9155|
|=|         21|         18|        475|     273186.7534|        279|00:00:08|-0.02|0.03|0.9314|
|=|          3|         18|        512|     217836.6486|        292|00:00:08|-0.02|0.03|0.9289|
|=|         16|         18|        512|     206944.8293|        305|00:00:08|-0.02|0.03|0.9278|
|=|         17|         18|        509|     222508.2250|        318|00:00:09|-0.02|0.03|0.9186|
|=|         15|         18|        509|     212402.4552|        331|00:00:10|-0.01|0.04|0.9128|
|=|         23|         18|        509|     203168.0934|        349|00:00:15|+0.00|0.04|0.9069|
+-+-----------+-----------+-----------+----------------+-----------+--------+-----+----+------+
Best-so-far configuration:         509    mean value:      203168.0934
Description of the best-so-far configuration:
    .ID. particles topology modInfluence phi1 phi2 inertia branching tSchedule
509  509        14        0            0 1.74 2.21    0.19        NA        NA
    .PARENT.
509      441

# 2025-02-02 18:25:42 -03: Elite configurations (first number is the configuration ID; listed from best to worst according to the sum of ranks):
    particles topology modInfluence phi1 phi2 inertia branching tSchedule
509        14        0            0 1.74 2.21    0.19        NA        NA
512        11        0            0 1.83 2.38    0.15        NA        NA
477        12        0            0 2.36 2.20    0.19        NA        NA
441        10        0            0 1.97 2.25    0.16        NA        NA
475        13        0            0 2.15 2.03    0.14        NA        NA
# 2025-02-02 18:25:42 -03: Iteration 7 of 7
# experimentsUsedSoFar: 4935
# remainingBudget: 65
# currentBudget: 65
# nbConfigurations: 7
# Markers:
     x No test is performed.
     c Configurations are discarded only due to capping.
     - The test is performed and some configurations are discarded.
     = The test is performed but no configuration is discarded.
     ! The test is performed and configurations could be discarded but elite configurations are preserved.
     . All alive configurations are elite and nothing is discarded.

+-+-----------+-----------+-----------+----------------+-----------+--------+-----+----+------+
| |   Instance|      Alive|       Best|       Mean best| Exp so far|  W time|  rho|KenW|  Qvar|
+-+-----------+-----------+-----------+----------------+-----------+--------+-----+----+------+
|x|         24|          7|        515|    0.6535376150|          7|00:00:05|   NA|  NA|    NA|
|x|          5|          7|        477|     608382.1312|          9|00:00:02|-0.11|0.45|0.9641|
|x|         12|          7|        477|     405650.8859|         11|00:00:01|-0.14|0.24|1.0378|
|x|         14|          7|        441|     430375.2947|         13|00:00:01|-0.02|0.23|0.9558|
|=|         16|          7|        477|     243390.7488|         15|00:00:01|+0.05|0.24|0.8641|
|=|         13|          7|        477|     206366.8769|         17|00:00:01|+0.00|0.17|0.8511|
|=|         21|          7|        477|     176885.9637|         19|00:00:01|-0.03|0.12|0.8818|
|=|         22|          7|        477|     154775.5939|         21|00:00:01|-0.09|0.04|0.9344|
|=|         17|          7|        441|     197294.2345|         23|00:00:01|-0.09|0.03|0.9334|
|=|          3|          7|        441|     177564.8592|         25|00:00:01|-0.08|0.03|0.9147|
|=|         15|          7|        441|     161438.2246|         27|00:00:01|-0.06|0.04|0.9157|
|=|          8|          7|        477|     106634.4160|         29|00:00:01|-0.05|0.04|0.9008|
|=|         19|          7|        477|     195243.7213|         31|00:00:01|-0.02|0.05|0.8935|
|=|         23|          7|        441|     197549.9880|         33|00:00:02|-0.00|0.07|0.8737|
|=|         18|          7|        509|     215114.0397|         35|00:00:01|-0.01|0.06|0.8713|
|=|         11|          7|        441|     204850.1676|         37|00:00:01|-0.00|0.06|0.8674|
|=|         10|          7|        512|     242477.4837|         39|00:00:01|-0.02|0.04|0.8776|
|=|          6|          7|        509|     253878.8066|         41|00:00:01|-0.02|0.04|0.8667|
|=|          7|          7|        509|     240516.7850|         43|00:00:01|-0.01|0.04|0.8640|
|=|          1|          7|        509|     233631.9840|         45|00:00:01|-0.01|0.04|0.8588|
|=|          2|          7|        441|     195868.8071|         47|00:00:01|-0.02|0.03|0.8686|
|=|         20|          7|        512|     190032.9844|         49|00:00:01|-0.02|0.03|0.8643|
|=|          9|          7|        509|     203167.5465|         51|00:00:01|-0.01|0.03|0.8655|
|=|          4|          7|        477|     159827.9384|         53|00:00:02|-0.02|0.02|0.8640|
|=|         25|          7|        477|     175985.8265|         60|00:00:05|-0.01|0.03|0.8570|
+-+-----------+-----------+-----------+----------------+-----------+--------+-----+----+------+
Best-so-far configuration:         477    mean value:      175985.8265
Description of the best-so-far configuration:
    .ID. particles topology modInfluence phi1 phi2 inertia branching tSchedule
477  477        12        0            0 2.36  2.2    0.19        NA        NA
    .PARENT.
477      380

# 2025-02-02 18:26:31 -03: Elite configurations (first number is the configuration ID; listed from best to worst according to the sum of ranks):
    particles topology modInfluence phi1 phi2 inertia branching tSchedule
477        12        0            0 2.36 2.20    0.19        NA        NA
441        10        0            0 1.97 2.25    0.16        NA        NA
509        14        0            0 1.74 2.21    0.19        NA        NA
512        11        0            0 1.83 2.38    0.15        NA        NA
516        15        0            0 2.33 2.34    0.21        NA        NA
# 2025-02-02 18:26:31 -03: Stopped because there is not enough budget left to race more than the minimum (5).
# You may either increase the budget or set 'minNbSurvival' to a lower value.
# Iteration: 8
# nbIterations: 8
# experimentsUsedSoFar: 4995
# timeUsed: 0
# remainingBudget: 5
# currentBudget: 5
# number of elites: 5
# nbConfigurations: 5
# Total CPU user time: 5876.338, CPU sys time: 86.485, Wall-clock time: 5935.784
    .ID. particles topology modInfluence phi1 phi2 inertia branching tSchedule
477  477        12        0            0 2.36 2.20    0.19        NA        NA
441  441        10        0            0 1.97 2.25    0.16        NA        NA
509  509        14        0            0 1.74 2.21    0.19        NA        NA
512  512        11        0            0 1.83 2.38    0.15        NA        NA
516  516        15        0            0 2.33 2.34    0.21        NA        NA
    .PARENT. .ALIVE. .RANK.   .WEIGHT.
477      380    TRUE     91 0.33333333
441      350    TRUE     93 0.26666667
509      441    TRUE     95 0.20000000
512      441    TRUE     95 0.13333333
516      477    TRUE    103 0.06666667
