# 2025-01-29 05:38:07 -03: 2 expression(s) specifying forbidden configurations read.
# 2025-01-29 05:38:07 -03: Initialization
# Elitist race
# Elitist new instances: 1
# Elitist limit: 2
# nbIterations: 5
# minNbSurvival: 5
# nbParameters: 8
# seed: 7018
# confidence level: 0.95
# budget: 5000
# mu: 5
# deterministic: FALSE

# 2025-01-29 05:38:07 -03: Iteration 1 of 5
# experimentsUsedSoFar: 0
# remainingBudget: 5000
# currentBudget: 1000
# nbConfigurations: 166
# Markers:
     x No test is performed.
     c Configurations are discarded only due to capping.
     - The test is performed and some configurations are discarded.
     = The test is performed but no configuration is discarded.
     ! The test is performed and configurations could be discarded but elite configurations are preserved.
     . All alive configurations are elite and nothing is discarded.

+-+-----------+-----------+-----------+----------------+-----------+--------+-----+----+------+
| |   Instance|      Alive|       Best|       Mean best| Exp so far|  W time|  rho|KenW|  Qvar|
+-+-----------+-----------+-----------+----------------+-----------+--------+-----+----+------+
|x|          1|        166|        144|     892.2425928|        166|00:41:16|   NA|  NA|    NA|
|x|          2|        166|         50|     522.2002033|        332|00:05:40|+0.74|0.87|0.3631|
|x|          3|        166|        114|     359.5610245|        498|00:05:25|+0.57|0.71|0.4205|
|x|          4|        166|        114|     271.2649828|        664|00:05:34|+0.51|0.63|0.5286|
|-|          5|         46|         44|     230.0969503|        830|00:18:40|+0.03|0.23|0.9936|
|-|          6|         25|         58|     189.9075932|        876|00:01:02|-0.03|0.14|0.9413|
|=|          7|         25|         50|     170.8268332|        901|00:00:21|-0.03|0.12|0.8779|
|=|          8|         25|         58|     203.4562978|        926|00:03:21|-0.03|0.09|0.8625|
+-+-----------+-----------+-----------+----------------+-----------+--------+-----+----+------+
Best-so-far configuration:          58    mean value:      203.4562978
Description of the best-so-far configuration:
   .ID. particles topology modInfluence phi1 phi2 inertia branching tSchedule
58   58       173        5            0 0.56 1.73    0.52        NA         6
   .PARENT.
58       NA

first iteration, returning
# 2025-01-29 06:59:30 -03: Elite configurations (first number is the configuration ID; listed from best to worst according to the sum of ranks):
    particles topology modInfluence phi1 phi2 inertia branching tSchedule
58        173        5            0 0.56 1.73    0.52        NA         6
50        192        4            0 2.09 2.04    0.56        NA        NA
150       174        5            0 0.59 2.29    0.26        NA         4
5          95        4            0 2.07 2.16    0.46        NA        NA
114       165        0            0 1.49 2.28    0.56        NA        NA
# 2025-01-29 06:59:30 -03: Iteration 2 of 5
# experimentsUsedSoFar: 926
# remainingBudget: 4074
# currentBudget: 1018
# nbConfigurations: 117
# Markers:
     x No test is performed.
     c Configurations are discarded only due to capping.
     - The test is performed and some configurations are discarded.
     = The test is performed but no configuration is discarded.
     ! The test is performed and configurations could be discarded but elite configurations are preserved.
     . All alive configurations are elite and nothing is discarded.

+-+-----------+-----------+-----------+----------------+-----------+--------+-----+----+------+
| |   Instance|      Alive|       Best|       Mean best| Exp so far|  W time|  rho|KenW|  Qvar|
+-+-----------+-----------+-----------+----------------+-----------+--------+-----+----+------+
|x|          9|        117|        268|     92.53161919|        117|00:04:41|   NA|  NA|    NA|
|x|          6|        117|        114|     83.64858960|        229|00:05:03|+0.74|0.87|0.2465|
|x|          8|        117|        173|     174.9404119|        341|00:17:55|+0.79|0.86|0.3554|
|x|          5|        117|        244|     169.4835561|        453|00:13:25|+0.65|0.74|0.4260|
|-|          2|         33|        244|     163.0305502|        565|00:04:49|-0.04|0.17|0.9850|
|=|          1|         33|        244|     283.4938324|        593|00:06:25|+0.02|0.18|0.9132|
|=|          7|         33|        244|     266.8692692|        621|00:00:24|-0.00|0.14|0.9236|
|=|          3|         33|         58|     222.0170950|        649|00:00:24|+0.01|0.13|0.9140|
|=|          4|         33|         58|     198.0467314|        677|00:00:22|+0.01|0.12|0.9132|
|=|         10|         33|        150|     294.2522495|        710|00:06:33|+0.01|0.11|0.9181|
+-+-----------+-----------+-----------+----------------+-----------+--------+-----+----+------+
Best-so-far configuration:         150    mean value:      294.2522495
Description of the best-so-far configuration:
    .ID. particles topology modInfluence phi1 phi2 inertia branching tSchedule
150  150       174        5            0 0.59 2.29    0.26        NA         4
    .PARENT.
150       NA

# 2025-01-29 07:59:38 -03: Elite configurations (first number is the configuration ID; listed from best to worst according to the sum of ranks):
    particles topology modInfluence phi1 phi2 inertia branching tSchedule
150       174        5            0 0.59 2.29    0.26        NA         4
206       153        5            0 0.19 1.41    0.34        NA         7
214       136        4            0 1.09 1.63    0.21        NA        NA
114       165        0            0 1.49 2.28    0.56        NA        NA
50        192        4            0 2.09 2.04    0.56        NA        NA
# 2025-01-29 07:59:38 -03: Iteration 3 of 5
# experimentsUsedSoFar: 1636
# remainingBudget: 3364
# currentBudget: 1121
# nbConfigurations: 106
# Markers:
     x No test is performed.
     c Configurations are discarded only due to capping.
     - The test is performed and some configurations are discarded.
     = The test is performed but no configuration is discarded.
     ! The test is performed and configurations could be discarded but elite configurations are preserved.
     . All alive configurations are elite and nothing is discarded.

+-+-----------+-----------+-----------+----------------+-----------+--------+-----+----+------+
| |   Instance|      Alive|       Best|       Mean best| Exp so far|  W time|  rho|KenW|  Qvar|
+-+-----------+-----------+-----------+----------------+-----------+--------+-----+----+------+
|x|         11|        106|        297|     7194.152271|        106|00:03:44|   NA|  NA|    NA|
|x|          4|        106|        296|     3645.344787|        207|00:03:28|+0.49|0.75|0.3244|
|x|          7|        106|        307|     2447.046418|        308|00:03:29|+0.61|0.74|0.2519|
|x|          3|        106|        307|     1836.331813|        409|00:03:30|+0.65|0.74|0.2150|
|-|          1|         36|        307|     1648.480927|        510|00:25:13|-0.14|0.09|1.0606|
|=|          8|         36|        307|     1581.975865|        541|00:04:16|-0.10|0.08|1.0433|
|=|         10|         36|        307|     1435.287510|        572|00:06:21|-0.08|0.07|1.0075|
|=|          9|         36|        307|     1275.203188|        603|00:00:34|-0.05|0.08|0.9825|
|=|          6|         36|        150|     1144.087225|        634|00:00:40|-0.02|0.10|0.9312|
|=|          2|         36|        358|     1046.791540|        665|00:00:34|+0.00|0.10|0.8926|
|=|          5|         36|        358|     954.3458545|        696|00:03:00|-0.00|0.09|0.9195|
|=|         12|         36|        358|     951.0820388|        732|00:07:29|+0.01|0.10|0.8985|
+-+-----------+-----------+-----------+----------------+-----------+--------+-----+----+------+
Best-so-far configuration:         358    mean value:      951.0820388
Description of the best-so-far configuration:
    .ID. particles topology modInfluence phi1 phi2 inertia branching tSchedule
358  358       175        0            0 1.61 2.08    0.45        NA        NA
    .PARENT.
358      114

# 2025-01-29 09:02:04 -03: Elite configurations (first number is the configuration ID; listed from best to worst according to the sum of ranks):
    particles topology modInfluence phi1 phi2 inertia branching tSchedule
358       175        0            0 1.61 2.08    0.45        NA        NA
299       162        0            0 1.60 2.44    0.50        NA        NA
338       150        5            0 0.48 1.66    0.37        NA         7
150       174        5            0 0.59 2.29    0.26        NA         4
325       150        0            0 1.46 2.42    0.60        NA        NA
# 2025-01-29 09:02:04 -03: Iteration 4 of 5
# experimentsUsedSoFar: 2368
# remainingBudget: 2632
# currentBudget: 1316
# nbConfigurations: 105
# Markers:
     x No test is performed.
     c Configurations are discarded only due to capping.
     - The test is performed and some configurations are discarded.
     = The test is performed but no configuration is discarded.
     ! The test is performed and configurations could be discarded but elite configurations are preserved.
     . All alive configurations are elite and nothing is discarded.

+-+-----------+-----------+-----------+----------------+-----------+--------+-----+----+------+
| |   Instance|      Alive|       Best|       Mean best| Exp so far|  W time|  rho|KenW|  Qvar|
+-+-----------+-----------+-----------+----------------+-----------+--------+-----+----+------+
|x|         13|        105|        474|     908.9111310|        105|00:23:28|   NA|  NA|    NA|
|x|         11|        105|        402|     4040.845228|        205|00:03:28|+0.52|0.76|0.1416|
|x|          1|        105|        419|     3026.229062|        305|00:24:49|+0.59|0.73|0.2321|
|x|         10|        105|        412|     2452.423491|        405|00:22:00|+0.40|0.55|0.2918|
|-|          4|         68|        412|     1963.093257|        505|00:03:24|-0.13|0.10|1.0110|
|=|          7|         68|        419|     1624.201260|        568|00:00:56|-0.10|0.09|1.0001|
|=|          8|         68|        384|     1473.368727|        631|00:08:23|-0.08|0.08|1.0034|
|=|          9|         68|        384|     1308.453739|        694|00:00:52|-0.07|0.07|1.0055|
|=|         12|         68|        384|     1264.430252|        757|00:12:57|-0.05|0.07|0.9925|
|=|          2|         68|        471|     1155.849348|        820|00:00:55|-0.05|0.05|1.0151|
|=|          5|         68|        358|     1116.740802|        883|00:05:49|-0.05|0.05|1.0152|
|=|          3|         68|        358|     1023.998935|        946|00:00:55|-0.04|0.05|1.0010|
|=|          6|         68|        358|     948.0615386|       1009|00:01:08|-0.02|0.06|0.9871|
|=|         14|         68|        404|     864.2444899|       1077|00:01:02|-0.03|0.05|0.9886|
+-+-----------+-----------+-----------+----------------+-----------+--------+-----+----+------+
Best-so-far configuration:         404    mean value:      864.2444899
Description of the best-so-far configuration:
    .ID. particles topology modInfluence phi1 phi2 inertia branching tSchedule
404  404       156        5            0 0.36  2.1    0.31        NA         7
    .PARENT.
404      338

# 2025-01-29 10:52:18 -03: Elite configurations (first number is the configuration ID; listed from best to worst according to the sum of ranks):
    particles topology modInfluence phi1 phi2 inertia branching tSchedule
404       156        5            0 0.36 2.10    0.31        NA         7
358       175        0            0 1.61 2.08    0.45        NA        NA
411       158        5            0 0.30 1.81    0.42        NA         7
414       179        0            0 1.61 2.45    0.50        NA        NA
421       180        0            0 1.63 2.36    0.52        NA        NA
# 2025-01-29 10:52:18 -03: Iteration 5 of 5
# experimentsUsedSoFar: 3445
# remainingBudget: 1555
# currentBudget: 1555
# nbConfigurations: 108
# Markers:
     x No test is performed.
     c Configurations are discarded only due to capping.
     - The test is performed and some configurations are discarded.
     = The test is performed but no configuration is discarded.
     ! The test is performed and configurations could be discarded but elite configurations are preserved.
     . All alive configurations are elite and nothing is discarded.

+-+-----------+-----------+-----------+----------------+-----------+--------+-----+----+------+
| |   Instance|      Alive|       Best|       Mean best| Exp so far|  W time|  rho|KenW|  Qvar|
+-+-----------+-----------+-----------+----------------+-----------+--------+-----+----+------+
|x|         15|        108|        542|     52163.51738|        108|00:02:28|   NA|  NA|    NA|
|x|          2|        108|        404|     29481.30263|        211|00:02:31|-0.14|0.43|0.6524|
|x|         11|        108|        537|     35153.11099|        314|00:02:36|+0.05|0.37|0.4512|
|x|         12|        108|        544|     25360.41239|        417|00:22:07|+0.05|0.29|0.6562|
|-|          8|         80|        404|     13577.77396|        520|00:14:30|-0.11|0.11|1.0444|
|=|          7|         80|        544|     17090.56938|        595|00:01:02|-0.07|0.11|1.0321|
|=|          1|         80|        544|     14776.31568|        670|00:17:07|-0.03|0.12|0.9739|
|=|         13|         80|        544|     13043.16448|        745|00:15:23|-0.02|0.11|0.9644|
|=|          4|         80|        544|     11594.63982|        820|00:00:56|-0.02|0.09|0.9483|
|=|          5|         80|        544|     10438.47494|        895|00:06:57|-0.02|0.08|0.9528|
|=|         10|         80|        544|     9540.428005|        970|00:15:03|-0.02|0.07|0.9389|
|=|          9|         80|        544|     8755.406153|       1045|00:00:58|-0.02|0.07|0.9462|
|=|          3|         80|        544|     8082.232607|       1120|00:00:59|-0.01|0.07|0.9515|
|=|          6|         80|        544|     7507.607136|       1195|00:01:16|-0.01|0.06|0.9428|
|=|         14|         80|        544|     7017.404541|       1270|00:01:02|-0.00|0.07|0.9387|
|=|         16|         80|        544|     14333.24578|       1350|00:01:04|+0.00|0.06|0.9376|
+-+-----------+-----------+-----------+----------------+-----------+--------+-----+----+------+
Best-so-far configuration:         544    mean value:      14333.24578
Description of the best-so-far configuration:
    .ID. particles topology modInfluence phi1 phi2 inertia branching tSchedule
544  544       165        4            0 1.63 2.45    0.44        NA        NA
    .PARENT.
544      414

# 2025-01-29 12:38:26 -03: Elite configurations (first number is the configuration ID; listed from best to worst according to the sum of ranks):
    particles topology modInfluence phi1 phi2 inertia branching tSchedule
544       165        4            0 1.63 2.45    0.44        NA        NA
516       157        5            0 0.44 1.98    0.30        NA         7
560       167        5            0 0.52 2.28    0.26        NA         7
404       156        5            0 0.36 2.10    0.31        NA         7
565       158        5            0 0.50 2.19    0.27        NA         7
# 2025-01-29 12:38:26 -03: Iteration 6 of 6
# experimentsUsedSoFar: 4795
# remainingBudget: 205
# currentBudget: 205
# nbConfigurations: 16
# Markers:
     x No test is performed.
     c Configurations are discarded only due to capping.
     - The test is performed and some configurations are discarded.
     = The test is performed but no configuration is discarded.
     ! The test is performed and configurations could be discarded but elite configurations are preserved.
     . All alive configurations are elite and nothing is discarded.

+-+-----------+-----------+-----------+----------------+-----------+--------+-----+----+------+
| |   Instance|      Alive|       Best|       Mean best| Exp so far|  W time|  rho|KenW|  Qvar|
+-+-----------+-----------+-----------+----------------+-----------+--------+-----+----+------+
|x|         17|         16|        544|     252.5380363|         16|00:03:11|   NA|  NA|    NA|
|x|          7|         16|        544|     170.6532913|         27|00:00:09|+0.61|0.80|0.2251|
|x|         15|         16|        590|     27217.14310|         38|00:00:08|+0.18|0.45|0.6887|
|x|          8|         16|        590|     20721.57396|         49|00:01:27|-0.09|0.18|1.0290|
|=|          6|         16|        544|     18876.90032|         60|00:00:11|+0.04|0.23|0.8991|
|=|         11|         16|        560|     16959.43576|         71|00:00:09|+0.03|0.19|0.9034|
|=|          9|         16|        544|     14557.91141|         82|00:00:08|+0.06|0.20|0.8826|
|=|         12|         16|        544|     12851.86840|         93|00:02:14|+0.09|0.20|0.8602|
|=|          3|         16|        590|     10151.96327|        104|00:00:09|+0.06|0.17|0.8805|
|=|          2|         16|        544|     10295.77462|        115|00:00:10|+0.07|0.16|0.8731|
|-|         14|         11|        544|     9373.846762|        126|00:00:10|-0.01|0.08|0.9244|
|=|          1|         11|        544|     8666.925656|        132|00:01:22|+0.02|0.10|0.8998|
|=|         16|         11|        544|     17544.15171|        138|00:00:05|+0.06|0.13|0.8722|
|=|          4|         11|        544|     16291.45820|        144|00:00:04|+0.05|0.11|0.8631|
|=|          5|         11|        544|     15207.56038|        150|00:00:33|+0.02|0.09|0.8807|
|=|         10|         11|        590|     13303.78207|        156|00:01:12|+0.01|0.07|0.8893|
|=|         13|         11|        590|     12574.73285|        162|00:01:13|+0.03|0.09|0.8763|
|=|         18|         11|        590|     11906.23685|        173|00:02:12|+0.03|0.08|0.8808|
+-+-----------+-----------+-----------+----------------+-----------+--------+-----+----+------+
Best-so-far configuration:         590    mean value:      11906.23685
Description of the best-so-far configuration:
    .ID. particles topology modInfluence phi1 phi2 inertia branching tSchedule
590  590       164        4            0 1.66 2.45    0.39        NA        NA
    .PARENT.
590      544

# 2025-01-29 12:53:21 -03: Elite configurations (first number is the configuration ID; listed from best to worst according to the sum of ranks):
    particles topology modInfluence phi1 phi2 inertia branching tSchedule
590       164        4            0 1.66 2.45    0.39        NA        NA
544       165        4            0 1.63 2.45    0.44        NA        NA
593       163        4            0 1.76 2.48    0.42        NA        NA
560       167        5            0 0.52 2.28    0.26        NA         7
583       162        4            0 1.51 2.40    0.45        NA        NA
# 2025-01-29 12:53:21 -03: Iteration 7 of 7
# experimentsUsedSoFar: 4968
# remainingBudget: 32
# currentBudget: 32
# nbConfigurations: 6
# Markers:
     x No test is performed.
     c Configurations are discarded only due to capping.
     - The test is performed and some configurations are discarded.
     = The test is performed but no configuration is discarded.
     ! The test is performed and configurations could be discarded but elite configurations are preserved.
     . All alive configurations are elite and nothing is discarded.

+-+-----------+-----------+-----------+----------------+-----------+--------+-----+----+------+
| |   Instance|      Alive|       Best|       Mean best| Exp so far|  W time|  rho|KenW|  Qvar|
+-+-----------+-----------+-----------+----------------+-----------+--------+-----+----+------+
|x|         19|          6|        560|     232.5982532|          6|00:01:11|   NA|  NA|    NA|
|x|         15|          6|        560|     46847.08556|          7|00:00:00|-0.94|0.03|1.5189|
|x|         11|          6|        560|     33630.20960|          8|00:00:01|-0.28|0.15|0.9624|
|x|         16|          6|        560|     63045.20019|          9|00:00:01|-0.26|0.06|0.9690|
|=|          7|          6|        590|     41744.79696|         10|00:00:01|-0.23|0.02|1.0325|
|=|         12|          6|        590|     34939.00088|         11|00:00:12|-0.16|0.03|0.9808|
|=|          4|          6|        583|     34413.45528|         12|00:00:00|-0.12|0.04|0.9379|
|=|          9|          6|        594|     26571.70603|         13|00:00:00|-0.08|0.06|0.8920|
|=|         18|          6|        594|     23680.02683|         14|00:00:11|-0.09|0.03|0.9163|
|=|          8|          6|        594|     21437.00220|         15|00:00:07|-0.10|0.01|0.9202|
|=|          5|          6|        590|     19234.38686|         16|00:00:06|-0.09|0.01|0.9049|
|=|         14|          6|        590|     17645.15707|         17|00:00:01|-0.08|0.01|0.9022|
|=|          1|          6|        594|     16572.52417|         18|00:00:13|-0.07|0.02|0.8969|
|=|          2|          6|        594|     15398.31680|         19|00:00:00|-0.05|0.02|0.8824|
|=|         13|          6|        594|     14432.50372|         20|00:00:12|-0.06|0.01|0.8778|
|=|         10|          6|        590|     13391.52111|         21|00:00:12|-0.06|0.01|0.8769|
|=|         17|          6|        590|     12620.26764|         22|00:00:11|-0.04|0.02|0.8679|
|=|          6|          6|        594|     12075.82542|         23|00:00:01|-0.04|0.02|0.8687|
|=|          3|          6|        590|     11294.16639|         24|00:00:00|-0.03|0.02|0.8679|
|=|         20|          6|        594|     10870.85814|         30|00:00:05|-0.03|0.02|0.8595|
+-+-----------+-----------+-----------+----------------+-----------+--------+-----+----+------+
Best-so-far configuration:         594    mean value:      10870.85814
Description of the best-so-far configuration:
    .ID. particles topology modInfluence phi1 phi2 inertia branching tSchedule
594  594       163        4            0 1.56 2.48     0.4        NA        NA
    .PARENT.
594      590

# 2025-01-29 12:56:18 -03: Elite configurations (first number is the configuration ID; listed from best to worst according to the sum of ranks):
    particles topology modInfluence phi1 phi2 inertia branching tSchedule
594       163        4            0 1.56 2.48    0.40        NA        NA
590       164        4            0 1.66 2.45    0.39        NA        NA
593       163        4            0 1.76 2.48    0.42        NA        NA
544       165        4            0 1.63 2.45    0.44        NA        NA
583       162        4            0 1.51 2.40    0.45        NA        NA
# 2025-01-29 12:56:18 -03: Stopped because there is not enough budget left to race more than the minimum (5).
# You may either increase the budget or set 'minNbSurvival' to a lower value.
# Iteration: 8
# nbIterations: 8
# experimentsUsedSoFar: 4998
# timeUsed: 0
# remainingBudget: 2
# currentBudget: 2
# number of elites: 5
# nbConfigurations: 4
# Total CPU user time: 26205.64, CPU sys time: 110.524, Wall-clock time: 26290.26
    .ID. particles topology modInfluence phi1 phi2 inertia branching tSchedule
594  594       163        4            0 1.56 2.48    0.40        NA        NA
590  590       164        4            0 1.66 2.45    0.39        NA        NA
593  593       163        4            0 1.76 2.48    0.42        NA        NA
544  544       165        4            0 1.63 2.45    0.44        NA        NA
583  583       162        4            0 1.51 2.40    0.45        NA        NA
    .PARENT. .ALIVE. .RANK.   .WEIGHT.
594      590    TRUE     63 0.33333333
590      544    TRUE     65 0.26666667
593      544    TRUE     69 0.20000000
544      414    TRUE     70 0.13333333
583      544    TRUE     75 0.06666667
