# 2025-02-01 12:53:57 -03: 2 expression(s) specifying forbidden configurations read.
# 2025-02-01 12:53:57 -03: Initialization
# Elitist race
# Elitist new instances: 1
# Elitist limit: 2
# nbIterations: 5
# minNbSurvival: 5
# nbParameters: 8
# seed: 8860
# confidence level: 0.95
# budget: 5000
# mu: 5
# deterministic: FALSE

# 2025-02-01 12:53:57 -03: Iteration 1 of 5
# experimentsUsedSoFar: 0
# remainingBudget: 5000
# currentBudget: 1000
# nbConfigurations: 166
# Markers:
     x No test is performed.
     c Configurations are discarded only due to capping.
     - The test is performed and some configurations are discarded.
     = The test is performed but no configuration is discarded.
     ! The test is performed and configurations could be discarded but elite configurations are preserved.
     . All alive configurations are elite and nothing is discarded.

+-+-----------+-----------+-----------+----------------+-----------+--------+-----+----+------+
| |   Instance|      Alive|       Best|       Mean best| Exp so far|  W time|  rho|KenW|  Qvar|
+-+-----------+-----------+-----------+----------------+-----------+--------+-----+----+------+
|x|          1|        166|        133|     12.20916511|        166|00:05:50|   NA|  NA|    NA|
|x|          2|        166|         99|     111.6126470|        332|00:05:45|+0.39|0.69|0.8157|
|x|          3|        166|         88|     155.6342138|        498|00:05:17|+0.51|0.67|0.5537|
|x|          4|        166|         88|     117.2730258|        664|00:05:34|+0.47|0.60|0.6248|
|-|          5|         38|         88|     32431.60162|        830|00:09:26|+0.04|0.23|0.9166|
|=|          6|         38|         88|     27026.42445|        868|00:01:50|+0.03|0.20|0.9330|
|=|          7|         38|         88|     23193.53418|        906|00:00:29|+0.07|0.20|0.9106|
+-+-----------+-----------+-----------+----------------+-----------+--------+-----+----+------+
Best-so-far configuration:          88    mean value:      23193.53418
Description of the best-so-far configuration:
   .ID. particles topology modInfluence phi1 phi2 inertia branching tSchedule
88   88        36        1            0 1.51 2.41    0.73        NA        NA
   .PARENT.
88       NA

first iteration, returning
# 2025-02-01 13:28:13 -03: Elite configurations (first number is the configuration ID; listed from best to worst according to the sum of ranks):
    particles topology modInfluence phi1 phi2 inertia branching tSchedule
88         36        1            0 1.51 2.41    0.73        NA        NA
131        43        4            0 0.44 1.08    0.65        NA        NA
126        87        1            0 1.86 1.79    0.64        NA        NA
161       124        5            0 2.18 1.13    0.65        NA         9
14        139        1            0 0.26 1.82    0.70        NA        NA
# 2025-02-01 13:28:13 -03: Iteration 2 of 5
# experimentsUsedSoFar: 906
# remainingBudget: 4094
# currentBudget: 1023
# nbConfigurations: 132
# Markers:
     x No test is performed.
     c Configurations are discarded only due to capping.
     - The test is performed and some configurations are discarded.
     = The test is performed but no configuration is discarded.
     ! The test is performed and configurations could be discarded but elite configurations are preserved.
     . All alive configurations are elite and nothing is discarded.

+-+-----------+-----------+-----------+----------------+-----------+--------+-----+----+------+
| |   Instance|      Alive|       Best|       Mean best| Exp so far|  W time|  rho|KenW|  Qvar|
+-+-----------+-----------+-----------+----------------+-----------+--------+-----+----+------+
|x|          8|        132|        253|     20.85108251|        132|00:02:46|   NA|  NA|    NA|
|x|          1|        132|        197|     16.82997723|        259|00:02:42|+0.01|0.51|1.0036|
|x|          6|        132|        197|     11.35832671|        386|00:06:46|+0.03|0.35|0.9751|
|x|          4|        132|        197|     8.962763315|        513|00:02:23|+0.17|0.37|0.8460|
|-|          3|         43|        197|     99.73048683|        640|00:02:19|-0.03|0.17|1.0506|
|=|          5|         43|        276|     12106.51111|        678|00:01:26|+0.07|0.22|0.9833|
|=|          2|         43|        276|     10403.14205|        716|00:00:31|+0.06|0.20|0.9369|
|=|          7|         43|        276|     9133.018779|        754|00:00:31|+0.04|0.16|0.9109|
|-|          9|         23|        276|     8119.063715|        797|00:00:39|-0.04|0.08|0.9744|
|=|         10|         23|        276|     7329.922240|        820|00:00:17|-0.02|0.08|0.9249|
|=|         11|         23|        276|     6696.844720|        843|00:00:14|+0.00|0.09|0.9230|
+-+-----------+-----------+-----------+----------------+-----------+--------+-----+----+------+
Best-so-far configuration:         276    mean value:      6696.844720
Description of the best-so-far configuration:
    .ID. particles topology modInfluence phi1 phi2 inertia branching tSchedule
276  276        14        4            0    1 2.39    0.54        NA        NA
    .PARENT.
276       88

# 2025-02-01 13:48:54 -03: Elite configurations (first number is the configuration ID; listed from best to worst according to the sum of ranks):
    particles topology modInfluence phi1 phi2 inertia branching tSchedule
276        14        4            0 1.00 2.39    0.54        NA        NA
197       107        4            0 0.73 2.38    0.41        NA        NA
264        72        5            0 1.67 2.37    0.70        NA         3
171        37        4            0 1.06 2.21    0.79        NA        NA
242        38        1            0 1.42 2.44    0.52        NA        NA
# 2025-02-01 13:48:54 -03: Iteration 3 of 5
# experimentsUsedSoFar: 1749
# remainingBudget: 3251
# currentBudget: 1083
# nbConfigurations: 94
# Markers:
     x No test is performed.
     c Configurations are discarded only due to capping.
     - The test is performed and some configurations are discarded.
     = The test is performed but no configuration is discarded.
     ! The test is performed and configurations could be discarded but elite configurations are preserved.
     . All alive configurations are elite and nothing is discarded.

+-+-----------+-----------+-----------+----------------+-----------+--------+-----+----+------+
| |   Instance|      Alive|       Best|       Mean best| Exp so far|  W time|  rho|KenW|  Qvar|
+-+-----------+-----------+-----------+----------------+-----------+--------+-----+----+------+
|x|         12|         94|        300|     15.74720452|         94|00:01:24|   NA|  NA|    NA|
|x|          1|         94|        301|     14.89078754|        183|00:01:26|-0.05|0.48|0.7982|
|x|          8|         94|        197|     17.27596181|        272|00:01:26|-0.00|0.33|0.9638|
|x|          9|         94|        348|     13.06071918|        361|00:01:20|+0.06|0.30|0.8790|
|-|         11|         61|        197|     120.0423415|        450|00:01:08|-0.13|0.10|1.0618|
|=|          4|         61|        358|     96.04955270|        506|00:00:49|-0.08|0.10|1.0053|
|=|          3|         61|        197|     152.1127374|        562|00:00:45|-0.06|0.10|1.0186|
|=|          5|         61|        197|     9431.976110|        618|00:02:08|-0.01|0.11|0.9835|
|=|          2|         61|        276|     8135.109456|        674|00:00:52|+0.02|0.13|0.9431|
|-|          7|         38|        360|     13982.72979|        730|00:00:47|-0.02|0.08|0.9466|
|=|          6|         38|        276|     6678.041854|        763|00:01:32|-0.01|0.08|0.9197|
|=|         10|         38|        372|     5981.929386|        796|00:00:26|+0.00|0.09|0.8845|
|=|         13|         38|        276|     5668.230991|        834|00:00:33|+0.01|0.08|0.9115|
+-+-----------+-----------+-----------+----------------+-----------+--------+-----+----+------+
Best-so-far configuration:         276    mean value:      5668.230991
Description of the best-so-far configuration:
    .ID. particles topology modInfluence phi1 phi2 inertia branching tSchedule
276  276        14        4            0    1 2.39    0.54        NA        NA
    .PARENT.
276       88

# 2025-02-01 14:03:36 -03: Elite configurations (first number is the configuration ID; listed from best to worst according to the sum of ranks):
    particles topology modInfluence phi1 phi2 inertia branching tSchedule
276        14        4            0 1.00 2.39    0.54        NA        NA
372        22        4            0 1.38 2.39    0.64        NA        NA
370        83        4            0 0.55 2.27    0.40        NA        NA
197       107        4            0 0.73 2.38    0.41        NA        NA
363        37        4            0 0.94 2.46    0.61        NA        NA
# 2025-02-01 14:03:36 -03: Iteration 4 of 5
# experimentsUsedSoFar: 2583
# remainingBudget: 2417
# currentBudget: 1208
# nbConfigurations: 90
# Markers:
     x No test is performed.
     c Configurations are discarded only due to capping.
     - The test is performed and some configurations are discarded.
     = The test is performed but no configuration is discarded.
     ! The test is performed and configurations could be discarded but elite configurations are preserved.
     . All alive configurations are elite and nothing is discarded.

+-+-----------+-----------+-----------+----------------+-----------+--------+-----+----+------+
| |   Instance|      Alive|       Best|       Mean best| Exp so far|  W time|  rho|KenW|  Qvar|
+-+-----------+-----------+-----------+----------------+-----------+--------+-----+----+------+
|x|         14|         90|        389|    0.2281070920|         90|00:01:13|   NA|  NA|    NA|
|x|          5|         90|        409|     38374.12711|        175|00:03:11|+0.16|0.58|0.4209|
|x|          9|         90|        372|     23341.72420|        260|00:01:11|+0.06|0.38|0.2784|
|x|          7|         90|        372|     17551.10114|        345|00:01:07|+0.17|0.37|0.2854|
|-|         13|         48|        428|     11208.53125|        430|00:01:15|-0.14|0.09|1.0845|
|=|          4|         48|        428|     9340.664481|        473|00:00:34|-0.09|0.09|1.0221|
|=|          3|         48|        428|     8203.674868|        516|00:00:30|-0.05|0.10|0.9944|
|=|          1|         48|        428|     7179.846491|        559|00:00:38|-0.04|0.09|0.9596|
|=|         11|         48|        398|     9957.896268|        602|00:00:31|-0.04|0.08|0.9691|
|=|         12|         48|        438|     9004.929535|        645|00:00:36|-0.04|0.07|0.9903|
|=|          6|         48|        398|     8149.241556|        688|00:02:02|-0.02|0.07|0.9685|
|=|          2|         48|        428|     5324.549054|        731|00:00:38|-0.01|0.07|0.9436|
|=|          8|         48|        424|     8317.656628|        774|00:00:39|-0.01|0.07|0.9494|
|=|         10|         48|        424|     7738.371257|        817|00:00:36|+0.00|0.07|0.9211|
|=|         15|         48|        424|     7223.870090|        865|00:00:44|+0.00|0.07|0.9219|
+-+-----------+-----------+-----------+----------------+-----------+--------+-----+----+------+
Best-so-far configuration:         424    mean value:      7223.870090
Description of the best-so-far configuration:
    .ID. particles topology modInfluence phi1 phi2 inertia branching tSchedule
424  424        27        4            0 1.49 2.39    0.63        NA        NA
    .PARENT.
424      372

# 2025-02-01 14:19:09 -03: Elite configurations (first number is the configuration ID; listed from best to worst according to the sum of ranks):
    particles topology modInfluence phi1 phi2 inertia branching tSchedule
424        27        4            0 1.49 2.39    0.63        NA        NA
428        23        4            0 1.40 2.44    0.55        NA        NA
276        14        4            0 1.00 2.39    0.54        NA        NA
363        37        4            0 0.94 2.46    0.61        NA        NA
372        22        4            0 1.38 2.39    0.64        NA        NA
# 2025-02-01 14:19:09 -03: Iteration 5 of 5
# experimentsUsedSoFar: 3448
# remainingBudget: 1552
# currentBudget: 1552
# nbConfigurations: 101
# Markers:
     x No test is performed.
     c Configurations are discarded only due to capping.
     - The test is performed and some configurations are discarded.
     = The test is performed but no configuration is discarded.
     ! The test is performed and configurations could be discarded but elite configurations are preserved.
     . All alive configurations are elite and nothing is discarded.

+-+-----------+-----------+-----------+----------------+-----------+--------+-----+----+------+
| |   Instance|      Alive|       Best|       Mean best| Exp so far|  W time|  rho|KenW|  Qvar|
+-+-----------+-----------+-----------+----------------+-----------+--------+-----+----+------+
|x|         16|        101|        490|     15510.49951|        101|00:01:24|   NA|  NA|    NA|
|x|         14|        101|        538|     7924.211410|        197|00:01:13|+0.00|0.50|1.0207|
|x|          1|        101|        503|     5272.944789|        293|00:01:17|+0.08|0.38|0.8741|
|x|          8|        101|        503|     3959.939083|        389|00:01:22|+0.02|0.26|0.9548|
|=|          6|        101|        511|     3248.440058|        485|00:04:28|+0.04|0.23|0.9091|
|-|          2|         40|        511|     2735.441367|        581|00:01:19|-0.09|0.09|1.0461|
|=|          5|         40|        511|     20525.25069|        616|00:01:14|-0.08|0.08|1.0346|
|=|          9|         40|        511|     17960.11410|        651|00:00:28|-0.05|0.08|1.0207|
|=|         13|         40|        511|     15964.65758|        686|00:00:30|-0.05|0.07|1.0210|
|=|          3|         40|        543|     11508.65402|        721|00:00:25|-0.03|0.07|1.0076|
|=|         10|         40|        542|     11529.97090|        756|00:00:27|-0.02|0.07|0.9875|
|=|          7|         40|        478|     11456.54093|        791|00:00:28|-0.02|0.07|0.9650|
|=|          4|         40|        496|     9122.647206|        826|00:00:29|-0.00|0.07|0.9491|
|=|         15|         40|        543|     8248.924208|        861|00:00:30|-0.01|0.06|0.9597|
|=|         12|         40|        496|     7908.833247|        896|00:00:29|-0.00|0.06|0.9598|
|=|         11|         40|        543|     7226.270102|        931|00:00:26|-0.00|0.06|0.9609|
|=|         17|         40|        496|     7181.851274|        971|00:00:31|-0.00|0.06|0.9595|
+-+-----------+-----------+-----------+----------------+-----------+--------+-----+----+------+
Best-so-far configuration:         496    mean value:      7181.851274
Description of the best-so-far configuration:
    .ID. particles topology modInfluence phi1 phi2 inertia branching tSchedule
496  496        38        4            0 1.23 2.39    0.52        NA        NA
    .PARENT.
496      428

# 2025-02-01 14:36:17 -03: Elite configurations (first number is the configuration ID; listed from best to worst according to the sum of ranks):
    particles topology modInfluence phi1 phi2 inertia branching tSchedule
496        38        4            0 1.23 2.39    0.52        NA        NA
543        35        4            0 1.50 2.19    0.58        NA        NA
553        29        4            0 1.41 2.48    0.56        NA        NA
424        27        4            0 1.49 2.39    0.63        NA        NA
542        34        4            0 1.50 2.33    0.60        NA        NA
# 2025-02-01 14:36:17 -03: Iteration 6 of 6
# experimentsUsedSoFar: 4419
# remainingBudget: 581
# currentBudget: 581
# nbConfigurations: 37
# Markers:
     x No test is performed.
     c Configurations are discarded only due to capping.
     - The test is performed and some configurations are discarded.
     = The test is performed but no configuration is discarded.
     ! The test is performed and configurations could be discarded but elite configurations are preserved.
     . All alive configurations are elite and nothing is discarded.

+-+-----------+-----------+-----------+----------------+-----------+--------+-----+----+------+
| |   Instance|      Alive|       Best|       Mean best| Exp so far|  W time|  rho|KenW|  Qvar|
+-+-----------+-----------+-----------+----------------+-----------+--------+-----+----+------+
|x|         18|         37|        578|     22.48232198|         37|00:00:28|   NA|  NA|    NA|
|x|          7|         37|        575|     99.58525791|         69|00:00:25|-0.09|0.45|1.0120|
|x|         17|         37|        575|     66.51073318|        101|00:00:25|+0.09|0.39|0.8558|
|x|         14|         37|        575|     49.95239297|        133|00:00:25|+0.15|0.36|0.8911|
|-|         10|         22|        575|     77.60949985|        165|00:00:25|-0.05|0.16|1.0176|
|=|          4|         22|        575|     64.95667210|        182|00:00:11|-0.06|0.11|1.0231|
|=|          5|         22|        575|     14483.90923|        199|00:00:36|-0.03|0.12|0.9926|
|=|         15|         22|        588|     7881.557660|        216|00:00:14|-0.04|0.09|0.9885|
|=|         12|         22|        575|     11269.42069|        233|00:00:12|-0.05|0.07|0.9879|
|=|          2|         22|        588|     6325.060688|        250|00:00:12|-0.05|0.06|0.9889|
|=|          8|         22|        496|     9182.898337|        267|00:00:13|-0.02|0.07|0.9731|
|=|          6|         22|        496|     8417.697456|        284|00:00:46|-0.04|0.05|0.9839|
|=|          3|         22|        580|     6745.822922|        301|00:00:10|-0.03|0.05|0.9677|
|=|         16|         22|        580|     7488.324314|        318|00:00:12|-0.03|0.04|0.9719|
|=|          1|         22|        580|     6989.945828|        335|00:00:13|-0.03|0.04|0.9784|
|=|          9|         22|        580|     6553.585254|        352|00:00:13|-0.03|0.03|0.9809|
|=|         11|         22|        580|     6174.627874|        369|00:00:10|-0.03|0.03|0.9830|
|=|         13|         22|        580|     5831.643080|        386|00:00:15|-0.03|0.03|0.9797|
|=|         19|         22|        580|     5524.718766|        408|00:00:18|-0.02|0.04|0.9748|
+-+-----------+-----------+-----------+----------------+-----------+--------+-----+----+------+
Best-so-far configuration:         580    mean value:      5524.718766
Description of the best-so-far configuration:
    .ID. particles topology modInfluence phi1 phi2 inertia branching tSchedule
580  580        35        4            0 1.24 2.45    0.52        NA        NA
    .PARENT.
580      496

# 2025-02-01 14:42:30 -03: Elite configurations (first number is the configuration ID; listed from best to worst according to the sum of ranks):
    particles topology modInfluence phi1 phi2 inertia branching tSchedule
580        35        4            0 1.24 2.45    0.52        NA        NA
496        38        4            0 1.23 2.39    0.52        NA        NA
578        29        4            0 1.16 2.32    0.52        NA        NA
582        37        4            0 1.33 2.36    0.54        NA        NA
553        29        4            0 1.41 2.48    0.56        NA        NA
# 2025-02-01 14:42:30 -03: Iteration 7 of 7
# experimentsUsedSoFar: 4827
# remainingBudget: 173
# currentBudget: 173
# nbConfigurations: 13
# Markers:
     x No test is performed.
     c Configurations are discarded only due to capping.
     - The test is performed and some configurations are discarded.
     = The test is performed but no configuration is discarded.
     ! The test is performed and configurations could be discarded but elite configurations are preserved.
     . All alive configurations are elite and nothing is discarded.

+-+-----------+-----------+-----------+----------------+-----------+--------+-----+----+------+
| |   Instance|      Alive|       Best|       Mean best| Exp so far|  W time|  rho|KenW|  Qvar|
+-+-----------+-----------+-----------+----------------+-----------+--------+-----+----+------+
|x|         20|         13|        553|     79.48483025|         13|00:00:09|   NA|  NA|    NA|
|x|         10|         13|        603|     143.0788113|         21|00:00:06|-0.25|0.37|0.9493|
|x|          7|         13|        553|     146.1549163|         29|00:00:05|-0.09|0.27|0.9346|
|x|         13|         13|        553|     109.8141754|         37|00:00:07|+0.02|0.26|0.8736|
|=|         18|         13|        553|     93.06737660|         45|00:00:06|+0.01|0.21|0.9177|
|=|          6|         13|        553|     77.59212866|         53|00:00:23|+0.04|0.20|0.8975|
|=|          2|         13|        553|     93.48738125|         61|00:00:06|+0.04|0.18|0.8850|
|=|         12|         13|        553|     84.14797732|         69|00:00:06|+0.01|0.14|0.9110|
|=|         16|         13|        553|     1857.110215|         77|00:00:07|+0.04|0.15|0.8903|
|=|         11|         13|        553|     1729.836210|         85|00:00:05|+0.08|0.17|0.8615|
|=|          9|         13|        553|     1573.245923|         93|00:00:07|+0.06|0.14|0.8779|
|=|          1|         13|        553|     1443.232535|        101|00:00:06|+0.05|0.13|0.8892|
|=|         14|         13|        582|     1321.408016|        109|00:00:06|+0.04|0.11|0.8936|
|=|          4|         13|        553|     1237.255671|        117|00:00:06|+0.01|0.08|0.9312|
|=|          3|         13|        578|     1174.044548|        125|00:00:05|+0.00|0.07|0.9385|
|=|         15|         13|        553|     1171.029178|        133|00:00:07|-0.00|0.06|0.9313|
|=|         19|         13|        553|     1102.150205|        141|00:00:06|+0.01|0.07|0.9280|
|=|          5|         13|        578|     5672.794116|        149|00:00:17|+0.01|0.07|0.9292|
|=|         17|         13|        582|     5678.048504|        157|00:00:06|+0.01|0.06|0.9284|
|=|          8|         13|        580|     5256.129610|        165|00:00:07|+0.00|0.05|0.9348|
+-+-----------+-----------+-----------+----------------+-----------+--------+-----+----+------+
Best-so-far configuration:         580    mean value:      5256.129610
Description of the best-so-far configuration:
    .ID. particles topology modInfluence phi1 phi2 inertia branching tSchedule
580  580        35        4            0 1.24 2.45    0.52        NA        NA
    .PARENT.
580      496

# 2025-02-01 14:45:13 -03: Elite configurations (first number is the configuration ID; listed from best to worst according to the sum of ranks):
    particles topology modInfluence phi1 phi2 inertia branching tSchedule
580        35        4            0 1.24 2.45    0.52        NA        NA
582        37        4            0 1.33 2.36    0.54        NA        NA
578        29        4            0 1.16 2.32    0.52        NA        NA
553        29        4            0 1.41 2.48    0.56        NA        NA
496        38        4            0 1.23 2.39    0.52        NA        NA
# 2025-02-01 14:45:13 -03: Stopped because there is not enough budget left to race more than the minimum (5).
# You may either increase the budget or set 'minNbSurvival' to a lower value.
# Iteration: 8
# nbIterations: 8
# experimentsUsedSoFar: 4992
# timeUsed: 0
# remainingBudget: 8
# currentBudget: 8
# number of elites: 5
# nbConfigurations: 5
# Total CPU user time: 6618.395, CPU sys time: 84.699, Wall-clock time: 6676.611
    .ID. particles topology modInfluence phi1 phi2 inertia branching tSchedule
580  580        35        4            0 1.24 2.45    0.52        NA        NA
582  582        37        4            0 1.33 2.36    0.54        NA        NA
578  578        29        4            0 1.16 2.32    0.52        NA        NA
553  553        29        4            0 1.41 2.48    0.56        NA        NA
496  496        38        4            0 1.23 2.39    0.52        NA        NA
    .PARENT. .ALIVE. .RANK.   .WEIGHT.
580      496    TRUE    123 0.33333333
582      496    TRUE    123 0.26666667
578      496    TRUE    124 0.20000000
553      428    TRUE    126 0.13333333
496      428    TRUE    127 0.06666667
