# 2025-01-21 19:36:54 -03: Initialization
# Elitist race
# Elitist new instances: 1
# Elitist limit: 2
# nbIterations: 3
# minNbSurvival: 3
# nbParameters: 3
# seed: 8860
# confidence level: 0.95
# budget: 5000
# mu: 5
# deterministic: FALSE

# 2025-01-21 19:36:54 -03: Iteration 1 of 3
# experimentsUsedSoFar: 0
# remainingBudget: 5000
# currentBudget: 1666
# nbConfigurations: 277
# Markers:
     x No test is performed.
     c Configurations are discarded only due to capping.
     - The test is performed and some configurations are discarded.
     = The test is performed but no configuration is discarded.
     ! The test is performed and configurations could be discarded but elite configurations are preserved.
     . All alive configurations are elite and nothing is discarded.

+-+-----------+-----------+-----------+----------------+-----------+--------+-----+----+------+
| |   Instance|      Alive|       Best|       Mean best| Exp so far|  W time|  rho|KenW|  Qvar|
+-+-----------+-----------+-----------+----------------+-----------+--------+-----+----+------+
|x|          1|        277|        214|     7491602.000|        277|00:05:53|   NA|  NA|    NA|
|x|          2|        277|        174|     3969301.000|        554|00:05:53|+0.16|0.58|0.7322|
|x|          3|        277|        178|     2789808.000|        831|00:05:53|+0.11|0.41|0.7002|
|x|          4|        277|        130|     2206527.500|       1108|00:05:53|+0.13|0.35|0.6391|
|-|          5|        108|        130|     1826273.200|       1385|00:05:53|-0.13|0.09|1.1103|
|=|          6|        108|        130|     2760812.333|       1493|00:02:21|-0.08|0.10|1.0696|
|=|          7|        108|        178|     3429359.429|       1601|00:02:21|-0.03|0.11|1.0215|
+-+-----------+-----------+-----------+----------------+-----------+--------+-----+----+------+
Best-so-far configuration:         178    mean value:      3429359.429
Description of the best-so-far configuration:
    .ID. localsearch  rho ants .PARENT.
178  178           3 0.37   28       NA

first iteration, returning
# 2025-01-21 20:11:03 -03: Elite configurations (first number is the configuration ID; listed from best to worst according to the sum of ranks):
    localsearch  rho ants
178           3 0.37   28
116           3 0.53   19
130           2 0.25   67
# 2025-01-21 20:11:03 -03: Iteration 2 of 3
# experimentsUsedSoFar: 1601
# remainingBudget: 3399
# currentBudget: 1699
# nbConfigurations: 215
# Markers:
     x No test is performed.
     c Configurations are discarded only due to capping.
     - The test is performed and some configurations are discarded.
     = The test is performed but no configuration is discarded.
     ! The test is performed and configurations could be discarded but elite configurations are preserved.
     . All alive configurations are elite and nothing is discarded.

+-+-----------+-----------+-----------+----------------+-----------+--------+-----+----+------+
| |   Instance|      Alive|       Best|       Mean best| Exp so far|  W time|  rho|KenW|  Qvar|
+-+-----------+-----------+-----------+----------------+-----------+--------+-----+----+------+
|x|          8|        215|        178|     375394.0000|        215|00:04:32|   NA|  NA|    NA|
|x|          3|        215|        328|     392431.0000|        427|00:04:32|+0.04|0.52|0.9673|
|x|          4|        215|        480|     406070.6667|        639|00:04:32|+0.02|0.35|0.9783|
|x|          1|        215|        310|     2185415.500|        851|00:04:32|-0.06|0.21|1.0763|
|=|          6|        215|        116|     3227448.800|       1063|00:04:32|-0.00|0.20|1.0254|
|=|          2|        215|        178|     2763154.333|       1275|00:04:32|+0.02|0.18|1.0088|
|-|          7|        112|        178|     3439034.286|       1487|00:04:32|-0.08|0.08|1.0659|
|=|          5|        112|        178|     3047613.750|       1596|00:02:21|-0.07|0.07|1.0607|
+-+-----------+-----------+-----------+----------------+-----------+--------+-----+----+------+
Best-so-far configuration:         178    mean value:      3047613.750
Description of the best-so-far configuration:
    .ID. localsearch  rho ants .PARENT.
178  178           3 0.37   28       NA

# 2025-01-21 20:45:11 -03: Elite configurations (first number is the configuration ID; listed from best to worst according to the sum of ranks):
    localsearch  rho ants
178           3 0.37   28
322           3 0.61   11
330           3 0.37   43
# 2025-01-21 20:45:12 -03: Iteration 3 of 3
# experimentsUsedSoFar: 3197
# remainingBudget: 1803
# currentBudget: 1803
# nbConfigurations: 203
# Markers:
     x No test is performed.
     c Configurations are discarded only due to capping.
     - The test is performed and some configurations are discarded.
     = The test is performed but no configuration is discarded.
     ! The test is performed and configurations could be discarded but elite configurations are preserved.
     . All alive configurations are elite and nothing is discarded.

+-+-----------+-----------+-----------+----------------+-----------+--------+-----+----+------+
| |   Instance|      Alive|       Best|       Mean best| Exp so far|  W time|  rho|KenW|  Qvar|
+-+-----------+-----------+-----------+----------------+-----------+--------+-----+----+------+
|x|          9|        203|        588|     7320090.000|        203|00:04:22|   NA|  NA|    NA|
|x|          8|        203|        588|     3847742.000|        403|00:04:12|-0.07|0.47|1.0075|
|x|          7|        203|        648|     5066512.000|        603|00:04:12|+0.16|0.44|0.7332|
|x|          5|        203|        602|     3878701.500|        803|00:04:12|+0.10|0.32|0.8704|
|-|          6|         82|        330|     4580938.000|       1003|00:04:12|-0.10|0.12|1.0864|
|=|          1|         82|        535|     5070544.000|       1082|00:01:41|-0.08|0.10|1.0728|
|=|          4|         82|        535|     4408087.714|       1161|00:01:41|-0.06|0.09|1.0378|
|=|          2|         82|        322|     3915093.500|       1240|00:01:41|-0.03|0.10|1.0292|
|=|          3|         82|        535|     3523232.000|       1319|00:01:41|-0.02|0.09|1.0174|
|=|         10|         82|        535|     3923648.200|       1401|00:01:51|-0.03|0.07|1.0154|
+-+-----------+-----------+-----------+----------------+-----------+--------+-----+----+------+
Best-so-far configuration:         535    mean value:      3923648.200
Description of the best-so-far configuration:
    .ID. localsearch  rho ants .PARENT.
535  535           3 0.36   24      178

# 2025-01-21 21:15:01 -03: Elite configurations (first number is the configuration ID; listed from best to worst according to the sum of ranks):
    localsearch  rho ants
535           3 0.36   24
330           3 0.37   43
547           3 0.37   26
# 2025-01-21 21:15:01 -03: Iteration 4 of 4
# experimentsUsedSoFar: 4598
# remainingBudget: 402
# currentBudget: 402
# nbConfigurations: 39
# Markers:
     x No test is performed.
     c Configurations are discarded only due to capping.
     - The test is performed and some configurations are discarded.
     = The test is performed but no configuration is discarded.
     ! The test is performed and configurations could be discarded but elite configurations are preserved.
     . All alive configurations are elite and nothing is discarded.

+-+-----------+-----------+-----------+----------------+-----------+--------+-----+----+------+
| |   Instance|      Alive|       Best|       Mean best| Exp so far|  W time|  rho|KenW|  Qvar|
+-+-----------+-----------+-----------+----------------+-----------+--------+-----+----+------+
|x|         11|         39|        692|     545844.0000|         39|00:00:50|   NA|  NA|    NA|
|x|          8|         39|        700|     460738.0000|         75|00:00:50|-0.62|0.19|1.4653|
|x|          6|         39|        547|     2764404.667|        111|00:00:50|-0.12|0.25|1.0474|
|x|          7|         39|        330|     3946802.500|        147|00:00:50|+0.09|0.32|0.8437|
|-|          5|         28|        330|     3218493.200|        183|00:00:50|+0.02|0.22|0.8469|
|=|          3|         28|        330|     2751225.000|        208|00:00:40|-0.07|0.11|0.9052|
|=|          4|         28|        547|     2420198.286|        233|00:00:40|-0.08|0.07|0.9544|
|=|         10|         28|        535|     3060595.000|        258|00:00:40|-0.09|0.05|0.9770|
|=|          9|         28|        547|     3537777.556|        283|00:00:40|-0.07|0.05|0.9557|
|=|          2|         28|        547|     3228064.000|        308|00:00:40|-0.05|0.06|0.9264|
|=|          1|         28|        535|     3616864.182|        333|00:00:40|-0.05|0.05|0.9344|
|=|         12|         28|        535|     3936302.667|        361|00:00:40|-0.04|0.04|0.9354|
+-+-----------+-----------+-----------+----------------+-----------+--------+-----+----+------+
Best-so-far configuration:         535    mean value:      3936302.667
Description of the best-so-far configuration:
    .ID. localsearch  rho ants .PARENT.
535  535           3 0.36   24      178

# 2025-01-21 21:23:57 -03: Elite configurations (first number is the configuration ID; listed from best to worst according to the sum of ranks):
    localsearch  rho ants
535           3 0.36   24
547           3 0.37   26
330           3 0.37   43
# 2025-01-21 21:23:57 -03: Iteration 5 of 5
# experimentsUsedSoFar: 4959
# remainingBudget: 41
# currentBudget: 41
# nbConfigurations: 5
# Markers:
     x No test is performed.
     c Configurations are discarded only due to capping.
     - The test is performed and some configurations are discarded.
     = The test is performed but no configuration is discarded.
     ! The test is performed and configurations could be discarded but elite configurations are preserved.
     . All alive configurations are elite and nothing is discarded.

+-+-----------+-----------+-----------+----------------+-----------+--------+-----+----+------+
| |   Instance|      Alive|       Best|       Mean best| Exp so far|  W time|  rho|KenW|  Qvar|
+-+-----------+-----------+-----------+----------------+-----------+--------+-----+----+------+
|x|         13|          5|        535|     7396506.000|          5|00:00:10|   NA|  NA|    NA|
|x|          4|          5|        535|     3914928.000|          7|00:00:10|+1.00|1.00|0.0069|
|x|          6|          5|        535|     5073058.000|          9|00:00:10|-0.25|0.17|0.9814|
|x|         10|          5|        535|     5686642.000|         11|00:00:10|+0.06|0.30|0.7341|
|=|          9|          5|        535|     6023017.600|         13|00:00:10|-0.12|0.10|0.8764|
|=|          2|          5|        535|     5092283.333|         15|00:00:10|-0.17|0.03|0.9229|
|=|          5|          5|        535|     4409082.286|         17|00:00:10|-0.17|0.00|0.9326|
|=|          1|          5|        535|     4794648.750|         19|00:00:10|-0.12|0.02|0.8938|
|=|          7|          5|        535|     5093748.000|         21|00:00:10|-0.07|0.05|0.8554|
|=|          8|          5|        535|     4621912.600|         23|00:00:10|-0.04|0.06|0.8156|
|=|         11|          5|        535|     4251650.000|         25|00:00:10|-0.07|0.03|0.8279|
|=|          3|          5|        535|     3931834.333|         27|00:00:10|-0.06|0.03|0.8482|
|=|         12|          5|        535|     4202472.154|         29|00:00:10|-0.06|0.02|0.8458|
|=|         14|          5|        535|     3938838.714|         34|00:00:10|-0.05|0.02|0.8441|
+-+-----------+-----------+-----------+----------------+-----------+--------+-----+----+------+
Best-so-far configuration:         535    mean value:      3938838.714
Description of the best-so-far configuration:
    .ID. localsearch  rho ants .PARENT.
535  535           3 0.36   24      178

# 2025-01-21 21:26:19 -03: Elite configurations (first number is the configuration ID; listed from best to worst according to the sum of ranks):
    localsearch  rho ants
535           3 0.36   24
547           3 0.37   26
330           3 0.37   43
# 2025-01-21 21:26:19 -03: Stopped because there is not enough budget left to race more than the minimum (3).
# You may either increase the budget or set 'minNbSurvival' to a lower value.
# Iteration: 6
# nbIterations: 6
# experimentsUsedSoFar: 4993
# timeUsed: 0
# remainingBudget: 7
# currentBudget: 7
# number of elites: 3
# nbConfigurations: 3
# Total CPU user time: 50293.55, CPU sys time: 126.749, Wall-clock time: 6565.188
    .ID. localsearch  rho ants .PARENT. .ALIVE. .RANK.  .WEIGHT.
535  535           3 0.36   24      178    TRUE   39.5 0.5000000
547  547           3 0.37   26      178    TRUE   43.0 0.3333333
330  330           3 0.37   43      178    TRUE   46.5 0.1666667
