# 2025-01-16 08:29:57 -03: 1 expression(s) specifying forbidden configurations read.
# 2025-01-16 08:29:57 -03: Initialization
# Elitist race
# Elitist new instances: 1
# Elitist limit: 2
# nbIterations: 5
# minNbSurvival: 5
# nbParameters: 11
# seed: 9411
# confidence level: 0.95
# budget: 5000
# mu: 5
# deterministic: FALSE

# 2025-01-16 08:29:57 -03: Iteration 1 of 5
# experimentsUsedSoFar: 0
# remainingBudget: 5000
# currentBudget: 1000
# nbConfigurations: 166
# Markers:
     x No test is performed.
     c Configurations are discarded only due to capping.
     - The test is performed and some configurations are discarded.
     = The test is performed but no configuration is discarded.
     ! The test is performed and configurations could be discarded but elite configurations are preserved.
     . All alive configurations are elite and nothing is discarded.

+-+-----------+-----------+-----------+----------------+-----------+--------+-----+----+------+
| |   Instance|      Alive|       Best|       Mean best| Exp so far|  W time|  rho|KenW|  Qvar|
+-+-----------+-----------+-----------+----------------+-----------+--------+-----+----+------+
|x|          1|        166|        124|     32503357.00|        166|00:03:39|   NA|  NA|    NA|
|x|          2|        166|         20|     32520877.00|        332|00:03:39|+0.98|0.99|0.0013|
|x|          3|        166|        144|     32503334.67|        498|00:03:39|+0.98|0.99|0.0013|
|x|          4|        166|        144|     32547966.75|        664|00:03:39|+0.98|0.99|0.0012|
|-|          5|         10|        144|     32622173.40|        830|00:03:39|+0.38|0.50|0.5437|
|-|          6|          3|        144|     32653669.17|        840|00:00:20|-0.07|0.11|0.7119|
+-+-----------+-----------+-----------+----------------+-----------+--------+-----+----+------+
Best-so-far configuration:         144    mean value:      32653669.17
Description of the best-so-far configuration:
    .ID. algorithm localsearch  alpha   beta    rho ants    q0 rasrank
144  144       acs           3 2.4909 0.0373 0.8659   20 0.118      NA
    elitistants nnls dlb .PARENT.
144          NA    7   0       NA

first iteration, returning
# 2025-01-16 08:48:35 -03: Elite configurations (first number is the configuration ID; listed from best to worst according to the sum of ranks):
    algorithm localsearch  alpha   beta    rho ants     q0 rasrank elitistants
144       acs           3 2.4909 0.0373 0.8659   20 0.1180      NA          NA
124       acs           3 3.9314 9.1134 0.5988   70 0.6202      NA          NA
20        acs           3 4.8997 7.8543 0.2702   40 0.5141      NA          NA
    nnls dlb
144    7   0
124   30   1
20    11   1
# 2025-01-16 08:48:35 -03: Iteration 2 of 5
# experimentsUsedSoFar: 840
# remainingBudget: 4160
# currentBudget: 1040
# nbConfigurations: 151
# Markers:
     x No test is performed.
     c Configurations are discarded only due to capping.
     - The test is performed and some configurations are discarded.
     = The test is performed but no configuration is discarded.
     ! The test is performed and configurations could be discarded but elite configurations are preserved.
     . All alive configurations are elite and nothing is discarded.

+-+-----------+-----------+-----------+----------------+-----------+--------+-----+----+------+
| |   Instance|      Alive|       Best|       Mean best| Exp so far|  W time|  rho|KenW|  Qvar|
+-+-----------+-----------+-----------+----------------+-----------+--------+-----+----+------+
|x|          7|        151|         20|     32740754.00|        151|00:03:18|   NA|  NA|    NA|
|x|          5|        151|        302|     32801459.50|        299|00:03:17|+0.96|0.98|0.0014|
|x|          1|        151|        124|     32719433.33|        447|00:03:18|+0.95|0.97|0.0017|
|x|          4|        151|        302|     32701736.25|        595|00:03:18|+0.95|0.96|0.0016|
|-|          6|         14|        302|     32699149.00|        743|00:03:17|+0.11|0.29|0.7517|
|=|          2|         14|        223|     32671771.50|        754|00:00:21|+0.14|0.28|0.7528|
|-|          3|          6|        223|     32654211.00|        765|00:00:20|+0.07|0.20|0.7838|
|=|          8|          6|        223|     32655849.38|        771|00:00:10|+0.11|0.22|0.7382|
|=|          9|          6|        223|     32616736.11|        777|00:00:10|+0.14|0.24|0.7097|
+-+-----------+-----------+-----------+----------------+-----------+--------+-----+----+------+
Best-so-far configuration:         223    mean value:      32616736.11
Description of the best-so-far configuration:
    .ID. algorithm localsearch  alpha   beta    rho ants     q0 rasrank
223  223       acs           3 1.6272 6.2828 0.8062   36 0.1011      NA
    elitistants nnls dlb .PARENT.
223          NA   20   1      144

# 2025-01-16 09:06:09 -03: Elite configurations (first number is the configuration ID; listed from best to worst according to the sum of ranks):
    algorithm localsearch  alpha   beta    rho ants     q0 rasrank elitistants
223       acs           3 1.6272 6.2828 0.8062   36 0.1011      NA          NA
302       acs           3 2.5118 9.5401 0.4383   31 0.0396      NA          NA
254       acs           3 1.7682 5.8229 0.4147   29 0.4591      NA          NA
295       acs           3 3.3279 6.6660 0.7376   49 0.1305      NA          NA
124       acs           3 3.9314 9.1134 0.5988   70 0.6202      NA          NA
    nnls dlb
223   20   1
302   25   1
254    8   0
295   27   1
124   30   1
# 2025-01-16 09:06:10 -03: Iteration 3 of 5
# experimentsUsedSoFar: 1617
# remainingBudget: 3383
# currentBudget: 1127
# nbConfigurations: 117
# Markers:
     x No test is performed.
     c Configurations are discarded only due to capping.
     - The test is performed and some configurations are discarded.
     = The test is performed but no configuration is discarded.
     ! The test is performed and configurations could be discarded but elite configurations are preserved.
     . All alive configurations are elite and nothing is discarded.

+-+-----------+-----------+-----------+----------------+-----------+--------+-----+----+------+
| |   Instance|      Alive|       Best|       Mean best| Exp so far|  W time|  rho|KenW|  Qvar|
+-+-----------+-----------+-----------+----------------+-----------+--------+-----+----+------+
|x|         10|        117|        368|     32528356.00|        117|00:02:35|   NA|  NA|    NA|
|x|          1|        117|        368|     32496591.00|        229|00:02:26|+0.94|0.97|0.0036|
|x|          8|        117|        368|     32563394.00|        341|00:02:26|+0.92|0.94|0.0042|
|x|          3|        117|        366|     32562340.50|        453|00:02:26|+0.92|0.94|0.0058|
|-|          2|         14|        366|     32542492.00|        565|00:02:25|+0.06|0.24|0.8508|
|=|          7|         14|        366|     32581471.67|        574|00:00:20|+0.01|0.18|0.9019|
|=|          6|         14|        366|     32606481.14|        583|00:00:20|-0.01|0.13|0.9196|
|=|          5|         14|        366|     32638750.50|        592|00:00:20|+0.03|0.15|0.8851|
|=|          4|         14|        366|     32641573.33|        601|00:00:20|+0.06|0.16|0.8743|
|=|          9|         14|        366|     32610229.30|        610|00:00:20|+0.07|0.17|0.8522|
|-|         11|          6|        366|     32624472.00|        624|00:00:20|-0.05|0.05|0.8815|
|=|         12|          6|        366|     32608418.17|        630|00:00:10|-0.05|0.04|0.8710|
|=|         13|          6|        366|     32588778.54|        636|00:00:10|-0.03|0.05|0.8576|
+-+-----------+-----------+-----------+----------------+-----------+--------+-----+----+------+
Best-so-far configuration:         366    mean value:      32588778.54
Description of the best-so-far configuration:
    .ID. algorithm localsearch  alpha   beta    rho ants    q0 rasrank
366  366       acs           3 1.4341 5.9701 0.6708   29 0.233      NA
    elitistants nnls dlb .PARENT.
366          NA   11   1      223

# 2025-01-16 09:20:57 -03: Elite configurations (first number is the configuration ID; listed from best to worst according to the sum of ranks):
    algorithm localsearch  alpha   beta    rho ants     q0 rasrank elitistants
366       acs           3 1.4341 5.9701 0.6708   29 0.2330      NA          NA
344       acs           3 2.6092 5.7629 0.6272   60 0.1311      NA          NA
223       acs           3 1.6272 6.2828 0.8062   36 0.1011      NA          NA
302       acs           3 2.5118 9.5401 0.4383   31 0.0396      NA          NA
368       acs           3 2.6879 8.3258 0.4133   26 0.2117      NA          NA
    nnls dlb
366   11   1
344   23   1
223   20   1
302   25   1
368   19   1
# 2025-01-16 09:20:57 -03: Iteration 4 of 5
# experimentsUsedSoFar: 2253
# remainingBudget: 2747
# currentBudget: 1373
# nbConfigurations: 102
# Markers:
     x No test is performed.
     c Configurations are discarded only due to capping.
     - The test is performed and some configurations are discarded.
     = The test is performed but no configuration is discarded.
     ! The test is performed and configurations could be discarded but elite configurations are preserved.
     . All alive configurations are elite and nothing is discarded.

+-+-----------+-----------+-----------+----------------+-----------+--------+-----+----+------+
| |   Instance|      Alive|       Best|       Mean best| Exp so far|  W time|  rho|KenW|  Qvar|
+-+-----------+-----------+-----------+----------------+-----------+--------+-----+----+------+
|x|         14|        102|        520|     32654009.00|        102|00:02:15|   NA|  NA|    NA|
|x|         13|        102|        475|     32499616.00|        199|00:02:15|+0.86|0.93|0.0104|
|x|          6|        102|        475|     32574018.67|        296|00:02:15|+0.88|0.92|0.0078|
|x|          4|        102|        475|     32588020.50|        393|00:02:15|+0.89|0.92|0.0059|
|-|         10|         17|        475|     32589642.40|        490|00:02:15|-0.05|0.16|0.9821|
|=|          9|         17|        478|     32538311.00|        502|00:00:21|-0.01|0.16|0.9587|
|=|         11|         17|        475|     32573763.71|        514|00:00:20|-0.03|0.11|0.9761|
|=|          7|         17|        475|     32595967.88|        526|00:00:20|-0.01|0.11|0.9648|
|=|          8|         17|        475|     32608492.89|        538|00:00:20|+0.01|0.12|0.9410|
|=|          2|         17|        475|     32589443.30|        550|00:00:20|+0.05|0.14|0.9074|
|=|          5|         17|        475|     32609500.55|        562|00:00:20|+0.05|0.14|0.8925|
|=|          1|         17|        475|     32605484.75|        574|00:00:20|+0.01|0.09|0.9262|
|=|          3|         17|        475|     32597182.92|        586|00:00:20|+0.03|0.10|0.9132|
|=|         12|         17|        476|     32580396.86|        598|00:00:20|+0.03|0.09|0.9165|
|=|         15|         17|        476|     32578637.40|        615|00:00:31|+0.03|0.09|0.9177|
+-+-----------+-----------+-----------+----------------+-----------+--------+-----+----+------+
Best-so-far configuration:         476    mean value:      32578637.40
Description of the best-so-far configuration:
    .ID. algorithm localsearch  alpha beta    rho ants     q0 rasrank
476  476       acs           3 2.0963  6.5 0.7793   45 0.3608      NA
    elitistants nnls dlb .PARENT.
476          NA   15   1      366

# 2025-01-16 09:35:54 -03: Elite configurations (first number is the configuration ID; listed from best to worst according to the sum of ranks):
    algorithm localsearch  alpha   beta    rho ants     q0 rasrank elitistants
476       acs           3 2.0963 6.5000 0.7793   45 0.3608      NA          NA
500       acs           3 1.5276 4.9465 0.9043   43 0.3663      NA          NA
475       acs           3 1.9537 6.8167 0.6833   28 0.1448      NA          NA
428       acs           3 1.5322 4.5738 0.6832   38 0.1932      NA          NA
478       acs           3 3.0493 6.9809 0.4934   48 0.1394      NA          NA
    nnls dlb
476   15   1
500   21   1
475   12   1
428   11   1
478   21   1
# 2025-01-16 09:35:54 -03: Iteration 5 of 5
# experimentsUsedSoFar: 2868
# remainingBudget: 2132
# currentBudget: 2132
# nbConfigurations: 137
# Markers:
     x No test is performed.
     c Configurations are discarded only due to capping.
     - The test is performed and some configurations are discarded.
     = The test is performed but no configuration is discarded.
     ! The test is performed and configurations could be discarded but elite configurations are preserved.
     . All alive configurations are elite and nothing is discarded.

+-+-----------+-----------+-----------+----------------+-----------+--------+-----+----+------+
| |   Instance|      Alive|       Best|       Mean best| Exp so far|  W time|  rho|KenW|  Qvar|
+-+-----------+-----------+-----------+----------------+-----------+--------+-----+----+------+
|x|         16|        137|        612|     32393906.00|        137|00:03:07|   NA|  NA|    NA|
|x|          9|        137|        581|     32336265.50|        269|00:02:57|+0.46|0.73|0.0675|
|x|          6|        137|        581|     32458621.33|        401|00:02:56|+0.54|0.70|0.0569|
|x|          4|        137|        547|     32520810.00|        533|00:02:57|+0.54|0.66|0.0512|
|-|          1|         59|        614|     32517178.80|        665|00:02:57|-0.10|0.12|1.0803|
|=|         10|         59|        570|     32522687.00|        719|00:01:13|-0.07|0.11|1.0478|
|=|          3|         59|        570|     32511591.86|        773|00:01:13|-0.04|0.11|1.0122|
|=|         11|         59|        570|     32544469.75|        827|00:01:13|-0.04|0.09|1.0154|
|=|         12|         59|        570|     32531191.44|        881|00:01:13|-0.03|0.08|1.0050|
|=|         14|         59|        641|     32546581.90|        935|00:01:13|-0.03|0.08|1.0030|
|=|          8|         59|        641|     32553629.55|        989|00:01:13|-0.01|0.08|0.9924|
|=|          5|         59|        641|     32579963.00|       1043|00:01:12|-0.00|0.08|0.9811|
|=|         15|         59|        641|     32578105.62|       1097|00:01:13|+0.01|0.09|0.9668|
|=|          7|         59|        641|     32589243.57|       1151|00:01:12|+0.02|0.09|0.9637|
|-|         13|         31|        641|     32571798.47|       1205|00:01:12|-0.04|0.03|1.0110|
|=|          2|         31|        641|     32559681.25|       1231|00:00:41|-0.04|0.02|1.0049|
|=|         17|         31|        641|     32553747.82|       1262|00:00:41|-0.03|0.03|0.9976|
+-+-----------+-----------+-----------+----------------+-----------+--------+-----+----+------+
Best-so-far configuration:         641    mean value:      32553747.82
Description of the best-so-far configuration:
    .ID. algorithm localsearch  alpha   beta    rho ants     q0 rasrank
641  641       acs           3 2.6475 6.2921 0.7612   59 0.2277      NA
    elitistants nnls dlb .PARENT.
641          NA   16   1      476

# 2025-01-16 10:04:25 -03: Elite configurations (first number is the configuration ID; listed from best to worst according to the sum of ranks):
    algorithm localsearch  alpha   beta    rho ants     q0 rasrank elitistants
641       acs           3 2.6475 6.2921 0.7612   59 0.2277      NA          NA
610       acs           3 1.6592 5.8645 0.7146   28 0.3206      NA          NA
476       acs           3 2.0963 6.5000 0.7793   45 0.3608      NA          NA
500       acs           3 1.5276 4.9465 0.9043   43 0.3663      NA          NA
595       acs           3 2.4786 6.5895 0.6867   53 0.3223      NA          NA
    nnls dlb
641   16   1
610   14   1
476   15   1
500   21   1
595   19   1
# 2025-01-16 10:04:25 -03: Iteration 6 of 6
# experimentsUsedSoFar: 4130
# remainingBudget: 870
# currentBudget: 870
# nbConfigurations: 53
# Markers:
     x No test is performed.
     c Configurations are discarded only due to capping.
     - The test is performed and some configurations are discarded.
     = The test is performed but no configuration is discarded.
     ! The test is performed and configurations could be discarded but elite configurations are preserved.
     . All alive configurations are elite and nothing is discarded.

+-+-----------+-----------+-----------+----------------+-----------+--------+-----+----+------+
| |   Instance|      Alive|       Best|       Mean best| Exp so far|  W time|  rho|KenW|  Qvar|
+-+-----------+-----------+-----------+----------------+-----------+--------+-----+----+------+
|x|         18|         53|        658|     32730775.00|         53|00:01:12|   NA|  NA|    NA|
|x|         12|         53|        658|     32530641.50|        101|00:01:02|+0.48|0.74|0.3955|
|x|         15|         53|        658|     32530448.67|        149|00:01:02|+0.51|0.67|0.3617|
|x|          5|         53|        677|     32614884.75|        197|00:01:02|+0.41|0.56|0.3731|
|-|          1|         18|        677|     32584514.00|        245|00:01:02|-0.08|0.14|1.0511|
|=|         17|         18|        677|     32574902.33|        258|00:00:20|-0.05|0.12|0.9896|
|=|          7|         18|        641|     32595544.71|        271|00:00:20|-0.03|0.11|0.9453|
|=|          9|         18|        641|     32557171.75|        284|00:00:20|-0.04|0.09|0.9732|
|=|          8|         18|        641|     32564608.89|        297|00:00:20|-0.02|0.09|0.9509|
|=|         14|         18|        641|     32576530.10|        310|00:00:21|+0.00|0.10|0.9164|
|=|         16|         18|        641|     32566221.27|        323|00:00:20|+0.01|0.10|0.9008|
|=|         11|         18|        641|     32585042.42|        336|00:00:20|+0.02|0.10|0.8867|
|=|          3|         18|        641|     32579550.46|        349|00:00:20|-0.00|0.07|0.9182|
|=|         10|         18|        641|     32577518.21|        362|00:00:20|+0.01|0.09|0.9047|
|=|          4|         18|        641|     32583840.73|        375|00:00:20|+0.01|0.07|0.9143|
|=|          6|         18|        641|     32590922.25|        388|00:00:20|+0.01|0.07|0.9101|
|=|          2|         18|        641|     32578392.88|        401|00:00:20|+0.01|0.07|0.9075|
|=|         13|         18|        641|     32564458.11|        414|00:00:20|+0.02|0.08|0.9015|
|=|         19|         18|        641|     32557987.74|        432|00:00:31|+0.02|0.07|0.9031|
+-+-----------+-----------+-----------+----------------+-----------+--------+-----+----+------+
Best-so-far configuration:         641    mean value:      32557987.74
Description of the best-so-far configuration:
    .ID. algorithm localsearch  alpha   beta    rho ants     q0 rasrank
641  641       acs           3 2.6475 6.2921 0.7612   59 0.2277      NA
    elitistants nnls dlb .PARENT.
641          NA   16   1      476

# 2025-01-16 10:14:52 -03: Elite configurations (first number is the configuration ID; listed from best to worst according to the sum of ranks):
    algorithm localsearch  alpha   beta    rho ants     q0 rasrank elitistants
641       acs           3 2.6475 6.2921 0.7612   59 0.2277      NA          NA
661       acs           3 2.7542 7.0727 0.8110   56 0.3034      NA          NA
595       acs           3 2.4786 6.5895 0.6867   53 0.3223      NA          NA
677       acs           3 1.6784 5.3968 0.7495   35 0.3424      NA          NA
476       acs           3 2.0963 6.5000 0.7793   45 0.3608      NA          NA
    nnls dlb
641   16   1
661   18   1
595   19   1
677   11   1
476   15   1
# 2025-01-16 10:14:52 -03: Iteration 7 of 7
# experimentsUsedSoFar: 4562
# remainingBudget: 438
# currentBudget: 438
# nbConfigurations: 26
# Markers:
     x No test is performed.
     c Configurations are discarded only due to capping.
     - The test is performed and some configurations are discarded.
     = The test is performed but no configuration is discarded.
     ! The test is performed and configurations could be discarded but elite configurations are preserved.
     . All alive configurations are elite and nothing is discarded.

+-+-----------+-----------+-----------+----------------+-----------+--------+-----+----+------+
| |   Instance|      Alive|       Best|       Mean best| Exp so far|  W time|  rho|KenW|  Qvar|
+-+-----------+-----------+-----------+----------------+-----------+--------+-----+----+------+
|x|         20|         26|        708|     32696358.00|         26|00:00:41|   NA|  NA|    NA|
|x|          7|         26|        595|     32701117.50|         47|00:00:31|+0.10|0.55|0.8636|
|x|          9|         26|        476|     32583786.00|         68|00:00:31|+0.14|0.42|0.8478|
|x|         14|         26|        709|     32600772.75|         89|00:00:31|+0.15|0.36|0.8141|
|-|         16|         18|        661|     32571879.20|        110|00:00:31|-0.07|0.15|1.0322|
|=|         13|         18|        661|     32528078.17|        123|00:00:20|-0.02|0.15|0.9730|
|=|          5|         18|        661|     32570287.14|        136|00:00:20|-0.00|0.14|0.9549|
|=|          3|         18|        661|     32556180.75|        149|00:00:20|+0.02|0.14|0.9378|
|=|         12|         18|        661|     32536275.56|        162|00:00:20|+0.00|0.11|0.9503|
|=|         10|         18|        661|     32537514.50|        175|00:00:20|+0.01|0.11|0.9492|
|=|          4|         18|        661|     32548759.00|        188|00:00:20|+0.01|0.10|0.9478|
|=|          8|         18|        661|     32559358.42|        201|00:00:20|+0.01|0.09|0.9470|
|=|         19|         18|        661|     32544702.00|        214|00:00:20|+0.03|0.10|0.9288|
|=|          6|         18|        661|     32558748.29|        227|00:00:20|+0.03|0.10|0.9291|
|=|         17|         18|        661|     32554065.20|        240|00:00:20|+0.04|0.10|0.9221|
|=|          2|         18|        661|     32546987.75|        253|00:00:20|+0.04|0.10|0.9168|
|=|         15|         18|        641|     32551072.47|        266|00:00:21|+0.03|0.09|0.9243|
|-|          1|          9|        641|     32546216.67|        279|00:00:20|-0.01|0.05|0.8916|
|=|         18|          9|        641|     32556759.63|        283|00:00:10|-0.00|0.05|0.8870|
|=|         11|          9|        641|     32568525.40|        287|00:00:10|-0.01|0.04|0.8948|
|=|         21|          9|        661|     32557101.05|        296|00:00:20|-0.00|0.04|0.8922|
+-+-----------+-----------+-----------+----------------+-----------+--------+-----+----+------+
Best-so-far configuration:         661    mean value:      32557101.05
Description of the best-so-far configuration:
    .ID. algorithm localsearch  alpha   beta   rho ants     q0 rasrank
661  661       acs           3 2.7542 7.0727 0.811   56 0.3034      NA
    elitistants nnls dlb .PARENT.
661          NA   18   1      641

# 2025-01-16 10:22:53 -03: Elite configurations (first number is the configuration ID; listed from best to worst according to the sum of ranks):
    algorithm localsearch  alpha   beta    rho ants     q0 rasrank elitistants
661       acs           3 2.7542 7.0727 0.8110   56 0.3034      NA          NA
641       acs           3 2.6475 6.2921 0.7612   59 0.2277      NA          NA
595       acs           3 2.4786 6.5895 0.6867   53 0.3223      NA          NA
709       acs           3 2.8024 5.9593 0.7781   61 0.1425      NA          NA
705       acs           3 2.7632 6.3764 0.8003   60 0.1640      NA          NA
    nnls dlb
661   18   1
641   16   1
595   19   1
709   18   1
705   13   1
# 2025-01-16 10:22:53 -03: Iteration 8 of 8
# experimentsUsedSoFar: 4858
# remainingBudget: 142
# currentBudget: 142
# nbConfigurations: 11
# Markers:
     x No test is performed.
     c Configurations are discarded only due to capping.
     - The test is performed and some configurations are discarded.
     = The test is performed but no configuration is discarded.
     ! The test is performed and configurations could be discarded but elite configurations are preserved.
     . All alive configurations are elite and nothing is discarded.

+-+-----------+-----------+-----------+----------------+-----------+--------+-----+----+------+
| |   Instance|      Alive|       Best|       Mean best| Exp so far|  W time|  rho|KenW|  Qvar|
+-+-----------+-----------+-----------+----------------+-----------+--------+-----+----+------+
|x|         22|         11|        726|     32804728.00|         11|00:00:20|   NA|  NA|    NA|
|x|         10|         11|        595|     32698896.00|         17|00:00:10|+0.03|0.51|0.6798|
|x|         11|         11|        661|     32720606.00|         23|00:00:10|+0.07|0.38|0.7077|
|x|         15|         11|        729|     32683674.25|         29|00:00:10|+0.09|0.32|0.5867|
|-|          5|          9|        705|     32705300.80|         35|00:00:10|-0.03|0.18|0.9138|
|=|          1|          9|        705|     32666315.33|         39|00:00:10|-0.08|0.10|0.9482|
|=|          8|          9|        705|     32661686.57|         43|00:00:10|-0.08|0.08|0.9352|
|=|          2|          9|        705|     32625119.50|         47|00:00:10|-0.03|0.10|0.8850|
|=|         17|          9|        705|     32607820.11|         51|00:00:10|+0.00|0.11|0.8582|
|=|         12|          9|        705|     32585036.20|         55|00:00:10|+0.01|0.11|0.8411|
|=|         13|          9|        705|     32564269.55|         59|00:00:10|-0.03|0.07|0.8920|
|=|          7|          9|        705|     32578309.92|         63|00:00:10|-0.04|0.05|0.9021|
|=|         21|          9|        705|     32568309.92|         67|00:00:10|-0.06|0.02|0.9266|
|=|         14|          9|        661|     32576426.07|         71|00:00:10|-0.05|0.02|0.9201|
|=|          4|          9|        661|     32582077.93|         75|00:00:10|-0.06|0.01|0.9304|
|=|         20|          9|        661|     32593949.06|         79|00:00:10|-0.05|0.02|0.9211|
|=|         18|          9|        661|     32603889.24|         83|00:00:10|-0.05|0.01|0.9254|
|=|         19|          9|        661|     32590830.11|         87|00:00:10|-0.05|0.01|0.9211|
|=|         16|          9|        661|     32582243.16|         91|00:00:10|-0.04|0.02|0.9115|
|=|          3|          9|        661|     32576002.80|         95|00:00:10|-0.03|0.02|0.9110|
|=|          6|          9|        661|     32583876.48|         99|00:00:10|-0.03|0.02|0.9048|
|=|          9|          9|        661|     32571319.18|        103|00:00:10|-0.03|0.02|0.9097|
|=|         23|          9|        661|     32567910.43|        112|00:00:20|-0.02|0.02|0.9037|
+-+-----------+-----------+-----------+----------------+-----------+--------+-----+----+------+
Best-so-far configuration:         661    mean value:      32567910.43
Description of the best-so-far configuration:
    .ID. algorithm localsearch  alpha   beta   rho ants     q0 rasrank
661  661       acs           3 2.7542 7.0727 0.811   56 0.3034      NA
    elitistants nnls dlb .PARENT.
661          NA   18   1      641

# 2025-01-16 10:27:15 -03: Elite configurations (first number is the configuration ID; listed from best to worst according to the sum of ranks):
    algorithm localsearch  alpha   beta    rho ants     q0 rasrank elitistants
661       acs           3 2.7542 7.0727 0.8110   56 0.3034      NA          NA
641       acs           3 2.6475 6.2921 0.7612   59 0.2277      NA          NA
726       acs           3 2.4169 7.0392 0.6697   52 0.3313      NA          NA
595       acs           3 2.4786 6.5895 0.6867   53 0.3223      NA          NA
709       acs           3 2.8024 5.9593 0.7781   61 0.1425      NA          NA
    nnls dlb
661   18   1
641   16   1
726   19   1
595   19   1
709   18   1
# 2025-01-16 10:27:15 -03: Iteration 9 of 9
# experimentsUsedSoFar: 4970
# remainingBudget: 30
# currentBudget: 30
# nbConfigurations: 6
# Markers:
     x No test is performed.
     c Configurations are discarded only due to capping.
     - The test is performed and some configurations are discarded.
     = The test is performed but no configuration is discarded.
     ! The test is performed and configurations could be discarded but elite configurations are preserved.
     . All alive configurations are elite and nothing is discarded.

+-+-----------+-----------+-----------+----------------+-----------+--------+-----+----+------+
| |   Instance|      Alive|       Best|       Mean best| Exp so far|  W time|  rho|KenW|  Qvar|
+-+-----------+-----------+-----------+----------------+-----------+--------+-----+----+------+
|x|         24|          6|        709|     32347694.00|          6|00:00:10|   NA|  NA|    NA|
|x|         12|          6|        726|     32347835.50|          7|00:00:10|-0.26|0.37|1.1626|
|x|          2|          6|        726|     32370109.33|          8|00:00:10|-0.22|0.19|1.0616|
|x|          6|          6|        641|     32451375.25|          9|00:00:10|+0.04|0.28|0.8089|
|=|          8|          6|        641|     32485921.40|         10|00:00:10|+0.21|0.37|0.6570|
|=|          1|          6|        641|     32482212.50|         11|00:00:10|+0.04|0.20|0.7930|
|=|         19|          6|        641|     32476399.43|         12|00:00:10|-0.09|0.07|0.8863|
|=|         22|          6|        726|     32524397.75|         13|00:00:10|-0.09|0.04|0.8793|
|=|         11|          6|        726|     32553373.67|         14|00:00:10|-0.07|0.05|0.8818|
|=|         13|          6|        726|     32533969.80|         15|00:00:10|-0.09|0.02|0.8982|
|=|         18|          6|        731|     32563782.00|         16|00:00:10|-0.08|0.02|0.8992|
|=|         16|          6|        726|     32546553.25|         17|00:00:10|-0.07|0.02|0.8869|
|=|         20|          6|        731|     32567922.46|         18|00:00:10|-0.06|0.02|0.8914|
|=|          4|          6|        731|     32571709.64|         19|00:00:10|-0.05|0.03|0.8833|
|=|          7|          6|        731|     32580553.93|         20|00:00:10|-0.05|0.02|0.8845|
|=|         14|          6|        731|     32586574.56|         21|00:00:10|-0.05|0.02|0.8726|
|=|         21|          6|        731|     32577038.76|         22|00:00:10|-0.05|0.01|0.8754|
|=|          9|          6|        726|     32560428.89|         23|00:00:10|-0.05|0.01|0.8692|
|=|          3|          6|        726|     32557224.05|         24|00:00:10|-0.05|0.01|0.8668|
|=|         17|          6|        726|     32555977.35|         25|00:00:10|-0.05|0.01|0.8626|
|=|         10|          6|        661|     32548369.48|         26|00:00:10|-0.05|0.00|0.8606|
|=|         15|          6|        709|     32557813.27|         27|00:00:10|-0.04|0.00|0.8567|
|=|          5|          6|        726|     32570410.96|         28|00:00:10|-0.04|0.00|0.8573|
|=|         23|          6|        726|     32566831.92|         29|00:00:10|-0.04|0.00|0.8561|
+-+-----------+-----------+-----------+----------------+-----------+--------+-----+----+------+
Best-so-far configuration:         726    mean value:      32566831.92
Description of the best-so-far configuration:
    .ID. algorithm localsearch  alpha   beta    rho ants     q0 rasrank
726  726       acs           3 2.4169 7.0392 0.6697   52 0.3313      NA
    elitistants nnls dlb .PARENT.
726          NA   19   1      595

# 2025-01-16 10:31:26 -03: Elite configurations (first number is the configuration ID; listed from best to worst according to the sum of ranks):
    algorithm localsearch  alpha   beta    rho ants     q0 rasrank elitistants
726       acs           3 2.4169 7.0392 0.6697   52 0.3313      NA          NA
709       acs           3 2.8024 5.9593 0.7781   61 0.1425      NA          NA
641       acs           3 2.6475 6.2921 0.7612   59 0.2277      NA          NA
661       acs           3 2.7542 7.0727 0.8110   56 0.3034      NA          NA
731       acs           3 2.6502 6.8802 0.7981   59 0.1952      NA          NA
    nnls dlb
726   19   1
709   18   1
641   16   1
661   18   1
731   16   1
# 2025-01-16 10:31:26 -03: Stopped because there is not enough budget left to race more than the minimum (5).
# You may either increase the budget or set 'minNbSurvival' to a lower value.
# Iteration: 10
# nbIterations: 10
# experimentsUsedSoFar: 4999
# timeUsed: 0
# remainingBudget: 1
# currentBudget: 1
# number of elites: 5
# nbConfigurations: 4
# Total CPU user time: 51748.55, CPU sys time: 416.477, Wall-clock time: 7288.566
    .ID. algorithm localsearch  alpha   beta    rho ants     q0 rasrank
726  726       acs           3 2.4169 7.0392 0.6697   52 0.3313      NA
709  709       acs           3 2.8024 5.9593 0.7781   61 0.1425      NA
641  641       acs           3 2.6475 6.2921 0.7612   59 0.2277      NA
661  661       acs           3 2.7542 7.0727 0.8110   56 0.3034      NA
731  731       acs           3 2.6502 6.8802 0.7981   59 0.1952      NA
    elitistants nnls dlb .PARENT. .ALIVE. .RANK.   .WEIGHT.
726          NA   19   1      595    TRUE     81 0.33333333
709          NA   18   1      641    TRUE     82 0.26666667
641          NA   16   1      476    TRUE     84 0.20000000
661          NA   18   1      641    TRUE     84 0.13333333
731          NA   16   1      641    TRUE     85 0.06666667
