# 2025-01-16 14:31:55 -03: 1 expression(s) specifying forbidden configurations read.
# 2025-01-16 14:31:55 -03: Initialization
# Elitist race
# Elitist new instances: 1
# Elitist limit: 2
# nbIterations: 5
# minNbSurvival: 5
# nbParameters: 11
# seed: 5144
# confidence level: 0.95
# budget: 5000
# mu: 5
# deterministic: FALSE

# 2025-01-16 14:31:55 -03: Iteration 1 of 5
# experimentsUsedSoFar: 0
# remainingBudget: 5000
# currentBudget: 1000
# nbConfigurations: 166
# Markers:
     x No test is performed.
     c Configurations are discarded only due to capping.
     - The test is performed and some configurations are discarded.
     = The test is performed but no configuration is discarded.
     ! The test is performed and configurations could be discarded but elite configurations are preserved.
     . All alive configurations are elite and nothing is discarded.

+-+-----------+-----------+-----------+----------------+-----------+--------+-----+----+------+
| |   Instance|      Alive|       Best|       Mean best| Exp so far|  W time|  rho|KenW|  Qvar|
+-+-----------+-----------+-----------+----------------+-----------+--------+-----+----+------+
|x|          1|        166|         88|     32995325.00|        166|00:03:39|   NA|  NA|    NA|
|x|          2|        166|         88|     32682284.50|        332|00:03:39|+0.96|0.98|0.0013|
|x|          3|        166|         88|     32791318.00|        498|00:03:39|+0.97|0.98|0.0015|
|x|          4|        166|         88|     32818650.00|        664|00:03:39|+0.95|0.97|0.0016|
|-|          5|         11|         88|     32775402.40|        830|00:03:39|+0.60|0.68|0.2604|
|-|          6|          3|         88|     32694705.83|        841|00:00:20|+0.70|0.75|0.2681|
+-+-----------+-----------+-----------+----------------+-----------+--------+-----+----+------+
Best-so-far configuration:          88    mean value:      32694705.83
Description of the best-so-far configuration:
   .ID. algorithm localsearch  alpha   beta    rho ants     q0 rasrank
88   88       acs           3 2.8796 5.9534 0.5491   59 0.2575      NA
   elitistants nnls dlb .PARENT.
88          NA   12   1       NA

first iteration, returning
# 2025-01-16 14:50:33 -03: Elite configurations (first number is the configuration ID; listed from best to worst according to the sum of ranks):
    algorithm localsearch  alpha   beta    rho ants     q0 rasrank elitistants
88        acs           3 2.8796 5.9534 0.5491   59 0.2575      NA          NA
22        acs           3 1.9244 5.1905 0.8295    5 0.7766      NA          NA
103       acs           3 2.3185 8.8655 0.2704   40 0.9305      NA          NA
    nnls dlb
88    12   1
22    23   1
103   31   1
# 2025-01-16 14:50:33 -03: Iteration 2 of 5
# experimentsUsedSoFar: 841
# remainingBudget: 4159
# currentBudget: 1039
# nbConfigurations: 151
# Markers:
     x No test is performed.
     c Configurations are discarded only due to capping.
     - The test is performed and some configurations are discarded.
     = The test is performed but no configuration is discarded.
     ! The test is performed and configurations could be discarded but elite configurations are preserved.
     . All alive configurations are elite and nothing is discarded.

+-+-----------+-----------+-----------+----------------+-----------+--------+-----+----+------+
| |   Instance|      Alive|       Best|       Mean best| Exp so far|  W time|  rho|KenW|  Qvar|
+-+-----------+-----------+-----------+----------------+-----------+--------+-----+----+------+
|x|          7|        151|        245|     32701395.00|        151|00:03:18|   NA|  NA|    NA|
|x|          2|        151|         88|     32537398.50|        299|00:03:18|+0.96|0.98|0.0025|
|x|          1|        151|         88|     32690040.67|        447|00:03:18|+0.96|0.98|0.0026|
|x|          5|        151|         88|     32668133.50|        595|00:03:18|+0.97|0.97|0.0026|
|-|          4|         12|         88|     32714636.00|        743|00:03:18|+0.35|0.48|0.5561|
|-|          3|          7|         88|     32763760.83|        752|00:00:20|+0.31|0.42|0.4812|
|-|          6|          5|         88|     32696255.43|        756|00:00:10|-0.02|0.12|0.7312|
+-+-----------+-----------+-----------+----------------+-----------+--------+-----+----+------+
Best-so-far configuration:          88    mean value:      32696255.43
Description of the best-so-far configuration:
   .ID. algorithm localsearch  alpha   beta    rho ants     q0 rasrank
88   88       acs           3 2.8796 5.9534 0.5491   59 0.2575      NA
   elitistants nnls dlb .PARENT.
88          NA   12   1       NA

# 2025-01-16 15:07:36 -03: Elite configurations (first number is the configuration ID; listed from best to worst according to the sum of ranks):
    algorithm localsearch  alpha   beta    rho ants     q0 rasrank elitistants
88        acs           3 2.8796 5.9534 0.5491   59 0.2575      NA          NA
189       acs           3 4.2376 7.0487 0.4682   64 0.4149      NA          NA
280       acs           3 2.2063 5.5551 0.4711   37 0.8072      NA          NA
245       acs           3 2.8206 9.4508 0.2686   29 0.7705      NA          NA
262       acs           3 2.9740 7.5090 0.7288   63 0.3832      NA          NA
    nnls dlb
88    12   1
189   20   1
280   17   1
245   20   1
262   17   1
# 2025-01-16 15:07:36 -03: Iteration 3 of 5
# experimentsUsedSoFar: 1597
# remainingBudget: 3403
# currentBudget: 1134
# nbConfigurations: 146
# Markers:
     x No test is performed.
     c Configurations are discarded only due to capping.
     - The test is performed and some configurations are discarded.
     = The test is performed but no configuration is discarded.
     ! The test is performed and configurations could be discarded but elite configurations are preserved.
     . All alive configurations are elite and nothing is discarded.

+-+-----------+-----------+-----------+----------------+-----------+--------+-----+----+------+
| |   Instance|      Alive|       Best|       Mean best| Exp so far|  W time|  rho|KenW|  Qvar|
+-+-----------+-----------+-----------+----------------+-----------+--------+-----+----+------+
|x|          8|        146|        425|     32499616.00|        146|00:03:17|   NA|  NA|    NA|
|x|          2|        146|         88|     32438584.50|        287|00:03:07|+0.90|0.95|0.0072|
|x|          6|        146|        189|     32387209.33|        428|00:03:07|+0.93|0.95|0.0079|
|x|          1|        146|        189|     32549756.50|        569|00:03:08|+0.93|0.95|0.0065|
|-|          3|         14|         88|     32634620.40|        710|00:03:07|+0.19|0.35|0.7503|
|-|          7|         10|         88|     32646442.50|        719|00:00:20|+0.10|0.25|0.7855|
|=|          5|         10|         88|     32640152.43|        724|00:00:10|+0.12|0.24|0.7668|
|=|          4|         10|         88|     32672714.12|        729|00:00:10|+0.08|0.20|0.8203|
|-|          9|          7|         88|     32645636.22|        739|00:00:20|-0.02|0.09|0.8863|
|=|         10|          7|         88|     32629005.00|        746|00:00:10|+0.02|0.12|0.8596|
|=|         11|          7|         88|     32651402.64|        753|00:00:10|-0.00|0.09|0.8727|
+-+-----------+-----------+-----------+----------------+-----------+--------+-----+----+------+
Best-so-far configuration:          88    mean value:      32651402.64
Description of the best-so-far configuration:
   .ID. algorithm localsearch  alpha   beta    rho ants     q0 rasrank
88   88       acs           3 2.8796 5.9534 0.5491   59 0.2575      NA
   elitistants nnls dlb .PARENT.
88          NA   12   1       NA

# 2025-01-16 15:24:49 -03: Elite configurations (first number is the configuration ID; listed from best to worst according to the sum of ranks):
    algorithm localsearch  alpha   beta    rho ants     q0 rasrank elitistants
88        acs           3 2.8796 5.9534 0.5491   59 0.2575      NA          NA
189       acs           3 4.2376 7.0487 0.4682   64 0.4149      NA          NA
351       acs           3 3.1565 6.0474 0.5840   62 0.2353      NA          NA
356       acs           3 4.3632 5.8351 0.4601   61 0.1765      NA          NA
390       acs           3 4.6006 6.2929 0.6239   71 0.6602      NA          NA
    nnls dlb
88    12   1
189   20   1
351   21   1
356   11   1
390    9   1
# 2025-01-16 15:24:49 -03: Iteration 4 of 5
# experimentsUsedSoFar: 2350
# remainingBudget: 2650
# currentBudget: 1325
# nbConfigurations: 115
# Markers:
     x No test is performed.
     c Configurations are discarded only due to capping.
     - The test is performed and some configurations are discarded.
     = The test is performed but no configuration is discarded.
     ! The test is performed and configurations could be discarded but elite configurations are preserved.
     . All alive configurations are elite and nothing is discarded.

+-+-----------+-----------+-----------+----------------+-----------+--------+-----+----+------+
| |   Instance|      Alive|       Best|       Mean best| Exp so far|  W time|  rho|KenW|  Qvar|
+-+-----------+-----------+-----------+----------------+-----------+--------+-----+----+------+
|x|         12|        115|        506|     32515477.00|        115|00:02:35|   NA|  NA|    NA|
|x|          6|        115|        506|     32372934.00|        225|00:02:26|+0.87|0.93|0.0057|
|x|          9|        115|        506|     32406301.67|        335|00:02:26|+0.86|0.91|0.0069|
|x|          3|        115|        506|     32546472.50|        445|00:02:26|+0.86|0.90|0.0072|
|-|          8|         17|        506|     32544808.00|        555|00:02:25|-0.04|0.17|0.9936|
|=|         10|         17|        506|     32524502.83|        567|00:00:20|+0.00|0.17|0.9325|
|=|          7|         17|        506|     32557887.14|        579|00:00:20|-0.02|0.13|0.9551|
|=|          1|         17|         88|     32625128.75|        591|00:00:20|-0.00|0.12|0.9340|
|=|          4|         17|        506|     32644885.78|        603|00:00:20|+0.02|0.13|0.9271|
|=|          5|         17|        506|     32637974.70|        615|00:00:20|+0.05|0.14|0.9015|
|=|         11|         17|        506|     32658338.82|        627|00:00:20|+0.04|0.12|0.9097|
|-|          2|         11|        506|     32636971.42|        639|00:00:20|-0.04|0.05|0.9348|
|=|         13|         11|        506|     32615613.08|        650|00:00:20|-0.03|0.05|0.9251|
|=|         14|         11|        506|     32606568.79|        661|00:00:20|-0.01|0.07|0.9119|
+-+-----------+-----------+-----------+----------------+-----------+--------+-----+----+------+
Best-so-far configuration:         506    mean value:      32606568.79
Description of the best-so-far configuration:
    .ID. algorithm localsearch  alpha   beta    rho ants     q0 rasrank
506  506       acs           3 2.5431 4.9699 0.6117   56 0.3083      NA
    elitistants nnls dlb .PARENT.
506          NA   17   1       88

# 2025-01-16 15:40:17 -03: Elite configurations (first number is the configuration ID; listed from best to worst according to the sum of ranks):
    algorithm localsearch  alpha   beta    rho ants     q0 rasrank elitistants
506       acs           3 2.5431 4.9699 0.6117   56 0.3083      NA          NA
88        acs           3 2.8796 5.9534 0.5491   59 0.2575      NA          NA
500       acs           3 2.8934 5.3951 0.7008   61 0.2398      NA          NA
503       acs           3 3.3831 5.8221 0.6308   65 0.3053      NA          NA
189       acs           3 4.2376 7.0487 0.4682   64 0.4149      NA          NA
    nnls dlb
506   17   1
88    12   1
500    9   1
503    8   1
189   20   1
# 2025-01-16 15:40:17 -03: Iteration 5 of 5
# experimentsUsedSoFar: 3011
# remainingBudget: 1989
# currentBudget: 1989
# nbConfigurations: 137
# Markers:
     x No test is performed.
     c Configurations are discarded only due to capping.
     - The test is performed and some configurations are discarded.
     = The test is performed but no configuration is discarded.
     ! The test is performed and configurations could be discarded but elite configurations are preserved.
     . All alive configurations are elite and nothing is discarded.

+-+-----------+-----------+-----------+----------------+-----------+--------+-----+----+------+
| |   Instance|      Alive|       Best|       Mean best| Exp so far|  W time|  rho|KenW|  Qvar|
+-+-----------+-----------+-----------+----------------+-----------+--------+-----+----+------+
|x|         15|        137|        661|     32441799.00|        137|00:03:07|   NA|  NA|    NA|
|x|          8|        137|        597|     32487646.00|        269|00:02:57|+0.48|0.74|0.0034|
|x|         13|        137|        569|     32428991.00|        401|00:02:57|+0.52|0.68|0.0055|
|x|          3|        137|         88|     32584503.75|        533|00:02:57|+0.56|0.67|0.0055|
|-|          5|         53|        677|     32567927.80|        665|00:02:57|-0.10|0.12|1.0627|
|=|          4|         53|        635|     32611255.83|        713|00:01:02|-0.07|0.11|1.0297|
|=|          2|         53|        677|     32588260.00|        761|00:01:02|-0.05|0.10|1.0150|
|=|          7|         53|        677|     32601480.38|        809|00:01:02|-0.03|0.10|0.9918|
|=|         10|         53|        677|     32586612.00|        857|00:01:02|+0.00|0.11|0.9652|
|=|          1|         53|        677|     32630167.40|        905|00:01:02|+0.00|0.10|0.9633|
|=|         11|         53|        677|     32645959.45|        953|00:01:02|-0.00|0.09|0.9671|
|=|          6|         53|        677|     32617040.25|       1001|00:01:02|+0.01|0.09|0.9594|
|=|         14|         53|        677|     32607107.46|       1049|00:01:02|+0.02|0.09|0.9501|
|=|          9|         53|        677|     32599890.14|       1097|00:01:02|+0.02|0.09|0.9454|
|=|         12|         53|        677|     32596809.40|       1145|00:01:02|+0.02|0.08|0.9488|
|=|         16|         53|        677|     32592301.94|       1198|00:01:13|+0.02|0.08|0.9493|
+-+-----------+-----------+-----------+----------------+-----------+--------+-----+----+------+
Best-so-far configuration:         677    mean value:      32592301.94
Description of the best-so-far configuration:
    .ID. algorithm localsearch  alpha   beta    rho ants     q0 rasrank
677  677       acs           3 2.8759 5.1964 0.5629   56 0.1554      NA
    elitistants nnls dlb .PARENT.
677          NA   16   1      506

# 2025-01-16 16:06:54 -03: Elite configurations (first number is the configuration ID; listed from best to worst according to the sum of ranks):
    algorithm localsearch  alpha   beta    rho ants     q0 rasrank elitistants
677       acs           3 2.8759 5.1964 0.5629   56 0.1554      NA          NA
506       acs           3 2.5431 4.9699 0.6117   56 0.3083      NA          NA
625       acs           3 3.5712 6.3762 0.5807   63 0.2334      NA          NA
500       acs           3 2.8934 5.3951 0.7008   61 0.2398      NA          NA
88        acs           3 2.8796 5.9534 0.5491   59 0.2575      NA          NA
    nnls dlb
677   16   1
506   17   1
625   10   1
500    9   1
88    12   1
# 2025-01-16 16:06:54 -03: Iteration 6 of 6
# experimentsUsedSoFar: 4209
# remainingBudget: 791
# currentBudget: 791
# nbConfigurations: 51
# Markers:
     x No test is performed.
     c Configurations are discarded only due to capping.
     - The test is performed and some configurations are discarded.
     = The test is performed but no configuration is discarded.
     ! The test is performed and configurations could be discarded but elite configurations are preserved.
     . All alive configurations are elite and nothing is discarded.

+-+-----------+-----------+-----------+----------------+-----------+--------+-----+----+------+
| |   Instance|      Alive|       Best|       Mean best| Exp so far|  W time|  rho|KenW|  Qvar|
+-+-----------+-----------+-----------+----------------+-----------+--------+-----+----+------+
|x|         17|         51|        712|     32552546.00|         51|00:01:12|   NA|  NA|    NA|
|x|         10|         51|        732|     32488864.00|         97|00:01:02|+0.58|0.79|0.1921|
|x|         13|         51|        724|     32437918.33|        143|00:01:02|+0.48|0.66|0.3022|
|x|         11|         51|        724|     32531056.00|        189|00:01:02|+0.47|0.60|0.3092|
|-|          2|         12|        724|     32494785.60|        235|00:01:02|+0.06|0.25|0.9128|
|=|         16|         12|        724|     32506763.83|        242|00:00:10|+0.04|0.20|0.9177|
|=|         12|         12|        724|     32520559.57|        249|00:00:10|-0.02|0.12|0.9621|
|=|          4|         12|        724|     32561735.62|        256|00:00:10|+0.01|0.13|0.9411|
|=|          6|         12|        724|     32530192.78|        263|00:00:10|+0.02|0.13|0.9293|
|=|         15|         12|        724|     32534032.20|        270|00:00:10|-0.04|0.07|0.9592|
|=|          7|         12|        724|     32552222.45|        277|00:00:10|-0.05|0.05|0.9697|
|=|          9|         12|        724|     32542587.08|        284|00:00:10|-0.05|0.04|0.9638|
|=|          8|         12|        724|     32543796.15|        291|00:00:10|-0.04|0.04|0.9484|
|=|          5|         12|        677|     32539695.57|        298|00:00:10|-0.01|0.06|0.9237|
|=|          1|         12|        677|     32571860.27|        305|00:00:10|-0.02|0.05|0.9249|
|=|         14|         12|        677|     32566613.62|        312|00:00:10|-0.02|0.04|0.9254|
|=|          3|         12|        677|     32593338.71|        319|00:00:10|-0.03|0.03|0.9273|
|=|         18|         12|        677|     32586566.00|        331|00:00:20|-0.01|0.04|0.9166|
+-+-----------+-----------+-----------+----------------+-----------+--------+-----+----+------+
Best-so-far configuration:         677    mean value:      32586566.00
Description of the best-so-far configuration:
    .ID. algorithm localsearch  alpha   beta    rho ants     q0 rasrank
677  677       acs           3 2.8759 5.1964 0.5629   56 0.1554      NA
    elitistants nnls dlb .PARENT.
677          NA   16   1      506

# 2025-01-16 16:14:45 -03: Elite configurations (first number is the configuration ID; listed from best to worst according to the sum of ranks):
    algorithm localsearch  alpha   beta    rho ants     q0 rasrank elitistants
677       acs           3 2.8759 5.1964 0.5629   56 0.1554      NA          NA
724       acs           3 2.6296 4.3880 0.6048   57 0.2189      NA          NA
88        acs           3 2.8796 5.9534 0.5491   59 0.2575      NA          NA
625       acs           3 3.5712 6.3762 0.5807   63 0.2334      NA          NA
500       acs           3 2.8934 5.3951 0.7008   61 0.2398      NA          NA
    nnls dlb
677   16   1
724   17   1
88    12   1
625   10   1
500    9   1
# 2025-01-16 16:14:45 -03: Iteration 7 of 7
# experimentsUsedSoFar: 4540
# remainingBudget: 460
# currentBudget: 460
# nbConfigurations: 28
# Markers:
     x No test is performed.
     c Configurations are discarded only due to capping.
     - The test is performed and some configurations are discarded.
     = The test is performed but no configuration is discarded.
     ! The test is performed and configurations could be discarded but elite configurations are preserved.
     . All alive configurations are elite and nothing is discarded.

+-+-----------+-----------+-----------+----------------+-----------+--------+-----+----+------+
| |   Instance|      Alive|       Best|       Mean best| Exp so far|  W time|  rho|KenW|  Qvar|
+-+-----------+-----------+-----------+----------------+-----------+--------+-----+----+------+
|x|         19|         28|        724|     32465477.00|         28|00:00:41|   NA|  NA|    NA|
|x|          5|         28|        749|     32513975.50|         51|00:00:31|-0.09|0.46|1.0196|
|x|         17|         28|        724|     32536990.00|         74|00:00:31|+0.00|0.33|0.9289|
|x|         18|         28|        724|     32527814.75|         97|00:00:31|+0.02|0.26|0.9617|
|=|          7|         28|        677|     32563317.00|        120|00:00:31|-0.02|0.18|0.9883|
|=|          4|         28|        677|     32615934.17|        143|00:00:31|+0.00|0.17|0.9384|
|=|         13|         28|        724|     32567902.57|        166|00:00:31|+0.01|0.15|0.9376|
|=|         12|         28|        677|     32574015.75|        189|00:00:31|+0.02|0.14|0.9227|
|=|         14|         28|        677|     32564448.89|        212|00:00:31|+0.04|0.15|0.9031|
|-|         11|         19|        677|     32588392.00|        235|00:00:31|-0.02|0.08|0.9811|
|=|          9|         19|        724|     32575722.36|        249|00:00:20|-0.03|0.06|0.9868|
|=|          6|         19|        724|     32550899.67|        263|00:00:20|-0.04|0.04|0.9897|
|=|          2|         19|        724|     32535423.08|        277|00:00:20|-0.02|0.06|0.9662|
|=|         16|         19|        724|     32537653.93|        291|00:00:20|-0.01|0.06|0.9551|
|=|          1|         19|        677|     32575662.07|        305|00:00:20|-0.02|0.05|0.9609|
|=|          3|         19|        677|     32603491.94|        319|00:00:21|-0.02|0.04|0.9605|
|=|          8|         19|        677|     32595169.06|        333|00:00:20|-0.01|0.05|0.9546|
|=|         15|         19|        677|     32590744.50|        347|00:00:20|-0.02|0.04|0.9602|
|=|         10|         19|        677|     32584266.63|        361|00:00:21|-0.02|0.03|0.9591|
|=|         20|         19|        677|     32583299.70|        380|00:00:31|-0.02|0.03|0.9615|
+-+-----------+-----------+-----------+----------------+-----------+--------+-----+----+------+
Best-so-far configuration:         677    mean value:      32583299.70
Description of the best-so-far configuration:
    .ID. algorithm localsearch  alpha   beta    rho ants     q0 rasrank
677  677       acs           3 2.8759 5.1964 0.5629   56 0.1554      NA
    elitistants nnls dlb .PARENT.
677          NA   16   1      506

# 2025-01-16 16:23:49 -03: Elite configurations (first number is the configuration ID; listed from best to worst according to the sum of ranks):
    algorithm localsearch  alpha   beta    rho ants     q0 rasrank elitistants
677       acs           3 2.8759 5.1964 0.5629   56 0.1554      NA          NA
724       acs           3 2.6296 4.3880 0.6048   57 0.2189      NA          NA
625       acs           3 3.5712 6.3762 0.5807   63 0.2334      NA          NA
500       acs           3 2.8934 5.3951 0.7008   61 0.2398      NA          NA
744       acs           3 2.9867 4.8661 0.5497   57 0.1676      NA          NA
    nnls dlb
677   16   1
724   17   1
625   10   1
500    9   1
744   16   1
# 2025-01-16 16:23:49 -03: Iteration 8 of 8
# experimentsUsedSoFar: 4920
# remainingBudget: 80
# currentBudget: 80
# nbConfigurations: 8
# Markers:
     x No test is performed.
     c Configurations are discarded only due to capping.
     - The test is performed and some configurations are discarded.
     = The test is performed but no configuration is discarded.
     ! The test is performed and configurations could be discarded but elite configurations are preserved.
     . All alive configurations are elite and nothing is discarded.

+-+-----------+-----------+-----------+----------------+-----------+--------+-----+----+------+
| |   Instance|      Alive|       Best|       Mean best| Exp so far|  W time|  rho|KenW|  Qvar|
+-+-----------+-----------+-----------+----------------+-----------+--------+-----+----+------+
|x|         21|          8|        724|     32520093.00|          8|00:00:10|   NA|  NA|    NA|
|x|          8|          8|        744|     32500627.50|         11|00:00:10|-0.45|0.27|1.1134|
|x|          4|          8|        744|     32619337.00|         14|00:00:10|-0.14|0.24|1.0465|
|x|         17|          8|        724|     32627875.25|         17|00:00:10|-0.06|0.21|0.9687|
|=|          5|          8|        724|     32614771.80|         20|00:00:10|+0.08|0.26|0.8245|
|=|         11|          8|        677|     32631091.17|         23|00:00:10|+0.20|0.33|0.7081|
|-|          7|          6|        677|     32640081.43|         26|00:00:10|-0.03|0.12|0.8266|
|=|         14|          6|        677|     32621060.50|         27|00:00:10|-0.04|0.09|0.8565|
|=|          1|          6|        677|     32665627.78|         28|00:00:10|-0.04|0.08|0.8458|
|=|          6|          6|        677|     32628957.90|         29|00:00:10|-0.04|0.07|0.8588|
|=|         16|          6|        677|     32619479.00|         30|00:00:10|-0.01|0.08|0.8295|
|=|          3|          6|        677|     32652934.08|         31|00:00:10|-0.02|0.07|0.8287|
|=|         18|          6|        677|     32638972.23|         32|00:00:10|+0.01|0.09|0.8026|
|=|         13|          6|        677|     32617820.07|         33|00:00:10|-0.01|0.07|0.8212|
|=|         15|          6|        677|     32611000.53|         34|00:00:10|+0.01|0.07|0.8012|
|=|         10|          6|        677|     32602042.06|         35|00:00:10|+0.02|0.08|0.7842|
|=|          9|          6|        677|     32596396.35|         36|00:00:10|-0.00|0.06|0.8033|
|=|         12|          6|        677|     32594023.17|         37|00:00:10|+0.00|0.06|0.8044|
|=|          2|          6|        677|     32583767.26|         38|00:00:10|-0.00|0.05|0.8143|
|=|         20|          6|        677|     32582825.30|         39|00:00:10|-0.01|0.04|0.8271|
|=|         19|          6|        677|     32580923.05|         40|00:00:10|-0.01|0.04|0.8292|
|=|         22|          6|        677|     32558282.18|         46|00:00:10|-0.01|0.03|0.8375|
+-+-----------+-----------+-----------+----------------+-----------+--------+-----+----+------+
Best-so-far configuration:         677    mean value:      32558282.18
Description of the best-so-far configuration:
    .ID. algorithm localsearch  alpha   beta    rho ants     q0 rasrank
677  677       acs           3 2.8759 5.1964 0.5629   56 0.1554      NA
    elitistants nnls dlb .PARENT.
677          NA   16   1      506

# 2025-01-16 16:27:39 -03: Elite configurations (first number is the configuration ID; listed from best to worst according to the sum of ranks):
    algorithm localsearch  alpha   beta    rho ants     q0 rasrank elitistants
677       acs           3 2.8759 5.1964 0.5629   56 0.1554      NA          NA
724       acs           3 2.6296 4.3880 0.6048   57 0.2189      NA          NA
744       acs           3 2.9867 4.8661 0.5497   57 0.1676      NA          NA
500       acs           3 2.8934 5.3951 0.7008   61 0.2398      NA          NA
625       acs           3 3.5712 6.3762 0.5807   63 0.2334      NA          NA
    nnls dlb
677   16   1
724   17   1
744   16   1
500    9   1
625   10   1
# 2025-01-16 16:27:39 -03: Iteration 9 of 9
# experimentsUsedSoFar: 4966
# remainingBudget: 34
# currentBudget: 34
# nbConfigurations: 6
# Markers:
     x No test is performed.
     c Configurations are discarded only due to capping.
     - The test is performed and some configurations are discarded.
     = The test is performed but no configuration is discarded.
     ! The test is performed and configurations could be discarded but elite configurations are preserved.
     . All alive configurations are elite and nothing is discarded.

+-+-----------+-----------+-----------+----------------+-----------+--------+-----+----+------+
| |   Instance|      Alive|       Best|       Mean best| Exp so far|  W time|  rho|KenW|  Qvar|
+-+-----------+-----------+-----------+----------------+-----------+--------+-----+----+------+
|x|         23|          6|        625|     32246481.00|          6|00:00:10|   NA|  NA|    NA|
|x|          1|          6|        625|     32625117.00|          7|00:00:10|+0.89|0.94|0.1475|
|x|         14|          6|        625|     32583921.00|          8|00:00:10|+0.70|0.80|0.3483|
|x|          5|          6|        677|     32570401.25|          9|00:00:10|+0.45|0.59|0.5007|
|!|         15|          6|        677|     32559426.40|         10|00:00:10|+0.38|0.51|0.4884|
|=|         20|          6|        500|     32555863.83|         11|00:00:10|+0.18|0.31|0.6177|
|=|          8|          6|        677|     32546294.71|         12|00:00:10|+0.15|0.27|0.6857|
|=|         16|          6|        677|     32543594.12|         13|00:00:10|+0.16|0.26|0.6936|
|=|         10|          6|        677|     32535157.56|         14|00:00:10|+0.05|0.16|0.7898|
|=|         21|          6|        677|     32534980.80|         15|00:00:10|-0.01|0.09|0.8496|
|=|         13|          6|        625|     32523071.18|         16|00:00:10|-0.03|0.06|0.8554|
|=|         22|          6|        677|     32481289.50|         17|00:00:10|-0.06|0.03|0.8832|
|=|         19|          6|        625|     32489971.77|         18|00:00:10|-0.05|0.03|0.8783|
|=|          6|          6|        677|     32472662.93|         19|00:00:10|-0.04|0.04|0.8634|
|=|         11|          6|        677|     32494744.07|         20|00:00:10|-0.04|0.03|0.8748|
|=|          7|          6|        677|     32507199.00|         21|00:00:10|-0.02|0.04|0.8705|
|=|          4|          6|        677|     32529070.82|         22|00:00:10|-0.02|0.04|0.8723|
|=|         12|          6|        677|     32530437.94|         23|00:00:10|-0.03|0.03|0.8739|
|=|         18|          6|        677|     32527332.26|         24|00:00:10|-0.02|0.03|0.8681|
|=|          2|          6|        677|     32520923.70|         25|00:00:10|-0.01|0.04|0.8650|
|=|          9|          6|        677|     32520216.14|         26|00:00:10|-0.01|0.03|0.8642|
|=|          3|          6|        677|     32542976.32|         27|00:00:10|-0.03|0.02|0.8691|
|=|         17|          6|        724|     32551612.83|         28|00:00:10|-0.03|0.01|0.8687|
|=|         24|          6|        724|     32565159.62|         34|00:00:10|-0.03|0.01|0.8657|
+-+-----------+-----------+-----------+----------------+-----------+--------+-----+----+------+
Best-so-far configuration:         724    mean value:      32565159.62
Description of the best-so-far configuration:
    .ID. algorithm localsearch  alpha  beta    rho ants     q0 rasrank
724  724       acs           3 2.6296 4.388 0.6048   57 0.2189      NA
    elitistants nnls dlb .PARENT.
724          NA   17   1      677

# 2025-01-16 16:31:50 -03: Elite configurations (first number is the configuration ID; listed from best to worst according to the sum of ranks):
    algorithm localsearch  alpha   beta    rho ants     q0 rasrank elitistants
724       acs           3 2.6296 4.3880 0.6048   57 0.2189      NA          NA
677       acs           3 2.8759 5.1964 0.5629   56 0.1554      NA          NA
500       acs           3 2.8934 5.3951 0.7008   61 0.2398      NA          NA
744       acs           3 2.9867 4.8661 0.5497   57 0.1676      NA          NA
770       acs           3 3.0492 4.8432 0.5826   60 0.1909      NA          NA
    nnls dlb
724   17   1
677   16   1
500    9   1
744   16   1
770   16   1
# 2025-01-16 16:31:50 -03: Stopped because budget is exhausted
# Iteration: 10
# nbIterations: 9
# experimentsUsedSoFar: 5000
# timeUsed: 0
# remainingBudget: 0
# currentBudget: 34
# number of elites: 5
# nbConfigurations: 6
# Total CPU user time: 51747.91, CPU sys time: 416.042, Wall-clock time: 7194.783
    .ID. algorithm localsearch  alpha   beta    rho ants     q0 rasrank
724  724       acs           3 2.6296 4.3880 0.6048   57 0.2189      NA
677  677       acs           3 2.8759 5.1964 0.5629   56 0.1554      NA
500  500       acs           3 2.8934 5.3951 0.7008   61 0.2398      NA
744  744       acs           3 2.9867 4.8661 0.5497   57 0.1676      NA
770  770       acs           3 3.0492 4.8432 0.5826   60 0.1909      NA
    elitistants nnls dlb .PARENT. .ALIVE. .RANK.   .WEIGHT.
724          NA   17   1      677    TRUE     77 0.33333333
677          NA   16   1      506    TRUE     79 0.26666667
500          NA    9   1       88    TRUE     85 0.20000000
744          NA   16   1      677    TRUE     87 0.13333333
770          NA   16   1      744    TRUE     87 0.06666667
