# 2025-01-16 10:33:00 -03: 1 expression(s) specifying forbidden configurations read.
# 2025-01-16 10:33:00 -03: Initialization
# Elitist race
# Elitist new instances: 1
# Elitist limit: 2
# nbIterations: 5
# minNbSurvival: 5
# nbParameters: 11
# seed: 9685
# confidence level: 0.95
# budget: 5000
# mu: 5
# deterministic: FALSE

# 2025-01-16 10:33:01 -03: Iteration 1 of 5
# experimentsUsedSoFar: 0
# remainingBudget: 5000
# currentBudget: 1000
# nbConfigurations: 166
# Markers:
     x No test is performed.
     c Configurations are discarded only due to capping.
     - The test is performed and some configurations are discarded.
     = The test is performed but no configuration is discarded.
     ! The test is performed and configurations could be discarded but elite configurations are preserved.
     . All alive configurations are elite and nothing is discarded.

+-+-----------+-----------+-----------+----------------+-----------+--------+-----+----+------+
| |   Instance|      Alive|       Best|       Mean best| Exp so far|  W time|  rho|KenW|  Qvar|
+-+-----------+-----------+-----------+----------------+-----------+--------+-----+----+------+
|x|          1|        166|         33|     32567132.00|        166|00:03:39|   NA|  NA|    NA|
|x|          2|        166|         33|     32538911.00|        332|00:03:39|+0.97|0.98|0.0025|
|x|          3|        166|         33|     32615718.67|        498|00:03:39|+0.97|0.98|0.0022|
|x|          4|        166|         33|     32623009.50|        664|00:03:39|+0.97|0.97|0.0021|
|-|          5|          9|         33|     32593615.80|        830|00:03:39|+0.52|0.61|0.4134|
|-|          6|          2|         33|     32587210.17|        839|00:00:20|+1.00|1.00|0.0000|
+-+-----------+-----------+-----------+----------------+-----------+--------+-----+----+------+
Best-so-far configuration:          33    mean value:      32587210.17
Description of the best-so-far configuration:
   .ID. algorithm localsearch  alpha   beta    rho ants     q0 rasrank
33   33       acs           3 3.4874 8.6568 0.4442   31 0.0431      NA
   elitistants nnls dlb .PARENT.
33          NA   10   0       NA

first iteration, returning
# 2025-01-16 10:51:38 -03: Elite configurations (first number is the configuration ID; listed from best to worst according to the sum of ranks):
   algorithm localsearch  alpha   beta    rho ants     q0 rasrank elitistants
33       acs           3 3.4874 8.6568 0.4442   31 0.0431      NA          NA
78       acs           3 1.6481 4.4038 0.3772   61 0.8508      NA          NA
   nnls dlb
33   10   0
78    6   1
# 2025-01-16 10:51:38 -03: Iteration 2 of 5
# experimentsUsedSoFar: 839
# remainingBudget: 4161
# currentBudget: 1040
# nbConfigurations: 150
# Markers:
     x No test is performed.
     c Configurations are discarded only due to capping.
     - The test is performed and some configurations are discarded.
     = The test is performed but no configuration is discarded.
     ! The test is performed and configurations could be discarded but elite configurations are preserved.
     . All alive configurations are elite and nothing is discarded.

+-+-----------+-----------+-----------+----------------+-----------+--------+-----+----+------+
| |   Instance|      Alive|       Best|       Mean best| Exp so far|  W time|  rho|KenW|  Qvar|
+-+-----------+-----------+-----------+----------------+-----------+--------+-----+----+------+
|x|          7|        150|         33|     32863526.00|        150|00:03:18|   NA|  NA|    NA|
|x|          1|        150|         33|     32715329.00|        298|00:03:18|+0.97|0.98|0.0077|
|x|          2|        150|         33|     32647116.00|        446|00:03:18|+0.97|0.98|0.0062|
|x|          5|        150|        199|     32594998.75|        594|00:03:18|+0.97|0.98|0.0054|
|-|          6|         13|        300|     32589273.00|        742|00:03:18|+0.14|0.31|0.7691|
|-|          3|          8|        300|     32617080.50|        753|00:00:20|+0.22|0.35|0.6669|
|=|          4|          8|         33|     32626683.86|        759|00:00:10|+0.13|0.26|0.7398|
|-|          8|          6|        199|     32639494.75|        767|00:00:10|+0.00|0.13|0.8275|
|=|          9|          6|        199|     32657119.00|        773|00:00:10|+0.03|0.14|0.8331|
|=|         10|          6|        199|     32629340.30|        779|00:00:10|+0.02|0.12|0.8493|
+-+-----------+-----------+-----------+----------------+-----------+--------+-----+----+------+
Best-so-far configuration:         199    mean value:      32629340.30
Description of the best-so-far configuration:
    .ID. algorithm localsearch  alpha   beta    rho ants     q0 rasrank
199  199       acs           3 2.7005 7.0024 0.3015   12 0.3737      NA
    elitistants nnls dlb .PARENT.
199          NA   17   1       33

# 2025-01-16 11:09:13 -03: Elite configurations (first number is the configuration ID; listed from best to worst according to the sum of ranks):
    algorithm localsearch  alpha   beta    rho ants     q0 rasrank elitistants
199       acs           3 2.7005 7.0024 0.3015   12 0.3737      NA          NA
33        acs           3 3.4874 8.6568 0.4442   31 0.0431      NA          NA
287       acs           3 2.9922 5.8041 0.3973    7 0.2536      NA          NA
300       acs           3 2.6036 7.4175 0.4062   32 0.0268      NA          NA
194       acs           3 3.4001 9.6648 0.7791   71 0.9792      NA          NA
    nnls dlb
199   17   1
33    10   0
287   20   1
300   21   1
194   12   1
# 2025-01-16 11:09:13 -03: Iteration 3 of 5
# experimentsUsedSoFar: 1618
# remainingBudget: 3382
# currentBudget: 1127
# nbConfigurations: 107
# Markers:
     x No test is performed.
     c Configurations are discarded only due to capping.
     - The test is performed and some configurations are discarded.
     = The test is performed but no configuration is discarded.
     ! The test is performed and configurations could be discarded but elite configurations are preserved.
     . All alive configurations are elite and nothing is discarded.

+-+-----------+-----------+-----------+----------------+-----------+--------+-----+----+------+
| |   Instance|      Alive|       Best|       Mean best| Exp so far|  W time|  rho|KenW|  Qvar|
+-+-----------+-----------+-----------+----------------+-----------+--------+-----+----+------+
|x|         11|        107|        324|     32528556.00|        107|00:02:25|   NA|  NA|    NA|
|x|          8|        107|        385|     32575318.00|        209|00:02:15|+0.90|0.95|0.0080|
|x|          1|        107|        324|     32572905.00|        311|00:02:15|+0.90|0.93|0.0083|
|x|         10|        107|        385|     32527552.75|        413|00:02:15|+0.90|0.93|0.0068|
|-|          9|         22|        385|     32591313.40|        515|00:02:15|-0.10|0.12|1.0684|
|=|          6|         22|        385|     32575651.33|        532|00:00:31|-0.03|0.14|1.0012|
|=|          2|         22|        385|     32558915.14|        549|00:00:31|+0.03|0.16|0.9459|
|=|          4|         22|        385|     32572880.38|        566|00:00:31|+0.02|0.14|0.9487|
|=|          3|         22|        385|     32597619.89|        583|00:00:31|+0.05|0.15|0.9182|
|=|          5|         22|        385|     32579471.50|        600|00:00:31|+0.05|0.14|0.9110|
|=|          7|         22|        385|     32610312.36|        617|00:00:31|+0.04|0.13|0.9186|
|=|         12|         22|        385|     32629399.42|        639|00:00:31|+0.05|0.13|0.9140|
+-+-----------+-----------+-----------+----------------+-----------+--------+-----+----+------+
Best-so-far configuration:         385    mean value:      32629399.42
Description of the best-so-far configuration:
    .ID. algorithm localsearch  alpha   beta    rho ants     q0 rasrank
385  385       acs           3 1.8317 5.5259 0.4191   40 0.0619      NA
    elitistants nnls dlb .PARENT.
385          NA   20   1      300

# 2025-01-16 11:24:20 -03: Elite configurations (first number is the configuration ID; listed from best to worst according to the sum of ranks):
    algorithm localsearch  alpha   beta    rho ants     q0 rasrank elitistants
385       acs           3 1.8317 5.5259 0.4191   40 0.0619      NA          NA
410       acs           3 2.1898 8.6333 0.4130   47 0.7751      NA          NA
326       acs           3 2.1402 7.6254 0.4006   19 0.3071      NA          NA
378       acs           3 3.2904 6.1943 0.1673   40 0.0418      NA          NA
199       acs           3 2.7005 7.0024 0.3015   12 0.3737      NA          NA
    nnls dlb
385   20   1
410   26   1
326   21   1
378   19   1
199   17   1
# 2025-01-16 11:24:20 -03: Iteration 4 of 5
# experimentsUsedSoFar: 2257
# remainingBudget: 2743
# currentBudget: 1371
# nbConfigurations: 110
# Markers:
     x No test is performed.
     c Configurations are discarded only due to capping.
     - The test is performed and some configurations are discarded.
     = The test is performed but no configuration is discarded.
     ! The test is performed and configurations could be discarded but elite configurations are preserved.
     . All alive configurations are elite and nothing is discarded.

+-+-----------+-----------+-----------+----------------+-----------+--------+-----+----+------+
| |   Instance|      Alive|       Best|       Mean best| Exp so far|  W time|  rho|KenW|  Qvar|
+-+-----------+-----------+-----------+----------------+-----------+--------+-----+----+------+
|x|         13|        110|        449|     32376456.00|        110|00:02:26|   NA|  NA|    NA|
|x|         12|        110|        475|     32589063.00|        215|00:02:25|+0.85|0.92|0.0095|
|x|          1|        110|        521|     32598513.67|        320|00:02:25|+0.86|0.91|0.0135|
|x|          4|        110|        521|     32613904.50|        425|00:02:25|+0.87|0.90|0.0146|
|-|          2|         26|        518|     32585901.00|        530|00:02:26|-0.12|0.10|1.0782|
|=|          3|         26|        446|     32606775.33|        551|00:00:31|-0.09|0.10|1.0434|
|=|         10|         26|        446|     32574598.00|        572|00:00:31|-0.06|0.09|1.0132|
|=|          5|         26|        447|     32558793.50|        593|00:00:31|-0.06|0.07|1.0028|
|=|          8|         26|        447|     32565313.22|        614|00:00:31|-0.04|0.07|0.9844|
|=|          9|         26|        447|     32585665.10|        635|00:00:31|-0.01|0.09|0.9539|
|=|         11|         26|        447|     32580836.82|        656|00:00:31|+0.00|0.09|0.9499|
|=|          6|         26|        447|     32576937.00|        677|00:00:31|-0.00|0.08|0.9510|
|=|          7|         26|        447|     32601387.62|        698|00:00:31|+0.01|0.09|0.9425|
|=|         14|         26|        447|     32603283.50|        724|00:00:41|+0.02|0.09|0.9388|
+-+-----------+-----------+-----------+----------------+-----------+--------+-----+----+------+
Best-so-far configuration:         447    mean value:      32603283.50
Description of the best-so-far configuration:
    .ID. algorithm localsearch  alpha   beta    rho ants     q0 rasrank
447  447       acs           3 2.0008 6.3225 0.3432   34 0.2502      NA
    elitistants nnls dlb .PARENT.
447          NA   14   1      385

# 2025-01-16 11:41:22 -03: Elite configurations (first number is the configuration ID; listed from best to worst according to the sum of ranks):
    algorithm localsearch  alpha   beta    rho ants     q0 rasrank elitistants
447       acs           3 2.0008 6.3225 0.3432   34 0.2502      NA          NA
513       acs           3 1.9947 9.0591 0.3452   37 0.8042      NA          NA
518       acs           3 1.8970 7.4926 0.4547   43 0.9377      NA          NA
509       acs           3 1.5049 4.5417 0.5814   17 0.2100      NA          NA
419       acs           3 4.2164 5.7151 0.1791   50 0.1134      NA          NA
    nnls dlb
447   14   1
513   15   1
518   14   1
509   18   1
419   17   1
# 2025-01-16 11:41:22 -03: Iteration 5 of 5
# experimentsUsedSoFar: 2981
# remainingBudget: 2019
# currentBudget: 2019
# nbConfigurations: 139
# Markers:
     x No test is performed.
     c Configurations are discarded only due to capping.
     - The test is performed and some configurations are discarded.
     = The test is performed but no configuration is discarded.
     ! The test is performed and configurations could be discarded but elite configurations are preserved.
     . All alive configurations are elite and nothing is discarded.

+-+-----------+-----------+-----------+----------------+-----------+--------+-----+----+------+
| |   Instance|      Alive|       Best|       Mean best| Exp so far|  W time|  rho|KenW|  Qvar|
+-+-----------+-----------+-----------+----------------+-----------+--------+-----+----+------+
|x|         15|        139|        630|     32555093.00|        139|00:03:07|   NA|  NA|    NA|
|x|          1|        139|        640|     32552424.00|        273|00:02:57|+0.56|0.78|0.1658|
|x|         10|        139|        564|     32487679.00|        407|00:02:57|+0.55|0.70|0.1277|
|x|         12|        139|        564|     32561615.00|        541|00:02:57|+0.54|0.66|0.1143|
|-|          3|         45|        564|     32598612.20|        675|00:02:57|-0.13|0.10|1.1132|
|=|         14|         45|        564|     32586692.17|        715|00:00:52|-0.08|0.10|1.0721|
|=|          2|         45|        564|     32573559.57|        755|00:00:52|-0.06|0.09|1.0491|
|=|          7|         45|        564|     32609613.38|        795|00:00:52|-0.04|0.09|1.0255|
|=|         11|         45|        564|     32603477.11|        835|00:00:52|-0.02|0.09|1.0097|
|=|          4|         45|        564|     32608489.70|        875|00:00:52|-0.00|0.10|0.9878|
|=|          9|         45|        564|     32621533.09|        915|00:00:52|+0.01|0.10|0.9758|
|=|          5|         45|        564|     32600526.00|        955|00:00:52|+0.01|0.09|0.9678|
|=|          6|         45|        564|     32591751.77|        995|00:00:52|+0.01|0.09|0.9676|
|=|         13|         45|        564|     32574663.57|       1035|00:00:52|+0.02|0.09|0.9629|
|=|          8|         45|        564|     32577520.93|       1075|00:00:52|+0.02|0.09|0.9585|
|=|         16|         45|        564|     32582713.19|       1120|00:01:02|+0.02|0.08|0.9615|
+-+-----------+-----------+-----------+----------------+-----------+--------+-----+----+------+
Best-so-far configuration:         564    mean value:      32582713.19
Description of the best-so-far configuration:
    .ID. algorithm localsearch  alpha   beta    rho ants     q0 rasrank
564  564       acs           3 4.3522 6.7991 0.1482   51 0.2368      NA
    elitistants nnls dlb .PARENT.
564          NA   13   1      419

# 2025-01-16 12:06:04 -03: Elite configurations (first number is the configuration ID; listed from best to worst according to the sum of ranks):
    algorithm localsearch  alpha   beta    rho ants     q0 rasrank elitistants
564       acs           3 4.3522 6.7991 0.1482   51 0.2368      NA          NA
594       acs           3 1.5617 4.6398 0.5015   29 0.4099      NA          NA
531       acs           3 2.1577 6.8685 0.3451   44 0.2590      NA          NA
633       acs           3 2.4502 9.2665 0.3330   48 0.7851      NA          NA
554       acs           3 1.8508 8.4387 0.2966   30 0.8413      NA          NA
    nnls dlb
564   13   1
594   17   1
531   15   1
633   12   1
554   11   1
# 2025-01-16 12:06:04 -03: Iteration 6 of 6
# experimentsUsedSoFar: 4101
# remainingBudget: 899
# currentBudget: 899
# nbConfigurations: 57
# Markers:
     x No test is performed.
     c Configurations are discarded only due to capping.
     - The test is performed and some configurations are discarded.
     = The test is performed but no configuration is discarded.
     ! The test is performed and configurations could be discarded but elite configurations are preserved.
     . All alive configurations are elite and nothing is discarded.

+-+-----------+-----------+-----------+----------------+-----------+--------+-----+----+------+
| |   Instance|      Alive|       Best|       Mean best| Exp so far|  W time|  rho|KenW|  Qvar|
+-+-----------+-----------+-----------+----------------+-----------+--------+-----+----+------+
|x|         17|         57|        707|     32729646.00|         57|00:01:23|   NA|  NA|    NA|
|x|          1|         57|        697|     32642327.50|        109|00:01:12|+0.29|0.64|0.2136|
|x|          5|         57|        698|     32572364.33|        161|00:01:13|+0.26|0.51|0.1917|
|x|         14|         57|        564|     32563924.75|        213|00:01:13|+0.33|0.50|0.1582|
|-|          4|         28|        564|     32581860.40|        265|00:01:12|-0.12|0.10|1.0655|
|=|          9|         28|        564|     32610211.50|        288|00:00:31|-0.07|0.11|1.0121|
|=|         12|         28|        564|     32634956.00|        311|00:00:31|-0.02|0.12|0.9685|
|=|          7|         28|        564|     32663335.25|        334|00:00:31|+0.03|0.15|0.9234|
|=|         11|         28|        564|     32651229.89|        357|00:00:31|+0.01|0.12|0.9461|
|=|          3|         28|        564|     32660767.00|        380|00:00:31|+0.01|0.11|0.9361|
|=|         10|         28|        564|     32630641.09|        403|00:00:31|+0.02|0.11|0.9288|
|=|          2|         28|        564|     32619318.00|        426|00:00:31|+0.03|0.11|0.9181|
|-|         16|         19|        699|     32617994.69|        449|00:00:31|-0.02|0.06|0.9448|
|=|         13|         19|        564|     32603209.29|        463|00:00:20|-0.02|0.06|0.9484|
|=|          6|         19|        564|     32595426.07|        477|00:00:20|-0.01|0.06|0.9497|
|=|         15|         19|        564|     32594727.75|        491|00:00:20|-0.01|0.06|0.9477|
|=|          8|         19|        564|     32596068.71|        505|00:00:20|+0.00|0.06|0.9371|
|=|         18|         19|        564|     32609328.50|        524|00:00:31|+0.01|0.07|0.9353|
+-+-----------+-----------+-----------+----------------+-----------+--------+-----+----+------+
Best-so-far configuration:         564    mean value:      32609328.50
Description of the best-so-far configuration:
    .ID. algorithm localsearch  alpha   beta    rho ants     q0 rasrank
564  564       acs           3 4.3522 6.7991 0.1482   51 0.2368      NA
    elitistants nnls dlb .PARENT.
564          NA   13   1      419

# 2025-01-16 12:18:25 -03: Elite configurations (first number is the configuration ID; listed from best to worst according to the sum of ranks):
    algorithm localsearch  alpha   beta    rho ants     q0 rasrank elitistants
564       acs           3 4.3522 6.7991 0.1482   51 0.2368      NA          NA
699       acs           3 4.3081 7.6174 0.2169   52 0.2257      NA          NA
698       acs           3 3.8333 6.4180 0.1683   51 0.1940      NA          NA
686       acs           3 4.5674 7.2816 0.1397   50 0.2100      NA          NA
675       acs           3 2.4650 6.2579 0.3114   41 0.1867      NA          NA
    nnls dlb
564   13   1
699   16   1
698   14   1
686   14   1
675   14   1
# 2025-01-16 12:18:25 -03: Iteration 7 of 7
# experimentsUsedSoFar: 4625
# remainingBudget: 375
# currentBudget: 375
# nbConfigurations: 24
# Markers:
     x No test is performed.
     c Configurations are discarded only due to capping.
     - The test is performed and some configurations are discarded.
     = The test is performed but no configuration is discarded.
     ! The test is performed and configurations could be discarded but elite configurations are preserved.
     . All alive configurations are elite and nothing is discarded.

+-+-----------+-----------+-----------+----------------+-----------+--------+-----+----+------+
| |   Instance|      Alive|       Best|       Mean best| Exp so far|  W time|  rho|KenW|  Qvar|
+-+-----------+-----------+-----------+----------------+-----------+--------+-----+----+------+
|x|         19|         24|        719|     32600675.00|         24|00:00:31|   NA|  NA|    NA|
|x|         16|         24|        719|     32594910.00|         43|00:00:31|+0.23|0.61|0.7231|
|x|          5|         24|        675|     32543691.00|         62|00:00:31|+0.22|0.48|0.6436|
|x|         17|         24|        719|     32598526.75|         81|00:00:31|+0.31|0.48|0.5905|
|-|          1|         18|        719|     32597833.80|        100|00:00:31|-0.13|0.09|1.0351|
|=|          6|         18|        709|     32592964.83|        113|00:00:20|-0.08|0.10|0.9955|
|=|         11|         18|        698|     32580671.29|        126|00:00:20|-0.06|0.09|0.9849|
|=|          3|         18|        698|     32598442.88|        139|00:00:20|-0.06|0.08|0.9812|
|=|          8|         18|        698|     32599678.89|        152|00:00:20|-0.00|0.11|0.9248|
|=|         10|         18|        698|     32570745.40|        165|00:00:20|+0.01|0.11|0.9192|
|=|         18|         18|        698|     32598414.91|        178|00:00:20|+0.00|0.09|0.9130|
|=|          7|         18|        698|     32620838.00|        191|00:00:20|+0.02|0.10|0.8997|
|=|         12|         18|        698|     32637949.15|        204|00:00:20|+0.03|0.11|0.8873|
|=|         15|         18|        698|     32634052.50|        217|00:00:20|+0.04|0.11|0.8739|
|-|         14|         14|        564|     32627117.47|        230|00:00:20|-0.03|0.04|0.9424|
|=|          4|         14|        564|     32628772.81|        239|00:00:20|-0.03|0.04|0.9416|
|=|         13|         14|        564|     32612522.47|        248|00:00:20|-0.01|0.05|0.9255|
|=|          2|         14|        711|     32607431.50|        257|00:00:20|-0.00|0.05|0.9239|
|=|          9|         14|        564|     32613663.84|        266|00:00:20|+0.01|0.06|0.9170|
|=|         20|         14|        699|     32609997.55|        280|00:00:20|+0.00|0.05|0.9227|
+-+-----------+-----------+-----------+----------------+-----------+--------+-----+----+------+
Best-so-far configuration:         699    mean value:      32609997.55
Description of the best-so-far configuration:
    .ID. algorithm localsearch  alpha   beta    rho ants     q0 rasrank
699  699       acs           3 4.3081 7.6174 0.2169   52 0.2257      NA
    elitistants nnls dlb .PARENT.
699          NA   16   1      564

# 2025-01-16 12:26:16 -03: Elite configurations (first number is the configuration ID; listed from best to worst according to the sum of ranks):
    algorithm localsearch  alpha   beta    rho ants     q0 rasrank elitistants
699       acs           3 4.3081 7.6174 0.2169   52 0.2257      NA          NA
711       acs           3 4.0286 6.5366 0.1487   52 0.2952      NA          NA
698       acs           3 3.8333 6.4180 0.1683   51 0.1940      NA          NA
564       acs           3 4.3522 6.7991 0.1482   51 0.2368      NA          NA
718       acs           3 2.3951 6.2957 0.2936   40 0.1268      NA          NA
    nnls dlb
699   16   1
711   12   1
698   14   1
564   13   1
718   14   1
# 2025-01-16 12:26:16 -03: Iteration 8 of 8
# experimentsUsedSoFar: 4905
# remainingBudget: 95
# currentBudget: 95
# nbConfigurations: 9
# Markers:
     x No test is performed.
     c Configurations are discarded only due to capping.
     - The test is performed and some configurations are discarded.
     = The test is performed but no configuration is discarded.
     ! The test is performed and configurations could be discarded but elite configurations are preserved.
     . All alive configurations are elite and nothing is discarded.

+-+-----------+-----------+-----------+----------------+-----------+--------+-----+----+------+
| |   Instance|      Alive|       Best|       Mean best| Exp so far|  W time|  rho|KenW|  Qvar|
+-+-----------+-----------+-----------+----------------+-----------+--------+-----+----+------+
|x|         21|          9|        728|     32770999.00|          9|00:00:20|   NA|  NA|    NA|
|x|          5|          9|        698|     32581040.00|         13|00:00:10|+0.02|0.51|1.0530|
|x|         12|          9|        564|     32648881.00|         17|00:00:10|+0.11|0.41|0.8524|
|x|          3|          9|        564|     32673311.00|         21|00:00:10|+0.05|0.29|0.8944|
|=|         11|          9|        698|     32641028.40|         25|00:00:10|+0.00|0.20|0.9163|
|=|         19|          9|        698|     32646602.33|         29|00:00:10|-0.06|0.12|0.9434|
|=|         16|          9|        698|     32652021.14|         33|00:00:10|-0.12|0.04|0.9961|
|=|         17|          9|        698|     32667120.00|         37|00:00:10|-0.07|0.06|0.9575|
|=|          8|          9|        698|     32660725.22|         41|00:00:10|-0.05|0.07|0.9400|
|=|          1|          9|        698|     32653019.70|         45|00:00:10|-0.04|0.06|0.9273|
|=|          4|          9|        698|     32653691.91|         49|00:00:10|-0.03|0.06|0.9216|
|=|          6|          9|        698|     32641856.33|         53|00:00:10|+0.00|0.08|0.8983|
|=|          9|          9|        699|     32652749.85|         57|00:00:10|+0.01|0.09|0.8900|
|=|         20|          9|        698|     32637491.29|         61|00:00:10|-0.00|0.07|0.9059|
|=|         15|          9|        698|     32633884.93|         65|00:00:10|-0.01|0.06|0.9014|
|=|          7|          9|        698|     32648485.38|         69|00:00:10|+0.01|0.07|0.8865|
|=|         18|          9|        699|     32658489.94|         73|00:00:10|+0.03|0.09|0.8677|
|=|         14|          9|        564|     32656372.22|         77|00:00:10|+0.03|0.08|0.8726|
|=|          2|          9|        699|     32643374.68|         81|00:00:10|+0.04|0.09|0.8624|
|=|         13|          9|        698|     32634298.00|         85|00:00:10|+0.05|0.09|0.8619|
|-|         10|          7|        698|     32618871.62|         89|00:00:10|-0.00|0.05|0.8725|
+-+-----------+-----------+-----------+----------------+-----------+--------+-----+----+------+
Best-so-far configuration:         698    mean value:      32618871.62
Description of the best-so-far configuration:
    .ID. algorithm localsearch  alpha  beta    rho ants    q0 rasrank
698  698       acs           3 3.8333 6.418 0.1683   51 0.194      NA
    elitistants nnls dlb .PARENT.
698          NA   14   1      564

# 2025-01-16 12:30:07 -03: Elite configurations (first number is the configuration ID; listed from best to worst according to the sum of ranks):
    algorithm localsearch  alpha   beta    rho ants     q0 rasrank elitistants
698       acs           3 3.8333 6.4180 0.1683   51 0.1940      NA          NA
564       acs           3 4.3522 6.7991 0.1482   51 0.2368      NA          NA
699       acs           3 4.3081 7.6174 0.2169   52 0.2257      NA          NA
711       acs           3 4.0286 6.5366 0.1487   52 0.2952      NA          NA
718       acs           3 2.3951 6.2957 0.2936   40 0.1268      NA          NA
    nnls dlb
698   14   1
564   13   1
699   16   1
711   12   1
718   14   1
# 2025-01-16 12:30:07 -03: Stopped because there is not enough budget left to race more than the minimum (5).
# You may either increase the budget or set 'minNbSurvival' to a lower value.
# Iteration: 9
# nbIterations: 9
# experimentsUsedSoFar: 4994
# timeUsed: 0
# remainingBudget: 6
# currentBudget: 6
# number of elites: 5
# nbConfigurations: 5
# Total CPU user time: 51687.77, CPU sys time: 419.398, Wall-clock time: 7026.273
    .ID. algorithm localsearch  alpha   beta    rho ants     q0 rasrank
698  698       acs           3 3.8333 6.4180 0.1683   51 0.1940      NA
564  564       acs           3 4.3522 6.7991 0.1482   51 0.2368      NA
699  699       acs           3 4.3081 7.6174 0.2169   52 0.2257      NA
711  711       acs           3 4.0286 6.5366 0.1487   52 0.2952      NA
718  718       acs           3 2.3951 6.2957 0.2936   40 0.1268      NA
    elitistants nnls dlb .PARENT. .ALIVE. .RANK.   .WEIGHT.
698          NA   14   1      564    TRUE     73 0.33333333
564          NA   13   1      419    TRUE     77 0.26666667
699          NA   16   1      564    TRUE     77 0.20000000
711          NA   12   1      564    TRUE     79 0.13333333
718          NA   14   1      675    TRUE     89 0.06666667
