# 2025-02-02 14:48:44 -03: 2 expression(s) specifying forbidden configurations read.
# 2025-02-02 14:48:44 -03: Initialization
# Elitist race
# Elitist new instances: 1
# Elitist limit: 2
# nbIterations: 5
# minNbSurvival: 5
# nbParameters: 8
# seed: 9685
# confidence level: 0.95
# budget: 5000
# mu: 5
# deterministic: FALSE

# 2025-02-02 14:48:44 -03: Iteration 1 of 5
# experimentsUsedSoFar: 0
# remainingBudget: 5000
# currentBudget: 1000
# nbConfigurations: 166
# Markers:
     x No test is performed.
     c Configurations are discarded only due to capping.
     - The test is performed and some configurations are discarded.
     = The test is performed but no configuration is discarded.
     ! The test is performed and configurations could be discarded but elite configurations are preserved.
     . All alive configurations are elite and nothing is discarded.

+-+-----------+-----------+-----------+----------------+-----------+--------+-----+----+------+
| |   Instance|      Alive|       Best|       Mean best| Exp so far|  W time|  rho|KenW|  Qvar|
+-+-----------+-----------+-----------+----------------+-----------+--------+-----+----+------+
|x|          1|        166|        153|     1074593.910|        166|00:06:20|   NA|  NA|    NA|
|x|          2|        166|        153|     537302.8653|        332|00:06:18|+0.29|0.65|0.2929|
|x|          3|        166|        153|     358202.0649|        498|00:05:58|+0.52|0.68|0.2722|
|x|          4|        166|        153|     268651.7294|        664|00:05:57|+0.63|0.72|0.2349|
|-|          5|         18|        153|     326058.7476|        830|00:06:18|+0.32|0.46|0.6864|
|-|          6|          3|        153|     271715.7040|        848|00:00:19|+0.43|0.53|0.3517|
+-+-----------+-----------+-----------+----------------+-----------+--------+-----+----+------+
Best-so-far configuration:         153    mean value:      271715.7040
Description of the best-so-far configuration:
    .ID. particles topology modInfluence phi1 phi2 inertia branching tSchedule
153  153         3        2            1 1.98 0.94    0.03        NA        NA
    .PARENT.
153       NA

first iteration, returning
# 2025-02-02 15:19:57 -03: Elite configurations (first number is the configuration ID; listed from best to worst according to the sum of ranks):
    particles topology modInfluence phi1 phi2 inertia branching tSchedule
153         3        2            1 1.98 0.94    0.03        NA        NA
53         43        4            2 1.43 2.18    0.27        NA        NA
113         7        3            2 1.07 1.64    0.05        NA        NA
# 2025-02-02 15:19:57 -03: Iteration 2 of 5
# experimentsUsedSoFar: 848
# remainingBudget: 4152
# currentBudget: 1038
# nbConfigurations: 150
# Markers:
     x No test is performed.
     c Configurations are discarded only due to capping.
     - The test is performed and some configurations are discarded.
     = The test is performed but no configuration is discarded.
     ! The test is performed and configurations could be discarded but elite configurations are preserved.
     . All alive configurations are elite and nothing is discarded.

+-+-----------+-----------+-----------+----------------+-----------+--------+-----+----+------+
| |   Instance|      Alive|       Best|       Mean best| Exp so far|  W time|  rho|KenW|  Qvar|
+-+-----------+-----------+-----------+----------------+-----------+--------+-----+----+------+
|x|          7|        150|        153|    0.2489643090|        150|00:02:46|   NA|  NA|    NA|
|x|          2|        150|        153|     6.034984768|        297|00:02:55|+0.34|0.67|0.4968|
|x|          4|        150|        153|     4.264298172|        444|00:02:41|+0.58|0.72|0.3290|
|x|          3|        150|        153|     3.314243580|        591|00:02:36|+0.67|0.75|0.2695|
|-|          1|         22|        153|     214921.4333|        738|00:02:59|+0.24|0.40|0.7609|
|-|          6|          8|        153|     179101.2755|        757|00:00:15|+0.40|0.50|0.4763|
|-|          5|          3|        153|     232899.2104|        762|00:00:04|+0.14|0.27|0.6187|
+-+-----------+-----------+-----------+----------------+-----------+--------+-----+----+------+
Best-so-far configuration:         153    mean value:      232899.2104
Description of the best-so-far configuration:
    .ID. particles topology modInfluence phi1 phi2 inertia branching tSchedule
153  153         3        2            1 1.98 0.94    0.03        NA        NA
    .PARENT.
153       NA

# 2025-02-02 15:34:19 -03: Elite configurations (first number is the configuration ID; listed from best to worst according to the sum of ranks):
    particles topology modInfluence phi1 phi2 inertia branching tSchedule
153         3        2            1 1.98 0.94    0.03        NA        NA
228        11        4            2 2.00 2.21    0.16        NA        NA
218         3        0            2 2.22 2.06    0.16        NA        NA
# 2025-02-02 15:34:19 -03: Iteration 3 of 5
# experimentsUsedSoFar: 1610
# remainingBudget: 3390
# currentBudget: 1130
# nbConfigurations: 143
# Markers:
     x No test is performed.
     c Configurations are discarded only due to capping.
     - The test is performed and some configurations are discarded.
     = The test is performed but no configuration is discarded.
     ! The test is performed and configurations could be discarded but elite configurations are preserved.
     . All alive configurations are elite and nothing is discarded.

+-+-----------+-----------+-----------+----------------+-----------+--------+-----+----+------+
| |   Instance|      Alive|       Best|       Mean best| Exp so far|  W time|  rho|KenW|  Qvar|
+-+-----------+-----------+-----------+----------------+-----------+--------+-----+----+------+
|x|          8|        143|        374|     4713.111844|        143|00:02:40|   NA|  NA|    NA|
|x|          5|        143|        392|     293921.9966|        283|00:02:48|+0.67|0.84|0.5591|
|x|          1|        143|        329|     515399.5508|        423|00:02:43|+0.78|0.85|0.3960|
|x|          2|        143|        153|     413271.2414|        563|00:02:45|+0.63|0.72|0.3177|
|-|          3|         35|        337|     348725.5180|        703|00:02:26|+0.10|0.28|0.9014|
|-|          4|         17|        337|     290604.6914|        735|00:00:31|-0.09|0.09|0.9642|
|=|          7|         17|        153|     236155.2002|        749|00:00:12|-0.02|0.13|0.8766|
|=|          6|         17|        377|     251285.7176|        763|00:00:13|-0.03|0.10|0.9043|
|=|          9|         17|        337|     199779.2607|        780|00:00:15|-0.03|0.08|0.9167|
+-+-----------+-----------+-----------+----------------+-----------+--------+-----+----+------+
Best-so-far configuration:         337    mean value:      199779.2607
Description of the best-so-far configuration:
    .ID. particles topology modInfluence phi1 phi2 inertia branching tSchedule
337  337         6        0            1  2.1  2.2    0.16        NA        NA
    .PARENT.
337      218

# 2025-02-02 15:48:56 -03: Elite configurations (first number is the configuration ID; listed from best to worst according to the sum of ranks):
    particles topology modInfluence phi1 phi2 inertia branching tSchedule
337         6        0            1 2.10 2.20    0.16        NA        NA
153         3        2            1 1.98 0.94    0.03        NA        NA
377         6        0            1 1.85 1.39    0.07        NA        NA
362         5        4            1 1.82 0.88    0.02        NA        NA
364         4        4            1 2.23 1.85    0.32        NA        NA
# 2025-02-02 15:48:56 -03: Iteration 4 of 5
# experimentsUsedSoFar: 2390
# remainingBudget: 2610
# currentBudget: 1305
# nbConfigurations: 135
# Markers:
     x No test is performed.
     c Configurations are discarded only due to capping.
     - The test is performed and some configurations are discarded.
     = The test is performed but no configuration is discarded.
     ! The test is performed and configurations could be discarded but elite configurations are preserved.
     . All alive configurations are elite and nothing is discarded.

+-+-----------+-----------+-----------+----------------+-----------+--------+-----+----+------+
| |   Instance|      Alive|       Best|       Mean best| Exp so far|  W time|  rho|KenW|  Qvar|
+-+-----------+-----------+-----------+----------------+-----------+--------+-----+----+------+
|x|         10|        135|        478|     170.1776883|        135|00:02:56|   NA|  NA|    NA|
|x|          1|        135|        529|     310135.1452|        265|00:02:50|-0.25|0.37|0.8378|
|x|          3|        135|        497|     330938.2665|        395|00:02:30|+0.09|0.39|0.5599|
|x|          9|        135|        337|     290655.8673|        525|00:02:31|+0.13|0.35|0.5626|
|-|          8|         66|        529|     144688.8168|        655|00:02:43|-0.09|0.13|1.1067|
|=|          2|         66|        529|     120575.8672|        716|00:01:11|-0.05|0.12|1.0581|
|=|          4|         66|        529|     103350.8189|        777|00:01:03|+0.01|0.15|0.9957|
|-|          7|         25|        529|     90431.99639|        838|00:01:06|-0.04|0.09|0.9774|
|=|          5|         25|        529|     191696.0281|        858|00:00:20|-0.03|0.09|0.9681|
|=|          6|         25|        529|     172526.4645|        878|00:00:18|-0.00|0.10|0.9577|
|=|         11|         25|        529|     209842.1108|        903|00:00:26|+0.02|0.11|0.9441|
+-+-----------+-----------+-----------+----------------+-----------+--------+-----+----+------+
Best-so-far configuration:         529    mean value:      209842.1108
Description of the best-so-far configuration:
    .ID. particles topology modInfluence phi1 phi2 inertia branching tSchedule
529  529         4        0            1 1.95 1.68    0.04        NA        NA
    .PARENT.
529      377

# 2025-02-02 16:06:56 -03: Elite configurations (first number is the configuration ID; listed from best to worst according to the sum of ranks):
    particles topology modInfluence phi1 phi2 inertia branching tSchedule
529         4        0            1 1.95 1.68    0.04        NA        NA
538         6        0            1 2.00 2.27    0.22        NA        NA
499         6        0            1 2.01 2.18    0.02        NA        NA
337         6        0            1 2.10 2.20    0.16        NA        NA
497         7        0            1 1.96 1.50    0.09        NA        NA
# 2025-02-02 16:06:56 -03: Iteration 5 of 5
# experimentsUsedSoFar: 3293
# remainingBudget: 1707
# currentBudget: 1707
# nbConfigurations: 146
# Markers:
     x No test is performed.
     c Configurations are discarded only due to capping.
     - The test is performed and some configurations are discarded.
     = The test is performed but no configuration is discarded.
     ! The test is performed and configurations could be discarded but elite configurations are preserved.
     . All alive configurations are elite and nothing is discarded.

+-+-----------+-----------+-----------+----------------+-----------+--------+-----+----+------+
| |   Instance|      Alive|       Best|       Mean best| Exp so far|  W time|  rho|KenW|  Qvar|
+-+-----------+-----------+-----------+----------------+-----------+--------+-----+----+------+
|x|         12|        146|        717|     195.7689947|        146|00:03:51|   NA|  NA|    NA|
|x|         11|        146|        615|     246870.5883|        287|00:03:22|-0.12|0.44|1.1451|
|x|          3|        146|        615|     164580.5384|        428|00:03:15|-0.10|0.27|1.0977|
|x|          9|        146|        616|     156201.2850|        569|00:03:13|-0.05|0.21|1.0441|
|=|         10|        146|        615|     114043.2613|        710|00:03:43|-0.04|0.17|1.0307|
|=|          1|        146|        584|     211921.2637|        851|00:03:31|-0.06|0.12|1.0422|
|=|          4|        146|        709|     399448.1914|        992|00:03:23|-0.02|0.13|0.9849|
|=|          5|        146|        337|     295025.6718|       1133|00:03:37|+0.01|0.13|0.9482|
|=|          6|        146|        700|     258565.9325|       1274|00:03:14|+0.02|0.13|0.9459|
|-|          2|         76|        700|     232710.4107|       1415|00:03:25|-0.06|0.04|1.0439|
|=|          8|         76|        700|     217121.3895|       1486|00:01:37|-0.04|0.05|1.0252|
|=|          7|         76|        700|     199027.9607|       1557|00:01:28|-0.01|0.07|1.0001|
|=|         13|         76|        700|     183722.3383|       1633|00:01:40|+0.02|0.10|0.9698|
+-+-----------+-----------+-----------+----------------+-----------+--------+-----+----+------+
Best-so-far configuration:         700    mean value:      183722.3383
Description of the best-so-far configuration:
    .ID. particles topology modInfluence phi1 phi2 inertia branching tSchedule
700  700         6        0            1 1.98  2.4     0.2        NA        NA
    .PARENT.
700      538

# 2025-02-02 16:46:22 -03: Elite configurations (first number is the configuration ID; listed from best to worst according to the sum of ranks):
    particles topology modInfluence phi1 phi2 inertia branching tSchedule
700         6        0            1 1.98 2.40    0.20        NA        NA
529         4        0            1 1.95 1.68    0.04        NA        NA
604         7        0            1 1.98 2.19    0.06        NA        NA
610         3        0            1 1.99 1.90    0.06        NA        NA
584         4        0            1 2.14 1.70    0.12        NA        NA
# 2025-02-02 16:46:22 -03: Iteration 6 of 6
# experimentsUsedSoFar: 4926
# remainingBudget: 74
# currentBudget: 74
# nbConfigurations: 9
# Markers:
     x No test is performed.
     c Configurations are discarded only due to capping.
     - The test is performed and some configurations are discarded.
     = The test is performed but no configuration is discarded.
     ! The test is performed and configurations could be discarded but elite configurations are preserved.
     . All alive configurations are elite and nothing is discarded.

+-+-----------+-----------+-----------+----------------+-----------+--------+-----+----+------+
| |   Instance|      Alive|       Best|       Mean best| Exp so far|  W time|  rho|KenW|  Qvar|
+-+-----------+-----------+-----------+----------------+-----------+--------+-----+----+------+
|x|         14|          9|        584|     2.636102116|          9|00:00:08|   NA|  NA|    NA|
|x|          3|          9|        725|     1.575739701|         13|00:00:03|-0.05|0.47|0.9466|
|x|          1|          9|        584|     218977.3400|         17|00:00:03|-0.31|0.13|1.0561|
|x|          9|          9|        584|     179364.1507|         21|00:00:03|-0.10|0.17|1.0188|
|=|          4|          9|        700|     215440.4453|         25|00:00:04|-0.01|0.19|0.8971|
|=|         12|          9|        584|     119611.1104|         29|00:00:04|-0.05|0.13|0.9479|
|=|          5|          9|        700|     235401.7193|         33|00:00:04|-0.09|0.07|0.9354|
|=|         10|          9|        700|     206000.9212|         37|00:00:04|-0.02|0.11|0.9014|
|=|         11|          9|        700|     258566.1922|         41|00:00:04|+0.01|0.12|0.8868|
|=|          7|          9|        700|     232709.5974|         45|00:00:03|+0.00|0.10|0.8928|
|=|          6|          9|        584|     209418.7238|         49|00:00:04|+0.05|0.13|0.8608|
|=|         13|          9|        584|     191971.7820|         53|00:00:04|+0.04|0.12|0.8549|
|=|          2|          9|        700|     179012.4585|         57|00:00:04|+0.08|0.15|0.8320|
|=|          8|          9|        584|     167098.2494|         61|00:00:04|+0.03|0.10|0.8525|
|=|         15|          9|        584|     155958.4046|         70|00:00:09|+0.05|0.12|0.8274|
+-+-----------+-----------+-----------+----------------+-----------+--------+-----+----+------+
Best-so-far configuration:         584    mean value:      155958.4046
Description of the best-so-far configuration:
    .ID. particles topology modInfluence phi1 phi2 inertia branching tSchedule
584  584         4        0            1 2.14  1.7    0.12        NA        NA
    .PARENT.
584      529

# 2025-02-02 16:47:35 -03: Elite configurations (first number is the configuration ID; listed from best to worst according to the sum of ranks):
    particles topology modInfluence phi1 phi2 inertia branching tSchedule
584         4        0            1 2.14 1.70    0.12        NA        NA
700         6        0            1 1.98 2.40    0.20        NA        NA
529         4        0            1 1.95 1.68    0.04        NA        NA
604         7        0            1 1.98 2.19    0.06        NA        NA
610         3        0            1 1.99 1.90    0.06        NA        NA
# 2025-02-02 16:47:35 -03: Stopped because there is not enough budget left to race more than the minimum (5).
# You may either increase the budget or set 'minNbSurvival' to a lower value.
# Iteration: 7
# nbIterations: 7
# experimentsUsedSoFar: 4996
# timeUsed: 0
# remainingBudget: 4
# currentBudget: 4
# number of elites: 5
# nbConfigurations: 4
# Total CPU user time: 7067.583, CPU sys time: 90.038, Wall-clock time: 7131.125
    .ID. particles topology modInfluence phi1 phi2 inertia branching tSchedule
584  584         4        0            1 2.14 1.70    0.12        NA        NA
700  700         6        0            1 1.98 2.40    0.20        NA        NA
529  529         4        0            1 1.95 1.68    0.04        NA        NA
604  604         7        0            1 1.98 2.19    0.06        NA        NA
610  610         3        0            1 1.99 1.90    0.06        NA        NA
    .PARENT. .ALIVE. .RANK.   .WEIGHT.
584      529    TRUE     56 0.33333333
700      538    TRUE     58 0.26666667
529      377    TRUE     67 0.20000000
604      499    TRUE     68 0.13333333
610      529    TRUE     76 0.06666667
