# 2025-02-02 00:22:26 -03: 2 expression(s) specifying forbidden configurations read.
# 2025-02-02 00:22:26 -03: Initialization
# Elitist race
# Elitist new instances: 1
# Elitist limit: 2
# nbIterations: 5
# minNbSurvival: 5
# nbParameters: 8
# seed: 5144
# confidence level: 0.95
# budget: 5000
# mu: 5
# deterministic: FALSE

# 2025-02-02 00:22:26 -03: Iteration 1 of 5
# experimentsUsedSoFar: 0
# remainingBudget: 5000
# currentBudget: 1000
# nbConfigurations: 166
# Markers:
     x No test is performed.
     c Configurations are discarded only due to capping.
     - The test is performed and some configurations are discarded.
     = The test is performed but no configuration is discarded.
     ! The test is performed and configurations could be discarded but elite configurations are preserved.
     . All alive configurations are elite and nothing is discarded.

+-+-----------+-----------+-----------+----------------+-----------+--------+-----+----+------+
| |   Instance|      Alive|       Best|       Mean best| Exp so far|  W time|  rho|KenW|  Qvar|
+-+-----------+-----------+-----------+----------------+-----------+--------+-----+----+------+
|x|          1|        166|         14|    0.7033780559|        166|00:05:20|   NA|  NA|    NA|
|x|          2|        166|        132|     7.460072710|        332|00:05:10|+0.67|0.83|0.6706|
|x|          3|        166|         15|     5848.259341|        498|00:05:40|+0.37|0.58|0.7096|
|x|          4|        166|         15|     4406.808009|        664|00:04:50|+0.51|0.63|0.5681|
|-|          5|         49|         15|     3528.043448|        830|00:05:22|-0.06|0.15|1.0332|
|=|          6|         49|         15|     2991.921079|        879|00:01:09|-0.07|0.10|0.9894|
|=|          7|         49|         25|     2535.120418|        928|00:01:14|-0.07|0.08|1.0048|
+-+-----------+-----------+-----------+----------------+-----------+--------+-----+----+------+
Best-so-far configuration:          25    mean value:      2535.120418
Description of the best-so-far configuration:
   .ID. particles topology modInfluence phi1 phi2 inertia branching tSchedule
25   25        70        1            0 1.17 1.89    0.33        NA        NA
   .PARENT.
25       NA

first iteration, returning
# 2025-02-02 00:51:15 -03: Elite configurations (first number is the configuration ID; listed from best to worst according to the sum of ranks):
    particles topology modInfluence phi1 phi2 inertia branching tSchedule
25         70        1            0 1.17 1.89    0.33        NA        NA
43        171        4            0 2.02 1.71    0.31        NA        NA
15         10        1            0 1.41 1.90    0.31        NA        NA
80        120        0            0 0.55 1.95    0.44        NA        NA
121       186        0            0 1.11 0.43    0.72        NA        NA
# 2025-02-02 00:51:15 -03: Iteration 2 of 5
# experimentsUsedSoFar: 928
# remainingBudget: 4072
# currentBudget: 1018
# nbConfigurations: 131
# Markers:
     x No test is performed.
     c Configurations are discarded only due to capping.
     - The test is performed and some configurations are discarded.
     = The test is performed but no configuration is discarded.
     ! The test is performed and configurations could be discarded but elite configurations are preserved.
     . All alive configurations are elite and nothing is discarded.

+-+-----------+-----------+-----------+----------------+-----------+--------+-----+----+------+
| |   Instance|      Alive|       Best|       Mean best| Exp so far|  W time|  rho|KenW|  Qvar|
+-+-----------+-----------+-----------+----------------+-----------+--------+-----+----+------+
|x|          8|        131|        276|     45407.43273|        131|00:07:00|   NA|  NA|    NA|
|x|          6|        131|        225|     54031.23858|        257|00:03:53|+0.46|0.73|0.5288|
|x|          5|        131|        238|     40496.00935|        383|00:04:07|+0.49|0.66|0.5140|
|x|          3|        131|        238|     34589.32464|        509|00:04:21|+0.58|0.68|0.4215|
|-|          1|         51|        238|     27671.64794|        635|00:04:07|-0.05|0.16|1.0002|
|=|          4|         51|        238|     23081.66412|        681|00:00:35|+0.02|0.18|0.9217|
|-|          2|         26|        167|     27430.27035|        727|00:00:38|-0.06|0.09|0.9936|
|=|          7|         26|        167|     24004.10652|        748|00:00:20|-0.05|0.08|0.9948|
|=|          9|         26|        167|     21340.36535|        774|00:02:27|-0.05|0.07|0.9811|
+-+-----------+-----------+-----------+----------------+-----------+--------+-----+----+------+
Best-so-far configuration:         167    mean value:      21340.36535
Description of the best-so-far configuration:
    .ID. particles topology modInfluence phi1 phi2 inertia branching tSchedule
167  167        43        4            0 2.19  1.6     0.1        NA        NA
    .PARENT.
167       25

# 2025-02-02 01:18:49 -03: Elite configurations (first number is the configuration ID; listed from best to worst according to the sum of ranks):
    particles topology modInfluence phi1 phi2 inertia branching tSchedule
167        43        4            0 2.19 1.60    0.10        NA        NA
193        74        4            0 1.99 1.93    0.46        NA        NA
238        39        1            0 1.16 1.80    0.51        NA        NA
225       142        4            0 1.64 1.75    0.35        NA        NA
15         10        1            0 1.41 1.90    0.31        NA        NA
# 2025-02-02 01:18:49 -03: Iteration 3 of 5
# experimentsUsedSoFar: 1702
# remainingBudget: 3298
# currentBudget: 1099
# nbConfigurations: 114
# Markers:
     x No test is performed.
     c Configurations are discarded only due to capping.
     - The test is performed and some configurations are discarded.
     = The test is performed but no configuration is discarded.
     ! The test is performed and configurations could be discarded but elite configurations are preserved.
     . All alive configurations are elite and nothing is discarded.

+-+-----------+-----------+-----------+----------------+-----------+--------+-----+----+------+
| |   Instance|      Alive|       Best|       Mean best| Exp so far|  W time|  rho|KenW|  Qvar|
+-+-----------+-----------+-----------+----------------+-----------+--------+-----+----+------+
|x|         10|        114|        348|     77.56239334|        114|00:01:36|   NA|  NA|    NA|
|x|          5|        114|        401|     48.14422840|        223|00:01:48|+0.05|0.53|0.8100|
|x|          6|        114|        238|     201.9582056|        332|00:01:36|+0.23|0.49|0.6045|
|x|          9|        114|        238|     158.4353017|        441|00:10:28|+0.27|0.45|0.6519|
|-|          1|         74|        298|     104.0153042|        550|00:01:52|-0.07|0.15|0.8395|
|=|          4|         74|        298|     103.8118006|        619|00:00:58|-0.04|0.13|0.7603|
|=|          3|         74|        309|     2446.264635|        688|00:01:17|+0.01|0.15|0.7637|
|=|          2|         74|        167|     2538.932802|        757|00:01:05|-0.00|0.12|0.7908|
|=|          8|         74|        309|     14469.02149|        826|00:02:42|+0.01|0.12|0.8041|
|=|          7|         74|        325|     8871.173389|        895|00:01:14|+0.01|0.11|0.8230|
|=|         11|         74|        321|     16486.52745|        969|00:01:15|+0.02|0.11|0.8058|
+-+-----------+-----------+-----------+----------------+-----------+--------+-----+----+------+
Best-so-far configuration:         321    mean value:      16486.52745
Description of the best-so-far configuration:
    .ID. particles topology modInfluence phi1 phi2 inertia branching tSchedule
321  321       102        4            0 1.97 1.63    0.64        NA        NA
    .PARENT.
321      193

# 2025-02-02 01:44:45 -03: Elite configurations (first number is the configuration ID; listed from best to worst according to the sum of ranks):
    particles topology modInfluence phi1 phi2 inertia branching tSchedule
321       102        4            0 1.97 1.63    0.64        NA        NA
193        74        4            0 1.99 1.93    0.46        NA        NA
325        83        4            0 1.85 2.05    0.28        NA        NA
309        88        4            0 2.26 2.12    0.30        NA        NA
15         10        1            0 1.41 1.90    0.31        NA        NA
# 2025-02-02 01:44:45 -03: Iteration 4 of 5
# experimentsUsedSoFar: 2671
# remainingBudget: 2329
# currentBudget: 1164
# nbConfigurations: 101
# Markers:
     x No test is performed.
     c Configurations are discarded only due to capping.
     - The test is performed and some configurations are discarded.
     = The test is performed but no configuration is discarded.
     ! The test is performed and configurations could be discarded but elite configurations are preserved.
     . All alive configurations are elite and nothing is discarded.

+-+-----------+-----------+-----------+----------------+-----------+--------+-----+----+------+
| |   Instance|      Alive|       Best|       Mean best| Exp so far|  W time|  rho|KenW|  Qvar|
+-+-----------+-----------+-----------+----------------+-----------+--------+-----+----+------+
|x|         12|        101|        427|     182.5132080|        101|00:01:24|   NA|  NA|    NA|
|x|          4|        101|        478|     143.6093821|        197|00:01:15|+0.06|0.53|0.9015|
|x|          2|        101|        464|     104.7602013|        293|00:01:20|+0.00|0.33|0.7048|
|x|          5|        101|        489|     90.13165060|        389|00:01:31|+0.08|0.31|0.7866|
|-|          3|         70|        321|     3306.727828|        485|00:01:43|-0.10|0.12|1.0322|
|=|         10|         70|        464|     2843.091767|        550|00:00:46|-0.05|0.13|0.9959|
|=|          8|         70|        464|     14973.65790|        615|00:02:25|-0.03|0.12|0.9977|
|=|          1|         70|        464|     13102.04878|        680|00:00:57|+0.01|0.14|0.9652|
|=|          9|         70|        489|     14221.86289|        745|00:06:11|-0.01|0.10|0.9693|
|=|          7|         70|        464|     10486.66639|        810|00:00:57|-0.00|0.10|0.9651|
|=|          6|         70|        489|     11652.81728|        875|00:00:52|-0.01|0.08|0.9579|
|=|         11|         70|        489|     10751.42576|        940|00:00:57|-0.02|0.07|0.9609|
|=|         13|         70|        456|     7665.787785|       1010|00:00:55|+0.00|0.08|0.9346|
+-+-----------+-----------+-----------+----------------+-----------+--------+-----+----+------+
Best-so-far configuration:         456    mean value:      7665.787785
Description of the best-so-far configuration:
    .ID. particles topology modInfluence phi1 phi2 inertia branching tSchedule
456  456        69        4            0 1.69 2.33    0.41        NA        NA
    .PARENT.
456      193

# 2025-02-02 02:06:06 -03: Elite configurations (first number is the configuration ID; listed from best to worst according to the sum of ranks):
    particles topology modInfluence phi1 phi2 inertia branching tSchedule
456        69        4            0 1.69 2.33    0.41        NA        NA
439       117        4            0 2.12 2.05    0.52        NA        NA
489        95        4            0 2.12 2.22    0.30        NA        NA
413        48        4            0 1.88 2.29    0.42        NA        NA
463        77        4            0 2.35 2.27    0.31        NA        NA
# 2025-02-02 02:06:06 -03: Iteration 5 of 5
# experimentsUsedSoFar: 3681
# remainingBudget: 1319
# currentBudget: 1319
# nbConfigurations: 98
# Markers:
     x No test is performed.
     c Configurations are discarded only due to capping.
     - The test is performed and some configurations are discarded.
     = The test is performed but no configuration is discarded.
     ! The test is performed and configurations could be discarded but elite configurations are preserved.
     . All alive configurations are elite and nothing is discarded.

+-+-----------+-----------+-----------+----------------+-----------+--------+-----+----+------+
| |   Instance|      Alive|       Best|       Mean best| Exp so far|  W time|  rho|KenW|  Qvar|
+-+-----------+-----------+-----------+----------------+-----------+--------+-----+----+------+
|x|         14|         98|        529|    0.3007054946|         98|00:04:38|   NA|  NA|    NA|
|x|          4|         98|        522|     37.34482727|        191|00:01:09|+0.13|0.56|0.3721|
|x|          5|         98|        518|     29.34183031|        284|00:01:23|+0.05|0.37|0.6370|
|x|          9|         98|        489|     26.11955085|        377|00:08:48|+0.02|0.27|0.7654|
|=|          2|         98|        489|     24.40329534|        470|00:01:16|+0.00|0.20|0.8773|
|=|          1|         98|        489|     20.47366035|        563|00:01:24|+0.04|0.20|0.8642|
|-|          6|         56|        489|     40.86744432|        656|00:01:16|-0.09|0.06|1.0856|
|=|         10|         56|        489|     76.19995017|        707|00:00:36|-0.07|0.06|1.0647|
|=|          7|         56|        489|     70.06595630|        758|00:00:47|-0.06|0.05|1.0499|
|=|         11|         56|        489|     146.6712619|        809|00:00:48|-0.05|0.05|1.0344|
|=|          3|         56|        567|     1501.194932|        860|00:00:52|-0.04|0.05|1.0213|
|=|          8|         56|        567|     7256.694412|        911|00:01:55|-0.04|0.04|1.0232|
|=|         13|         56|        506|     7350.487548|        962|00:00:42|-0.03|0.05|1.0122|
|=|         12|         56|        506|     6838.032917|       1013|00:00:42|-0.01|0.06|0.9942|
|=|         15|         56|        506|     6383.557101|       1069|00:00:49|-0.01|0.06|0.9895|
+-+-----------+-----------+-----------+----------------+-----------+--------+-----+----+------+
Best-so-far configuration:         506    mean value:      6383.557101
Description of the best-so-far configuration:
    .ID. particles topology modInfluence phi1 phi2 inertia branching tSchedule
506  506        78        4            0 1.55 2.49    0.43        NA        NA
    .PARENT.
506      456

# 2025-02-02 02:33:19 -03: Elite configurations (first number is the configuration ID; listed from best to worst according to the sum of ranks):
    particles topology modInfluence phi1 phi2 inertia branching tSchedule
506        78        4            0 1.55 2.49    0.43        NA        NA
567        58        4            0 1.66 2.49    0.40        NA        NA
560        62        4            0 1.51 2.48    0.44        NA        NA
562        67        4            0 1.84 2.32    0.38        NA        NA
504        70        4            0 1.85 2.25    0.46        NA        NA
# 2025-02-02 02:33:19 -03: Iteration 6 of 6
# experimentsUsedSoFar: 4750
# remainingBudget: 250
# currentBudget: 250
# nbConfigurations: 20
# Markers:
     x No test is performed.
     c Configurations are discarded only due to capping.
     - The test is performed and some configurations are discarded.
     = The test is performed but no configuration is discarded.
     ! The test is performed and configurations could be discarded but elite configurations are preserved.
     . All alive configurations are elite and nothing is discarded.

+-+-----------+-----------+-----------+----------------+-----------+--------+-----+----+------+
| |   Instance|      Alive|       Best|       Mean best| Exp so far|  W time|  rho|KenW|  Qvar|
+-+-----------+-----------+-----------+----------------+-----------+--------+-----+----+------+
|x|         16|         20|        592|     25.33661428|         20|00:00:14|   NA|  NA|    NA|
|x|          5|         20|        560|     19.60622431|         35|00:00:13|-0.00|0.50|0.9888|
|x|          7|         20|        506|     20.11800631|         50|00:00:14|-0.13|0.24|1.0057|
|x|         11|         20|        506|     17.67537819|         65|00:00:12|-0.07|0.20|1.0347|
|=|          8|         20|        506|     15771.55121|         80|00:00:33|-0.05|0.16|1.0142|
|=|         13|         20|        506|     13142.97184|         95|00:00:12|-0.02|0.15|1.0168|
|=|          9|         20|        506|     11269.07465|        110|00:01:25|-0.06|0.09|1.0378|
|=|          3|         20|        506|     11893.74996|        125|00:00:16|-0.05|0.08|1.0264|
|=|          1|         20|        506|     10572.31762|        140|00:00:13|-0.03|0.09|1.0019|
|=|          2|         20|        506|     9516.877909|        155|00:00:12|+0.00|0.10|0.9817|
|=|         14|         20|        506|     8651.740242|        170|00:00:43|+0.01|0.10|0.9649|
|=|         10|         20|        506|     7938.423813|        185|00:00:11|+0.01|0.09|0.9679|
|=|          4|         20|        506|     7336.254394|        200|00:00:10|+0.02|0.09|0.9644|
|=|          6|         20|        506|     6827.366607|        215|00:00:12|+0.01|0.08|0.9606|
|=|         15|         20|        506|     6373.601878|        230|00:00:13|+0.01|0.08|0.9540|
|=|         12|         20|        506|     5986.259431|        245|00:00:11|+0.02|0.08|0.9508|
+-+-----------+-----------+-----------+----------------+-----------+--------+-----+----+------+
Best-so-far configuration:         506    mean value:      5986.259431
Description of the best-so-far configuration:
    .ID. particles topology modInfluence phi1 phi2 inertia branching tSchedule
506  506        78        4            0 1.55 2.49    0.43        NA        NA
    .PARENT.
506      456

# 2025-02-02 02:38:50 -03: Elite configurations (first number is the configuration ID; listed from best to worst according to the sum of ranks):
    particles topology modInfluence phi1 phi2 inertia branching tSchedule
506        78        4            0 1.55 2.49    0.43        NA        NA
560        62        4            0 1.51 2.48    0.44        NA        NA
567        58        4            0 1.66 2.49    0.40        NA        NA
562        67        4            0 1.84 2.32    0.38        NA        NA
504        70        4            0 1.85 2.25    0.46        NA        NA
# 2025-02-02 02:38:50 -03: Stopped because there is not enough budget left to race more than the minimum (5).
# You may either increase the budget or set 'minNbSurvival' to a lower value.
# Iteration: 7
# nbIterations: 7
# experimentsUsedSoFar: 4995
# timeUsed: 0
# remainingBudget: 5
# currentBudget: 5
# number of elites: 5
# nbConfigurations: 5
# Total CPU user time: 8126.018, CPU sys time: 84.475, Wall-clock time: 8184.333
    .ID. particles topology modInfluence phi1 phi2 inertia branching tSchedule
506  506        78        4            0 1.55 2.49    0.43        NA        NA
560  560        62        4            0 1.51 2.48    0.44        NA        NA
567  567        58        4            0 1.66 2.49    0.40        NA        NA
562  562        67        4            0 1.84 2.32    0.38        NA        NA
504  504        70        4            0 1.85 2.25    0.46        NA        NA
    .PARENT. .ALIVE. .RANK.   .WEIGHT.
506      456    TRUE    109 0.33333333
560      456    TRUE    128 0.26666667
567      456    TRUE    132 0.20000000
562      456    TRUE    141 0.13333333
504      456    TRUE    146 0.06666667
