# 2025-01-30 15:07:20 -03: 2 expression(s) specifying forbidden configurations read.
# 2025-01-30 15:07:20 -03: Initialization
# Elitist race
# Elitist new instances: 1
# Elitist limit: 2
# nbIterations: 5
# minNbSurvival: 5
# nbParameters: 8
# seed: 7175
# confidence level: 0.95
# budget: 5000
# mu: 5
# deterministic: FALSE

# 2025-01-30 15:07:20 -03: Iteration 1 of 5
# experimentsUsedSoFar: 0
# remainingBudget: 5000
# currentBudget: 1000
# nbConfigurations: 166
# Markers:
     x No test is performed.
     c Configurations are discarded only due to capping.
     - The test is performed and some configurations are discarded.
     = The test is performed but no configuration is discarded.
     ! The test is performed and configurations could be discarded but elite configurations are preserved.
     . All alive configurations are elite and nothing is discarded.

+-+-----------+-----------+-----------+----------------+-----------+--------+-----+----+------+
| |   Instance|      Alive|       Best|       Mean best| Exp so far|  W time|  rho|KenW|  Qvar|
+-+-----------+-----------+-----------+----------------+-----------+--------+-----+----+------+
|x|          1|        166|         52|     3.664413971|        166|00:05:42|   NA|  NA|    NA|
|x|          2|        166|         15|     39.78491664|        332|00:05:41|+0.72|0.86|0.3848|
|x|          3|        166|        165|     69.12742083|        498|00:05:55|+0.49|0.66|0.4381|
|x|          4|        166|        165|     291.2238193|        664|00:41:29|+0.52|0.64|0.3520|
|-|          5|         50|        165|     233.7684450|        830|00:05:51|-0.07|0.14|0.9408|
|=|          6|         50|        165|     197.0839649|        880|00:01:27|+0.04|0.20|0.9308|
|=|          7|         50|        158|     170.1522965|        930|00:01:22|+0.05|0.19|0.9529|
+-+-----------+-----------+-----------+----------------+-----------+--------+-----+----+------+
Best-so-far configuration:         158    mean value:      170.1522965
Description of the best-so-far configuration:
    .ID. particles topology modInfluence phi1 phi2 inertia branching tSchedule
158  158        58        4            0 2.49  1.9    0.44        NA        NA
    .PARENT.
158       NA

first iteration, returning
# 2025-01-30 16:14:50 -03: Elite configurations (first number is the configuration ID; listed from best to worst according to the sum of ranks):
    particles topology modInfluence phi1 phi2 inertia branching tSchedule
158        58        4            0 2.49 1.90    0.44        NA        NA
165        51        4            0 2.47 1.99    0.46        NA        NA
120        16        4            0 2.35 2.49    0.48        NA        NA
48         20        4            1 0.40 1.84    0.31        NA        NA
46        150        4            0 1.23 1.99    0.23        NA        NA
# 2025-01-30 16:14:50 -03: Iteration 2 of 5
# experimentsUsedSoFar: 930
# remainingBudget: 4070
# currentBudget: 1017
# nbConfigurations: 131
# Markers:
     x No test is performed.
     c Configurations are discarded only due to capping.
     - The test is performed and some configurations are discarded.
     = The test is performed but no configuration is discarded.
     ! The test is performed and configurations could be discarded but elite configurations are preserved.
     . All alive configurations are elite and nothing is discarded.

+-+-----------+-----------+-----------+----------------+-----------+--------+-----+----+------+
| |   Instance|      Alive|       Best|       Mean best| Exp so far|  W time|  rho|KenW|  Qvar|
+-+-----------+-----------+-----------+----------------+-----------+--------+-----+----+------+
|x|          8|        131|        234|     908.4094496|        131|00:27:44|   NA|  NA|    NA|
|x|          6|        131|        234|     460.6428790|        257|00:02:45|+0.38|0.69|0.7731|
|x|          1|        131|        165|     309.2018412|        383|00:02:43|+0.44|0.63|0.5977|
|x|          3|        131|        165|     244.0112158|        509|00:03:03|+0.48|0.61|0.6115|
|-|          2|         49|        165|     225.9924993|        635|00:02:45|-0.05|0.16|0.9993|
|=|          4|         49|        234|     336.3028628|        679|00:10:16|-0.01|0.16|0.9301|
|=|          7|         49|        277|     301.6451157|        723|00:00:44|-0.05|0.10|0.9992|
|=|          5|         49|        234|     262.8618342|        767|00:00:43|-0.03|0.09|0.9938|
|=|          9|         49|        165|     292.0237938|        816|00:09:45|-0.03|0.09|0.9916|
+-+-----------+-----------+-----------+----------------+-----------+--------+-----+----+------+
Best-so-far configuration:         165    mean value:      292.0237938
Description of the best-so-far configuration:
    .ID. particles topology modInfluence phi1 phi2 inertia branching tSchedule
165  165        51        4            0 2.47 1.99    0.46        NA        NA
    .PARENT.
165       NA

# 2025-01-30 17:15:23 -03: Elite configurations (first number is the configuration ID; listed from best to worst according to the sum of ranks):
    particles topology modInfluence phi1 phi2 inertia branching tSchedule
165        51        4            0 2.47 1.99    0.46        NA        NA
120        16        4            0 2.35 2.49    0.48        NA        NA
277        34        4            2 0.33 2.34    0.61        NA        NA
158        58        4            0 2.49 1.90    0.44        NA        NA
234        23        1            0 2.13 1.84    0.50        NA        NA
# 2025-01-30 17:15:23 -03: Iteration 3 of 5
# experimentsUsedSoFar: 1746
# remainingBudget: 3254
# currentBudget: 1084
# nbConfigurations: 112
# Markers:
     x No test is performed.
     c Configurations are discarded only due to capping.
     - The test is performed and some configurations are discarded.
     = The test is performed but no configuration is discarded.
     ! The test is performed and configurations could be discarded but elite configurations are preserved.
     . All alive configurations are elite and nothing is discarded.

+-+-----------+-----------+-----------+----------------+-----------+--------+-----+----+------+
| |   Instance|      Alive|       Best|       Mean best| Exp so far|  W time|  rho|KenW|  Qvar|
+-+-----------+-----------+-----------+----------------+-----------+--------+-----+----+------+
|x|         10|        112|        307|     27.93747071|        112|00:10:47|   NA|  NA|    NA|
|x|          2|        112|        397|     69.46628318|        219|00:01:49|+0.16|0.58|0.4516|
|x|          8|        112|        331|     355.0867291|        326|00:22:20|+0.20|0.47|0.3191|
|x|          7|        112|        120|     280.0925103|        433|00:01:43|+0.24|0.43|0.2649|
|-|          4|         68|        380|     406.0067380|        540|00:24:58|-0.13|0.10|1.0326|
|=|          5|         68|        380|     338.9580683|        603|00:01:07|-0.08|0.10|1.0253|
|=|          1|         68|        380|     291.3305554|        666|00:01:01|-0.02|0.12|0.9913|
|=|          3|         68|        380|     260.7248726|        729|00:01:12|-0.02|0.10|0.9478|
|=|          6|         68|        380|     233.2192265|        792|00:01:07|+0.02|0.13|0.9019|
|-|          9|         27|        380|     257.5757103|        855|00:12:37|-0.04|0.07|0.9517|
|=|         11|         27|        380|     13651.09289|        882|00:00:20|-0.02|0.07|0.9376|
|=|         12|         27|        380|     12537.67165|        909|00:03:32|-0.04|0.05|0.9487|
+-+-----------+-----------+-----------+----------------+-----------+--------+-----+----+------+
Best-so-far configuration:         380    mean value:      12537.67165
Description of the best-so-far configuration:
    .ID. particles topology modInfluence phi1 phi2 inertia branching tSchedule
380  380       103        4            0 2.24 2.29    0.46        NA        NA
    .PARENT.
380      158

# 2025-01-30 18:38:01 -03: Elite configurations (first number is the configuration ID; listed from best to worst according to the sum of ranks):
    particles topology modInfluence phi1 phi2 inertia branching tSchedule
380       103        4            0 2.24 2.29    0.46        NA        NA
366        29        4            2 0.11 2.37    0.51        NA        NA
120        16        4            0 2.35 2.49    0.48        NA        NA
314        87        4            0 2.47 1.84    0.34        NA        NA
158        58        4            0 2.49 1.90    0.44        NA        NA
# 2025-01-30 18:38:02 -03: Iteration 4 of 5
# experimentsUsedSoFar: 2655
# remainingBudget: 2345
# currentBudget: 1172
# nbConfigurations: 94
# Markers:
     x No test is performed.
     c Configurations are discarded only due to capping.
     - The test is performed and some configurations are discarded.
     = The test is performed but no configuration is discarded.
     ! The test is performed and configurations could be discarded but elite configurations are preserved.
     . All alive configurations are elite and nothing is discarded.

+-+-----------+-----------+-----------+----------------+-----------+--------+-----+----+------+
| |   Instance|      Alive|       Best|       Mean best| Exp so far|  W time|  rho|KenW|  Qvar|
+-+-----------+-----------+-----------+----------------+-----------+--------+-----+----+------+
|x|         13|         94|        432|     213.0251055|         94|00:18:54|   NA|  NA|    NA|
|x|          7|         94|        419|     133.6154811|        183|00:01:23|+0.33|0.66|0.0971|
|x|          6|         94|        475|     100.9458886|        272|00:01:30|+0.32|0.54|0.0834|
|x|          1|         94|        483|     85.16996452|        361|00:01:25|+0.27|0.45|0.0957|
|-|          3|         54|        483|     78.58264281|        450|00:01:39|-0.10|0.12|1.1036|
|=|         12|         54|        419|     99.66432285|        499|00:06:31|-0.08|0.10|1.0687|
|=|          2|         54|        419|     103.7152899|        548|00:00:42|-0.06|0.09|1.0522|
|=|         11|         54|        419|     15081.33613|        597|00:00:42|-0.08|0.06|1.0476|
|=|          9|         54|        419|     13458.62607|        646|00:09:35|-0.05|0.07|1.0233|
|=|          5|         54|        419|     12113.15852|        695|00:00:44|-0.03|0.07|1.0094|
|=|         10|         54|        483|     14522.49271|        744|00:04:33|-0.02|0.07|0.9914|
|=|          8|         54|        419|     10172.91982|        793|00:10:05|-0.01|0.07|0.9783|
|=|          4|         54|        419|     9461.794965|        842|00:11:15|+0.00|0.08|0.9653|
|=|         14|         54|        419|     8795.918184|        896|00:00:50|+0.02|0.09|0.9436|
+-+-----------+-----------+-----------+----------------+-----------+--------+-----+----+------+
Best-so-far configuration:         419    mean value:      8795.918184
Description of the best-so-far configuration:
    .ID. particles topology modInfluence phi1 phi2 inertia branching tSchedule
419  419       122        4            0 2.22 2.18     0.5        NA        NA
    .PARENT.
419      380

# 2025-01-30 19:47:57 -03: Elite configurations (first number is the configuration ID; listed from best to worst according to the sum of ranks):
    particles topology modInfluence phi1 phi2 inertia branching tSchedule
419       122        4            0 2.22 2.18    0.50        NA        NA
483       127        4            0 2.11 2.43    0.41        NA        NA
445       128        4            0 2.33 2.37    0.39        NA        NA
380       103        4            0 2.24 2.29    0.46        NA        NA
404       146        4            0 2.24 2.43    0.47        NA        NA
# 2025-01-30 19:47:57 -03: Iteration 5 of 5
# experimentsUsedSoFar: 3551
# remainingBudget: 1449
# currentBudget: 1449
# nbConfigurations: 101
# Markers:
     x No test is performed.
     c Configurations are discarded only due to capping.
     - The test is performed and some configurations are discarded.
     = The test is performed but no configuration is discarded.
     ! The test is performed and configurations could be discarded but elite configurations are preserved.
     . All alive configurations are elite and nothing is discarded.

+-+-----------+-----------+-----------+----------------+-----------+--------+-----+----+------+
| |   Instance|      Alive|       Best|       Mean best| Exp so far|  W time|  rho|KenW|  Qvar|
+-+-----------+-----------+-----------+----------------+-----------+--------+-----+----+------+
|x|         15|        101|        506|     908.3545466|        101|00:20:38|   NA|  NA|    NA|
|x|         14|        101|        497|     503.6182976|        197|00:01:16|-0.00|0.50|0.4214|
|x|         13|        101|        506|     430.3849755|        293|00:18:53|+0.08|0.39|0.6552|
|x|          5|        101|        533|     325.7021906|        389|00:01:12|+0.04|0.28|0.6737|
|-|          7|         56|        533|     264.3296193|        485|00:01:07|-0.12|0.10|1.0893|
|=|          2|         56|        514|     243.1277656|        536|00:00:34|-0.09|0.09|1.0448|
|=|          9|         56|        553|     271.1194092|        587|00:09:53|-0.06|0.09|1.0408|
|=|         10|         56|        514|     245.7991040|        638|00:04:43|-0.03|0.10|1.0235|
|=|         12|         56|        553|     245.8790880|        689|00:06:41|-0.03|0.09|1.0113|
|=|         11|         56|        553|     12273.86807|        740|00:00:40|-0.02|0.08|1.0144|
|=|          4|         56|        505|     11222.73282|        791|00:11:37|-0.03|0.07|1.0095|
|=|          3|         56|        528|     9711.395442|        842|00:00:42|-0.02|0.06|0.9934|
|=|          1|         56|        528|     8964.741985|        893|00:00:39|-0.02|0.06|1.0016|
|=|          6|         56|        528|     8325.262310|        944|00:00:43|-0.02|0.06|0.9979|
|=|          8|         56|        528|     7830.866833|        995|00:10:28|-0.02|0.05|0.9964|
|=|         16|         56|        528|     7347.102590|       1051|00:00:48|-0.02|0.05|1.0006|
+-+-----------+-----------+-----------+----------------+-----------+--------+-----+----+------+
Best-so-far configuration:         528    mean value:      7347.102590
Description of the best-so-far configuration:
    .ID. particles topology modInfluence phi1 phi2 inertia branching tSchedule
528  528       128        4            0 2.45 2.44    0.42        NA        NA
    .PARENT.
528      445

# 2025-01-30 21:18:38 -03: Elite configurations (first number is the configuration ID; listed from best to worst according to the sum of ranks):
    particles topology modInfluence phi1 phi2 inertia branching tSchedule
528       128        4            0 2.45 2.44    0.42        NA        NA
523       138        4            0 2.35 2.39    0.51        NA        NA
566       126        4            0 2.11 2.20    0.48        NA        NA
505       110        4            0 2.34 2.40    0.43        NA        NA
495       104        4            0 2.34 2.32    0.48        NA        NA
# 2025-01-30 21:18:38 -03: Iteration 6 of 6
# experimentsUsedSoFar: 4602
# remainingBudget: 398
# currentBudget: 398
# nbConfigurations: 28
# Markers:
     x No test is performed.
     c Configurations are discarded only due to capping.
     - The test is performed and some configurations are discarded.
     = The test is performed but no configuration is discarded.
     ! The test is performed and configurations could be discarded but elite configurations are preserved.
     . All alive configurations are elite and nothing is discarded.

+-+-----------+-----------+-----------+----------------+-----------+--------+-----+----+------+
| |   Instance|      Alive|       Best|       Mean best| Exp so far|  W time|  rho|KenW|  Qvar|
+-+-----------+-----------+-----------+----------------+-----------+--------+-----+----+------+
|x|         17|         28|        594|     26.01980320|         28|00:00:27|   NA|  NA|    NA|
|x|         11|         28|        523|     54202.95415|         51|00:00:19|-0.15|0.42|1.1110|
|x|          2|         28|        523|     36176.61066|         74|00:00:17|-0.06|0.29|0.9423|
|x|          1|         28|        523|     27133.72531|         97|00:00:16|+0.02|0.27|0.9385|
|=|          9|         28|        523|     21801.09174|        120|00:04:29|+0.07|0.26|0.9424|
|=|          8|         28|        523|     18319.12067|        143|00:04:43|+0.08|0.23|0.9433|
|=|         14|         28|        523|     15721.94698|        166|00:00:19|+0.06|0.20|0.9422|
|-|          5|         11|        523|     13757.21244|        189|00:00:18|+0.03|0.15|0.9188|
|=|         10|         11|        523|     12232.06801|        195|00:00:33|+0.03|0.14|0.9170|
|=|          6|         11|        523|     11010.23372|        201|00:00:05|-0.00|0.10|0.9225|
|=|         12|         11|        523|     10039.22907|        207|00:00:47|-0.02|0.07|0.9290|
|=|         16|         11|        523|     9209.347869|        213|00:00:05|-0.01|0.07|0.9240|
|=|          3|         11|        523|     8504.968984|        219|00:00:05|+0.00|0.08|0.9135|
|=|          4|         11|        523|     7964.005542|        225|00:01:22|+0.01|0.08|0.9100|
|=|          7|         11|        523|     7434.161945|        231|00:00:05|+0.01|0.07|0.9077|
|=|         13|         11|        523|     6986.441738|        237|00:01:11|+0.00|0.07|0.9041|
|=|         15|         11|        523|     6629.038004|        243|00:01:14|-0.01|0.05|0.9144|
|=|         18|         11|        528|     6584.355651|        254|00:02:14|-0.01|0.05|0.9233|
+-+-----------+-----------+-----------+----------------+-----------+--------+-----+----+------+
Best-so-far configuration:         528    mean value:      6584.355651
Description of the best-so-far configuration:
    .ID. particles topology modInfluence phi1 phi2 inertia branching tSchedule
528  528       128        4            0 2.45 2.44    0.42        NA        NA
    .PARENT.
528      445

# 2025-01-30 21:37:35 -03: Elite configurations (first number is the configuration ID; listed from best to worst according to the sum of ranks):
    particles topology modInfluence phi1 phi2 inertia branching tSchedule
523       138        4            0 2.35 2.39    0.51        NA        NA
528       128        4            0 2.45 2.44    0.42        NA        NA
505       110        4            0 2.34 2.40    0.43        NA        NA
566       126        4            0 2.11 2.20    0.48        NA        NA
591       128        4            0 2.11 2.06    0.50        NA        NA
# 2025-01-30 21:37:35 -03: Iteration 7 of 7
# experimentsUsedSoFar: 4856
# remainingBudget: 144
# currentBudget: 144
# nbConfigurations: 12
# Markers:
     x No test is performed.
     c Configurations are discarded only due to capping.
     - The test is performed and some configurations are discarded.
     = The test is performed but no configuration is discarded.
     ! The test is performed and configurations could be discarded but elite configurations are preserved.
     . All alive configurations are elite and nothing is discarded.

+-+-----------+-----------+-----------+----------------+-----------+--------+-----+----+------+
| |   Instance|      Alive|       Best|       Mean best| Exp so far|  W time|  rho|KenW|  Qvar|
+-+-----------+-----------+-----------+----------------+-----------+--------+-----+----+------+
|x|         19|         12|        611|     551.0764106|         12|00:02:23|   NA|  NA|    NA|
|x|         15|         12|        610|     731.8986351|         19|00:01:25|-0.19|0.41|0.9566|
|x|         17|         12|        609|     499.3264729|         26|00:00:06|-0.19|0.21|0.9994|
|x|         10|         12|        523|     380.9594089|         33|00:00:37|-0.13|0.15|1.0081|
|=|         12|         12|        523|     370.6040433|         40|00:00:54|-0.10|0.12|0.9772|
|=|          4|         12|        505|     458.8376834|         47|00:01:35|-0.10|0.08|0.9857|
|=|         16|         12|        523|     409.3079468|         54|00:00:05|-0.11|0.05|1.0006|
|=|          8|         12|        505|     469.1416735|         61|00:01:25|-0.06|0.07|0.9662|
|=|          9|         12|        523|     471.6642680|         68|00:01:21|-0.04|0.07|0.9460|
|=|         14|         12|        523|     438.3883219|         75|00:00:06|-0.03|0.07|0.9283|
|=|          5|         12|        523|     398.9049023|         82|00:00:04|-0.03|0.06|0.9418|
|=|          3|         12|        523|     370.0313573|         89|00:00:05|-0.04|0.04|0.9575|
|=|          7|         12|        523|     342.8252216|         96|00:00:05|-0.04|0.04|0.9456|
|=|          1|         12|        523|     318.6997951|        103|00:00:04|-0.02|0.05|0.9352|
|=|         18|         12|        523|     358.2299830|        110|00:01:25|-0.03|0.04|0.9495|
|=|         13|         12|        523|     352.7555232|        117|00:01:23|-0.02|0.04|0.9401|
|=|          6|         12|        523|     332.8125596|        124|00:00:06|-0.02|0.04|0.9414|
|=|         11|         12|        523|     6335.296983|        131|00:00:05|-0.01|0.05|0.9277|
|=|          2|         12|        523|     6008.382600|        138|00:00:04|+0.00|0.06|0.9155|
+-+-----------+-----------+-----------+----------------+-----------+--------+-----+----+------+
Best-so-far configuration:         523    mean value:      6008.382600
Description of the best-so-far configuration:
    .ID. particles topology modInfluence phi1 phi2 inertia branching tSchedule
523  523       138        4            0 2.35 2.39    0.51        NA        NA
    .PARENT.
523      404

# 2025-01-30 21:51:04 -03: Elite configurations (first number is the configuration ID; listed from best to worst according to the sum of ranks):
    particles topology modInfluence phi1 phi2 inertia branching tSchedule
523       138        4            0 2.35 2.39    0.51        NA        NA
528       128        4            0 2.45 2.44    0.42        NA        NA
608       137        4            0 2.31 2.41    0.48        NA        NA
505       110        4            0 2.34 2.40    0.43        NA        NA
614       113        4            0 2.31 2.43    0.46        NA        NA
# 2025-01-30 21:51:04 -03: Stopped because there is not enough budget left to race more than the minimum (5).
# You may either increase the budget or set 'minNbSurvival' to a lower value.
# Iteration: 8
# nbIterations: 8
# experimentsUsedSoFar: 4994
# timeUsed: 0
# remainingBudget: 6
# currentBudget: 6
# number of elites: 5
# nbConfigurations: 5
# Total CPU user time: 24137.76, CPU sys time: 112.132, Wall-clock time: 24224.06
    .ID. particles topology modInfluence phi1 phi2 inertia branching tSchedule
523  523       138        4            0 2.35 2.39    0.51        NA        NA
528  528       128        4            0 2.45 2.44    0.42        NA        NA
608  608       137        4            0 2.31 2.41    0.48        NA        NA
505  505       110        4            0 2.34 2.40    0.43        NA        NA
614  614       113        4            0 2.31 2.43    0.46        NA        NA
    .PARENT. .ALIVE. .RANK.   .WEIGHT.
523      404    TRUE     98 0.33333333
528      445    TRUE    104 0.26666667
608      523    TRUE    107 0.20000000
505      419    TRUE    109 0.13333333
614      505    TRUE    120 0.06666667
