# 2025-01-21 23:33:25 -03: Initialization
# Elitist race
# Elitist new instances: 1
# Elitist limit: 2
# nbIterations: 3
# minNbSurvival: 3
# nbParameters: 3
# seed: 9685
# confidence level: 0.95
# budget: 5000
# mu: 5
# deterministic: FALSE

# 2025-01-21 23:33:25 -03: Iteration 1 of 3
# experimentsUsedSoFar: 0
# remainingBudget: 5000
# currentBudget: 1666
# nbConfigurations: 277
# Markers:
     x No test is performed.
     c Configurations are discarded only due to capping.
     - The test is performed and some configurations are discarded.
     = The test is performed but no configuration is discarded.
     ! The test is performed and configurations could be discarded but elite configurations are preserved.
     . All alive configurations are elite and nothing is discarded.

+-+-----------+-----------+-----------+----------------+-----------+--------+-----+----+------+
| |   Instance|      Alive|       Best|       Mean best| Exp so far|  W time|  rho|KenW|  Qvar|
+-+-----------+-----------+-----------+----------------+-----------+--------+-----+----+------+
|x|          1|        277|         98|     7553596.000|        277|00:05:53|   NA|  NA|    NA|
|x|          2|        277|        174|     7630086.000|        554|00:05:53|+0.64|0.82|0.3554|
|x|          3|        277|        174|     7582488.667|        831|00:05:53|+0.62|0.75|0.3762|
|x|          4|        277|         18|     5792363.500|       1108|00:05:53|+0.33|0.50|0.6641|
|-|          5|        106|        261|     4746664.000|       1385|00:05:53|-0.03|0.17|1.0513|
|-|          6|         45|        261|     5203494.333|       1491|00:02:21|-0.04|0.13|1.0326|
|=|          7|         45|        246|     4539329.429|       1536|00:01:00|-0.04|0.11|1.0232|
|=|          8|         45|        246|     4032249.250|       1581|00:01:00|-0.01|0.11|1.0025|
+-+-----------+-----------+-----------+----------------+-----------+--------+-----+----+------+
Best-so-far configuration:         246    mean value:      4032249.250
Description of the best-so-far configuration:
    .ID. localsearch  rho ants .PARENT.
246  246           3 0.45   35       NA

first iteration, returning
# 2025-01-22 00:07:15 -03: Elite configurations (first number is the configuration ID; listed from best to worst according to the sum of ranks):
    localsearch  rho ants
246           3 0.45   35
204           3 0.21   20
261           3 0.21    6
# 2025-01-22 00:07:16 -03: Iteration 2 of 3
# experimentsUsedSoFar: 1581
# remainingBudget: 3419
# currentBudget: 1709
# nbConfigurations: 192
# Markers:
     x No test is performed.
     c Configurations are discarded only due to capping.
     - The test is performed and some configurations are discarded.
     = The test is performed but no configuration is discarded.
     ! The test is performed and configurations could be discarded but elite configurations are preserved.
     . All alive configurations are elite and nothing is discarded.

+-+-----------+-----------+-----------+----------------+-----------+--------+-----+----+------+
| |   Instance|      Alive|       Best|       Mean best| Exp so far|  W time|  rho|KenW|  Qvar|
+-+-----------+-----------+-----------+----------------+-----------+--------+-----+----+------+
|x|          9|        192|        282|     375394.0000|        192|00:04:02|   NA|  NA|    NA|
|x|          7|        192|        282|     457202.0000|        381|00:04:02|-0.01|0.49|0.9716|
|x|          1|        192|        409|     2834760.000|        570|00:04:02|-0.06|0.29|1.0868|
|x|          3|        192|        386|     3997805.000|        759|00:04:02|+0.06|0.30|0.9622|
|=|          5|        192|        285|     3305244.400|        948|00:04:02|-0.00|0.20|1.0191|
|-|          2|         88|        285|     4034226.000|       1137|00:04:02|-0.09|0.09|1.0395|
|=|          6|         88|        328|     4532044.857|       1222|00:01:51|-0.04|0.11|0.9660|
|=|          4|         88|        328|     4017603.750|       1307|00:01:51|-0.04|0.09|0.9923|
|=|          8|         88|        427|     3626980.667|       1392|00:01:51|-0.04|0.07|1.0109|
|=|         10|         88|        427|     3300406.400|       1480|00:01:51|-0.03|0.07|1.0141|
+-+-----------+-----------+-----------+----------------+-----------+--------+-----+----+------+
Best-so-far configuration:         427    mean value:      3300406.400
Description of the best-so-far configuration:
    .ID. localsearch  rho ants .PARENT.
427  427           3 0.57   20      246

# 2025-01-22 00:38:54 -03: Elite configurations (first number is the configuration ID; listed from best to worst according to the sum of ranks):
    localsearch  rho ants
427           3 0.57   20
285           3 0.43   39
307           3 0.46   37
# 2025-01-22 00:38:54 -03: Iteration 3 of 3
# experimentsUsedSoFar: 3061
# remainingBudget: 1939
# currentBudget: 1939
# nbConfigurations: 179
# Markers:
     x No test is performed.
     c Configurations are discarded only due to capping.
     - The test is performed and some configurations are discarded.
     = The test is performed but no configuration is discarded.
     ! The test is performed and configurations could be discarded but elite configurations are preserved.
     . All alive configurations are elite and nothing is discarded.

+-+-----------+-----------+-----------+----------------+-----------+--------+-----+----+------+
| |   Instance|      Alive|       Best|       Mean best| Exp so far|  W time|  rho|KenW|  Qvar|
+-+-----------+-----------+-----------+----------------+-----------+--------+-----+----+------+
|x|         11|        179|        467|     437230.0000|        179|00:03:52|   NA|  NA|    NA|
|x|          9|        179|        489|     406312.0000|        355|00:03:42|-0.10|0.45|1.0321|
|x|          7|        179|        517|     450544.6667|        531|00:03:42|-0.00|0.33|0.9801|
|x|          4|        179|        506|     442050.5000|        707|00:03:42|+0.04|0.28|0.9513|
|-|          8|         68|        506|     448229.6000|        883|00:03:42|-0.12|0.10|1.0825|
|=|          2|         68|        509|     1651012.667|        948|00:01:30|-0.09|0.09|1.0782|
|=|          6|         68|        509|     2488473.429|       1013|00:01:30|-0.03|0.11|1.0370|
|=|          1|         68|        509|     3125941.000|       1078|00:01:30|+0.02|0.14|0.9858|
|-|          3|         40|        509|     3611515.333|       1143|00:01:30|-0.07|0.05|1.0050|
|=|          5|         40|        509|     3305857.600|       1180|00:00:50|-0.06|0.04|1.0189|
|=|         10|         40|        627|     3039572.364|       1217|00:00:50|-0.05|0.04|1.0140|
|=|         12|         40|        532|     2821176.167|       1257|00:00:50|-0.04|0.04|1.0063|
+-+-----------+-----------+-----------+----------------+-----------+--------+-----+----+------+
Best-so-far configuration:         532    mean value:      2821176.167
Description of the best-so-far configuration:
    .ID. localsearch  rho ants .PARENT.
532  532           3 0.45   43      285

# 2025-01-22 01:06:11 -03: Elite configurations (first number is the configuration ID; listed from best to worst according to the sum of ranks):
    localsearch  rho ants
532           3 0.45   43
508           3 0.51   28
627           3 0.49   20
# 2025-01-22 01:06:11 -03: Iteration 4 of 4
# experimentsUsedSoFar: 4318
# remainingBudget: 682
# currentBudget: 682
# nbConfigurations: 55
# Markers:
     x No test is performed.
     c Configurations are discarded only due to capping.
     - The test is performed and some configurations are discarded.
     = The test is performed but no configuration is discarded.
     ! The test is performed and configurations could be discarded but elite configurations are preserved.
     . All alive configurations are elite and nothing is discarded.

+-+-----------+-----------+-----------+----------------+-----------+--------+-----+----+------+
| |   Instance|      Alive|       Best|       Mean best| Exp so far|  W time|  rho|KenW|  Qvar|
+-+-----------+-----------+-----------+----------------+-----------+--------+-----+----+------+
|x|         13|         55|        693|     7423038.000|         55|00:01:10|   NA|  NA|    NA|
|x|          5|         55|        686|     3986841.000|        107|00:01:10|-0.27|0.36|1.1946|
|x|          4|         55|        647|     2798498.000|        159|00:01:10|-0.21|0.19|1.1569|
|x|         12|         55|        647|     2202340.000|        211|00:01:10|-0.05|0.22|0.9966|
|=|         10|         55|        669|     1841260.800|        263|00:01:10|-0.01|0.20|0.9712|
|=|          1|         55|        684|     2793285.333|        315|00:01:10|+0.02|0.18|0.9703|
|=|          3|         55|        651|     3464454.000|        367|00:01:10|+0.06|0.19|0.9313|
|-|          6|         37|        659|     3971171.500|        419|00:01:10|-0.07|0.07|1.0033|
|=|         11|         37|        659|     3578896.444|        453|00:00:50|-0.06|0.06|1.0033|
|=|          8|         37|        651|     3269314.400|        487|00:00:50|-0.04|0.06|0.9958|
|=|          9|         37|        659|     3006771.818|        521|00:00:50|-0.03|0.06|0.9922|
|=|          2|         37|        659|     3395693.833|        555|00:00:50|-0.02|0.06|0.9699|
|=|          7|         37|        655|     3176490.769|        589|00:00:50|-0.01|0.06|0.9668|
|=|         14|         37|        655|     3479378.429|        626|00:00:50|-0.01|0.06|0.9512|
+-+-----------+-----------+-----------+----------------+-----------+--------+-----+----+------+
Best-so-far configuration:         655    mean value:      3479378.429
Description of the best-so-far configuration:
    .ID. localsearch  rho ants .PARENT.
655  655           3 0.34   24      532

# 2025-01-22 01:20:42 -03: Elite configurations (first number is the configuration ID; listed from best to worst according to the sum of ranks):
    localsearch  rho ants
655           3 0.34   24
627           3 0.49   20
659           3 0.40   54
# 2025-01-22 01:20:42 -03: Iteration 5 of 5
# experimentsUsedSoFar: 4944
# remainingBudget: 56
# currentBudget: 56
# nbConfigurations: 6
# Markers:
     x No test is performed.
     c Configurations are discarded only due to capping.
     - The test is performed and some configurations are discarded.
     = The test is performed but no configuration is discarded.
     ! The test is performed and configurations could be discarded but elite configurations are preserved.
     . All alive configurations are elite and nothing is discarded.

+-+-----------+-----------+-----------+----------------+-----------+--------+-----+----+------+
| |   Instance|      Alive|       Best|       Mean best| Exp so far|  W time|  rho|KenW|  Qvar|
+-+-----------+-----------+-----------+----------------+-----------+--------+-----+----+------+
|x|         15|          6|        696|     354204.0000|          6|00:00:10|   NA|  NA|    NA|
|x|         13|          6|        696|     3891110.000|          9|00:00:10|+0.89|0.94|0.3243|
|x|         12|          6|        696|     2734276.667|         12|00:00:10|-0.33|0.11|1.1414|
|x|         11|          6|        696|     2161202.000|         15|00:00:10|-0.24|0.07|0.9954|
|=|          2|          6|        655|     3265356.800|         18|00:00:10|-0.15|0.08|0.9609|
|=|          5|          6|        655|     2812014.333|         21|00:00:10|-0.01|0.16|0.8523|
|=|          3|          6|        655|     3481505.143|         24|00:00:10|-0.05|0.10|0.8429|
|=|         14|          6|        696|     3971732.750|         27|00:00:10|-0.02|0.11|0.8127|
|=|         10|          6|        696|     3570175.778|         30|00:00:10|-0.04|0.08|0.8413|
|=|          6|          6|        696|     3962666.800|         33|00:00:10|-0.00|0.10|0.8198|
|=|          8|          6|        696|     3645419.455|         36|00:00:10|+0.03|0.12|0.7804|
|=|          9|          6|        696|     3373236.333|         39|00:00:10|+0.03|0.11|0.7578|
|=|          4|          6|        696|     3145839.385|         42|00:00:10|+0.06|0.13|0.7266|
|=|          1|          6|        696|     3463352.143|         45|00:00:10|+0.05|0.12|0.7335|
|=|          7|          6|        627|     3271210.400|         48|00:00:10|+0.04|0.10|0.7676|
|=|         16|          6|        696|     3514912.375|         54|00:00:10|+0.04|0.10|0.7730|
+-+-----------+-----------+-----------+----------------+-----------+--------+-----+----+------+
Best-so-far configuration:         696    mean value:      3514912.375
Description of the best-so-far configuration:
    .ID. localsearch  rho ants .PARENT.
696  696           3 0.47   15      655

# 2025-01-22 01:23:24 -03: Elite configurations (first number is the configuration ID; listed from best to worst according to the sum of ranks):
    localsearch  rho ants
696           3 0.47   15
627           3 0.49   20
655           3 0.34   24
# 2025-01-22 01:23:24 -03: Stopped because there is not enough budget left to race more than the minimum (3).
# You may either increase the budget or set 'minNbSurvival' to a lower value.
# Iteration: 6
# nbIterations: 6
# experimentsUsedSoFar: 4998
# timeUsed: 0
# remainingBudget: 2
# currentBudget: 2
# number of elites: 3
# nbConfigurations: 2
# Total CPU user time: 50359.05, CPU sys time: 124.878, Wall-clock time: 6599.469
    .ID. localsearch  rho ants .PARENT. .ALIVE. .RANK.  .WEIGHT.
696  696           3 0.47   15      655    TRUE   50.5 0.5000000
627  627           3 0.49   20      427    TRUE   51.5 0.3333333
655  655           3 0.34   24      532    TRUE   51.5 0.1666667
