nohup: ignoring input
Número total de escenarios (N): 10

Número máximo de ejecuciones simultáneas (K): 2

Número de threads por escenario: 8

Ejecutando escenarios...

Escenario 2 terminado: RunScenariosSoftRestart/SoftRestart_seed_9411, seed=9411
Escenario RunScenariosSoftRestart/SoftRestart_seed_9411 completado: seed=9411, run_id=2

Escenario 1 terminado: RunScenariosSoftRestart/SoftRestart_seed_7940, seed=7940
Escenario RunScenariosSoftRestart/SoftRestart_seed_7940 completado: seed=7940, run_id=1

Escenario 3 terminado: RunScenariosSoftRestart/SoftRestart_seed_7175, seed=7175
Escenario RunScenariosSoftRestart/SoftRestart_seed_7175 completado: seed=7175, run_id=3

Escenario 4 terminado: RunScenariosSoftRestart/SoftRestart_seed_9685, seed=9685
Escenario RunScenariosSoftRestart/SoftRestart_seed_9685 completado: seed=9685, run_id=4

Escenario 5 terminado: RunScenariosSoftRestart/SoftRestart_seed_7018, seed=7018
Escenario RunScenariosSoftRestart/SoftRestart_seed_7018 completado: seed=7018, run_id=5

Escenario 6 terminado: RunScenariosSoftRestart/SoftRestart_seed_1569, seed=1569
Escenario RunScenariosSoftRestart/SoftRestart_seed_1569 completado: seed=1569, run_id=6

Escenario 7 terminado: RunScenariosSoftRestart/SoftRestart_seed_128, seed=128
Escenario RunScenariosSoftRestart/SoftRestart_seed_128 completado: seed=128, run_id=7

Escenario 8 terminado: RunScenariosSoftRestart/SoftRestart_seed_5144, seed=5144
Escenario RunScenariosSoftRestart/SoftRestart_seed_5144 completado: seed=5144, run_id=8

Escenario 9 terminado: RunScenariosSoftRestart/SoftRestart_seed_8860, seed=8860
Escenario RunScenariosSoftRestart/SoftRestart_seed_8860 completado: seed=8860, run_id=9

Escenario 10 terminado: RunScenariosSoftRestart/SoftRestart_seed_3764, seed=3764
Escenario RunScenariosSoftRestart/SoftRestart_seed_3764 completado: seed=3764, run_id=10

Ejecución de escenarios completada.
