# 2025-02-02 16:07:28 -03: 2 expression(s) specifying forbidden configurations read.
# 2025-02-02 16:07:28 -03: Initialization
# Elitist race
# Elitist new instances: 1
# Elitist limit: 2
# nbIterations: 5
# minNbSurvival: 5
# nbParameters: 8
# seed: 7018
# confidence level: 0.95
# budget: 5000
# mu: 5
# deterministic: FALSE

# 2025-02-02 16:07:28 -03: Iteration 1 of 5
# experimentsUsedSoFar: 0
# remainingBudget: 5000
# currentBudget: 1000
# nbConfigurations: 166
# Markers:
     x No test is performed.
     c Configurations are discarded only due to capping.
     - The test is performed and some configurations are discarded.
     = The test is performed but no configuration is discarded.
     ! The test is performed and configurations could be discarded but elite configurations are preserved.
     . All alive configurations are elite and nothing is discarded.

+-+-----------+-----------+-----------+----------------+-----------+--------+-----+----+------+
| |   Instance|      Alive|       Best|       Mean best| Exp so far|  W time|  rho|KenW|  Qvar|
+-+-----------+-----------+-----------+----------------+-----------+--------+-----+----+------+
|x|          1|        166|        131|     38.93552394|        166|00:05:44|   NA|  NA|    NA|
|x|          2|        166|        131|     175.9394861|        332|00:05:31|+0.71|0.86|0.3632|
|x|          3|        166|        131|     144.2792952|        498|00:05:35|+0.65|0.77|0.4051|
|x|          4|        166|        131|     717637.4140|        664|00:05:44|+0.66|0.74|0.4112|
|-|          5|         36|         80|     592317.9600|        830|00:05:20|+0.13|0.31|0.7972|
|-|          6|         19|         80|     642639.6303|        866|00:00:33|-0.06|0.12|1.0221|
|=|          7|         19|         80|     550834.0620|        885|00:00:15|-0.04|0.11|0.9903|
|=|          8|         19|         80|     481981.5969|        904|00:00:17|+0.01|0.14|0.9422|
+-+-----------+-----------+-----------+----------------+-----------+--------+-----+----+------+
Best-so-far configuration:          80    mean value:      481981.5969
Description of the best-so-far configuration:
   .ID. particles topology modInfluence phi1 phi2 inertia branching tSchedule
80   80        95        0            0 0.54 2.45    0.23        NA        NA
   .PARENT.
80       NA

first iteration, returning
# 2025-02-02 16:36:31 -03: Elite configurations (first number is the configuration ID; listed from best to worst according to the sum of ranks):
    particles topology modInfluence phi1 phi2 inertia branching tSchedule
80         95        0            0 0.54 2.45    0.23        NA        NA
17         10        5            1 2.33 1.36    0.21        NA         4
123       165        0            0 1.49 2.28    0.56        NA        NA
14         95        4            0 2.07 2.16    0.46        NA        NA
109        11        1            1 0.48 2.25    0.08        NA        NA
# 2025-02-02 16:36:31 -03: Iteration 2 of 5
# experimentsUsedSoFar: 904
# remainingBudget: 4096
# currentBudget: 1024
# nbConfigurations: 118
# Markers:
     x No test is performed.
     c Configurations are discarded only due to capping.
     - The test is performed and some configurations are discarded.
     = The test is performed but no configuration is discarded.
     ! The test is performed and configurations could be discarded but elite configurations are preserved.
     . All alive configurations are elite and nothing is discarded.

+-+-----------+-----------+-----------+----------------+-----------+--------+-----+----+------+
| |   Instance|      Alive|       Best|       Mean best| Exp so far|  W time|  rho|KenW|  Qvar|
+-+-----------+-----------+-----------+----------------+-----------+--------+-----+----+------+
