# 2025-01-31 23:38:47 -03: 2 expression(s) specifying forbidden configurations read.
# 2025-01-31 23:38:47 -03: Initialization
# Elitist race
# Elitist new instances: 1
# Elitist limit: 2
# nbIterations: 5
# minNbSurvival: 5
# nbParameters: 8
# seed: 7940
# confidence level: 0.95
# budget: 5000
# mu: 5
# deterministic: FALSE

# 2025-01-31 23:38:47 -03: Iteration 1 of 5
# experimentsUsedSoFar: 0
# remainingBudget: 5000
# currentBudget: 1000
# nbConfigurations: 166
# Markers:
     x No test is performed.
     c Configurations are discarded only due to capping.
     - The test is performed and some configurations are discarded.
     = The test is performed but no configuration is discarded.
     ! The test is performed and configurations could be discarded but elite configurations are preserved.
     . All alive configurations are elite and nothing is discarded.

+-+-----------+-----------+-----------+----------------+-----------+--------+-----+----+------+
| |   Instance|      Alive|       Best|       Mean best| Exp so far|  W time|  rho|KenW|  Qvar|
+-+-----------+-----------+-----------+----------------+-----------+--------+-----+----+------+
|x|          1|        166|         30|     60.77076598|        166|00:06:06|   NA|  NA|    NA|
|x|          2|        166|         69|     60.62500003|        332|00:05:58|+0.74|0.87|0.2387|
|x|          3|        166|         69|     101.8119384|        498|00:05:56|+0.72|0.82|0.4252|
|x|          4|        166|        128|     86.48351302|        664|00:06:16|+0.40|0.55|0.6700|
|-|          5|         41|        148|     173.0357916|        830|00:05:44|-0.00|0.20|0.8902|
|=|          6|         41|        148|     144.6392459|        871|00:00:38|+0.05|0.21|0.8561|
|-|          7|         16|        148|     127.9295823|        912|00:03:57|+0.02|0.16|0.9424|
|=|          8|         16|        128|     415.9162928|        928|00:00:15|+0.06|0.18|0.9250|
|=|          9|         16|         69|     82.12832597|        944|00:00:13|+0.05|0.15|0.9251|
+-+-----------+-----------+-----------+----------------+-----------+--------+-----+----+------+
Best-so-far configuration:          69    mean value:      82.12832597
Description of the best-so-far configuration:
   .ID. particles topology modInfluence phi1 phi2 inertia branching tSchedule
69   69        81        4            0 0.65 2.18    0.59        NA        NA
   .PARENT.
69       NA

first iteration, returning
# 2025-02-01 00:13:54 -03: Elite configurations (first number is the configuration ID; listed from best to worst according to the sum of ranks):
    particles topology modInfluence phi1 phi2 inertia branching tSchedule
69         81        4            0 0.65 2.18    0.59        NA        NA
109       195        4            2 0.28 2.44    0.66        NA        NA
147       184        4            2 0.17 1.70    0.68        NA        NA
128       128        1            0 0.21 1.82    0.48        NA        NA
148       159        4            1 1.66 2.09    0.87        NA        NA
# 2025-02-01 00:13:54 -03: Iteration 2 of 5
# experimentsUsedSoFar: 944
# remainingBudget: 4056
# currentBudget: 1014
# nbConfigurations: 105
# Markers:
     x No test is performed.
     c Configurations are discarded only due to capping.
     - The test is performed and some configurations are discarded.
     = The test is performed but no configuration is discarded.
     ! The test is performed and configurations could be discarded but elite configurations are preserved.
     . All alive configurations are elite and nothing is discarded.

+-+-----------+-----------+-----------+----------------+-----------+--------+-----+----+------+
| |   Instance|      Alive|       Best|       Mean best| Exp so far|  W time|  rho|KenW|  Qvar|
+-+-----------+-----------+-----------+----------------+-----------+--------+-----+----+------+
|x|         10|        105|        186|    0.3205850662|        105|00:03:54|   NA|  NA|    NA|
|x|          8|        105|         69|     20.42814403|        205|00:03:50|+0.14|0.57|0.8029|
|x|          3|        105|         69|     75.01403440|        305|00:03:39|+0.37|0.58|0.7789|
|x|          1|        105|         69|     86.55475385|        405|00:03:45|+0.50|0.62|0.6233|
|-|          2|         32|         69|     69.25842066|        505|00:03:39|-0.04|0.17|0.9261|
|=|          5|         32|         69|     114.2764692|        532|00:00:24|+0.05|0.21|0.9352|
|=|          7|         32|        208|     100.7570196|        559|00:02:38|+0.05|0.18|0.9337|
|-|          6|         22|        208|     88.51732400|        586|00:00:28|-0.04|0.09|0.9695|
|=|          4|         22|        208|     81.00879060|        603|00:00:19|-0.04|0.08|0.9728|
|=|          9|         22|        208|     75.44733109|        620|00:00:17|-0.01|0.09|0.9590|
|=|         11|         22|        186|     91.75313029|        642|00:00:23|+0.02|0.11|0.9491|
+-+-----------+-----------+-----------+----------------+-----------+--------+-----+----+------+
Best-so-far configuration:         186    mean value:      91.75313029
Description of the best-so-far configuration:
    .ID. particles topology modInfluence phi1 phi2 inertia branching tSchedule
186  186       187        5            0 1.36 2.04    0.65        NA         5
    .PARENT.
186      148

# 2025-02-01 00:37:17 -03: Elite configurations (first number is the configuration ID; listed from best to worst according to the sum of ranks):
    particles topology modInfluence phi1 phi2 inertia branching tSchedule
186       187        5            0 1.36 2.04    0.65        NA         5
219       139        4            1 1.88 2.31    0.74        NA        NA
208       130        5            0 0.93 1.38    0.82        NA         6
177       194        4            2 1.41 2.24    0.74        NA        NA
69         81        4            0 0.65 2.18    0.59        NA        NA
# 2025-02-01 00:37:17 -03: Iteration 3 of 5
# experimentsUsedSoFar: 1586
# remainingBudget: 3414
# currentBudget: 1138
# nbConfigurations: 99
# Markers:
     x No test is performed.
     c Configurations are discarded only due to capping.
     - The test is performed and some configurations are discarded.
     = The test is performed but no configuration is discarded.
     ! The test is performed and configurations could be discarded but elite configurations are preserved.
     . All alive configurations are elite and nothing is discarded.

+-+-----------+-----------+-----------+----------------+-----------+--------+-----+----+------+
| |   Instance|      Alive|       Best|       Mean best| Exp so far|  W time|  rho|KenW|  Qvar|
+-+-----------+-----------+-----------+----------------+-----------+--------+-----+----+------+
|x|         12|         99|        336|     15789.52074|         99|00:04:00|   NA|  NA|    NA|
|x|          6|         99|        336|     7895.687092|        193|00:03:39|+0.44|0.72|0.5132|
|x|          9|         99|        326|     5531.301581|        287|00:03:39|+0.14|0.43|0.7603|
|x|          3|         99|        352|     4165.357008|        381|00:03:36|+0.27|0.45|0.6766|
|-|         10|         42|        186|     3390.350289|        475|00:03:44|-0.07|0.14|0.9782|
|=|         11|         42|        270|     2839.987394|        512|00:00:36|-0.03|0.14|1.0045|
|=|          1|         42|        270|     2450.687892|        549|00:00:34|-0.02|0.12|0.9693|
|=|          2|         42|        270|     2144.359196|        586|00:00:32|+0.01|0.14|0.9408|
|=|          7|         42|        270|     1908.673372|        623|00:03:34|+0.02|0.13|0.9349|
|=|          4|         42|        270|     1719.891569|        660|00:00:37|+0.02|0.12|0.9390|
|=|          5|         42|        270|     3113.284521|        697|00:00:31|+0.03|0.12|0.9323|
|-|          8|         30|        270|     2855.593700|        734|00:00:36|-0.04|0.04|1.0130|
|=|         13|         30|        270|     2650.191673|        764|00:00:30|-0.04|0.04|0.9916|
|=|         14|         30|        270|     9112.309466|        794|00:01:10|-0.02|0.05|0.9786|
+-+-----------+-----------+-----------+----------------+-----------+--------+-----+----+------+
Best-so-far configuration:         270    mean value:      9112.309466
Description of the best-so-far configuration:
    .ID. particles topology modInfluence phi1 phi2 inertia branching tSchedule
270  270       180        5            0  1.1 2.17    0.64        NA         5
    .PARENT.
270      186

# 2025-02-01 01:04:40 -03: Elite configurations (first number is the configuration ID; listed from best to worst according to the sum of ranks):
    particles topology modInfluence phi1 phi2 inertia branching tSchedule
270       180        5            0 1.10 2.17    0.64        NA         5
186       187        5            0 1.36 2.04    0.65        NA         5
343       180        4            0 1.18 2.29    0.56        NA        NA
69         81        4            0 0.65 2.18    0.59        NA        NA
208       130        5            0 0.93 1.38    0.82        NA         6
# 2025-02-01 01:04:40 -03: Iteration 4 of 5
# experimentsUsedSoFar: 2380
# remainingBudget: 2620
# currentBudget: 1310
# nbConfigurations: 92
# Markers:
     x No test is performed.
     c Configurations are discarded only due to capping.
     - The test is performed and some configurations are discarded.
     = The test is performed but no configuration is discarded.
     ! The test is performed and configurations could be discarded but elite configurations are preserved.
     . All alive configurations are elite and nothing is discarded.

+-+-----------+-----------+-----------+----------------+-----------+--------+-----+----+------+
| |   Instance|      Alive|       Best|       Mean best| Exp so far|  W time|  rho|KenW|  Qvar|
+-+-----------+-----------+-----------+----------------+-----------+--------+-----+----+------+
|x|         15|         92|        410|    0.2170966691|         92|00:02:07|   NA|  NA|    NA|
|x|         11|         92|        378|    0.5795049845|        179|00:02:09|-0.03|0.49|0.0112|
|x|          6|         92|        439|    0.7987076273|        266|00:02:08|+0.09|0.40|0.4773|
|x|          1|         92|        436|     26.43422713|        353|00:02:05|+0.12|0.34|0.4989|
|-|         12|         66|        343|     3270.792720|        440|00:02:18|-0.09|0.13|1.0115|
|=|          3|         66|        403|     2781.680769|        501|00:00:55|-0.04|0.13|0.9237|
|=|         13|         66|        403|     2409.975634|        562|00:01:01|+0.01|0.15|0.8504|
|=|          2|         66|        436|     2182.687477|        623|00:00:56|-0.01|0.12|0.8175|
|=|          8|         66|        436|     1942.492683|        684|00:01:01|+0.00|0.11|0.8263|
|=|         14|         66|        436|     13006.81134|        745|00:02:24|-0.00|0.10|0.8124|
|=|          9|         66|        403|     15753.43432|        806|00:01:00|+0.00|0.09|0.8457|
|=|          5|         66|        403|     14483.89420|        867|00:00:53|+0.01|0.09|0.8633|
|=|          7|         66|        436|     10055.07053|        928|00:05:54|+0.01|0.09|0.8686|
|=|          4|         66|        436|     9338.347340|        989|00:01:02|+0.01|0.08|0.8895|
|=|         10|         66|        436|     8722.567513|       1050|00:01:02|+0.01|0.08|0.8679|
|=|         16|         66|        436|     8177.423320|       1116|00:00:59|+0.02|0.08|0.8679|
+-+-----------+-----------+-----------+----------------+-----------+--------+-----+----+------+
Best-so-far configuration:         436    mean value:      8177.423320
Description of the best-so-far configuration:
    .ID. particles topology modInfluence phi1 phi2 inertia branching tSchedule
436  436        85        4            0 0.45 2.45    0.54        NA        NA
    .PARENT.
436       69

# 2025-02-01 01:32:43 -03: Elite configurations (first number is the configuration ID; listed from best to worst according to the sum of ranks):
    particles topology modInfluence phi1 phi2 inertia branching tSchedule
436        85        4            0 0.45 2.45    0.54        NA        NA
403       112        4            0 0.89 2.09    0.48        NA        NA
444       192        4            0 1.33 2.23    0.60        NA        NA
392        80        4            0 0.67 2.27    0.68        NA        NA
270       180        5            0 1.10 2.17    0.64        NA         5
# 2025-02-01 01:32:43 -03: Iteration 5 of 5
# experimentsUsedSoFar: 3496
# remainingBudget: 1504
# currentBudget: 1504
# nbConfigurations: 93
# Markers:
     x No test is performed.
     c Configurations are discarded only due to capping.
     - The test is performed and some configurations are discarded.
     = The test is performed but no configuration is discarded.
     ! The test is performed and configurations could be discarded but elite configurations are preserved.
     . All alive configurations are elite and nothing is discarded.

+-+-----------+-----------+-----------+----------------+-----------+--------+-----+----+------+
| |   Instance|      Alive|       Best|       Mean best| Exp so far|  W time|  rho|KenW|  Qvar|
+-+-----------+-----------+-----------+----------------+-----------+--------+-----+----+------+
|x|         17|         93|        514|     126.1381084|         93|00:01:05|   NA|  NA|    NA|
|x|         16|         93|        517|     102.4662064|        181|00:01:11|-0.10|0.45|0.9446|
|x|          4|         93|        461|     96.33115693|        269|00:01:19|+0.10|0.40|0.8923|
|x|          1|         93|        517|     73.14496445|        357|00:01:16|+0.13|0.35|0.7747|
|-|         15|         32|        461|     77.34455977|        445|00:01:08|-0.06|0.15|0.9752|
|=|          8|         32|        461|     67.93336685|        472|00:00:25|-0.04|0.14|0.9763|
|=|          7|         32|        461|     61.89102877|        499|00:02:33|-0.03|0.12|0.9929|
|=|          2|         32|        517|     42.33956644|        526|00:00:21|-0.02|0.11|1.0051|
|=|         11|         32|        517|     37.74094385|        553|00:00:24|+0.00|0.11|0.9916|
|=|         12|         32|        517|     1704.067735|        580|00:00:27|-0.01|0.09|0.9852|
|=|          3|         32|        517|     1565.918272|        607|00:00:22|-0.01|0.09|0.9797|
|=|          6|         32|        517|     1435.568830|        634|00:00:20|+0.01|0.09|0.9786|
|=|          9|         32|        517|     1326.693917|        661|00:00:23|+0.01|0.09|0.9755|
|=|         14|         32|        517|     9399.167402|        688|00:01:00|+0.03|0.10|0.9586|
|=|         13|         32|        517|     8785.209747|        715|00:00:22|+0.03|0.09|0.9549|
|-|          5|         14|        517|     8266.593147|        742|00:00:19|-0.02|0.04|0.9402|
|=|         10|         14|        517|     7780.525649|        751|00:00:08|-0.02|0.04|0.9435|
|=|         18|         14|        517|     7359.675869|        765|00:00:11|-0.02|0.03|0.9443|
+-+-----------+-----------+-----------+----------------+-----------+--------+-----+----+------+
Best-so-far configuration:         517    mean value:      7359.675869
Description of the best-so-far configuration:
    .ID. particles topology modInfluence phi1 phi2 inertia branching tSchedule
517  517        82        4            0 0.56 2.39    0.55        NA        NA
    .PARENT.
517      436

# 2025-02-01 01:46:04 -03: Elite configurations (first number is the configuration ID; listed from best to worst according to the sum of ranks):
    particles topology modInfluence phi1 phi2 inertia branching tSchedule
517        82        4            0 0.56 2.39    0.55        NA        NA
533        95        4            0 0.62 2.44    0.53        NA        NA
524        79        4            0 0.30 2.49    0.57        NA        NA
270       180        5            0 1.10 2.17    0.64        NA         5
521       100        4            0 0.41 2.38    0.51        NA        NA
# 2025-02-01 01:46:04 -03: Iteration 6 of 6
# experimentsUsedSoFar: 4261
# remainingBudget: 739
# currentBudget: 739
# nbConfigurations: 43
# Markers:
     x No test is performed.
     c Configurations are discarded only due to capping.
     - The test is performed and some configurations are discarded.
     = The test is performed but no configuration is discarded.
     ! The test is performed and configurations could be discarded but elite configurations are preserved.
     . All alive configurations are elite and nothing is discarded.

+-+-----------+-----------+-----------+----------------+-----------+--------+-----+----+------+
| |   Instance|      Alive|       Best|       Mean best| Exp so far|  W time|  rho|KenW|  Qvar|
+-+-----------+-----------+-----------+----------------+-----------+--------+-----+----+------+
|x|         19|         43|        540|     35.26255743|         43|00:04:32|   NA|  NA|    NA|
|x|         11|         43|        543|     18.85362505|         81|00:00:33|+0.03|0.51|0.9541|
|x|         12|         43|        543|     5532.933349|        119|00:00:36|-0.01|0.33|0.9508|
|x|          6|         43|        565|     4157.381526|        157|00:00:31|+0.02|0.27|0.9670|
|=|         17|         43|        565|     3398.365736|        195|00:00:28|-0.01|0.19|0.9993|
|=|          8|         43|        565|     2835.455722|        233|00:00:34|-0.01|0.16|0.9848|
|=|         15|         43|        543|     2413.533448|        271|00:00:29|+0.02|0.16|0.9426|
|=|          3|         43|        565|     2149.618658|        309|00:00:30|+0.04|0.16|0.9127|
|=|          4|         43|        517|     1908.114178|        347|00:00:34|+0.05|0.15|0.9160|
|-|         16|         21|        517|     1717.332812|        385|00:00:31|-0.04|0.06|0.9761|
|=|          5|         21|        517|     1605.515661|        401|00:00:11|-0.04|0.06|0.9551|
|=|          2|         21|        517|     1471.728750|        417|00:00:12|-0.03|0.05|0.9536|
|=|         14|         21|        517|     10154.00521|        433|00:00:35|-0.02|0.06|0.9428|
|=|         13|         21|        517|     9442.276449|        449|00:00:13|-0.01|0.06|0.9438|
|=|          9|         21|        565|     7370.839948|        465|00:00:13|-0.01|0.06|0.9435|
|=|          7|         21|        517|     8264.806780|        481|00:01:31|-0.01|0.05|0.9503|
|=|         18|         21|        517|     7790.714005|        497|00:00:12|-0.02|0.04|0.9518|
|=|          1|         21|        517|     7361.606201|        513|00:00:13|-0.00|0.06|0.9365|
|=|         10|         21|        517|     6974.334594|        529|00:00:14|-0.00|0.05|0.9426|
|=|         20|         21|        517|     7444.776467|        550|00:00:18|-0.01|0.04|0.9432|
+-+-----------+-----------+-----------+----------------+-----------+--------+-----+----+------+
Best-so-far configuration:         517    mean value:      7444.776467
Description of the best-so-far configuration:
    .ID. particles topology modInfluence phi1 phi2 inertia branching tSchedule
517  517        82        4            0 0.56 2.39    0.55        NA        NA
    .PARENT.
517      436

# 2025-02-01 01:59:21 -03: Elite configurations (first number is the configuration ID; listed from best to worst according to the sum of ranks):
    particles topology modInfluence phi1 phi2 inertia branching tSchedule
517        82        4            0 0.56 2.39    0.55        NA        NA
558        77        4            0 0.72 2.39    0.54        NA        NA
533        95        4            0 0.62 2.44    0.53        NA        NA
543        91        4            0 0.84 2.35    0.49        NA        NA
548        96        4            0 0.53 2.48    0.49        NA        NA
# 2025-02-01 01:59:21 -03: Iteration 7 of 7
# experimentsUsedSoFar: 4811
# remainingBudget: 189
# currentBudget: 189
# nbConfigurations: 13
# Markers:
     x No test is performed.
     c Configurations are discarded only due to capping.
     - The test is performed and some configurations are discarded.
     = The test is performed but no configuration is discarded.
     ! The test is performed and configurations could be discarded but elite configurations are preserved.
     . All alive configurations are elite and nothing is discarded.

+-+-----------+-----------+-----------+----------------+-----------+--------+-----+----+------+
| |   Instance|      Alive|       Best|       Mean best| Exp so far|  W time|  rho|KenW|  Qvar|
+-+-----------+-----------+-----------+----------------+-----------+--------+-----+----+------+
|x|         21|         13|        543|     16.49848180|         13|00:00:09|   NA|  NA|    NA|
|x|         14|         13|        543|     44852.16550|         21|00:00:17|+0.25|0.62|0.6848|
|x|          2|         13|        543|     29901.48212|         29|00:00:06|+0.00|0.34|0.6987|
|x|          9|         13|        579|     25347.71670|         37|00:00:07|-0.04|0.22|0.8653|
|=|         15|         13|        543|     17945.06131|         45|00:00:06|+0.03|0.22|0.8637|
|=|         18|         13|        543|     14979.90163|         53|00:00:06|-0.03|0.15|0.8889|
|=|         12|         13|        543|     15205.78608|         61|00:00:08|+0.03|0.16|0.8634|
|=|          7|         13|        543|     13308.21410|         69|00:00:45|-0.00|0.12|0.8762|
|=|         10|         13|        543|     11831.03957|         77|00:00:07|-0.01|0.11|0.8859|
|=|         13|         13|        543|     10666.83365|         85|00:00:06|+0.01|0.11|0.8835|
|=|          8|         13|        543|     9699.027103|         93|00:00:07|+0.02|0.11|0.8974|
|=|         20|         13|        575|     11256.84990|        101|00:00:07|+0.03|0.11|0.8842|
|=|         16|         13|        543|     9499.195800|        109|00:00:06|+0.02|0.10|0.8973|
|=|          1|         13|        579|     9642.266953|        117|00:00:06|+0.03|0.10|0.8827|
|=|          6|         13|        579|     8999.574069|        125|00:00:06|+0.03|0.09|0.8870|
|=|          4|         13|        558|     7409.597438|        133|00:00:07|+0.02|0.09|0.8892|
|=|          3|         13|        579|     7951.719791|        141|00:00:05|+0.03|0.09|0.8896|
|=|          5|         13|        579|     7533.668619|        149|00:00:06|+0.04|0.10|0.8697|
|-|         19|         11|        579|     7139.252641|        157|00:00:50|-0.04|0.01|0.9478|
|=|         17|         11|        517|     7446.202868|        163|00:00:05|-0.04|0.01|0.9452|
|=|         11|         11|        517|     7091.667111|        169|00:00:05|-0.04|0.01|0.9419|
|=|         22|         11|        517|     6769.899185|        180|00:00:10|-0.04|0.01|0.9404|
+-+-----------+-----------+-----------+----------------+-----------+--------+-----+----+------+
Best-so-far configuration:         517    mean value:      6769.899185
Description of the best-so-far configuration:
    .ID. particles topology modInfluence phi1 phi2 inertia branching tSchedule
517  517        82        4            0 0.56 2.39    0.55        NA        NA
    .PARENT.
517      436

# 2025-02-01 02:03:27 -03: Elite configurations (first number is the configuration ID; listed from best to worst according to the sum of ranks):
    particles topology modInfluence phi1 phi2 inertia branching tSchedule
517        82        4            0 0.56 2.39    0.55        NA        NA
543        91        4            0 0.84 2.35    0.49        NA        NA
548        96        4            0 0.53 2.48    0.49        NA        NA
575        73        4            0 0.73 2.44    0.56        NA        NA
579        79        4            0 0.59 2.35    0.55        NA        NA
# 2025-02-01 02:03:27 -03: Stopped because there is not enough budget left to race more than the minimum (5).
# You may either increase the budget or set 'minNbSurvival' to a lower value.
# Iteration: 8
# nbIterations: 8
# experimentsUsedSoFar: 4991
# timeUsed: 0
# remainingBudget: 9
# currentBudget: 9
# number of elites: 5
# nbConfigurations: 5
# Total CPU user time: 8622.124, CPU sys time: 84.349, Wall-clock time: 8680.265
    .ID. particles topology modInfluence phi1 phi2 inertia branching tSchedule
517  517        82        4            0 0.56 2.39    0.55        NA        NA
543  543        91        4            0 0.84 2.35    0.49        NA        NA
548  548        96        4            0 0.53 2.48    0.49        NA        NA
575  575        73        4            0 0.73 2.44    0.56        NA        NA
579  579        79        4            0 0.59 2.35    0.55        NA        NA
    .PARENT. .ALIVE. .RANK.   .WEIGHT.
517      436    TRUE    120 0.33333333
543      533    TRUE    125 0.26666667
548      533    TRUE    129 0.20000000
575      558    TRUE    129 0.13333333
579      517    TRUE    130 0.06666667
