# 2025-01-21 08:25:49 -03: 1 expression(s) specifying forbidden configurations read.
# 2025-01-21 08:25:49 -03: Initialization
# Elitist race
# Elitist new instances: 1
# Elitist limit: 2
# nbIterations: 5
# minNbSurvival: 5
# nbParameters: 11
# seed: 128
# confidence level: 0.95
# budget: 5000
# mu: 5
# deterministic: FALSE

# 2025-01-21 08:25:49 -03: Iteration 1 of 5
# experimentsUsedSoFar: 0
# remainingBudget: 5000
# currentBudget: 1000
# nbConfigurations: 166
# Markers:
     x No test is performed.
     c Configurations are discarded only due to capping.
     - The test is performed and some configurations are discarded.
     = The test is performed but no configuration is discarded.
     ! The test is performed and configurations could be discarded but elite configurations are preserved.
     . All alive configurations are elite and nothing is discarded.

+-+-----------+-----------+-----------+----------------+-----------+--------+-----+----+------+
| |   Instance|      Alive|       Best|       Mean best| Exp so far|  W time|  rho|KenW|  Qvar|
+-+-----------+-----------+-----------+----------------+-----------+--------+-----+----+------+
|x|          1|        166|         77|     32811364.00|        166|00:03:38|   NA|  NA|    NA|
|x|          2|        166|         89|     32666722.00|        332|00:03:38|+0.98|0.99|0.0024|
|x|          3|        166|         89|     32704327.67|        498|00:03:38|+0.98|0.99|0.0018|
|x|          4|        166|         89|     32578223.00|        664|00:03:38|+0.98|0.98|0.0020|
|-|          5|         12|        140|     32577692.80|        830|00:03:39|+0.40|0.52|0.5762|
|-|          6|          5|        140|     32607149.00|        842|00:00:20|+0.17|0.31|0.6224|
+-+-----------+-----------+-----------+----------------+-----------+--------+-----+----+------+
Best-so-far configuration:         140    mean value:      32607149.00
Description of the best-so-far configuration:
    .ID. algorithm localsearch alpha beta rho ants   q0 rasrank elitistants
140  140       acs           3  3.39 9.72 0.8   56 0.06      NA          NA
    nnls dlb .PARENT.
140   35   1       NA

first iteration, returning
# 2025-01-21 08:44:24 -03: Elite configurations (first number is the configuration ID; listed from best to worst according to the sum of ranks):
    algorithm localsearch alpha beta  rho ants   q0 rasrank elitistants nnls
140       acs           3  3.39 9.72 0.80   56 0.06      NA          NA   35
89        acs           3  4.51 7.27 0.62   21 0.84      NA          NA   10
136       acs           3  4.00 4.22 0.73   54 0.64      NA          NA   27
23        acs           2  4.28 7.78 0.55   68 0.66      NA          NA   40
165       acs           3  4.03 7.67 0.29   19 0.12      NA          NA   36
    dlb
140   1
89    0
136   1
23    0
165   1
# 2025-01-21 08:44:24 -03: Iteration 2 of 5
# experimentsUsedSoFar: 842
# remainingBudget: 4158
# currentBudget: 1039
# nbConfigurations: 152
# Markers:
     x No test is performed.
     c Configurations are discarded only due to capping.
     - The test is performed and some configurations are discarded.
     = The test is performed but no configuration is discarded.
     ! The test is performed and configurations could be discarded but elite configurations are preserved.
     . All alive configurations are elite and nothing is discarded.

+-+-----------+-----------+-----------+----------------+-----------+--------+-----+----+------+
| |   Instance|      Alive|       Best|       Mean best| Exp so far|  W time|  rho|KenW|  Qvar|
+-+-----------+-----------+-----------+----------------+-----------+--------+-----+----+------+
|x|          7|        152|        165|     32880169.00|        152|00:03:18|   NA|  NA|    NA|
|x|          5|        152|        209|     32719255.50|        299|00:03:18|+0.97|0.99|0.0080|
|x|          6|        152|        209|     32720429.33|        446|00:03:18|+0.96|0.98|0.0082|
|x|          1|        152|        209|     32741386.50|        593|00:03:18|+0.96|0.97|0.0078|
|-|          2|         14|        209|     32683372.00|        740|00:03:18|+0.08|0.26|0.8760|
|-|          3|          8|        209|     32681787.67|        749|00:00:20|+0.40|0.50|0.5733|
|-|          4|          4|        209|     32619535.14|        752|00:00:10|+0.12|0.25|0.6700|
+-+-----------+-----------+-----------+----------------+-----------+--------+-----+----+------+
Best-so-far configuration:         209    mean value:      32619535.14
Description of the best-so-far configuration:
    .ID. algorithm localsearch alpha beta  rho ants   q0 rasrank elitistants
209  209       acs           3  2.87 9.62 0.64   10 0.74      NA          NA
    nnls dlb .PARENT.
209   16   1       89

# 2025-01-21 09:01:28 -03: Elite configurations (first number is the configuration ID; listed from best to worst according to the sum of ranks):
    algorithm localsearch alpha beta  rho ants   q0 rasrank elitistants nnls
209       acs           3  2.87 9.62 0.64   10 0.74      NA          NA   16
177       acs           3  2.00 7.29 0.28   28 0.75      NA          NA   14
267       acs           3  3.83 0.71 0.94   31 0.32      NA          NA   22
140       acs           3  3.39 9.72 0.80   56 0.06      NA          NA   35
    dlb
209   1
177   1
267   1
140   1
# 2025-01-21 09:01:28 -03: Iteration 3 of 5
# experimentsUsedSoFar: 1594
# remainingBudget: 3406
# currentBudget: 1135
# nbConfigurations: 145
# Markers:
     x No test is performed.
     c Configurations are discarded only due to capping.
     - The test is performed and some configurations are discarded.
     = The test is performed but no configuration is discarded.
     ! The test is performed and configurations could be discarded but elite configurations are preserved.
     . All alive configurations are elite and nothing is discarded.

+-+-----------+-----------+-----------+----------------+-----------+--------+-----+----+------+
| |   Instance|      Alive|       Best|       Mean best| Exp so far|  W time|  rho|KenW|  Qvar|
+-+-----------+-----------+-----------+----------------+-----------+--------+-----+----+------+
|x|          8|        145|        140|     32560456.00|        145|00:03:17|   NA|  NA|    NA|
|x|          5|        145|        383|     32550536.00|        286|00:03:07|+0.93|0.97|0.0074|
|x|          6|        145|        447|     32605643.67|        427|00:03:07|+0.93|0.95|0.0066|
|x|          7|        145|        447|     32674837.00|        568|00:03:07|+0.93|0.95|0.0055|
|-|          2|         14|        447|     32636856.00|        709|00:03:07|-0.08|0.13|1.0256|
|=|          1|         14|        447|     32653906.83|        719|00:00:20|-0.02|0.15|0.9586|
|=|          3|         14|        447|     32659493.14|        729|00:00:20|+0.04|0.18|0.9119|
|=|          4|         14|        447|     32604888.00|        739|00:00:20|-0.02|0.11|0.9562|
|=|          9|         14|        447|     32603163.78|        753|00:00:21|-0.04|0.07|0.9640|
+-+-----------+-----------+-----------+----------------+-----------+--------+-----+----+------+
Best-so-far configuration:         447    mean value:      32603163.78
Description of the best-so-far configuration:
    .ID. algorithm localsearch alpha beta  rho ants  q0 rasrank elitistants
447  447       acs           3  2.64 9.72 0.83   50 0.5      NA          NA
    nnls dlb .PARENT.
447   17   1      140

# 2025-01-21 09:18:41 -03: Elite configurations (first number is the configuration ID; listed from best to worst according to the sum of ranks):
    algorithm localsearch alpha beta  rho ants   q0 rasrank elitistants nnls
447       acs           3  2.64 9.72 0.83   50 0.50      NA          NA   17
406       acs           3  2.50 0.09 0.74   49 0.12      NA          NA   15
418       acs           3  1.31 9.14 0.89   20 0.71      NA          NA   14
453       acs           3  2.05 6.06 0.10   22 0.94      NA          NA   24
393       acs           3  2.73 9.92 0.94   46 0.64      NA          NA   24
    dlb
447   1
406   1
418   1
453   1
393   1
# 2025-01-21 09:18:41 -03: Iteration 4 of 5
# experimentsUsedSoFar: 2347
# remainingBudget: 2653
# currentBudget: 1326
# nbConfigurations: 137
# Markers:
     x No test is performed.
     c Configurations are discarded only due to capping.
     - The test is performed and some configurations are discarded.
     = The test is performed but no configuration is discarded.
     ! The test is performed and configurations could be discarded but elite configurations are preserved.
     . All alive configurations are elite and nothing is discarded.

+-+-----------+-----------+-----------+----------------+-----------+--------+-----+----+------+
| |   Instance|      Alive|       Best|       Mean best| Exp so far|  W time|  rho|KenW|  Qvar|
+-+-----------+-----------+-----------+----------------+-----------+--------+-----+----+------+
|x|         10|        137|        447|     32368134.00|        137|00:03:07|   NA|  NA|    NA|
|x|          3|        137|        483|     32521909.00|        269|00:02:57|+0.87|0.93|0.0005|
|x|          6|        137|        539|     32565769.00|        401|00:02:57|+0.88|0.92|0.0007|
|x|          2|        137|        539|     32535575.50|        533|00:02:57|+0.88|0.91|0.0010|
|-|          4|         16|        539|     32456532.80|        665|00:02:57|+0.06|0.25|0.8441|
|=|          9|         16|        539|     32463655.50|        676|00:00:20|+0.13|0.27|0.8094|
|=|          8|         16|        555|     32488267.14|        687|00:00:21|+0.09|0.22|0.8595|
|=|          7|         16|        555|     32539523.12|        698|00:00:20|+0.09|0.20|0.8485|
|-|          5|         10|        539|     32529487.67|        709|00:00:20|+0.21|0.30|0.7383|
|-|          1|          6|        539|     32554579.40|        714|00:00:10|+0.01|0.11|0.8145|
|=|         11|          6|        539|     32560986.82|        720|00:00:10|+0.00|0.09|0.8173|
|=|         12|          6|        539|     32579112.92|        726|00:00:10|-0.02|0.06|0.8366|
+-+-----------+-----------+-----------+----------------+-----------+--------+-----+----+------+
Best-so-far configuration:         539    mean value:      32579112.92
Description of the best-so-far configuration:
    .ID. algorithm localsearch alpha beta  rho ants   q0 rasrank elitistants
539  539       acs           3  3.02 1.83 0.72   60 0.17      NA          NA
    nnls dlb .PARENT.
539   12   1      406

# 2025-01-21 09:35:34 -03: Elite configurations (first number is the configuration ID; listed from best to worst according to the sum of ranks):
    algorithm localsearch alpha beta  rho ants   q0 rasrank elitistants nnls
539       acs           3  3.02 1.83 0.72   60 0.17      NA          NA   12
555       acs           3  2.77 8.86 0.62   46 0.47      NA          NA   16
469       acs           3  2.49 1.63 0.70   57 0.29      NA          NA   13
560       acs           3  2.76 8.35 0.85   57 0.51      NA          NA   19
521       acs           3  2.51 9.50 0.91   40 0.50      NA          NA   17
    dlb
539   1
555   1
469   1
560   1
521   1
# 2025-01-21 09:35:34 -03: Iteration 5 of 5
# experimentsUsedSoFar: 3073
# remainingBudget: 1927
# currentBudget: 1927
# nbConfigurations: 152
# Markers:
     x No test is performed.
     c Configurations are discarded only due to capping.
     - The test is performed and some configurations are discarded.
     = The test is performed but no configuration is discarded.
     ! The test is performed and configurations could be discarded but elite configurations are preserved.
     . All alive configurations are elite and nothing is discarded.

+-+-----------+-----------+-----------+----------------+-----------+--------+-----+----+------+
| |   Instance|      Alive|       Best|       Mean best| Exp so far|  W time|  rho|KenW|  Qvar|
+-+-----------+-----------+-----------+----------------+-----------+--------+-----+----+------+
|x|         13|        152|        603|     32672916.00|        152|00:03:18|   NA|  NA|    NA|
|x|          9|        152|        592|     32580094.50|        299|00:03:18|+0.59|0.79|0.0066|
|x|          2|        152|        592|     32533439.67|        446|00:03:17|+0.58|0.72|0.0064|
|x|          6|        152|        672|     32582248.50|        593|00:03:17|+0.55|0.66|0.0062|
|-|          4|         48|        648|     32488892.20|        740|00:03:18|-0.08|0.14|1.0484|
|=|         10|         48|        648|     32476117.67|        783|00:01:02|-0.05|0.13|1.0172|
|=|         12|         48|        596|     32505209.86|        826|00:01:02|-0.03|0.11|1.0041|
|=|         11|         48|        648|     32524707.50|        869|00:01:02|-0.03|0.10|0.9950|
|=|          7|         48|        648|     32566173.33|        912|00:01:02|-0.02|0.10|0.9881|
|=|          1|         48|        648|     32585665.40|        955|00:01:02|-0.01|0.09|0.9821|
|=|          5|         48|        675|     32577055.64|        998|00:01:02|-0.00|0.09|0.9824|
|=|          3|         48|        596|     32586061.33|       1041|00:01:02|+0.01|0.09|0.9733|
|=|          8|         48|        596|     32582135.08|       1084|00:01:02|+0.02|0.10|0.9634|
|=|         14|         48|        596|     32569930.07|       1132|00:01:02|+0.02|0.09|0.9611|
+-+-----------+-----------+-----------+----------------+-----------+--------+-----+----+------+
Best-so-far configuration:         596    mean value:      32569930.07
Description of the best-so-far configuration:
    .ID. algorithm localsearch alpha beta  rho ants   q0 rasrank elitistants
596  596       acs           3  3.07 0.73 0.68   59 0.22      NA          NA
    nnls dlb .PARENT.
596   12   1      469

# 2025-01-21 10:01:28 -03: Elite configurations (first number is the configuration ID; listed from best to worst according to the sum of ranks):
    algorithm localsearch alpha beta  rho ants   q0 rasrank elitistants nnls
596       acs           3  3.07 0.73 0.68   59 0.22      NA          NA   12
648       acs           3  2.93 9.71 0.52   54 0.40      NA          NA   14
624       acs           3  1.75 2.72 0.75   48 0.25      NA          NA   15
539       acs           3  3.02 1.83 0.72   60 0.17      NA          NA   12
690       acs           3  3.13 9.25 0.95   63 0.57      NA          NA   17
    dlb
596   1
648   1
624   1
539   1
690   1
# 2025-01-21 10:01:28 -03: Iteration 6 of 6
# experimentsUsedSoFar: 4205
# remainingBudget: 795
# currentBudget: 795
# nbConfigurations: 57
# Markers:
     x No test is performed.
     c Configurations are discarded only due to capping.
     - The test is performed and some configurations are discarded.
     = The test is performed but no configuration is discarded.
     ! The test is performed and configurations could be discarded but elite configurations are preserved.
     . All alive configurations are elite and nothing is discarded.

+-+-----------+-----------+-----------+----------------+-----------+--------+-----+----+------+
| |   Instance|      Alive|       Best|       Mean best| Exp so far|  W time|  rho|KenW|  Qvar|
+-+-----------+-----------+-----------+----------------+-----------+--------+-----+----+------+
|x|         15|         57|        779|     32780602.00|         57|00:01:23|   NA|  NA|    NA|
|x|          3|         57|        624|     32718206.50|        109|00:01:12|+0.51|0.76|0.0021|
|x|         11|         57|        624|     32659902.00|        161|00:01:12|+0.48|0.65|0.0023|
|x|          5|         57|        624|     32627678.75|        213|00:01:12|+0.49|0.62|0.0023|
|-|          2|         21|        624|     32595654.20|        265|00:01:12|-0.12|0.11|1.0853|
|=|         10|         21|        624|     32563642.17|        281|00:00:20|-0.09|0.09|1.0265|
|=|          4|         21|        624|     32508609.00|        297|00:00:20|-0.05|0.10|0.9947|
|=|          7|         21|        742|     32554848.00|        313|00:00:20|-0.01|0.12|0.9626|
|=|         12|         21|        624|     32578144.56|        329|00:00:21|+0.00|0.11|0.9522|
|=|         14|         21|        624|     32559491.60|        345|00:00:20|+0.04|0.13|0.9121|
|=|         13|         21|        742|     32575830.82|        361|00:00:20|+0.06|0.14|0.8944|
|-|          8|         13|        690|     32577195.50|        377|00:00:20|-0.05|0.04|0.9633|
|=|          9|         13|        690|     32567272.54|        385|00:00:10|-0.03|0.05|0.9397|
|=|          1|         13|        690|     32583836.79|        393|00:00:10|-0.04|0.03|0.9584|
|=|          6|         13|        690|     32593415.87|        401|00:00:10|-0.03|0.04|0.9469|
|=|         16|         13|        624|     32587630.81|        414|00:00:20|-0.03|0.04|0.9355|
+-+-----------+-----------+-----------+----------------+-----------+--------+-----+----+------+
Best-so-far configuration:         624    mean value:      32587630.81
Description of the best-so-far configuration:
    .ID. algorithm localsearch alpha beta  rho ants   q0 rasrank elitistants
624  624       acs           3  1.75 2.72 0.75   48 0.25      NA          NA
    nnls dlb .PARENT.
624   15   1      469

# 2025-01-21 10:11:02 -03: Elite configurations (first number is the configuration ID; listed from best to worst according to the sum of ranks):
    algorithm localsearch alpha beta  rho ants   q0 rasrank elitistants nnls
624       acs           3  1.75 2.72 0.75   48 0.25      NA          NA   15
742       acs           3  3.19 0.07 0.65   56 0.25      NA          NA   13
690       acs           3  3.13 9.25 0.95   63 0.57      NA          NA   17
596       acs           3  3.07 0.73 0.68   59 0.22      NA          NA   12
539       acs           3  3.02 1.83 0.72   60 0.17      NA          NA   12
    dlb
624   1
742   1
690   1
596   1
539   1
# 2025-01-21 10:11:02 -03: Iteration 7 of 7
# experimentsUsedSoFar: 4619
# remainingBudget: 381
# currentBudget: 381
# nbConfigurations: 27
# Markers:
     x No test is performed.
     c Configurations are discarded only due to capping.
     - The test is performed and some configurations are discarded.
     = The test is performed but no configuration is discarded.
     ! The test is performed and configurations could be discarded but elite configurations are preserved.
     . All alive configurations are elite and nothing is discarded.

+-+-----------+-----------+-----------+----------------+-----------+--------+-----+----+------+
| |   Instance|      Alive|       Best|       Mean best| Exp so far|  W time|  rho|KenW|  Qvar|
+-+-----------+-----------+-----------+----------------+-----------+--------+-----+----+------+
|x|         17|         27|        742|     32765055.00|         27|00:00:41|   NA|  NA|    NA|
|x|         15|         27|        742|     32795470.00|         49|00:00:31|+0.10|0.55|0.6552|
|x|          7|         27|        742|     32815011.67|         71|00:00:31|+0.27|0.51|0.6044|
|x|         10|         27|        742|     32714567.75|         93|00:00:31|+0.30|0.47|0.6060|
|-|         14|         15|        742|     32652881.80|        115|00:00:31|-0.04|0.17|0.9999|
|=|          5|         15|        742|     32620311.67|        125|00:00:20|-0.01|0.16|0.9707|
|=|          8|         15|        742|     32622735.43|        135|00:00:20|-0.05|0.10|0.9891|
|=|          4|         15|        742|     32558927.88|        145|00:00:20|-0.01|0.12|0.9507|
|=|         13|         15|        742|     32577027.44|        155|00:00:20|-0.00|0.11|0.9440|
|=|          6|         15|        742|     32585495.40|        165|00:00:20|+0.01|0.11|0.9330|
|=|          2|         15|        742|     32573258.36|        175|00:00:20|+0.03|0.12|0.9153|
|=|         16|         15|        742|     32576493.42|        185|00:00:20|+0.05|0.13|0.8991|
|=|          3|         15|        742|     32587344.31|        195|00:00:20|+0.05|0.12|0.9012|
|=|         11|         15|        742|     32588776.07|        205|00:00:20|+0.05|0.12|0.8896|
|-|          9|         11|        742|     32586089.80|        215|00:00:20|-0.02|0.05|0.9359|
|=|          1|         11|        742|     32590626.94|        221|00:00:10|-0.02|0.04|0.9332|
|=|         12|         11|        742|     32601024.94|        227|00:00:10|-0.02|0.04|0.9262|
|=|         18|         11|        742|     32634688.33|        238|00:00:20|-0.02|0.03|0.9286|
+-+-----------+-----------+-----------+----------------+-----------+--------+-----+----+------+
Best-so-far configuration:         742    mean value:      32634688.33
Description of the best-so-far configuration:
    .ID. algorithm localsearch alpha beta  rho ants   q0 rasrank elitistants
742  742       acs           3  3.19 0.07 0.65   56 0.25      NA          NA
    nnls dlb .PARENT.
742   13   1      596

# 2025-01-21 10:17:59 -03: Elite configurations (first number is the configuration ID; listed from best to worst according to the sum of ranks):
    algorithm localsearch alpha beta  rho ants   q0 rasrank elitistants nnls
742       acs           3  3.19 0.07 0.65   56 0.25      NA          NA   13
624       acs           3  1.75 2.72 0.75   48 0.25      NA          NA   15
596       acs           3  3.07 0.73 0.68   59 0.22      NA          NA   12
690       acs           3  3.13 9.25 0.95   63 0.57      NA          NA   17
539       acs           3  3.02 1.83 0.72   60 0.17      NA          NA   12
    dlb
742   1
624   1
596   1
690   1
539   1
# 2025-01-21 10:17:59 -03: Iteration 8 of 8
# experimentsUsedSoFar: 4857
# remainingBudget: 143
# currentBudget: 143
# nbConfigurations: 12
# Markers:
     x No test is performed.
     c Configurations are discarded only due to capping.
     - The test is performed and some configurations are discarded.
     = The test is performed but no configuration is discarded.
     ! The test is performed and configurations could be discarded but elite configurations are preserved.
     . All alive configurations are elite and nothing is discarded.

+-+-----------+-----------+-----------+----------------+-----------+--------+-----+----+------+
| |   Instance|      Alive|       Best|       Mean best| Exp so far|  W time|  rho|KenW|  Qvar|
+-+-----------+-----------+-----------+----------------+-----------+--------+-----+----+------+
|x|         19|         12|        814|     32775257.00|         12|00:00:20|   NA|  NA|    NA|
|x|         16|         12|        812|     32686245.50|         19|00:00:10|+0.23|0.62|0.5386|
|x|          1|         12|        742|     32686373.00|         26|00:00:10|+0.21|0.48|0.5764|
|x|          4|         12|        742|     32542848.50|         33|00:00:10|+0.24|0.43|0.5792|
|=|         10|         12|        742|     32516926.00|         40|00:00:10|+0.14|0.31|0.6530|
|=|          5|         12|        742|     32507015.17|         47|00:00:10|+0.15|0.29|0.6105|
|=|         18|         12|        742|     32607008.14|         54|00:00:10|+0.07|0.20|0.7237|
|=|         15|         12|        742|     32634367.75|         61|00:00:10|+0.11|0.22|0.6739|
|=|          8|         12|        742|     32634691.11|         68|00:00:10|+0.05|0.16|0.7618|
|=|         11|         12|        742|     32631960.90|         75|00:00:10|+0.08|0.17|0.7504|
|-|         17|          9|        742|     32644060.36|         82|00:00:10|-0.01|0.08|0.9095|
|=|          3|          9|        742|     32650184.92|         86|00:00:10|-0.04|0.04|0.9268|
|=|          7|          9|        742|     32665870.31|         90|00:00:10|-0.04|0.04|0.9212|
|=|         12|          9|        742|     32673121.93|         94|00:00:10|-0.02|0.05|0.9035|
|=|          6|          9|        742|     32672360.93|         98|00:00:10|-0.02|0.05|0.8952|
|=|         14|          9|        742|     32655722.00|        102|00:00:10|-0.01|0.06|0.8823|
|=|         13|          9|        742|     32659610.35|        106|00:00:10|-0.00|0.06|0.8816|
|=|          2|          9|        742|     32648014.67|        110|00:00:10|-0.00|0.05|0.8837|
|=|          9|          9|        742|     32642776.11|        114|00:00:10|+0.00|0.06|0.8761|
|=|         20|          9|        742|     32639051.90|        123|00:00:20|+0.01|0.06|0.8684|
+-+-----------+-----------+-----------+----------------+-----------+--------+-----+----+------+
Best-so-far configuration:         742    mean value:      32639051.90
Description of the best-so-far configuration:
    .ID. algorithm localsearch alpha beta  rho ants   q0 rasrank elitistants
742  742       acs           3  3.19 0.07 0.65   56 0.25      NA          NA
    nnls dlb .PARENT.
742   13   1      596

# 2025-01-21 10:21:50 -03: Elite configurations (first number is the configuration ID; listed from best to worst according to the sum of ranks):
    algorithm localsearch alpha beta  rho ants   q0 rasrank elitistants nnls
742       acs           3  3.19 0.07 0.65   56 0.25      NA          NA   13
690       acs           3  3.13 9.25 0.95   63 0.57      NA          NA   17
596       acs           3  3.07 0.73 0.68   59 0.22      NA          NA   12
539       acs           3  3.02 1.83 0.72   60 0.17      NA          NA   12
624       acs           3  1.75 2.72 0.75   48 0.25      NA          NA   15
    dlb
742   1
690   1
596   1
539   1
624   1
# 2025-01-21 10:21:50 -03: Stopped because there is not enough budget left to race more than the minimum (5).
# You may either increase the budget or set 'minNbSurvival' to a lower value.
# Iteration: 9
# nbIterations: 9
# experimentsUsedSoFar: 4980
# timeUsed: 0
# remainingBudget: 20
# currentBudget: 20
# number of elites: 5
# nbConfigurations: 5
# Total CPU user time: 51542.1, CPU sys time: 412.465, Wall-clock time: 6961.205
    .ID. algorithm localsearch alpha beta  rho ants   q0 rasrank elitistants
742  742       acs           3  3.19 0.07 0.65   56 0.25      NA          NA
690  690       acs           3  3.13 9.25 0.95   63 0.57      NA          NA
596  596       acs           3  3.07 0.73 0.68   59 0.22      NA          NA
539  539       acs           3  3.02 1.83 0.72   60 0.17      NA          NA
624  624       acs           3  1.75 2.72 0.75   48 0.25      NA          NA
    nnls dlb .PARENT. .ALIVE. .RANK.   .WEIGHT.
742   13   1      596    TRUE     75 0.33333333
690   17   1      560    TRUE     88 0.26666667
596   12   1      469    TRUE     94 0.20000000
539   12   1      406    TRUE     98 0.13333333
624   15   1      469    TRUE     98 0.06666667
