# 2025-01-21 00:31:46 -03: 1 expression(s) specifying forbidden configurations read.
# 2025-01-21 00:31:46 -03: Initialization
# Elitist race
# Elitist new instances: 1
# Elitist limit: 2
# nbIterations: 5
# minNbSurvival: 5
# nbParameters: 11
# seed: 8860
# confidence level: 0.95
# budget: 5000
# mu: 5
# deterministic: FALSE

# 2025-01-21 00:31:46 -03: Iteration 1 of 5
# experimentsUsedSoFar: 0
# remainingBudget: 5000
# currentBudget: 1000
# nbConfigurations: 166
# Markers:
     x No test is performed.
     c Configurations are discarded only due to capping.
     - The test is performed and some configurations are discarded.
     = The test is performed but no configuration is discarded.
     ! The test is performed and configurations could be discarded but elite configurations are preserved.
     . All alive configurations are elite and nothing is discarded.

+-+-----------+-----------+-----------+----------------+-----------+--------+-----+----+------+
| |   Instance|      Alive|       Best|       Mean best| Exp so far|  W time|  rho|KenW|  Qvar|
+-+-----------+-----------+-----------+----------------+-----------+--------+-----+----+------+
|x|          1|        166|         40|     32512593.00|        166|00:03:38|   NA|  NA|    NA|
|x|          2|        166|         40|     32536349.50|        332|00:03:38|+0.98|0.99|0.0010|
|x|          3|        166|         40|     32566969.67|        498|00:03:39|+0.98|0.99|0.0011|
|x|          4|        166|         40|     32570038.50|        664|00:03:38|+0.98|0.98|0.0012|
|-|          5|          9|        126|     32574415.00|        830|00:03:39|+0.18|0.34|0.7906|
|=|          6|          9|        126|     32588460.83|        839|00:00:20|+0.11|0.26|0.8550|
|=|          7|          9|        126|     32584948.86|        848|00:00:20|+0.12|0.25|0.8166|
+-+-----------+-----------+-----------+----------------+-----------+--------+-----+----+------+
Best-so-far configuration:         126    mean value:      32584948.86
Description of the best-so-far configuration:
    .ID. algorithm localsearch alpha beta  rho ants   q0 rasrank elitistants
126  126       acs           3  3.01    5 0.75   77 0.88      NA          NA
    nnls dlb .PARENT.
126   11   0       NA

first iteration, returning
# 2025-01-21 00:50:41 -03: Elite configurations (first number is the configuration ID; listed from best to worst according to the sum of ranks):
    algorithm localsearch alpha beta  rho ants   q0 rasrank elitistants nnls
126       acs           3  3.01 5.00 0.75   77 0.88      NA          NA   11
106       ras           3  2.99 2.00 0.49   89   NA      38          NA   12
40       mmas           3  3.70 3.58 0.15   12   NA      NA          NA   16
79       mmas           3  3.40 2.92 0.12   70   NA      NA          NA   19
152       acs           2  3.65 1.86 0.26   51 0.07      NA          NA   27
    dlb
126   0
106   1
40    0
79    1
152   0
# 2025-01-21 00:50:42 -03: Iteration 2 of 5
# experimentsUsedSoFar: 848
# remainingBudget: 4152
# currentBudget: 1038
# nbConfigurations: 134
# Markers:
     x No test is performed.
     c Configurations are discarded only due to capping.
     - The test is performed and some configurations are discarded.
     = The test is performed but no configuration is discarded.
     ! The test is performed and configurations could be discarded but elite configurations are preserved.
     . All alive configurations are elite and nothing is discarded.

+-+-----------+-----------+-----------+----------------+-----------+--------+-----+----+------+
| |   Instance|      Alive|       Best|       Mean best| Exp so far|  W time|  rho|KenW|  Qvar|
+-+-----------+-----------+-----------+----------------+-----------+--------+-----+----+------+
|x|          8|        134|        262|     32590868.00|        134|00:02:57|   NA|  NA|    NA|
|x|          5|        134|        208|     32560893.50|        263|00:02:57|+0.94|0.97|0.0029|
|x|          3|        134|        262|     32569999.00|        392|00:02:57|+0.95|0.97|0.0024|
|x|          7|        134|        208|     32557155.50|        521|00:02:57|+0.95|0.97|0.0025|
|-|          4|         12|        208|     32534202.20|        650|00:02:57|+0.41|0.53|0.5378|
|-|          6|          9|        208|     32536310.50|        657|00:00:10|+0.52|0.60|0.4106|
|-|          2|          8|        208|     32529531.00|        661|00:00:10|+0.60|0.66|0.3387|
|-|          1|          3|        208|     32520409.25|        664|00:00:10|+0.09|0.20|0.5003|
+-+-----------+-----------+-----------+----------------+-----------+--------+-----+----+------+
Best-so-far configuration:         208    mean value:      32520409.25
Description of the best-so-far configuration:
    .ID. algorithm localsearch alpha beta  rho ants   q0 rasrank elitistants
208  208       acs           3  2.21 1.89 0.41   49 0.72      NA          NA
    nnls dlb .PARENT.
208   11   1      126

# 2025-01-21 01:06:00 -03: Elite configurations (first number is the configuration ID; listed from best to worst according to the sum of ranks):
    algorithm localsearch alpha beta  rho ants   q0 rasrank elitistants nnls
208       acs           3  2.21 1.89 0.41   49 0.72      NA          NA   11
262       acs           3  3.71 9.32 0.54   50 0.72      NA          NA   23
232      mmas           3  3.88 5.91 0.15   54   NA      NA          NA   16
    dlb
208   1
262   1
232   1
# 2025-01-21 01:06:00 -03: Iteration 3 of 5
# experimentsUsedSoFar: 1512
# remainingBudget: 3488
# currentBudget: 1162
# nbConfigurations: 131
# Markers:
     x No test is performed.
     c Configurations are discarded only due to capping.
     - The test is performed and some configurations are discarded.
     = The test is performed but no configuration is discarded.
     ! The test is performed and configurations could be discarded but elite configurations are preserved.
     . All alive configurations are elite and nothing is discarded.

+-+-----------+-----------+-----------+----------------+-----------+--------+-----+----+------+
| |   Instance|      Alive|       Best|       Mean best| Exp so far|  W time|  rho|KenW|  Qvar|
+-+-----------+-----------+-----------+----------------+-----------+--------+-----+----+------+
|x|          9|        131|        387|     32483265.00|        131|00:02:57|   NA|  NA|    NA|
|x|          6|        131|        344|     32496068.50|        259|00:02:47|+0.95|0.97|0.0011|
|x|          8|        131|        401|     32538161.33|        387|00:02:47|+0.95|0.96|0.0022|
|x|          5|        131|        401|     32529215.75|        515|00:02:46|+0.95|0.96|0.0021|
|-|          3|         14|        401|     32536630.60|        643|00:02:46|+0.09|0.27|0.7601|
|=|          4|         14|        401|     32527096.00|        654|00:00:20|+0.07|0.22|0.8233|
|=|          1|         14|        401|     32527347.00|        665|00:00:20|+0.06|0.19|0.8123|
|=|          2|         14|        401|     32519884.88|        676|00:00:20|+0.09|0.20|0.7932|
|-|          7|          5|        344|     32512519.56|        687|00:00:20|+0.01|0.12|0.7379|
+-+-----------+-----------+-----------+----------------+-----------+--------+-----+----+------+
Best-so-far configuration:         344    mean value:      32512519.56
Description of the best-so-far configuration:
    .ID. algorithm localsearch alpha beta  rho ants   q0 rasrank elitistants
344  344       acs           3  1.67 4.47 0.51   30 0.67      NA          NA
    nnls dlb .PARENT.
344   25   1      208

# 2025-01-21 01:21:29 -03: Elite configurations (first number is the configuration ID; listed from best to worst according to the sum of ranks):
    algorithm localsearch alpha beta  rho ants   q0 rasrank elitistants nnls
344       acs           3  1.67 4.47 0.51   30 0.67      NA          NA   25
401       acs           3  2.97 4.27 0.45   51 0.70      NA          NA    8
377       acs           3  2.49 2.02 0.48   32 0.60      NA          NA   14
208       acs           3  2.21 1.89 0.41   49 0.72      NA          NA   11
387       acs           3  1.75 2.34 0.15   19 0.71      NA          NA    8
    dlb
344   1
401   0
377   1
208   1
387   1
# 2025-01-21 01:21:29 -03: Iteration 4 of 5
# experimentsUsedSoFar: 2199
# remainingBudget: 2801
# currentBudget: 1400
# nbConfigurations: 144
# Markers:
     x No test is performed.
     c Configurations are discarded only due to capping.
     - The test is performed and some configurations are discarded.
     = The test is performed but no configuration is discarded.
     ! The test is performed and configurations could be discarded but elite configurations are preserved.
     . All alive configurations are elite and nothing is discarded.

+-+-----------+-----------+-----------+----------------+-----------+--------+-----+----+------+
| |   Instance|      Alive|       Best|       Mean best| Exp so far|  W time|  rho|KenW|  Qvar|
+-+-----------+-----------+-----------+----------------+-----------+--------+-----+----+------+
|x|         10|        144|        504|     32236416.00|        144|00:03:07|   NA|  NA|    NA|
|x|          3|        144|        504|     32348915.00|        283|00:03:07|+0.81|0.91|0.0027|
|x|          7|        144|        554|     32411316.00|        422|00:03:07|+0.81|0.88|0.0059|
|x|          5|        144|        437|     32445225.50|        561|00:03:07|+0.81|0.85|0.0062|
|-|          6|         27|        517|     32460626.00|        700|00:03:07|-0.04|0.17|1.0205|
|=|          8|         27|        517|     32485830.33|        722|00:00:31|+0.03|0.19|0.9662|
|=|          2|         27|        517|     32485349.29|        744|00:00:31|+0.05|0.19|0.9486|
|=|          4|         27|        554|     32484356.75|        766|00:00:31|+0.05|0.17|0.9402|
|-|          1|         14|        554|     32483168.56|        788|00:00:31|+0.04|0.14|0.9133|
|=|          9|         14|        554|     32486095.50|        797|00:00:20|+0.01|0.11|0.9228|
|=|         11|         14|        554|     32452792.64|        811|00:00:20|+0.00|0.09|0.9207|
+-+-----------+-----------+-----------+----------------+-----------+--------+-----+----+------+
Best-so-far configuration:         554    mean value:      32452792.64
Description of the best-so-far configuration:
    .ID. algorithm localsearch alpha beta rho ants   q0 rasrank elitistants
554  554       acs           3  1.85 2.48 0.7   34 0.43      NA          NA
    nnls dlb .PARENT.
554   16   1      377

# 2025-01-21 01:39:55 -03: Elite configurations (first number is the configuration ID; listed from best to worst according to the sum of ranks):
    algorithm localsearch alpha beta  rho ants   q0 rasrank elitistants nnls
554       acs           3  1.85 2.48 0.70   34 0.43      NA          NA   16
517       acs           3  1.47 3.36 0.54   28 0.56      NA          NA   16
437       acs           3  1.57 2.66 0.19   16 0.69      NA          NA   10
542       acs           3  4.89 4.14 0.60   70 0.54      NA          NA   13
503       acs           3  1.49 2.39 0.31   32 0.86      NA          NA   12
    dlb
554   1
517   1
437   1
542   1
503   1
# 2025-01-21 01:39:55 -03: Iteration 5 of 5
# experimentsUsedSoFar: 3010
# remainingBudget: 1990
# currentBudget: 1990
# nbConfigurations: 170
# Markers:
     x No test is performed.
     c Configurations are discarded only due to capping.
     - The test is performed and some configurations are discarded.
     = The test is performed but no configuration is discarded.
     ! The test is performed and configurations could be discarded but elite configurations are preserved.
     . All alive configurations are elite and nothing is discarded.

+-+-----------+-----------+-----------+----------------+-----------+--------+-----+----+------+
| |   Instance|      Alive|       Best|       Mean best| Exp so far|  W time|  rho|KenW|  Qvar|
+-+-----------+-----------+-----------+----------------+-----------+--------+-----+----+------+
|x|         12|        170|        613|     32506665.00|        170|00:03:48|   NA|  NA|    NA|
|x|         10|        170|        613|     32392943.50|        335|00:03:39|+0.56|0.78|0.0034|
|x|          1|        170|        613|     32412587.00|        500|00:03:39|+0.54|0.69|0.0032|
|x|          4|        170|        564|     32424450.75|        665|00:03:38|+0.51|0.63|0.0048|
|-|          6|         49|        564|     32440254.00|        830|00:03:38|-0.11|0.11|1.0951|
|=|         11|         49|        564|     32380328.17|        874|00:01:02|-0.06|0.12|1.0465|
|=|          7|         49|        564|     32394220.57|        918|00:01:02|-0.03|0.12|1.0134|
|=|          2|         49|        705|     32403567.12|        962|00:01:02|+0.00|0.13|0.9868|
|=|          3|         49|        643|     32419472.22|       1006|00:01:02|+0.02|0.13|0.9715|
|=|          5|         49|        670|     32432320.30|       1050|00:01:02|+0.01|0.11|0.9740|
|=|          9|         49|        670|     32438443.91|       1094|00:01:02|+0.03|0.12|0.9548|
|-|          8|         31|        705|     32450384.75|       1138|00:01:02|-0.04|0.05|1.0077|
|=|         13|         31|        705|     32458741.46|       1169|00:00:41|-0.02|0.06|0.9953|
|=|         14|         31|        705|     32477250.57|       1200|00:00:41|-0.01|0.06|0.9828|
+-+-----------+-----------+-----------+----------------+-----------+--------+-----+----+------+
Best-so-far configuration:         705    mean value:      32477250.57
Description of the best-so-far configuration:
    .ID. algorithm localsearch alpha beta rho ants   q0 rasrank elitistants
705  705       acs           3  4.08 4.61 0.6   70 0.76      NA          NA
    nnls dlb .PARENT.
705   13   1      542

# 2025-01-21 02:07:02 -03: Elite configurations (first number is the configuration ID; listed from best to worst according to the sum of ranks):
    algorithm localsearch alpha beta  rho ants   q0 rasrank elitistants nnls
705       acs           3  4.08 4.61 0.60   70 0.76      NA          NA   13
643       acs           3  4.85 4.70 0.51   73 0.60      NA          NA   19
668       acs           3  4.40 4.64 0.58   71 0.51      NA          NA   19
542       acs           3  4.89 4.14 0.60   70 0.54      NA          NA   13
721       acs           3  1.35 3.35 0.51   23 0.52      NA          NA   11
    dlb
705   1
643   1
668   1
542   1
721   1
# 2025-01-21 02:07:02 -03: Iteration 6 of 6
# experimentsUsedSoFar: 4210
# remainingBudget: 790
# currentBudget: 790
# nbConfigurations: 57
# Markers:
     x No test is performed.
     c Configurations are discarded only due to capping.
     - The test is performed and some configurations are discarded.
     = The test is performed but no configuration is discarded.
     ! The test is performed and configurations could be discarded but elite configurations are preserved.
     . All alive configurations are elite and nothing is discarded.

+-+-----------+-----------+-----------+----------------+-----------+--------+-----+----+------+
| |   Instance|      Alive|       Best|       Mean best| Exp so far|  W time|  rho|KenW|  Qvar|
+-+-----------+-----------+-----------+----------------+-----------+--------+-----+----+------+
|x|         15|         57|        774|     32332689.00|         57|00:01:23|   NA|  NA|    NA|
|x|         13|         57|        767|     32420208.50|        109|00:01:13|+0.35|0.68|0.3307|
|x|          6|         57|        774|     32451620.67|        161|00:01:13|+0.37|0.58|0.3719|
|x|          3|         57|        774|     32461523.00|        213|00:01:12|+0.43|0.58|0.3565|
|-|          2|         21|        721|     32457995.40|        265|00:01:12|-0.05|0.16|1.0028|
|=|          8|         21|        721|     32481777.33|        281|00:00:21|-0.05|0.12|1.0060|
|=|         10|         21|        721|     32466109.00|        297|00:00:21|-0.05|0.10|1.0159|
|=|         14|         21|        668|     32496447.25|        313|00:00:21|-0.05|0.09|1.0035|
|=|         11|         21|        668|     32446755.22|        329|00:00:20|-0.01|0.10|0.9723|
|=|          7|         21|        770|     32445969.90|        345|00:00:20|+0.00|0.10|0.9580|
|=|          1|         21|        770|     32445156.18|        361|00:00:20|+0.01|0.10|0.9553|
|=|          9|         21|        770|     32448780.92|        377|00:00:20|+0.02|0.10|0.9399|
|=|         12|         21|        774|     32464047.00|        393|00:00:20|+0.02|0.10|0.9328|
|=|          4|         21|        774|     32462866.14|        409|00:00:20|+0.02|0.09|0.9329|
|=|          5|         21|        770|     32463986.87|        425|00:00:21|+0.01|0.07|0.9485|
|=|         16|         21|        770|     32453633.56|        446|00:00:31|+0.01|0.07|0.9451|
+-+-----------+-----------+-----------+----------------+-----------+--------+-----+----+------+
Best-so-far configuration:         770    mean value:      32453633.56
Description of the best-so-far configuration:
    .ID. algorithm localsearch alpha beta  rho ants   q0 rasrank elitistants
770  770       acs           3  3.99 4.57 0.57   69 0.52      NA          NA
    nnls dlb .PARENT.
770   17   1      668

# 2025-01-21 02:17:18 -03: Elite configurations (first number is the configuration ID; listed from best to worst according to the sum of ranks):
    algorithm localsearch alpha beta  rho ants   q0 rasrank elitistants nnls
770       acs           3  3.99 4.57 0.57   69 0.52      NA          NA   17
668       acs           3  4.40 4.64 0.58   71 0.51      NA          NA   19
729       acs           3  3.82 5.68 0.56   70 0.69      NA          NA   12
774       acs           3  3.88 4.54 0.55   71 0.68      NA          NA   13
721       acs           3  1.35 3.35 0.51   23 0.52      NA          NA   11
    dlb
770   1
668   1
729   1
774   1
721   1
# 2025-01-21 02:17:18 -03: Iteration 7 of 7
# experimentsUsedSoFar: 4656
# remainingBudget: 344
# currentBudget: 344
# nbConfigurations: 24
# Markers:
     x No test is performed.
     c Configurations are discarded only due to capping.
     - The test is performed and some configurations are discarded.
     = The test is performed but no configuration is discarded.
     ! The test is performed and configurations could be discarded but elite configurations are preserved.
     . All alive configurations are elite and nothing is discarded.

+-+-----------+-----------+-----------+----------------+-----------+--------+-----+----+------+
| |   Instance|      Alive|       Best|       Mean best| Exp so far|  W time|  rho|KenW|  Qvar|
+-+-----------+-----------+-----------+----------------+-----------+--------+-----+----+------+
|x|         17|         24|        774|     32527548.00|         24|00:00:31|   NA|  NA|    NA|
|x|          2|         24|        668|     32483547.50|         43|00:00:31|+0.04|0.52|0.9409|
|x|          5|         24|        780|     32484788.33|         62|00:00:31|-0.03|0.31|0.8941|
|x|         12|         24|        780|     32500784.25|         81|00:00:31|+0.05|0.29|0.8391|
|-|         16|         16|        784|     32463407.80|        100|00:00:31|-0.02|0.18|0.9457|
|=|          6|         16|        668|     32475553.33|        111|00:00:20|+0.00|0.17|0.9208|
|=|         13|         16|        668|     32485254.71|        122|00:00:20|+0.01|0.15|0.9180|
|=|         14|         16|        668|     32515338.38|        133|00:00:20|+0.03|0.15|0.9019|
|=|          7|         16|        770|     32513141.22|        144|00:00:20|+0.03|0.14|0.8976|
|=|         11|         16|        784|     32466867.40|        155|00:00:20|+0.05|0.15|0.8896|
|=|          9|         16|        668|     32469716.64|        166|00:00:20|+0.07|0.15|0.8782|
|-|          3|          8|        770|     32469724.92|        177|00:00:20|-0.01|0.08|0.8777|
|=|          8|          8|        770|     32476644.85|        180|00:00:10|-0.01|0.07|0.8653|
|=|          1|          8|        770|     32473814.43|        183|00:00:10|+0.01|0.08|0.8622|
|=|         10|          8|        770|     32461822.40|        186|00:00:10|+0.02|0.09|0.8462|
|=|         15|          8|        770|     32457486.00|        189|00:00:10|-0.01|0.05|0.8801|
|=|          4|          8|        774|     32464644.47|        192|00:00:10|-0.02|0.04|0.8911|
|=|         18|          8|        770|     32466765.61|        200|00:00:10|-0.02|0.03|0.8857|
+-+-----------+-----------+-----------+----------------+-----------+--------+-----+----+------+
Best-so-far configuration:         770    mean value:      32466765.61
Description of the best-so-far configuration:
    .ID. algorithm localsearch alpha beta  rho ants   q0 rasrank elitistants
770  770       acs           3  3.99 4.57 0.57   69 0.52      NA          NA
    nnls dlb .PARENT.
770   17   1      668

# 2025-01-21 02:23:24 -03: Elite configurations (first number is the configuration ID; listed from best to worst according to the sum of ranks):
    algorithm localsearch alpha beta  rho ants   q0 rasrank elitistants nnls
770       acs           3  3.99 4.57 0.57   69 0.52      NA          NA   17
784       acs           3  3.62 4.73 0.58   71 0.74      NA          NA   13
774       acs           3  3.88 4.54 0.55   71 0.68      NA          NA   13
668       acs           3  4.40 4.64 0.58   71 0.51      NA          NA   19
729       acs           3  3.82 5.68 0.56   70 0.69      NA          NA   12
    dlb
770   1
784   1
774   1
668   1
729   1
# 2025-01-21 02:23:24 -03: Iteration 8 of 8
# experimentsUsedSoFar: 4856
# remainingBudget: 144
# currentBudget: 144
# nbConfigurations: 12
# Markers:
     x No test is performed.
     c Configurations are discarded only due to capping.
     - The test is performed and some configurations are discarded.
     = The test is performed but no configuration is discarded.
     ! The test is performed and configurations could be discarded but elite configurations are preserved.
     . All alive configurations are elite and nothing is discarded.

+-+-----------+-----------+-----------+----------------+-----------+--------+-----+----+------+
| |   Instance|      Alive|       Best|       Mean best| Exp so far|  W time|  rho|KenW|  Qvar|
+-+-----------+-----------+-----------+----------------+-----------+--------+-----+----+------+
|x|         19|         12|        805|     32366343.00|         12|00:00:20|   NA|  NA|    NA|
|x|         16|         12|        668|     32330919.00|         19|00:00:10|-0.13|0.44|1.0888|
|x|         17|         12|        668|     32399345.67|         26|00:00:10|+0.14|0.43|0.7712|
|x|          4|         12|        668|     32406942.00|         33|00:00:10|+0.19|0.39|0.7347|
|=|          6|         12|        668|     32430758.00|         40|00:00:10|+0.17|0.34|0.6994|
|-|          1|          9|        801|     32435011.83|         47|00:00:10|-0.03|0.14|0.8676|
|=|          9|          9|        668|     32443554.57|         51|00:00:10|+0.03|0.17|0.8332|
|=|          2|          9|        668|     32441972.25|         55|00:00:10|+0.04|0.16|0.8408|
|=|         18|          9|        804|     32470122.67|         59|00:00:10|+0.03|0.14|0.8682|
|=|         10|          9|        804|     32450636.50|         63|00:00:10|+0.01|0.11|0.8880|
|=|         15|          9|        668|     32444851.09|         67|00:00:10|+0.01|0.10|0.8821|
|=|         14|          9|        668|     32468273.83|         71|00:00:10|+0.02|0.10|0.8582|
|=|          5|          9|        801|     32467438.77|         75|00:00:10|+0.02|0.10|0.8583|
|=|          7|          9|        804|     32472401.00|         79|00:00:10|+0.02|0.09|0.8680|
|=|          8|          9|        804|     32479094.20|         83|00:00:10|+0.04|0.10|0.8542|
|=|         12|          9|        804|     32483486.19|         87|00:00:10|+0.05|0.11|0.8467|
|=|         13|          9|        804|     32488639.29|         91|00:00:10|+0.03|0.09|0.8690|
|=|          3|          9|        804|     32488646.50|         95|00:00:10|+0.04|0.09|0.8648|
|=|         11|          9|        804|     32466336.37|         99|00:00:10|+0.04|0.09|0.8663|
|=|         20|          9|        804|     32457130.85|        108|00:00:20|+0.04|0.09|0.8721|
+-+-----------+-----------+-----------+----------------+-----------+--------+-----+----+------+
Best-so-far configuration:         804    mean value:      32457130.85
Description of the best-so-far configuration:
    .ID. algorithm localsearch alpha beta  rho ants   q0 rasrank elitistants
804  804       acs           3  3.86 5.47 0.53   68 0.64      NA          NA
    nnls dlb .PARENT.
804   11   1      774

# 2025-01-21 02:27:14 -03: Elite configurations (first number is the configuration ID; listed from best to worst according to the sum of ranks):
    algorithm localsearch alpha beta  rho ants   q0 rasrank elitistants nnls
804       acs           3  3.86 5.47 0.53   68 0.64      NA          NA   11
668       acs           3  4.40 4.64 0.58   71 0.51      NA          NA   19
770       acs           3  3.99 4.57 0.57   69 0.52      NA          NA   17
784       acs           3  3.62 4.73 0.58   71 0.74      NA          NA   13
774       acs           3  3.88 4.54 0.55   71 0.68      NA          NA   13
    dlb
804   1
668   1
770   1
784   1
774   1
# 2025-01-21 02:27:14 -03: Iteration 9 of 9
# experimentsUsedSoFar: 4964
# remainingBudget: 36
# currentBudget: 36
# nbConfigurations: 6
# Markers:
     x No test is performed.
     c Configurations are discarded only due to capping.
     - The test is performed and some configurations are discarded.
     = The test is performed but no configuration is discarded.
     ! The test is performed and configurations could be discarded but elite configurations are preserved.
     . All alive configurations are elite and nothing is discarded.

+-+-----------+-----------+-----------+----------------+-----------+--------+-----+----+------+
| |   Instance|      Alive|       Best|       Mean best| Exp so far|  W time|  rho|KenW|  Qvar|
+-+-----------+-----------+-----------+----------------+-----------+--------+-----+----+------+
|x|         21|          6|        806|     32657095.00|          6|00:00:10|   NA|  NA|    NA|
|x|         10|          6|        774|     32478124.00|          7|00:00:10|-0.20|0.40|1.1525|
|x|         12|          6|        774|     32509745.67|          8|00:00:10|-0.03|0.31|0.8338|
|x|          2|          6|        804|     32489629.00|          9|00:00:10|+0.04|0.28|0.7087|
|=|         11|          6|        784|     32402768.00|         10|00:00:10|-0.01|0.19|0.8078|
|=|         19|          6|        668|     32408637.67|         11|00:00:10|+0.04|0.20|0.7385|
|=|          8|          6|        784|     32434369.71|         12|00:00:10|-0.01|0.14|0.7914|
|=|          5|          6|        804|     32440890.88|         13|00:00:10|-0.01|0.11|0.8201|
|=|          4|          6|        784|     32446203.33|         14|00:00:10|-0.03|0.09|0.8378|
|=|         15|          6|        784|     32437077.70|         15|00:00:10|-0.03|0.07|0.8481|
|=|          9|          6|        668|     32445887.82|         16|00:00:10|-0.03|0.06|0.8706|
|=|          7|          6|        804|     32445310.25|         17|00:00:10|-0.06|0.03|0.8933|
|=|         17|          6|        804|     32450513.92|         18|00:00:10|-0.05|0.03|0.8818|
|=|         20|          6|        804|     32438493.36|         19|00:00:10|-0.04|0.04|0.8701|
|=|         18|          6|        804|     32454096.60|         20|00:00:10|-0.05|0.02|0.8783|
|=|          6|          6|        804|     32455409.44|         21|00:00:10|-0.04|0.03|0.8718|
|=|         14|          6|        804|     32471458.53|         22|00:00:10|-0.04|0.02|0.8659|
|=|          3|          6|        804|     32472420.22|         23|00:00:10|-0.04|0.02|0.8622|
|=|         13|          6|        804|     32477613.32|         24|00:00:10|-0.04|0.02|0.8625|
|=|          1|          6|        804|     32478395.05|         25|00:00:10|-0.05|0.01|0.8692|
|=|         16|          6|        804|     32468056.76|         26|00:00:10|-0.04|0.01|0.8690|
|=|         22|          6|        804|     32466151.36|         32|00:00:10|-0.04|0.01|0.8670|
+-+-----------+-----------+-----------+----------------+-----------+--------+-----+----+------+
Best-so-far configuration:         804    mean value:      32466151.36
Description of the best-so-far configuration:
    .ID. algorithm localsearch alpha beta  rho ants   q0 rasrank elitistants
804  804       acs           3  3.86 5.47 0.53   68 0.64      NA          NA
    nnls dlb .PARENT.
804   11   1      774

# 2025-01-21 02:31:03 -03: Elite configurations (first number is the configuration ID; listed from best to worst according to the sum of ranks):
    algorithm localsearch alpha beta  rho ants   q0 rasrank elitistants nnls
804       acs           3  3.86 5.47 0.53   68 0.64      NA          NA   11
806       acs           3  3.82 5.02 0.59   68 0.55      NA          NA   18
784       acs           3  3.62 4.73 0.58   71 0.74      NA          NA   13
668       acs           3  4.40 4.64 0.58   71 0.51      NA          NA   19
770       acs           3  3.99 4.57 0.57   69 0.52      NA          NA   17
    dlb
804   1
806   1
784   1
668   1
770   1
# 2025-01-21 02:31:03 -03: Stopped because there is not enough budget left to race more than the minimum (5).
# You may either increase the budget or set 'minNbSurvival' to a lower value.
# Iteration: 10
# nbIterations: 10
# experimentsUsedSoFar: 4996
# timeUsed: 0
# remainingBudget: 4
# currentBudget: 4
# number of elites: 5
# nbConfigurations: 4
# Total CPU user time: 51692.43, CPU sys time: 411.013, Wall-clock time: 7157.583
    .ID. algorithm localsearch alpha beta  rho ants   q0 rasrank elitistants
804  804       acs           3  3.86 5.47 0.53   68 0.64      NA          NA
806  806       acs           3  3.82 5.02 0.59   68 0.55      NA          NA
784  784       acs           3  3.62 4.73 0.58   71 0.74      NA          NA
668  668       acs           3  4.40 4.64 0.58   71 0.51      NA          NA
770  770       acs           3  3.99 4.57 0.57   69 0.52      NA          NA
    nnls dlb .PARENT. .ALIVE. .RANK.   .WEIGHT.
804   11   1      774    TRUE     70 0.33333333
806   18   1      770    TRUE     74 0.26666667
784   13   1      729    TRUE     77 0.20000000
668   19   1      542    TRUE     78 0.13333333
770   17   1      668    TRUE     81 0.06666667
