# 2025-01-21 08:46:40 -03: 1 expression(s) specifying forbidden configurations read.
# 2025-01-21 08:46:40 -03: Initialization
# Elitist race
# Elitist new instances: 1
# Elitist limit: 2
# nbIterations: 5
# minNbSurvival: 5
# nbParameters: 11
# seed: 5144
# confidence level: 0.95
# budget: 5000
# mu: 5
# deterministic: FALSE

# 2025-01-21 08:46:41 -03: Iteration 1 of 5
# experimentsUsedSoFar: 0
# remainingBudget: 5000
# currentBudget: 1000
# nbConfigurations: 166
# Markers:
     x No test is performed.
     c Configurations are discarded only due to capping.
     - The test is performed and some configurations are discarded.
     = The test is performed but no configuration is discarded.
     ! The test is performed and configurations could be discarded but elite configurations are preserved.
     . All alive configurations are elite and nothing is discarded.

+-+-----------+-----------+-----------+----------------+-----------+--------+-----+----+------+
| |   Instance|      Alive|       Best|       Mean best| Exp so far|  W time|  rho|KenW|  Qvar|
+-+-----------+-----------+-----------+----------------+-----------+--------+-----+----+------+
|x|          1|        166|         88|     32994101.00|        166|00:03:39|   NA|  NA|    NA|
|x|          2|        166|         88|     32725581.50|        332|00:03:39|+0.98|0.99|0.0015|
|x|          3|        166|         88|     32818994.33|        498|00:03:39|+0.97|0.98|0.0012|
|x|          4|        166|         88|     32840744.50|        664|00:03:39|+0.96|0.97|0.0014|
|-|          5|          9|         88|     32797239.40|        830|00:03:39|+0.51|0.61|0.5070|
|-|          6|          2|         88|     32713493.50|        839|00:00:20|-0.07|0.11|0.5333|
+-+-----------+-----------+-----------+----------------+-----------+--------+-----+----+------+
Best-so-far configuration:          88    mean value:      32713493.50
Description of the best-so-far configuration:
   .ID. algorithm localsearch alpha beta  rho ants   q0 rasrank elitistants
88   88       acs           3  2.88 5.95 0.55   59 0.26      NA          NA
   nnls dlb .PARENT.
88   12   1       NA

first iteration, returning
# 2025-01-21 09:05:17 -03: Elite configurations (first number is the configuration ID; listed from best to worst according to the sum of ranks):
    algorithm localsearch alpha beta  rho ants   q0 rasrank elitistants nnls
88        acs           3  2.88 5.95 0.55   59 0.26      NA          NA   12
103       acs           3  2.32 8.87 0.27   40 0.93      NA          NA   31
    dlb
88    1
103   1
# 2025-01-21 09:05:17 -03: Iteration 2 of 5
# experimentsUsedSoFar: 839
# remainingBudget: 4161
# currentBudget: 1040
# nbConfigurations: 150
# Markers:
     x No test is performed.
     c Configurations are discarded only due to capping.
     - The test is performed and some configurations are discarded.
     = The test is performed but no configuration is discarded.
     ! The test is performed and configurations could be discarded but elite configurations are preserved.
     . All alive configurations are elite and nothing is discarded.

+-+-----------+-----------+-----------+----------------+-----------+--------+-----+----+------+
| |   Instance|      Alive|       Best|       Mean best| Exp so far|  W time|  rho|KenW|  Qvar|
+-+-----------+-----------+-----------+----------------+-----------+--------+-----+----+------+
|x|          7|        150|        248|     32719126.00|        150|00:03:18|   NA|  NA|    NA|
|x|          2|        150|        178|     32585997.50|        298|00:03:18|+0.94|0.97|0.0019|
|x|          4|        150|        227|     32696955.33|        446|00:03:18|+0.93|0.95|0.0038|
|x|          1|        150|        227|     32788461.25|        594|00:03:18|+0.94|0.95|0.0031|
|-|          6|         17|        227|     32683331.80|        742|00:03:18|+0.18|0.34|0.7563|
|-|          3|          8|         88|     32736899.83|        757|00:00:21|+0.02|0.18|0.8225|
|=|          5|          8|         88|     32720659.71|        763|00:00:10|+0.02|0.16|0.8189|
|=|          8|          8|         88|     32697838.62|        771|00:00:10|+0.00|0.13|0.8237|
+-+-----------+-----------+-----------+----------------+-----------+--------+-----+----+------+
Best-so-far configuration:          88    mean value:      32697838.62
Description of the best-so-far configuration:
   .ID. algorithm localsearch alpha beta  rho ants   q0 rasrank elitistants
88   88       acs           3  2.88 5.95 0.55   59 0.26      NA          NA
   nnls dlb .PARENT.
88   12   1       NA

# 2025-01-21 09:22:31 -03: Elite configurations (first number is the configuration ID; listed from best to worst according to the sum of ranks):
    algorithm localsearch alpha beta  rho ants   q0 rasrank elitistants nnls
88        acs           3  2.88 5.95 0.55   59 0.26      NA          NA   12
227       acs           3  3.29 1.60 0.64   57 0.56      NA          NA   10
252       acs           3  2.62 2.52 0.64   47 0.36      NA          NA    8
103       acs           3  2.32 8.87 0.27   40 0.93      NA          NA   31
248       acs           3  2.82 9.46 0.27   29 0.77      NA          NA   20
    dlb
88    1
227   1
252   0
103   1
248   1
# 2025-01-21 09:22:31 -03: Iteration 3 of 5
# experimentsUsedSoFar: 1610
# remainingBudget: 3390
# currentBudget: 1130
# nbConfigurations: 130
# Markers:
     x No test is performed.
     c Configurations are discarded only due to capping.
     - The test is performed and some configurations are discarded.
     = The test is performed but no configuration is discarded.
     ! The test is performed and configurations could be discarded but elite configurations are preserved.
     . All alive configurations are elite and nothing is discarded.

+-+-----------+-----------+-----------+----------------+-----------+--------+-----+----+------+
| |   Instance|      Alive|       Best|       Mean best| Exp so far|  W time|  rho|KenW|  Qvar|
+-+-----------+-----------+-----------+----------------+-----------+--------+-----+----+------+
|x|          9|        130|        436|     32451686.00|        130|00:02:56|   NA|  NA|    NA|
|x|          5|        130|        227|     32554066.50|        255|00:02:46|+0.90|0.95|0.0088|
|x|          1|        130|        372|     32709627.00|        380|00:02:46|+0.91|0.94|0.0083|
|x|          4|        130|        352|     32735216.25|        505|00:02:46|+0.91|0.93|0.0072|
|-|          6|         16|        227|     32663214.60|        630|00:02:47|+0.04|0.24|0.8839|
|=|          2|         16|        436|     32622386.83|        641|00:00:21|+0.03|0.19|0.8890|
|=|          7|         16|        436|     32634681.00|        652|00:00:20|+0.06|0.19|0.8586|
|=|          8|         16|        436|     32622025.00|        663|00:00:20|+0.05|0.17|0.8589|
|=|          3|         16|        436|     32668948.33|        674|00:00:20|+0.04|0.15|0.8628|
|=|         10|         16|        436|     32651623.60|        690|00:00:20|+0.03|0.13|0.8886|
+-+-----------+-----------+-----------+----------------+-----------+--------+-----+----+------+
Best-so-far configuration:         436    mean value:      32651623.60
Description of the best-so-far configuration:
    .ID. algorithm localsearch alpha beta  rho ants   q0 rasrank elitistants
436  436       acs           3  4.02 7.07 0.74   62 0.06      NA          NA
    nnls dlb .PARENT.
436   15   1       88

# 2025-01-21 09:38:21 -03: Elite configurations (first number is the configuration ID; listed from best to worst according to the sum of ranks):
    algorithm localsearch alpha beta  rho ants   q0 rasrank elitistants nnls
436       acs           3  4.02 7.07 0.74   62 0.06      NA          NA   15
328       acs           3  4.80 9.18 0.53   66 0.16      NA          NA   12
88        acs           3  2.88 5.95 0.55   59 0.26      NA          NA   12
364       acs           3  4.33 0.83 0.83   68 0.74      NA          NA   13
372       acs           3  4.18 4.37 0.63   69 0.15      NA          NA   23
    dlb
436   1
328   1
88    1
364   1
372   1
# 2025-01-21 09:38:21 -03: Iteration 4 of 5
# experimentsUsedSoFar: 2300
# remainingBudget: 2700
# currentBudget: 1350
# nbConfigurations: 127
# Markers:
     x No test is performed.
     c Configurations are discarded only due to capping.
     - The test is performed and some configurations are discarded.
     = The test is performed but no configuration is discarded.
     ! The test is performed and configurations could be discarded but elite configurations are preserved.
     . All alive configurations are elite and nothing is discarded.

+-+-----------+-----------+-----------+----------------+-----------+--------+-----+----+------+
| |   Instance|      Alive|       Best|       Mean best| Exp so far|  W time|  rho|KenW|  Qvar|
+-+-----------+-----------+-----------+----------------+-----------+--------+-----+----+------+
|x|         11|        127|        554|     32814179.00|        127|00:02:46|   NA|  NA|    NA|
|x|          3|        127|        532|     32907052.00|        249|00:02:46|+0.80|0.90|0.0048|
|x|          7|        127|        532|     32847316.33|        371|00:02:46|+0.83|0.88|0.0039|
|x|          9|        127|        532|     32754299.00|        493|00:02:46|+0.83|0.87|0.0041|
|-|         10|         24|        532|     32695136.00|        615|00:02:46|-0.03|0.18|0.9797|
|=|          1|         24|        542|     32753874.83|        634|00:00:31|-0.01|0.16|0.9656|
|=|          6|         24|        542|     32689446.86|        653|00:00:31|+0.00|0.15|0.9589|
|=|          5|         24|        531|     32676548.25|        672|00:00:31|-0.00|0.12|0.9648|
|=|          8|         24|        531|     32658662.78|        691|00:00:31|+0.02|0.13|0.9446|
|=|          4|         24|        516|     32679327.60|        710|00:00:31|+0.05|0.14|0.9097|
|-|          2|         15|        516|     32654947.45|        729|00:00:31|-0.03|0.07|0.9389|
|=|         12|         15|        452|     32641255.92|        744|00:00:21|-0.01|0.07|0.9283|
|=|         13|         15|        452|     32613834.31|        759|00:00:20|+0.00|0.08|0.9208|
+-+-----------+-----------+-----------+----------------+-----------+--------+-----+----+------+
Best-so-far configuration:         452    mean value:      32613834.31
Description of the best-so-far configuration:
    .ID. algorithm localsearch alpha beta  rho ants   q0 rasrank elitistants
452  452       acs           3  4.82  8.1 0.45   64 0.11      NA          NA
    nnls dlb .PARENT.
452   17   1      328

# 2025-01-21 09:56:05 -03: Elite configurations (first number is the configuration ID; listed from best to worst according to the sum of ranks):
    algorithm localsearch alpha beta  rho ants   q0 rasrank elitistants nnls
452       acs           3  4.82 8.10 0.45   64 0.11      NA          NA   17
516       acs           3  3.69 8.03 0.73   64 0.05      NA          NA   11
542       acs           3  2.65 5.35 0.70   61 0.04      NA          NA   13
532       acs           3  2.49 5.90 0.32   42 0.27      NA          NA   11
531       acs           3  2.68 7.56 0.61   53 0.00      NA          NA    9
    dlb
452   1
516   1
542   1
532   1
531   1
# 2025-01-21 09:56:05 -03: Iteration 5 of 5
# experimentsUsedSoFar: 3059
# remainingBudget: 1941
# currentBudget: 1941
# nbConfigurations: 143
# Markers:
     x No test is performed.
     c Configurations are discarded only due to capping.
     - The test is performed and some configurations are discarded.
     = The test is performed but no configuration is discarded.
     ! The test is performed and configurations could be discarded but elite configurations are preserved.
     . All alive configurations are elite and nothing is discarded.

+-+-----------+-----------+-----------+----------------+-----------+--------+-----+----+------+
| |   Instance|      Alive|       Best|       Mean best| Exp so far|  W time|  rho|KenW|  Qvar|
+-+-----------+-----------+-----------+----------------+-----------+--------+-----+----+------+
|x|         14|        143|        653|     32441519.00|        143|00:03:07|   NA|  NA|    NA|
|x|         12|        143|        616|     32488771.00|        281|00:03:07|+0.60|0.80|0.0052|
|x|         13|        143|        516|     32433303.67|        419|00:03:07|+0.60|0.73|0.0060|
|x|         10|        143|        516|     32437233.00|        557|00:03:07|+0.61|0.71|0.0057|
|-|          3|         51|        650|     32563084.80|        695|00:03:07|-0.10|0.12|1.0638|
|=|         11|         51|        542|     32608466.17|        741|00:01:02|-0.05|0.13|1.0234|
|=|          1|         51|        542|     32668248.43|        787|00:01:02|-0.03|0.12|1.0129|
|=|          8|         51|        650|     32641323.75|        833|00:01:02|-0.01|0.12|0.9878|
|=|          9|         51|        655|     32625590.44|        879|00:01:02|+0.01|0.12|0.9654|
|=|          2|         51|        655|     32600119.40|        925|00:01:02|+0.02|0.12|0.9563|
|=|          6|         51|        516|     32579411.82|        971|00:01:02|+0.01|0.10|0.9704|
|=|          5|         51|        516|     32578437.08|       1017|00:01:02|+0.02|0.10|0.9566|
|-|          7|         33|        516|     32590226.77|       1063|00:01:02|-0.03|0.05|1.0058|
|=|          4|         33|        516|     32607452.36|       1091|00:00:41|-0.02|0.06|0.9934|
|=|         15|         33|        452|     32597508.07|       1124|00:00:52|-0.01|0.06|0.9827|
+-+-----------+-----------+-----------+----------------+-----------+--------+-----+----+------+
Best-so-far configuration:         452    mean value:      32597508.07
Description of the best-so-far configuration:
    .ID. algorithm localsearch alpha beta  rho ants   q0 rasrank elitistants
452  452       acs           3  4.82  8.1 0.45   64 0.11      NA          NA
    nnls dlb .PARENT.
452   17   1      328

# 2025-01-21 10:21:39 -03: Elite configurations (first number is the configuration ID; listed from best to worst according to the sum of ranks):
    algorithm localsearch alpha beta  rho ants   q0 rasrank elitistants nnls
452       acs           3  4.82 8.10 0.45   64 0.11      NA          NA   17
516       acs           3  3.69 8.03 0.73   64 0.05      NA          NA   11
687       acs           3  4.82 8.18 0.47   62 0.25      NA          NA   17
591       acs           3  4.60 9.21 0.48   67 0.30      NA          NA   15
650       acs           3  4.01 6.41 0.53   67 0.20      NA          NA   16
    dlb
452   1
516   1
687   1
591   1
650   1
# 2025-01-21 10:21:39 -03: Iteration 6 of 6
# experimentsUsedSoFar: 4183
# remainingBudget: 817
# currentBudget: 817
# nbConfigurations: 55
# Markers:
     x No test is performed.
     c Configurations are discarded only due to capping.
     - The test is performed and some configurations are discarded.
     = The test is performed but no configuration is discarded.
     ! The test is performed and configurations could be discarded but elite configurations are preserved.
     . All alive configurations are elite and nothing is discarded.

+-+-----------+-----------+-----------+----------------+-----------+--------+-----+----+------+
| |   Instance|      Alive|       Best|       Mean best| Exp so far|  W time|  rho|KenW|  Qvar|
+-+-----------+-----------+-----------+----------------+-----------+--------+-----+----+------+
|x|         16|         55|        729|     32545451.00|         55|00:01:13|   NA|  NA|    NA|
|x|          6|         55|        729|     32398187.50|        105|00:01:12|+0.27|0.64|0.4813|
|x|         14|         55|        747|     32429476.00|        155|00:01:13|+0.29|0.53|0.3883|
|x|          4|         55|        747|     32544190.75|        205|00:01:12|+0.27|0.46|0.4127|
|-|          8|         41|        516|     32539631.60|        255|00:01:12|-0.10|0.12|1.0534|
|=|          3|         41|        650|     32617075.83|        291|00:00:52|-0.06|0.12|1.0107|
|=|         15|         41|        650|     32594886.00|        327|00:00:52|-0.02|0.13|0.9701|
|=|          7|         41|        650|     32608614.75|        363|00:00:52|+0.01|0.13|0.9495|
|=|          5|         41|        747|     32611766.89|        399|00:00:52|+0.02|0.13|0.9401|
|=|         13|         41|        747|     32584602.90|        435|00:00:52|+0.04|0.14|0.9196|
|-|         10|         26|        650|     32569135.82|        471|00:00:52|-0.02|0.08|0.9724|
|=|         12|         26|        747|     32569900.75|        492|00:00:31|-0.00|0.08|0.9572|
|=|          2|         26|        452|     32555099.46|        513|00:00:31|+0.00|0.08|0.9539|
|=|         11|         26|        452|     32574965.14|        534|00:00:31|+0.02|0.09|0.9472|
|=|          1|         26|        516|     32609516.73|        555|00:00:31|+0.03|0.09|0.9380|
|-|          9|         15|        452|     32597472.12|        576|00:00:31|-0.01|0.05|0.9495|
|=|         17|         15|        452|     32600682.94|        591|00:00:21|-0.02|0.04|0.9520|
|=|         18|         15|        516|     32596812.17|        606|00:00:20|-0.03|0.03|0.9574|
+-+-----------+-----------+-----------+----------------+-----------+--------+-----+----+------+
Best-so-far configuration:         516    mean value:      32596812.17
Description of the best-so-far configuration:
    .ID. algorithm localsearch alpha beta  rho ants   q0 rasrank elitistants
516  516       acs           3  3.69 8.03 0.73   64 0.05      NA          NA
    nnls dlb .PARENT.
516   11   1      436

# 2025-01-21 10:36:17 -03: Elite configurations (first number is the configuration ID; listed from best to worst according to the sum of ranks):
    algorithm localsearch alpha beta  rho ants   q0 rasrank elitistants nnls
516       acs           3  3.69 8.03 0.73   64 0.05      NA          NA   11
452       acs           3  4.82 8.10 0.45   64 0.11      NA          NA   17
650       acs           3  4.01 6.41 0.53   67 0.20      NA          NA   16
687       acs           3  4.82 8.18 0.47   62 0.25      NA          NA   17
733       acs           3  4.97 7.67 0.43   65 0.13      NA          NA   17
    dlb
516   1
452   1
650   1
687   1
733   1
# 2025-01-21 10:36:17 -03: Iteration 7 of 7
# experimentsUsedSoFar: 4789
# remainingBudget: 211
# currentBudget: 211
# nbConfigurations: 15
# Markers:
     x No test is performed.
     c Configurations are discarded only due to capping.
     - The test is performed and some configurations are discarded.
     = The test is performed but no configuration is discarded.
     ! The test is performed and configurations could be discarded but elite configurations are preserved.
     . All alive configurations are elite and nothing is discarded.

+-+-----------+-----------+-----------+----------------+-----------+--------+-----+----+------+
| |   Instance|      Alive|       Best|       Mean best| Exp so far|  W time|  rho|KenW|  Qvar|
+-+-----------+-----------+-----------+----------------+-----------+--------+-----+----+------+
|x|         19|         15|        752|     32494381.00|         15|00:00:20|   NA|  NA|    NA|
|x|          5|         15|        752|     32536318.50|         25|00:00:20|-0.34|0.33|1.2743|
|x|          3|         15|        752|     32683616.33|         35|00:00:20|-0.06|0.29|0.9580|
|x|         11|         15|        752|     32731981.00|         45|00:00:20|-0.03|0.23|0.9117|
|=|          9|         15|        752|     32687398.00|         55|00:00:20|-0.03|0.17|0.9368|
|=|          8|         15|        452|     32645534.00|         65|00:00:21|-0.06|0.12|0.9690|
|=|          1|         15|        687|     32702179.29|         75|00:00:20|-0.01|0.13|0.9275|
|=|         17|         15|        687|     32697606.62|         85|00:00:20|-0.05|0.08|0.9519|
|=|         13|         15|        733|     32652578.56|         95|00:00:20|-0.00|0.11|0.9149|
|=|         18|         15|        733|     32640313.80|        105|00:00:20|+0.02|0.12|0.8953|
|=|         15|         15|        452|     32623693.36|        115|00:00:20|+0.05|0.14|0.8674|
|=|          7|         15|        687|     32637753.67|        125|00:00:20|+0.01|0.09|0.8968|
|=|         10|         15|        687|     32623550.15|        135|00:00:20|+0.01|0.09|0.9021|
|=|         14|         15|        650|     32613085.07|        145|00:00:20|+0.00|0.08|0.9074|
|=|          2|         15|        687|     32602648.93|        155|00:00:20|+0.02|0.09|0.8935|
|=|          6|         15|        650|     32580659.75|        165|00:00:20|+0.02|0.08|0.8931|
|=|         16|         15|        650|     32580370.47|        175|00:00:20|+0.02|0.08|0.8967|
|=|         12|         15|        650|     32578710.94|        185|00:00:20|+0.02|0.08|0.8895|
|-|          4|         10|        516|     32594904.95|        195|00:00:20|-0.01|0.04|0.8933|
|=|         20|         10|        516|     32589916.30|        205|00:00:20|-0.02|0.03|0.9014|
+-+-----------+-----------+-----------+----------------+-----------+--------+-----+----+------+
Best-so-far configuration:         516    mean value:      32589916.30
Description of the best-so-far configuration:
    .ID. algorithm localsearch alpha beta  rho ants   q0 rasrank elitistants
516  516       acs           3  3.69 8.03 0.73   64 0.05      NA          NA
    nnls dlb .PARENT.
516   11   1      436

# 2025-01-21 10:43:14 -03: Elite configurations (first number is the configuration ID; listed from best to worst according to the sum of ranks):
    algorithm localsearch alpha beta  rho ants   q0 rasrank elitistants nnls
516       acs           3  3.69 8.03 0.73   64 0.05      NA          NA   11
452       acs           3  4.82 8.10 0.45   64 0.11      NA          NA   17
687       acs           3  4.82 8.18 0.47   62 0.25      NA          NA   17
650       acs           3  4.01 6.41 0.53   67 0.20      NA          NA   16
733       acs           3  4.97 7.67 0.43   65 0.13      NA          NA   17
    dlb
516   1
452   1
687   1
650   1
733   1
# 2025-01-21 10:43:14 -03: Stopped because there is not enough budget left to race more than the minimum (5).
# You may either increase the budget or set 'minNbSurvival' to a lower value.
# Iteration: 8
# nbIterations: 8
# experimentsUsedSoFar: 4994
# timeUsed: 0
# remainingBudget: 6
# currentBudget: 6
# number of elites: 5
# nbConfigurations: 5
# Total CPU user time: 51707.79, CPU sys time: 421.57, Wall-clock time: 6993.398
    .ID. algorithm localsearch alpha beta  rho ants   q0 rasrank elitistants
516  516       acs           3  3.69 8.03 0.73   64 0.05      NA          NA
452  452       acs           3  4.82 8.10 0.45   64 0.11      NA          NA
687  687       acs           3  4.82 8.18 0.47   62 0.25      NA          NA
650  650       acs           3  4.01 6.41 0.53   67 0.20      NA          NA
733  733       acs           3  4.97 7.67 0.43   65 0.13      NA          NA
    nnls dlb .PARENT. .ALIVE. .RANK.   .WEIGHT.
516   11   1      436    TRUE     92 0.33333333
452   17   1      328    TRUE     96 0.26666667
687   17   1      452    TRUE    101 0.20000000
650   16   1      452    TRUE    105 0.13333333
733   17   1      452    TRUE    108 0.06666667
