# 2025-01-21 12:25:14 -03: Initialization
# Elitist race
# Elitist new instances: 1
# Elitist limit: 2
# nbIterations: 3
# minNbSurvival: 3
# nbParameters: 3
# seed: 7940
# confidence level: 0.95
# budget: 5000
# mu: 5
# deterministic: FALSE

# 2025-01-21 12:25:14 -03: Iteration 1 of 3
# experimentsUsedSoFar: 0
# remainingBudget: 5000
# currentBudget: 1666
# nbConfigurations: 277
# Markers:
     x No test is performed.
     c Configurations are discarded only due to capping.
     - The test is performed and some configurations are discarded.
     = The test is performed but no configuration is discarded.
     ! The test is performed and configurations could be discarded but elite configurations are preserved.
     . All alive configurations are elite and nothing is discarded.

+-+-----------+-----------+-----------+----------------+-----------+--------+-----+----+------+
| |   Instance|      Alive|       Best|       Mean best| Exp so far|  W time|  rho|KenW|  Qvar|
+-+-----------+-----------+-----------+----------------+-----------+--------+-----+----+------+
|x|          1|        277|        106|     7570508.000|        277|00:05:53|   NA|  NA|    NA|
|x|          2|        277|        208|     7490180.000|        554|00:05:53|+0.55|0.77|0.3894|
|x|          3|        277|        208|     5142356.667|        831|00:05:53|+0.18|0.45|0.7021|
|x|          4|        277|        208|     5710289.000|       1108|00:05:53|+0.30|0.48|0.5988|
|-|          5|         83|        208|     4677039.600|       1385|00:05:53|-0.06|0.15|1.0546|
|=|          6|         83|        208|     3958423.333|       1468|00:01:51|-0.07|0.11|1.0648|
|=|          7|         83|        208|     4474008.000|       1551|00:01:51|-0.00|0.14|0.9992|
+-+-----------+-----------+-----------+----------------+-----------+--------+-----+----+------+
Best-so-far configuration:         208    mean value:      4474008.000
Description of the best-so-far configuration:
    .ID. localsearch  rho ants .PARENT.
208  208           3 0.05    3       NA

first iteration, returning
# 2025-01-21 12:58:23 -03: Elite configurations (first number is the configuration ID; listed from best to worst according to the sum of ranks):
    localsearch  rho ants
208           3 0.05    3
37            3 0.33   62
33            3 0.36   11
# 2025-01-21 12:58:23 -03: Iteration 2 of 3
# experimentsUsedSoFar: 1551
# remainingBudget: 3449
# currentBudget: 1724
# nbConfigurations: 218
# Markers:
     x No test is performed.
     c Configurations are discarded only due to capping.
     - The test is performed and some configurations are discarded.
     = The test is performed but no configuration is discarded.
     ! The test is performed and configurations could be discarded but elite configurations are preserved.
     . All alive configurations are elite and nothing is discarded.

+-+-----------+-----------+-----------+----------------+-----------+--------+-----+----+------+
| |   Instance|      Alive|       Best|       Mean best| Exp so far|  W time|  rho|KenW|  Qvar|
+-+-----------+-----------+-----------+----------------+-----------+--------+-----+----+------+
|x|          8|        218|        446|     7662568.000|        218|00:04:42|   NA|  NA|    NA|
|x|          6|        218|        450|     4013086.000|        433|00:04:32|-0.14|0.43|1.1362|
|x|          7|        218|        450|     5191108.667|        648|00:04:32|+0.14|0.43|0.8461|
|x|          4|        218|        424|     5751532.000|        863|00:04:32|+0.29|0.47|0.6993|
|-|          2|         72|        424|     6079779.600|       1078|00:04:32|-0.09|0.13|1.0708|
|=|          3|         72|        305|     5140976.333|       1147|00:01:31|-0.07|0.11|1.0338|
|=|          1|         72|        424|     5492302.286|       1216|00:01:30|-0.02|0.12|1.0010|
|=|          5|         72|        424|     4874139.250|       1285|00:01:31|-0.03|0.10|0.9946|
|=|          9|         72|        424|     5145056.222|       1357|00:01:31|-0.01|0.10|0.9827|
+-+-----------+-----------+-----------+----------------+-----------+--------+-----+----+------+
Best-so-far configuration:         424    mean value:      5145056.222
Description of the best-so-far configuration:
    .ID. localsearch  rho ants .PARENT.
424  424           3 0.34   13       33

# 2025-01-21 13:27:20 -03: Elite configurations (first number is the configuration ID; listed from best to worst according to the sum of ranks):
    localsearch  rho ants
424           3 0.34   13
208           3 0.05    3
480           3 0.02    3
# 2025-01-21 13:27:20 -03: Iteration 3 of 3
# experimentsUsedSoFar: 2908
# remainingBudget: 2092
# currentBudget: 2092
# nbConfigurations: 211
# Markers:
     x No test is performed.
     c Configurations are discarded only due to capping.
     - The test is performed and some configurations are discarded.
     = The test is performed but no configuration is discarded.
     ! The test is performed and configurations could be discarded but elite configurations are preserved.
     . All alive configurations are elite and nothing is discarded.

+-+-----------+-----------+-----------+----------------+-----------+--------+-----+----+------+
| |   Instance|      Alive|       Best|       Mean best| Exp so far|  W time|  rho|KenW|  Qvar|
+-+-----------+-----------+-----------+----------------+-----------+--------+-----+----+------+
|x|         10|        211|        480|     377532.0000|        211|00:04:31|   NA|  NA|    NA|
|x|          5|        211|        582|     460357.0000|        419|00:04:21|+0.25|0.62|0.7455|
|x|          2|        211|        480|     2773559.333|        627|00:04:21|-0.04|0.31|1.0607|
|x|          6|        211|        424|     2168832.000|        835|00:04:22|+0.04|0.28|0.9399|
|=|          3|        211|        480|     1825571.600|       1043|00:04:21|+0.03|0.22|0.9487|
|=|          4|        211|        480|     2759842.333|       1251|00:04:21|+0.02|0.18|0.9501|
|-|          8|        127|        480|     3461647.143|       1459|00:04:21|-0.07|0.08|1.0562|
|=|          7|        127|        424|     3972192.500|       1583|00:02:41|-0.04|0.09|1.0073|
|=|          1|        127|        424|     4374550.444|       1707|00:02:41|-0.01|0.10|0.9542|
|=|          9|        127|        424|     4668334.600|       1831|00:02:41|+0.01|0.11|0.9081|
|=|         11|        127|        424|     4293734.545|       1958|00:02:41|-0.00|0.09|0.9321|
+-+-----------+-----------+-----------+----------------+-----------+--------+-----+----+------+
Best-so-far configuration:         424    mean value:      4293734.545
Description of the best-so-far configuration:
    .ID. localsearch  rho ants .PARENT.
424  424           3 0.34   13       33

# 2025-01-21 14:08:49 -03: Elite configurations (first number is the configuration ID; listed from best to worst according to the sum of ranks):
    localsearch  rho ants
424           3 0.34   13
208           3 0.05    3
523           3 0.37   14
# 2025-01-21 14:08:49 -03: Iteration 4 of 4
# experimentsUsedSoFar: 4866
# remainingBudget: 134
# currentBudget: 134
# nbConfigurations: 13
# Markers:
     x No test is performed.
     c Configurations are discarded only due to capping.
     - The test is performed and some configurations are discarded.
     = The test is performed but no configuration is discarded.
     ! The test is performed and configurations could be discarded but elite configurations are preserved.
     . All alive configurations are elite and nothing is discarded.

+-+-----------+-----------+-----------+----------------+-----------+--------+-----+----+------+
| |   Instance|      Alive|       Best|       Mean best| Exp so far|  W time|  rho|KenW|  Qvar|
+-+-----------+-----------+-----------+----------------+-----------+--------+-----+----+------+
|x|         12|         13|        523|     7057416.000|         13|00:00:20|   NA|  NA|    NA|
|x|         10|         13|        523|     3717769.000|         23|00:00:20|-0.09|0.46|0.7862|
|x|          5|         13|        523|     2660955.333|         33|00:00:20|-0.12|0.25|0.8510|
|x|         11|         13|        702|     2134086.000|         43|00:00:20|+0.04|0.28|0.7987|
|=|          7|         13|        523|     3215968.800|         53|00:00:20|+0.01|0.21|0.8739|
|=|          8|         13|        706|     3959196.333|         63|00:00:20|-0.05|0.13|0.9341|
|=|          6|         13|        523|     3445336.000|         73|00:00:20|-0.04|0.11|0.9044|
|=|          3|         13|        702|     3073595.500|         83|00:00:20|-0.03|0.10|0.9046|
|=|          4|         13|        208|     3556223.556|         93|00:00:20|-0.02|0.09|0.9145|
|=|          1|         13|        208|     3959610.400|        103|00:00:20|+0.01|0.11|0.9044|
|=|          9|         13|        208|     4264737.091|        113|00:00:20|+0.02|0.11|0.8891|
|=|          2|         13|        208|     4525198.000|        123|00:00:20|+0.04|0.12|0.8678|
+-+-----------+-----------+-----------+----------------+-----------+--------+-----+----+------+
Best-so-far configuration:         208    mean value:      4525198.000
Description of the best-so-far configuration:
    .ID. localsearch  rho ants .PARENT.
208  208           3 0.05    3       NA

# 2025-01-21 14:12:51 -03: Elite configurations (first number is the configuration ID; listed from best to worst according to the sum of ranks):
    localsearch  rho ants
208           3 0.05    3
523           3 0.37   14
702           3 0.33   12
# 2025-01-21 14:12:51 -03: Stopped because there is not enough budget left to race more than the minimum (3).
# You may either increase the budget or set 'minNbSurvival' to a lower value.
# Iteration: 5
# nbIterations: 5
# experimentsUsedSoFar: 4989
# timeUsed: 0
# remainingBudget: 11
# currentBudget: 11
# number of elites: 3
# nbConfigurations: 3
# Total CPU user time: 50186.37, CPU sys time: 144.224, Wall-clock time: 6457.591
    .ID. localsearch  rho ants .PARENT. .ALIVE. .RANK.  .WEIGHT.
208  208           3 0.05    3       NA    TRUE   63.5 0.5000000
523  523           3 0.37   14      424    TRUE   73.0 0.3333333
702  702           3 0.33   12      424    TRUE   73.5 0.1666667
