# 2025-01-16 16:23:19 -03: 1 expression(s) specifying forbidden configurations read.
# 2025-01-16 16:23:19 -03: Initialization
# Elitist race
# Elitist new instances: 1
# Elitist limit: 2
# nbIterations: 5
# minNbSurvival: 5
# nbParameters: 11
# seed: 8860
# confidence level: 0.95
# budget: 5000
# mu: 5
# deterministic: FALSE

# 2025-01-16 16:23:19 -03: Iteration 1 of 5
# experimentsUsedSoFar: 0
# remainingBudget: 5000
# currentBudget: 1000
# nbConfigurations: 166
# Markers:
     x No test is performed.
     c Configurations are discarded only due to capping.
     - The test is performed and some configurations are discarded.
     = The test is performed but no configuration is discarded.
     ! The test is performed and configurations could be discarded but elite configurations are preserved.
     . All alive configurations are elite and nothing is discarded.

+-+-----------+-----------+-----------+----------------+-----------+--------+-----+----+------+
| |   Instance|      Alive|       Best|       Mean best| Exp so far|  W time|  rho|KenW|  Qvar|
+-+-----------+-----------+-----------+----------------+-----------+--------+-----+----+------+
|x|          1|        166|        126|     32516757.00|        166|00:03:39|   NA|  NA|    NA|
|x|          2|        166|        126|     32545285.00|        332|00:03:39|+0.97|0.99|0.0013|
|x|          3|        166|        106|     32572587.00|        498|00:03:39|+0.97|0.98|0.0015|
|x|          4|        166|        106|     32560372.75|        664|00:03:39|+0.98|0.98|0.0014|
|-|          5|          9|        106|     32574790.20|        830|00:03:39|+0.28|0.43|0.6293|
|-|          6|          6|        106|     32587303.83|        839|00:00:20|+0.00|0.17|0.7898|
|=|          7|          6|        126|     32597344.00|        845|00:00:10|+0.01|0.15|0.7411|
|=|          8|          6|        126|     32610009.50|        851|00:00:10|+0.07|0.19|0.6905|
+-+-----------+-----------+-----------+----------------+-----------+--------+-----+----+------+
Best-so-far configuration:         126    mean value:      32610009.50
Description of the best-so-far configuration:
    .ID. algorithm localsearch  alpha  beta    rho ants     q0 rasrank
126  126       acs           3 3.0091 5.001 0.7458   77 0.8777      NA
    elitistants nnls dlb .PARENT.
126          NA   11   0       NA

first iteration, returning
# 2025-01-16 16:42:17 -03: Elite configurations (first number is the configuration ID; listed from best to worst according to the sum of ranks):
    algorithm localsearch  alpha   beta    rho ants     q0 rasrank elitistants
126       acs           3 3.0091 5.0010 0.7458   77 0.8777      NA          NA
106       ras           3 2.9883 2.0026 0.4930   89     NA      38          NA
40       mmas           3 3.7043 3.5777 0.1456   12     NA      NA          NA
152       acs           2 3.6492 1.8637 0.2594   51 0.0685      NA          NA
79       mmas           3 3.3976 2.9156 0.1198   70     NA      NA          NA
    nnls dlb
126   11   0
106   12   1
40    16   0
152   27   0
79    19   1
# 2025-01-16 16:42:17 -03: Iteration 2 of 5
# experimentsUsedSoFar: 851
# remainingBudget: 4149
# currentBudget: 1037
# nbConfigurations: 119
# Markers:
     x No test is performed.
     c Configurations are discarded only due to capping.
     - The test is performed and some configurations are discarded.
     = The test is performed but no configuration is discarded.
     ! The test is performed and configurations could be discarded but elite configurations are preserved.
     . All alive configurations are elite and nothing is discarded.

+-+-----------+-----------+-----------+----------------+-----------+--------+-----+----+------+
| |   Instance|      Alive|       Best|       Mean best| Exp so far|  W time|  rho|KenW|  Qvar|
+-+-----------+-----------+-----------+----------------+-----------+--------+-----+----+------+
|x|          9|        119|        268|     32462671.00|        119|00:02:36|   NA|  NA|    NA|
|x|          6|        119|        268|     32506111.00|        233|00:02:36|+0.97|0.98|0.0011|
|x|          2|        119|        268|     32510527.00|        347|00:02:36|+0.97|0.98|0.0022|
|x|          7|        119|        206|     32555354.25|        461|00:02:36|+0.97|0.98|0.0024|
|-|          4|         11|        268|     32526709.60|        575|00:02:36|+0.32|0.46|0.6342|
|-|          5|          8|        268|     32527923.83|        581|00:00:10|+0.50|0.58|0.4894|
|!|          3|          8|        268|     32536742.00|        584|00:00:10|+0.34|0.43|0.5899|
|!|          1|          8|        268|     32523361.00|        587|00:00:10|+0.39|0.46|0.5539|
|-|          8|          3|        268|     32532882.78|        590|00:00:10|+0.26|0.35|0.5189|
+-+-----------+-----------+-----------+----------------+-----------+--------+-----+----+------+
Best-so-far configuration:         268    mean value:      32532882.78
Description of the best-so-far configuration:
    .ID. algorithm localsearch alpha   beta    rho ants q0 rasrank elitistants
268  268      mmas           3 0.971 4.5322 0.8071   92 NA      NA          NA
    nnls dlb .PARENT.
268   16   1      126

# 2025-01-16 16:56:02 -03: Elite configurations (first number is the configuration ID; listed from best to worst according to the sum of ranks):
    algorithm localsearch  alpha   beta    rho ants     q0 rasrank elitistants
268      mmas           3 0.9710 4.5322 0.8071   92     NA      NA          NA
206       acs           3 4.5864 7.3283 0.8753   68 0.7668      NA          NA
245       acs           3 1.3895 6.6989 0.1593    9 0.2130      NA          NA
    nnls dlb
268   16   1
206   23   1
245   21   1
# 2025-01-16 16:56:02 -03: Iteration 3 of 5
# experimentsUsedSoFar: 1441
# remainingBudget: 3559
# currentBudget: 1186
# nbConfigurations: 121
# Markers:
     x No test is performed.
     c Configurations are discarded only due to capping.
     - The test is performed and some configurations are discarded.
     = The test is performed but no configuration is discarded.
     ! The test is performed and configurations could be discarded but elite configurations are preserved.
     . All alive configurations are elite and nothing is discarded.

+-+-----------+-----------+-----------+----------------+-----------+--------+-----+----+------+
| |   Instance|      Alive|       Best|       Mean best| Exp so far|  W time|  rho|KenW|  Qvar|
+-+-----------+-----------+-----------+----------------+-----------+--------+-----+----+------+
|x|         10|        121|        315|     32303237.00|        121|00:02:46|   NA|  NA|    NA|
|x|          1|        121|        268|     32373047.50|        239|00:02:36|+0.95|0.97|0.0019|
|x|          5|        121|        268|     32426696.67|        357|00:02:36|+0.95|0.96|0.0016|
|x|          9|        121|        268|     32435690.25|        475|00:02:36|+0.95|0.96|0.0015|
|-|          3|         10|        268|     32466482.40|        593|00:02:36|+0.07|0.26|0.8145|
|=|          2|         10|        268|     32475295.17|        600|00:00:10|+0.17|0.30|0.7245|
|-|          6|          7|        268|     32485903.14|        607|00:00:10|+0.28|0.38|0.5471|
|!|          4|          7|        299|     32482983.25|        611|00:00:10|+0.29|0.38|0.5710|
|-|          8|          6|        299|     32496673.00|        615|00:00:10|+0.43|0.49|0.4770|
|-|          7|          4|        299|     32492494.30|        618|00:00:10|-0.07|0.04|0.8203|
+-+-----------+-----------+-----------+----------------+-----------+--------+-----+----+------+
Best-so-far configuration:         299    mean value:      32492494.30
Description of the best-so-far configuration:
    .ID. algorithm localsearch  alpha   beta    rho ants     q0 rasrank
299  299       acs           3 3.6661 6.7294 0.7504   64 0.7822      NA
    elitistants nnls dlb .PARENT.
299          NA   27   1      206

# 2025-01-16 17:10:08 -03: Elite configurations (first number is the configuration ID; listed from best to worst according to the sum of ranks):
    algorithm localsearch  alpha   beta    rho ants     q0 rasrank elitistants
299       acs           3 3.6661 6.7294 0.7504   64 0.7822      NA          NA
360      mmas           3 1.0575 7.4581 0.8488   80     NA      NA          NA
333       acs           3 2.5596 9.0979 0.1245   16 0.2503      NA          NA
268      mmas           3 0.9710 4.5322 0.8071   92     NA      NA          NA
    nnls dlb
299   27   1
360   13   1
333   26   1
268   16   1
# 2025-01-16 17:10:08 -03: Iteration 4 of 5
# experimentsUsedSoFar: 2059
# remainingBudget: 2941
# currentBudget: 1470
# nbConfigurations: 137
# Markers:
     x No test is performed.
     c Configurations are discarded only due to capping.
     - The test is performed and some configurations are discarded.
     = The test is performed but no configuration is discarded.
     ! The test is performed and configurations could be discarded but elite configurations are preserved.
     . All alive configurations are elite and nothing is discarded.

+-+-----------+-----------+-----------+----------------+-----------+--------+-----+----+------+
| |   Instance|      Alive|       Best|       Mean best| Exp so far|  W time|  rho|KenW|  Qvar|
+-+-----------+-----------+-----------+----------------+-----------+--------+-----+----+------+
|x|         11|        137|        441|     32045871.00|        137|00:03:07|   NA|  NA|    NA|
|x|          9|        137|        461|     32264346.00|        270|00:02:57|+0.90|0.95|0.0049|
|x|          2|        137|        408|     32324633.33|        403|00:02:57|+0.90|0.93|0.0060|
|x|          7|        137|        408|     32367635.75|        536|00:02:57|+0.91|0.93|0.0056|
|-|          3|         15|        410|     32407496.00|        669|00:02:57|+0.03|0.22|0.9569|
|=|          5|         15|        408|     32424753.33|        680|00:00:20|+0.01|0.18|0.9459|
|=|          1|         15|        408|     32434536.57|        691|00:00:20|+0.00|0.14|0.9570|
|=|         10|         15|        445|     32423250.25|        702|00:00:20|-0.01|0.12|0.9751|
|=|          4|         15|        445|     32427934.56|        713|00:00:20|+0.01|0.12|0.9563|
|=|          8|         15|        445|     32447370.10|        724|00:00:20|+0.03|0.13|0.9305|
|=|          6|         15|        445|     32459183.64|        735|00:00:20|+0.00|0.10|0.9477|
|=|         12|         15|        445|     32470013.17|        750|00:00:21|+0.01|0.10|0.9356|
+-+-----------+-----------+-----------+----------------+-----------+--------+-----+----+------+
Best-so-far configuration:         445    mean value:      32470013.17
Description of the best-so-far configuration:
    .ID. algorithm localsearch  alpha   beta    rho ants    q0 rasrank
445  445       acs           3 3.7359 7.0732 0.7505   65 0.756      NA
    elitistants nnls dlb .PARENT.
445          NA   18   1      299

# 2025-01-16 17:27:32 -03: Elite configurations (first number is the configuration ID; listed from best to worst according to the sum of ranks):
    algorithm localsearch  alpha   beta    rho ants     q0 rasrank elitistants
445       acs           3 3.7359 7.0732 0.7505   65 0.7560      NA          NA
488       acs           3 2.9607 7.4306 0.1358   40 0.2226      NA          NA
408       acs           3 4.6123 7.8815 0.6734   76 0.8027      NA          NA
360      mmas           3 1.0575 7.4581 0.8488   80     NA      NA          NA
410       acs           3 4.0093 5.2631 0.7569   67 0.4553      NA          NA
    nnls dlb
445   18   1
488   18   1
408   20   1
360   13   1
410   22   1
# 2025-01-16 17:27:32 -03: Iteration 5 of 5
# experimentsUsedSoFar: 2809
# remainingBudget: 2191
# currentBudget: 2191
# nbConfigurations: 173
# Markers:
     x No test is performed.
     c Configurations are discarded only due to capping.
     - The test is performed and some configurations are discarded.
     = The test is performed but no configuration is discarded.
     ! The test is performed and configurations could be discarded but elite configurations are preserved.
     . All alive configurations are elite and nothing is discarded.

+-+-----------+-----------+-----------+----------------+-----------+--------+-----+----+------+
| |   Instance|      Alive|       Best|       Mean best| Exp so far|  W time|  rho|KenW|  Qvar|
+-+-----------+-----------+-----------+----------------+-----------+--------+-----+----+------+
|x|         13|        173|        410|     32485324.00|        173|00:03:49|   NA|  NA|    NA|
|x|          4|        173|        605|     32464440.00|        341|00:03:38|+0.61|0.80|0.0066|
|x|         10|        173|        605|     32409515.67|        509|00:03:38|+0.60|0.73|0.0070|
|x|          2|        173|        605|     32430223.00|        677|00:03:39|+0.58|0.68|0.0079|
|-|          6|         53|        605|     32447382.20|        845|00:03:39|-0.13|0.09|1.1380|
|=|          1|         53|        605|     32447454.00|        893|00:01:02|-0.08|0.10|1.0843|
|=|          8|         53|        605|     32470387.43|        941|00:01:02|-0.06|0.09|1.0570|
|=|          9|         53|        605|     32474375.50|        989|00:01:02|-0.04|0.09|1.0393|
|=|          7|         53|        605|     32474481.44|       1037|00:01:02|-0.02|0.09|1.0169|
|=|         12|         53|        605|     32485156.50|       1085|00:01:02|-0.01|0.09|1.0068|
|=|          5|         53|        605|     32490476.36|       1133|00:01:02|-0.00|0.09|0.9910|
|=|          3|         53|        646|     32495519.75|       1181|00:01:02|+0.01|0.09|0.9776|
|=|         11|         53|        620|     32462223.69|       1229|00:01:02|+0.02|0.10|0.9665|
|=|         14|         53|        605|     32481992.14|       1282|00:01:12|+0.02|0.09|0.9723|
+-+-----------+-----------+-----------+----------------+-----------+--------+-----+----+------+
Best-so-far configuration:         605    mean value:      32481992.14
Description of the best-so-far configuration:
    .ID. algorithm localsearch  alpha   beta    rho ants     q0 rasrank
605  605       acs           3 3.3894 6.5687 0.7544   69 0.7891      NA
    elitistants nnls dlb .PARENT.
605          NA   17   1      445

# 2025-01-16 17:55:32 -03: Elite configurations (first number is the configuration ID; listed from best to worst according to the sum of ranks):
    algorithm localsearch  alpha   beta    rho ants     q0 rasrank elitistants
605       acs           3 3.3894 6.5687 0.7544   69 0.7891      NA          NA
620       acs           3 2.4790 7.3070 0.0776   31 0.3570      NA          NA
630       acs           3 4.3771 7.5871 0.7066   67 0.7145      NA          NA
646       acs           3 2.6300 6.4446 0.2105   42 0.2293      NA          NA
624       acs           3 3.1724 7.5919 0.2202   50 0.1661      NA          NA
    nnls dlb
605   17   1
620   15   1
630   18   1
646   19   1
624   18   1
# 2025-01-16 17:55:32 -03: Iteration 6 of 6
# experimentsUsedSoFar: 4091
# remainingBudget: 909
# currentBudget: 909
# nbConfigurations: 65
# Markers:
     x No test is performed.
     c Configurations are discarded only due to capping.
     - The test is performed and some configurations are discarded.
     = The test is performed but no configuration is discarded.
     ! The test is performed and configurations could be discarded but elite configurations are preserved.
     . All alive configurations are elite and nothing is discarded.

+-+-----------+-----------+-----------+----------------+-----------+--------+-----+----+------+
| |   Instance|      Alive|       Best|       Mean best| Exp so far|  W time|  rho|KenW|  Qvar|
+-+-----------+-----------+-----------+----------------+-----------+--------+-----+----+------+
|x|         15|         65|        715|     32320470.00|         65|00:01:33|   NA|  NA|    NA|
|x|          5|         65|        727|     32413776.00|        125|00:01:23|+0.30|0.65|0.3103|
|x|          4|         65|        727|     32420800.33|        185|00:01:23|+0.19|0.46|0.3418|
|x|          1|         65|        727|     32426186.75|        245|00:01:23|+0.26|0.45|0.3080|
|-|          6|         32|        722|     32445788.60|        305|00:01:23|-0.11|0.11|1.0592|
|=|          3|         32|        722|     32456449.83|        332|00:00:41|-0.06|0.12|1.0154|
|=|         12|         32|        746|     32472959.43|        359|00:00:41|-0.01|0.13|0.9801|
|=|          9|         32|        746|     32478653.50|        386|00:00:41|-0.02|0.11|0.9888|
|=|         13|         32|        746|     32489387.78|        413|00:00:41|-0.01|0.11|0.9674|
|=|         10|         32|        705|     32470245.90|        440|00:00:41|+0.02|0.11|0.9409|
|=|          2|         32|        746|     32477743.18|        467|00:00:41|+0.01|0.10|0.9468|
|=|         14|         32|        630|     32494523.58|        494|00:00:41|+0.02|0.10|0.9327|
|=|          8|         32|        746|     32506907.46|        521|00:00:41|+0.03|0.10|0.9334|
|=|         11|         32|        746|     32474742.64|        548|00:00:41|+0.03|0.10|0.9323|
|=|          7|         32|        630|     32473696.73|        575|00:00:41|+0.03|0.09|0.9337|
|-|         16|         27|        630|     32463239.94|        607|00:00:41|-0.01|0.05|0.9742|
|=|         17|         27|        746|     32470617.47|        634|00:00:41|-0.01|0.05|0.9719|
|=|         18|         27|        620|     32476666.06|        661|00:00:41|-0.00|0.05|0.9686|
+-+-----------+-----------+-----------+----------------+-----------+--------+-----+----+------+
Best-so-far configuration:         620    mean value:      32476666.06
Description of the best-so-far configuration:
    .ID. algorithm localsearch alpha  beta    rho ants    q0 rasrank
620  620       acs           3 2.479 7.307 0.0776   31 0.357      NA
    elitistants nnls dlb .PARENT.
620          NA   15   1      488

# 2025-01-16 18:11:42 -03: Elite configurations (first number is the configuration ID; listed from best to worst according to the sum of ranks):
    algorithm localsearch  alpha   beta    rho ants     q0 rasrank elitistants
620       acs           3 2.4790 7.3070 0.0776   31 0.3570      NA          NA
746       acs           3 3.2482 6.6458 0.7765   67 0.8109      NA          NA
605       acs           3 3.3894 6.5687 0.7544   69 0.7891      NA          NA
624       acs           3 3.1724 7.5919 0.2202   50 0.1661      NA          NA
722       acs           3 2.4356 7.6209 0.0869   31 0.3243      NA          NA
    nnls dlb
620   15   1
746   15   1
605   17   1
624   18   1
722   17   1
# 2025-01-16 18:11:42 -03: Iteration 7 of 7
# experimentsUsedSoFar: 4752
# remainingBudget: 248
# currentBudget: 248
# nbConfigurations: 17
# Markers:
     x No test is performed.
     c Configurations are discarded only due to capping.
     - The test is performed and some configurations are discarded.
     = The test is performed but no configuration is discarded.
     ! The test is performed and configurations could be discarded but elite configurations are preserved.
     . All alive configurations are elite and nothing is discarded.

+-+-----------+-----------+-----------+----------------+-----------+--------+-----+----+------+
| |   Instance|      Alive|       Best|       Mean best| Exp so far|  W time|  rho|KenW|  Qvar|
+-+-----------+-----------+-----------+----------------+-----------+--------+-----+----+------+
|x|         19|         17|        624|     32392712.00|         17|00:00:31|   NA|  NA|    NA|
|x|          3|         17|        765|     32443004.00|         29|00:00:20|+0.30|0.65|0.3562|
|x|         12|         17|        624|     32493548.33|         41|00:00:20|+0.31|0.54|0.5435|
|x|         16|         17|        624|     32442144.00|         53|00:00:20|+0.31|0.48|0.6240|
|-|         15|         14|        624|     32428501.80|         65|00:00:20|-0.12|0.11|1.0631|
|=|          7|         14|        605|     32438899.00|         74|00:00:20|-0.07|0.11|1.0131|
|=|          8|         14|        767|     32461823.43|         83|00:00:20|-0.05|0.10|0.9857|
|=|          5|         14|        624|     32468274.00|         92|00:00:20|-0.03|0.10|0.9673|
|=|         11|         14|        746|     32425739.00|        101|00:00:20|-0.01|0.10|0.9487|
|=|         17|         14|        746|     32437925.70|        110|00:00:20|+0.01|0.11|0.9174|
|=|         14|         14|        624|     32459193.09|        119|00:00:20|+0.01|0.10|0.9210|
|=|          6|         14|        624|     32464117.00|        128|00:00:20|+0.03|0.11|0.9047|
|=|         18|         14|        624|     32480215.31|        137|00:00:20|+0.04|0.12|0.8872|
|=|          2|         14|        624|     32480290.79|        146|00:00:20|+0.05|0.11|0.8813|
|=|          4|         14|        624|     32480698.00|        155|00:00:20|+0.05|0.11|0.8797|
|-|         10|         10|        624|     32468379.38|        164|00:00:20|-0.04|0.02|0.9362|
|=|          1|         10|        746|     32471653.18|        169|00:00:10|-0.04|0.02|0.9313|
|=|          9|         10|        624|     32470545.56|        174|00:00:10|-0.03|0.02|0.9245|
|=|         13|         10|        605|     32473497.32|        179|00:00:10|-0.03|0.03|0.9166|
|=|         20|         10|        624|     32465476.25|        189|00:00:20|-0.03|0.02|0.9144|
+-+-----------+-----------+-----------+----------------+-----------+--------+-----+----+------+
Best-so-far configuration:         624    mean value:      32465476.25
Description of the best-so-far configuration:
    .ID. algorithm localsearch  alpha   beta    rho ants     q0 rasrank
624  624       acs           3 3.1724 7.5919 0.2202   50 0.1661      NA
    elitistants nnls dlb .PARENT.
624          NA   18   1      488

# 2025-01-16 18:18:18 -03: Elite configurations (first number is the configuration ID; listed from best to worst according to the sum of ranks):
    algorithm localsearch  alpha   beta    rho ants     q0 rasrank elitistants
624       acs           3 3.1724 7.5919 0.2202   50 0.1661      NA          NA
605       acs           3 3.3894 6.5687 0.7544   69 0.7891      NA          NA
722       acs           3 2.4356 7.6209 0.0869   31 0.3243      NA          NA
746       acs           3 3.2482 6.6458 0.7765   67 0.8109      NA          NA
620       acs           3 2.4790 7.3070 0.0776   31 0.3570      NA          NA
    nnls dlb
624   18   1
605   17   1
722   17   1
746   15   1
620   15   1
# 2025-01-16 18:18:18 -03: Iteration 8 of 8
# experimentsUsedSoFar: 4941
# remainingBudget: 59
# currentBudget: 59
# nbConfigurations: 7
# Markers:
     x No test is performed.
     c Configurations are discarded only due to capping.
     - The test is performed and some configurations are discarded.
     = The test is performed but no configuration is discarded.
     ! The test is performed and configurations could be discarded but elite configurations are preserved.
     . All alive configurations are elite and nothing is discarded.

+-+-----------+-----------+-----------+----------------+-----------+--------+-----+----+------+
| |   Instance|      Alive|       Best|       Mean best| Exp so far|  W time|  rho|KenW|  Qvar|
+-+-----------+-----------+-----------+----------------+-----------+--------+-----+----+------+
|x|         21|          7|        624|     32670049.00|          7|00:00:10|   NA|  NA|    NA|
|x|         19|          7|        624|     32531380.50|          9|00:00:10|+0.75|0.88|0.3875|
|x|          3|          7|        624|     32524871.67|         11|00:00:10|+0.13|0.42|0.7785|
|x|          6|          7|        624|     32523223.75|         13|00:00:10|+0.01|0.26|0.8363|
|=|         16|          7|        624|     32476165.20|         15|00:00:10|-0.01|0.19|0.8357|
|=|          9|          7|        624|     32479227.33|         17|00:00:10|-0.05|0.13|0.8673|
|=|         11|          7|        624|     32420427.14|         19|00:00:10|-0.05|0.10|0.8386|
|=|         13|          7|        605|     32436015.75|         21|00:00:10|-0.08|0.05|0.8947|
|=|         20|          7|        624|     32420299.44|         23|00:00:10|-0.07|0.05|0.9012|
|=|         14|          7|        624|     32448398.30|         25|00:00:10|-0.03|0.07|0.8664|
|=|          2|          7|        624|     32451386.82|         27|00:00:10|-0.01|0.08|0.8584|
|=|         10|          7|        624|     32437404.58|         29|00:00:10|+0.02|0.10|0.8313|
|=|         12|          7|        624|     32448071.85|         31|00:00:10|+0.01|0.08|0.8447|
|=|          8|          7|        624|     32458891.29|         33|00:00:10|-0.02|0.06|0.8614|
|=|         18|          7|        624|     32473191.53|         35|00:00:10|-0.03|0.04|0.8690|
|=|          4|          7|        624|     32474017.00|         37|00:00:10|-0.02|0.04|0.8585|
|=|         17|          7|        624|     32477664.12|         39|00:00:10|-0.03|0.03|0.8751|
|=|         15|          7|        624|     32471901.28|         41|00:00:10|-0.03|0.03|0.8754|
|=|          1|          7|        624|     32472391.32|         43|00:00:10|-0.03|0.03|0.8719|
|=|          5|          7|        624|     32472754.50|         45|00:00:10|-0.02|0.03|0.8700|
|=|          7|          7|        624|     32475217.81|         47|00:00:10|-0.03|0.02|0.8798|
|=|         22|          7|        624|     32474955.55|         54|00:00:10|-0.03|0.02|0.8797|
+-+-----------+-----------+-----------+----------------+-----------+--------+-----+----+------+
Best-so-far configuration:         624    mean value:      32474955.55
Description of the best-so-far configuration:
    .ID. algorithm localsearch  alpha   beta    rho ants     q0 rasrank
624  624       acs           3 3.1724 7.5919 0.2202   50 0.1661      NA
    elitistants nnls dlb .PARENT.
624          NA   18   1      488

# 2025-01-16 18:22:08 -03: Elite configurations (first number is the configuration ID; listed from best to worst according to the sum of ranks):
    algorithm localsearch  alpha   beta    rho ants     q0 rasrank elitistants
624       acs           3 3.1724 7.5919 0.2202   50 0.1661      NA          NA
773       acs           3 3.0958 8.1358 0.2504   45 0.1059      NA          NA
746       acs           3 3.2482 6.6458 0.7765   67 0.8109      NA          NA
605       acs           3 3.3894 6.5687 0.7544   69 0.7891      NA          NA
722       acs           3 2.4356 7.6209 0.0869   31 0.3243      NA          NA
    nnls dlb
624   18   1
773   20   1
746   15   1
605   17   1
722   17   1
# 2025-01-16 18:22:08 -03: Stopped because there is not enough budget left to race more than the minimum (5).
# You may either increase the budget or set 'minNbSurvival' to a lower value.
# Iteration: 9
# nbIterations: 9
# experimentsUsedSoFar: 4995
# timeUsed: 0
# remainingBudget: 5
# currentBudget: 5
# number of elites: 5
# nbConfigurations: 5
# Total CPU user time: 51715.03, CPU sys time: 419.913, Wall-clock time: 7129.784
    .ID. algorithm localsearch  alpha   beta    rho ants     q0 rasrank
624  624       acs           3 3.1724 7.5919 0.2202   50 0.1661      NA
773  773       acs           3 3.0958 8.1358 0.2504   45 0.1059      NA
746  746       acs           3 3.2482 6.6458 0.7765   67 0.8109      NA
605  605       acs           3 3.3894 6.5687 0.7544   69 0.7891      NA
722  722       acs           3 2.4356 7.6209 0.0869   31 0.3243      NA
    elitistants nnls dlb .PARENT. .ALIVE. .RANK.   .WEIGHT.
624          NA   18   1      488    TRUE     78 0.33333333
773          NA   20   1      624    TRUE     84 0.26666667
746          NA   15   1      605    TRUE     86 0.20000000
605          NA   17   1      445    TRUE     88 0.13333333
722          NA   17   1      620    TRUE     90 0.06666667
