# 2025-01-21 18:05:43 -03: Initialization
# Elitist race
# Elitist new instances: 1
# Elitist limit: 2
# nbIterations: 3
# minNbSurvival: 3
# nbParameters: 3
# seed: 5144
# confidence level: 0.95
# budget: 5000
# mu: 5
# deterministic: FALSE

# 2025-01-21 18:05:43 -03: Iteration 1 of 3
# experimentsUsedSoFar: 0
# remainingBudget: 5000
# currentBudget: 1666
# nbConfigurations: 277
# Markers:
     x No test is performed.
     c Configurations are discarded only due to capping.
     - The test is performed and some configurations are discarded.
     = The test is performed but no configuration is discarded.
     ! The test is performed and configurations could be discarded but elite configurations are preserved.
     . All alive configurations are elite and nothing is discarded.

+-+-----------+-----------+-----------+----------------+-----------+--------+-----+----+------+
| |   Instance|      Alive|       Best|       Mean best| Exp so far|  W time|  rho|KenW|  Qvar|
+-+-----------+-----------+-----------+----------------+-----------+--------+-----+----+------+
|x|          1|        277|         48|     7573336.000|        277|00:05:53|   NA|  NA|    NA|
|x|          2|        277|        159|     3970097.000|        554|00:05:53|+0.10|0.55|0.7532|
|x|          3|        277|        228|     5002116.667|        831|00:05:53|+0.32|0.55|0.5859|
|x|          4|        277|        275|     3854188.500|       1108|00:05:53|+0.25|0.43|0.6125|
|-|          5|         87|        250|     4598256.000|       1385|00:05:53|-0.05|0.16|1.0407|
|-|          6|         51|        250|     5086943.667|       1472|00:01:51|-0.07|0.11|1.0361|
|=|          7|         51|        199|     5416601.429|       1523|00:01:10|-0.05|0.10|1.0137|
|=|          8|         51|        199|     5651120.250|       1574|00:01:10|-0.03|0.10|0.9872|
+-+-----------+-----------+-----------+----------------+-----------+--------+-----+----+------+
Best-so-far configuration:         199    mean value:      5651120.250
Description of the best-so-far configuration:
    .ID. localsearch  rho ants .PARENT.
199  199           3 0.27    7       NA

first iteration, returning
# 2025-01-21 18:39:23 -03: Elite configurations (first number is the configuration ID; listed from best to worst according to the sum of ranks):
    localsearch  rho ants
199           3 0.27    7
119           3 0.33   34
159           3 0.03    1
# 2025-01-21 18:39:23 -03: Iteration 2 of 3
# experimentsUsedSoFar: 1574
# remainingBudget: 3426
# currentBudget: 1713
# nbConfigurations: 193
# Markers:
     x No test is performed.
     c Configurations are discarded only due to capping.
     - The test is performed and some configurations are discarded.
     = The test is performed but no configuration is discarded.
     ! The test is performed and configurations could be discarded but elite configurations are preserved.
     . All alive configurations are elite and nothing is discarded.

+-+-----------+-----------+-----------+----------------+-----------+--------+-----+----+------+
| |   Instance|      Alive|       Best|       Mean best| Exp so far|  W time|  rho|KenW|  Qvar|
+-+-----------+-----------+-----------+----------------+-----------+--------+-----+----+------+
|x|          9|        193|        425|     7383154.000|        193|00:04:11|   NA|  NA|    NA|
|x|          1|        193|        417|     7486938.000|        383|00:04:01|+0.77|0.89|0.2165|
|x|          4|        193|        366|     5134373.333|        573|00:04:01|+0.18|0.45|0.8391|
|x|          5|        193|        199|     5745894.000|        763|00:04:01|+0.32|0.49|0.6791|
|-|          2|         70|        159|     4666161.200|        953|00:04:01|-0.10|0.12|1.0099|
|=|          6|         70|        159|     5141713.667|       1020|00:01:30|-0.07|0.11|0.9367|
|=|          3|         70|        159|     5420029.714|       1087|00:01:30|-0.04|0.11|0.8717|
|=|          8|         70|        159|     5655827.000|       1154|00:01:30|-0.00|0.12|0.8093|
|=|          7|         70|        199|     5847099.556|       1221|00:01:30|+0.04|0.14|0.7565|
|=|         10|         70|        303|     5300026.400|       1291|00:01:30|+0.01|0.11|0.8229|
+-+-----------+-----------+-----------+----------------+-----------+--------+-----+----+------+
Best-so-far configuration:         303    mean value:      5300026.400
Description of the best-so-far configuration:
    .ID. localsearch  rho ants .PARENT.
303  303           3 0.28   25      199

# 2025-01-21 19:07:16 -03: Elite configurations (first number is the configuration ID; listed from best to worst according to the sum of ranks):
    localsearch  rho ants
303           3 0.28   25
199           3 0.27    7
159           3 0.03    1
# 2025-01-21 19:07:16 -03: Iteration 3 of 3
# experimentsUsedSoFar: 2865
# remainingBudget: 2135
# currentBudget: 2135
# nbConfigurations: 196
# Markers:
     x No test is performed.
     c Configurations are discarded only due to capping.
     - The test is performed and some configurations are discarded.
     = The test is performed but no configuration is discarded.
     ! The test is performed and configurations could be discarded but elite configurations are preserved.
     . All alive configurations are elite and nothing is discarded.

+-+-----------+-----------+-----------+----------------+-----------+--------+-----+----+------+
| |   Instance|      Alive|       Best|       Mean best| Exp so far|  W time|  rho|KenW|  Qvar|
+-+-----------+-----------+-----------+----------------+-----------+--------+-----+----+------+
|x|         11|        196|        493|     377532.0000|        196|00:04:12|   NA|  NA|    NA|
|x|          2|        196|        469|     363861.0000|        389|00:04:11|-0.02|0.49|1.0140|
|x|          3|        196|        542|     2596579.333|        582|00:04:11|-0.13|0.25|1.1703|
|x|          6|        196|        542|     3827947.500|        775|00:04:11|-0.06|0.20|1.0488|
|=|          4|        196|        490|     3142049.600|        968|00:04:11|-0.05|0.16|1.0507|
|=|          1|        196|        490|     3884495.333|       1161|00:04:11|+0.02|0.18|0.9620|
|-|          9|        101|        490|     4387332.000|       1354|00:04:11|-0.08|0.07|1.0703|
|=|          5|        101|        490|     4784874.000|       1452|00:02:10|-0.05|0.09|1.0343|
|=|         10|        101|        490|     4292444.889|       1550|00:02:10|-0.03|0.08|1.0238|
|=|          7|        101|        490|     4604640.400|       1648|00:02:11|-0.02|0.08|1.0165|
|=|          8|        101|        490|     4849609.091|       1746|00:02:10|-0.02|0.08|1.0110|
|=|         12|        101|        490|     5083081.833|       1847|00:02:11|-0.02|0.06|1.0157|
+-+-----------+-----------+-----------+----------------+-----------+--------+-----+----+------+
Best-so-far configuration:         490    mean value:      5083081.833
Description of the best-so-far configuration:
    .ID. localsearch  rho ants .PARENT.
490  490           3 0.27    6      199

# 2025-01-21 19:47:35 -03: Elite configurations (first number is the configuration ID; listed from best to worst according to the sum of ranks):
    localsearch  rho ants
490           3 0.27    6
510           3 0.26    5
481           3 0.28    7
# 2025-01-21 19:47:35 -03: Iteration 4 of 4
# experimentsUsedSoFar: 4712
# remainingBudget: 288
# currentBudget: 288
# nbConfigurations: 24
# Markers:
     x No test is performed.
     c Configurations are discarded only due to capping.
     - The test is performed and some configurations are discarded.
     = The test is performed but no configuration is discarded.
     ! The test is performed and configurations could be discarded but elite configurations are preserved.
     . All alive configurations are elite and nothing is discarded.

+-+-----------+-----------+-----------+----------------+-----------+--------+-----+----+------+
| |   Instance|      Alive|       Best|       Mean best| Exp so far|  W time|  rho|KenW|  Qvar|
+-+-----------+-----------+-----------+----------------+-----------+--------+-----+----+------+
|x|         13|         24|        666|     543182.0000|         24|00:00:30|   NA|  NA|    NA|
|x|          4|         24|        664|     478398.0000|         45|00:00:30|-0.60|0.20|1.3586|
|x|         12|         24|        664|     2869359.333|         66|00:00:30|-0.33|0.11|1.2560|
|x|          3|         24|        668|     3916183.500|         87|00:00:30|-0.22|0.09|1.0874|
|=|          9|         24|        668|     4614604.800|        108|00:00:30|-0.13|0.09|0.9756|
|=|         10|         24|        664|     3906232.333|        129|00:00:30|-0.07|0.11|0.9465|
|=|          8|         24|        664|     4390955.714|        150|00:00:30|-0.00|0.14|0.8666|
|=|         11|         24|        664|     3889316.250|        171|00:00:30|-0.00|0.12|0.8591|
|=|          2|         24|        664|     3496508.889|        192|00:00:30|+0.05|0.15|0.8418|
|-|          5|         18|        664|     3903624.800|        213|00:00:30|-0.02|0.09|0.9878|
|=|          1|         18|        664|     4239361.091|        228|00:00:20|+0.00|0.09|0.9659|
|=|          7|         18|        664|     4503947.667|        243|00:00:20|+0.02|0.10|0.9507|
|=|          6|         18|        664|     4734100.615|        258|00:00:20|+0.04|0.11|0.9439|
|=|         14|         18|        664|     4427389.714|        276|00:00:30|+0.00|0.08|0.9701|
+-+-----------+-----------+-----------+----------------+-----------+--------+-----+----+------+
Best-so-far configuration:         664    mean value:      4427389.714
Description of the best-so-far configuration:
    .ID. localsearch  rho ants .PARENT.
664  664           3 0.27    6      490

# 2025-01-21 19:54:08 -03: Elite configurations (first number is the configuration ID; listed from best to worst according to the sum of ranks):
    localsearch  rho ants
490           3 0.27    6
680           3 0.25    5
481           3 0.28    7
# 2025-01-21 19:54:08 -03: Stopped because there is not enough budget left to race more than the minimum (3).
# You may either increase the budget or set 'minNbSurvival' to a lower value.
# Iteration: 5
# nbIterations: 5
# experimentsUsedSoFar: 4988
# timeUsed: 0
# remainingBudget: 12
# currentBudget: 12
# number of elites: 3
# nbConfigurations: 3
# Total CPU user time: 50179.27, CPU sys time: 138.095, Wall-clock time: 6505.118
    .ID. localsearch  rho ants .PARENT. .ALIVE. .RANK.  .WEIGHT.
490  490           3 0.27    6      199    TRUE  104.5 0.5000000
680  680           3 0.25    5      510    TRUE  133.5 0.3333333
481  481           3 0.28    7      199    TRUE  138.5 0.1666667
