# 2025-02-02 11:52:22 -03: 2 expression(s) specifying forbidden configurations read.
# 2025-02-02 11:52:22 -03: Initialization
# Elitist race
# Elitist new instances: 1
# Elitist limit: 2
# nbIterations: 5
# minNbSurvival: 5
# nbParameters: 8
# seed: 7940
# confidence level: 0.95
# budget: 5000
# mu: 5
# deterministic: FALSE

# 2025-02-02 11:52:22 -03: Iteration 1 of 5
# experimentsUsedSoFar: 0
# remainingBudget: 5000
# currentBudget: 1000
# nbConfigurations: 166
# Markers:
     x No test is performed.
     c Configurations are discarded only due to capping.
     - The test is performed and some configurations are discarded.
     = The test is performed but no configuration is discarded.
     ! The test is performed and configurations could be discarded but elite configurations are preserved.
     . All alive configurations are elite and nothing is discarded.

+-+-----------+-----------+-----------+----------------+-----------+--------+-----+----+------+
| |   Instance|      Alive|       Best|       Mean best| Exp so far|  W time|  rho|KenW|  Qvar|
+-+-----------+-----------+-----------+----------------+-----------+--------+-----+----+------+
|x|          1|        166|         13|     36.36277732|        166|00:06:20|   NA|  NA|    NA|
|x|          2|        166|        118|     3628392.946|        332|00:06:07|+0.64|0.82|0.5023|
|x|          3|        166|         87|     3513220.202|        498|00:05:45|+0.64|0.76|0.4251|
|x|          4|        166|         45|     3726039.928|        664|00:06:06|+0.67|0.75|0.3796|
|-|          5|         36|         65|     646569.8300|        830|00:05:48|+0.03|0.22|0.9241|
|=|          6|         36|        149|     923068.4077|        866|00:00:40|+0.05|0.21|0.8983|
|=|          7|         36|         65|     464603.8099|        902|00:00:38|+0.05|0.19|0.8924|
+-+-----------+-----------+-----------+----------------+-----------+--------+-----+----+------+
Best-so-far configuration:          65    mean value:      464603.8099
Description of the best-so-far configuration:
   .ID. particles topology modInfluence phi1 phi2 inertia branching tSchedule
65   65        35        0            0 2.28 2.25    0.68        NA        NA
   .PARENT.
65       NA

first iteration, returning
# 2025-02-02 12:23:49 -03: Elite configurations (first number is the configuration ID; listed from best to worst according to the sum of ranks):
    particles topology modInfluence phi1 phi2 inertia branching tSchedule
65         35        0            0 2.28 2.25    0.68        NA        NA
149        62        0            0 2.17 1.61    0.19        NA        NA
118       181        5            0 1.34 2.35    0.56        NA         4
24         18        4            0 0.90 1.55    0.42        NA        NA
17         15        0            0 0.13 0.88    0.27        NA        NA
# 2025-02-02 12:23:49 -03: Iteration 2 of 5
# experimentsUsedSoFar: 902
# remainingBudget: 4098
# currentBudget: 1024
# nbConfigurations: 132
# Markers:
     x No test is performed.
     c Configurations are discarded only due to capping.
     - The test is performed and some configurations are discarded.
     = The test is performed but no configuration is discarded.
     ! The test is performed and configurations could be discarded but elite configurations are preserved.
     . All alive configurations are elite and nothing is discarded.

+-+-----------+-----------+-----------+----------------+-----------+--------+-----+----+------+
| |   Instance|      Alive|       Best|       Mean best| Exp so far|  W time|  rho|KenW|  Qvar|
+-+-----------+-----------+-----------+----------------+-----------+--------+-----+----+------+
|x|          8|        132|        221|     612390.8267|        132|00:04:30|   NA|  NA|    NA|
|x|          7|        132|        215|     318724.4520|        259|00:04:29|+0.53|0.77|0.3179|
|x|          2|        132|        215|     982603.6227|        386|00:04:32|+0.70|0.80|0.2606|
|x|          4|        132|        223|     677629.3500|        513|00:04:34|+0.76|0.82|0.2218|
|-|          6|         28|        215|     747531.7703|        640|00:04:33|+0.15|0.32|0.8089|
|=|          3|         28|        215|     633827.8754|        663|00:00:29|+0.00|0.17|0.9675|
|=|          1|         28|        259|     561925.8449|        686|00:00:33|-0.05|0.10|0.9998|
|=|          5|         28|        219|     339533.0234|        709|00:00:30|+0.01|0.13|0.9441|
|-|          9|         19|        219|     301807.2108|        737|00:00:33|-0.02|0.09|0.9909|
|=|         10|         19|        242|     360281.8686|        756|00:00:20|-0.06|0.05|1.0162|
|=|         11|         19|        219|     246956.2965|        775|00:00:16|-0.04|0.06|0.9994|
+-+-----------+-----------+-----------+----------------+-----------+--------+-----+----+------+
Best-so-far configuration:         219    mean value:      246956.2965
Description of the best-so-far configuration:
    .ID. particles topology modInfluence phi1 phi2 inertia branching tSchedule
219  219         4        0            1  1.6 1.54    0.22        NA        NA
    .PARENT.
219      149

# 2025-02-02 12:49:15 -03: Elite configurations (first number is the configuration ID; listed from best to worst according to the sum of ranks):
    particles topology modInfluence phi1 phi2 inertia branching tSchedule
219         4        0            1 1.60 1.54    0.22        NA        NA
223         3        1            1 2.45 1.84    0.38        NA        NA
215         3        0            0 1.68 2.46    0.15        NA        NA
242        11        0            1 2.03 2.20    0.13        NA        NA
274        14        4            0 1.61 2.47    0.20        NA        NA
# 2025-02-02 12:49:15 -03: Iteration 3 of 5
# experimentsUsedSoFar: 1677
# remainingBudget: 3323
# currentBudget: 1107
# nbConfigurations: 96
# Markers:
     x No test is performed.
     c Configurations are discarded only due to capping.
     - The test is performed and some configurations are discarded.
     = The test is performed but no configuration is discarded.
     ! The test is performed and configurations could be discarded but elite configurations are preserved.
     . All alive configurations are elite and nothing is discarded.

+-+-----------+-----------+-----------+----------------+-----------+--------+-----+----+------+
| |   Instance|      Alive|       Best|       Mean best| Exp so far|  W time|  rho|KenW|  Qvar|
+-+-----------+-----------+-----------+----------------+-----------+--------+-----+----+------+
|x|         12|         96|        376|    0.3720520603|         96|00:01:55|   NA|  NA|    NA|
|x|         10|         96|        352|     74.96552718|        187|00:02:10|-0.14|0.43|0.5573|
|x|          4|         96|        242|     298011.4419|        278|00:02:02|+0.13|0.42|0.4060|
|x|          3|         96|        341|     253623.2984|        369|00:01:51|+0.13|0.35|0.4152|
|-|          1|         53|        341|     202936.3752|        460|00:02:10|-0.08|0.14|1.0202|
|=|          6|         53|        352|     242852.3893|        508|00:00:56|-0.07|0.11|1.0245|
|=|          7|         53|        341|     149230.8088|        556|00:00:53|-0.02|0.12|0.9966|
|=|          2|         53|        341|     253999.5891|        604|00:00:57|+0.03|0.15|0.9451|
|-|         11|         27|        341|     225777.4443|        652|00:00:51|-0.05|0.07|1.0019|
|=|          5|         27|        341|     203199.8207|        674|00:00:17|-0.03|0.08|0.9860|
|=|          8|         27|        314|     243104.6275|        696|00:00:19|+0.00|0.10|0.9688|
|=|          9|         27|        314|     222845.9574|        718|00:00:16|+0.04|0.12|0.9377|
|-|         13|         17|        314|     205704.1854|        745|00:00:21|+0.01|0.09|0.9269|
|=|         14|         17|        314|     191016.5374|        762|00:00:15|+0.02|0.09|0.9123|
|=|         15|         17|        314|     178282.1308|        779|00:00:15|+0.03|0.10|0.8995|
+-+-----------+-----------+-----------+----------------+-----------+--------+-----+----+------+
Best-so-far configuration:         314    mean value:      178282.1308
Description of the best-so-far configuration:
    .ID. particles topology modInfluence phi1 phi2 inertia branching tSchedule
314  314         5        0            1 1.52 1.95    0.14        NA        NA
    .PARENT.
314      215

# 2025-02-02 13:04:53 -03: Elite configurations (first number is the configuration ID; listed from best to worst according to the sum of ranks):
    particles topology modInfluence phi1 phi2 inertia branching tSchedule
314         5        0            1 1.52 1.95    0.14        NA        NA
310         5        0            1 1.35 1.88    0.16        NA        NA
341        19        0            0 1.59 2.33    0.20        NA        NA
242        11        0            1 2.03 2.20    0.13        NA        NA
313        14        0            0 1.35 2.35    0.10        NA        NA
# 2025-02-02 13:04:53 -03: Iteration 4 of 5
# experimentsUsedSoFar: 2456
# remainingBudget: 2544
# currentBudget: 1272
# nbConfigurations: 84
# Markers:
     x No test is performed.
     c Configurations are discarded only due to capping.
     - The test is performed and some configurations are discarded.
     = The test is performed but no configuration is discarded.
     ! The test is performed and configurations could be discarded but elite configurations are preserved.
     . All alive configurations are elite and nothing is discarded.

+-+-----------+-----------+-----------+----------------+-----------+--------+-----+----+------+
| |   Instance|      Alive|       Best|       Mean best| Exp so far|  W time|  rho|KenW|  Qvar|
+-+-----------+-----------+-----------+----------------+-----------+--------+-----+----+------+
|x|         16|         84|        455|    0.3208823315|         84|00:01:58|   NA|  NA|    NA|
|x|         13|         84|        452|     1.519675018|        163|00:01:53|+0.17|0.59|0.2981|
|x|          4|         84|        452|     283220.1344|        242|00:02:03|+0.28|0.52|0.1639|
|x|          7|         84|        310|     193052.6754|        321|00:01:58|+0.30|0.47|0.3206|
|-|          2|         40|        310|     394741.2502|        400|00:02:03|-0.04|0.17|1.0195|
|=|         11|         40|        310|     328951.0842|        435|00:00:35|+0.05|0.21|0.9331|
|-|          9|         22|        310|     281958.1710|        470|00:00:35|-0.04|0.11|1.0053|
|=|          1|         22|        310|     246740.0975|        487|00:00:21|-0.06|0.07|0.9818|
|=|          8|         22|        310|     282860.4117|        504|00:00:17|-0.03|0.09|0.9757|
|=|         10|         22|        310|     254594.3314|        521|00:00:19|-0.03|0.07|0.9563|
|=|         12|         22|        310|     231449.4339|        538|00:00:16|-0.02|0.07|0.9635|
|=|          5|         22|        451|     202611.3376|        555|00:00:18|+0.00|0.09|0.9610|
|=|          6|         22|        451|     187026.7085|        572|00:00:19|+0.02|0.10|0.9560|
|=|         14|         22|        451|     173672.1090|        589|00:00:19|+0.02|0.09|0.9476|
|=|          3|         22|        451|     166828.8493|        606|00:00:16|-0.01|0.06|0.9624|
|=|         15|         22|        451|     156402.0752|        623|00:00:16|+0.01|0.07|0.9571|
|=|         17|         22|        451|     151414.1378|        645|00:00:21|+0.00|0.06|0.9488|
+-+-----------+-----------+-----------+----------------+-----------+--------+-----+----+------+
Best-so-far configuration:         451    mean value:      151414.1378
Description of the best-so-far configuration:
    .ID. particles topology modInfluence phi1 phi2 inertia branching tSchedule
451  451         4        0            1 2.41 2.44    0.23        NA        NA
    .PARENT.
451      242

# 2025-02-02 13:19:08 -03: Elite configurations (first number is the configuration ID; listed from best to worst according to the sum of ranks):
    particles topology modInfluence phi1 phi2 inertia branching tSchedule
451         4        0            1 2.41 2.44    0.23        NA        NA
314         5        0            1 1.52 1.95    0.14        NA        NA
310         5        0            1 1.35 1.88    0.16        NA        NA
386         6        0            1 1.18 1.90    0.19        NA        NA
242        11        0            1 2.03 2.20    0.13        NA        NA
# 2025-02-02 13:19:08 -03: Iteration 5 of 5
# experimentsUsedSoFar: 3101
# remainingBudget: 1899
# currentBudget: 1899
# nbConfigurations: 110
# Markers:
     x No test is performed.
     c Configurations are discarded only due to capping.
     - The test is performed and some configurations are discarded.
     = The test is performed but no configuration is discarded.
     ! The test is performed and configurations could be discarded but elite configurations are preserved.
     . All alive configurations are elite and nothing is discarded.

+-+-----------+-----------+-----------+----------------+-----------+--------+-----+----+------+
| |   Instance|      Alive|       Best|       Mean best| Exp so far|  W time|  rho|KenW|  Qvar|
+-+-----------+-----------+-----------+----------------+-----------+--------+-----+----+------+
|x|         18|        110|        509|     1415.894957|        110|00:02:45|   NA|  NA|    NA|
|x|         10|        110|        518|     5953.506830|        215|00:02:55|+0.02|0.51|0.9422|
|x|         13|        110|        563|     21846.55298|        320|00:02:32|+0.04|0.36|0.9782|
|x|          3|        110|        518|     8422.833271|        425|00:02:31|+0.02|0.27|0.9755|
|=|          2|        110|        486|     246627.9692|        530|00:02:46|+0.03|0.23|0.9386|
|-|          7|         75|        486|     211415.1054|        635|00:02:39|-0.09|0.09|1.0054|
|=|          9|         75|        486|     181213.0443|        705|00:01:24|-0.05|0.10|1.0188|
|=|          6|         75|        451|     162164.3892|        775|00:01:32|-0.05|0.08|1.0442|
|=|         12|         75|        541|     130418.1676|        845|00:01:25|-0.03|0.09|1.0283|
|=|         17|         75|        563|     245238.4188|        915|00:01:25|-0.03|0.07|1.0307|
|=|          4|         75|        541|     167750.3350|        985|00:01:35|-0.01|0.08|1.0104|
|=|         14|         75|        541|     153776.2986|       1055|00:01:29|+0.01|0.10|0.9818|
|=|          5|         75|        541|     141947.3934|       1125|00:01:25|+0.02|0.10|0.9783|
|-|         15|         46|        541|     131808.3256|       1195|00:01:23|-0.03|0.04|1.0051|
|=|         11|         46|        541|     123021.1209|       1236|00:00:47|-0.01|0.06|0.9828|
|=|          1|         46|        541|     115345.8444|       1277|00:00:55|-0.01|0.05|0.9807|
|=|          8|         46|        541|     136802.2908|       1318|00:00:52|-0.00|0.05|0.9763|
|=|         16|         46|        541|     129202.1886|       1359|00:00:49|-0.00|0.05|0.9760|
|=|         19|         46|        541|     122402.6574|       1405|00:00:57|+0.00|0.05|0.9686|
+-+-----------+-----------+-----------+----------------+-----------+--------+-----+----+------+
Best-so-far configuration:         541    mean value:      122402.6574
Description of the best-so-far configuration:
    .ID. particles topology modInfluence phi1 phi2 inertia branching tSchedule
541  541         4        0            1 2.45 2.48    0.22        NA        NA
    .PARENT.
541      451

# 2025-02-02 13:51:25 -03: Elite configurations (first number is the configuration ID; listed from best to worst according to the sum of ranks):
    particles topology modInfluence phi1 phi2 inertia branching tSchedule
541         4        0            1 2.45 2.48    0.22        NA        NA
566         5        0            1 2.44 2.37    0.21        NA        NA
563        11        0            1 2.06 2.14    0.09        NA        NA
534         3        0            1 2.38 2.48    0.17        NA        NA
479         5        0            1 2.48 2.37    0.26        NA        NA
# 2025-02-02 13:51:25 -03: Iteration 6 of 6
# experimentsUsedSoFar: 4506
# remainingBudget: 494
# currentBudget: 494
# nbConfigurations: 29
# Markers:
     x No test is performed.
     c Configurations are discarded only due to capping.
     - The test is performed and some configurations are discarded.
     = The test is performed but no configuration is discarded.
     ! The test is performed and configurations could be discarded but elite configurations are preserved.
     . All alive configurations are elite and nothing is discarded.

+-+-----------+-----------+-----------+----------------+-----------+--------+-----+----+------+
| |   Instance|      Alive|       Best|       Mean best| Exp so far|  W time|  rho|KenW|  Qvar|
+-+-----------+-----------+-----------+----------------+-----------+--------+-----+----+------+
|x|         20|         29|        583|     447027.5651|         29|00:00:36|   NA|  NA|    NA|
|x|          9|         29|        566|     235139.3351|         53|00:00:27|+0.58|0.79|0.2886|
|x|          6|         29|        580|     160255.8546|         77|00:00:31|-0.01|0.33|0.9563|
|x|         13|         29|        580|     120192.5883|        101|00:00:28|+0.05|0.29|0.8392|
|=|         18|         29|        580|     102662.9800|        125|00:00:30|-0.00|0.20|0.8872|
|=|          1|         29|        566|     82849.91029|        149|00:00:32|-0.02|0.15|0.9151|
|=|          3|         29|        563|     225281.8562|        173|00:00:28|-0.05|0.10|0.9818|
|=|         12|         29|        563|     197121.6721|        197|00:00:28|-0.02|0.11|0.9495|
|=|          4|         29|        587|     156677.9831|        221|00:00:32|+0.00|0.11|0.9201|
|=|         14|         29|        587|     141016.1481|        245|00:00:31|+0.04|0.13|0.8963|
|=|         15|         29|        587|     128196.5369|        269|00:00:29|+0.02|0.11|0.9180|
|=|          8|         29|        541|     154973.2473|        293|00:00:30|+0.02|0.10|0.9229|
|=|         17|         29|        541|     148558.8076|        317|00:00:30|+0.00|0.08|0.9417|
|=|         16|         29|        541|     137947.4964|        341|00:00:26|+0.00|0.07|0.9415|
|=|         10|         29|        541|     128764.3334|        365|00:00:31|+0.01|0.07|0.9391|
|=|         19|         29|        541|     120717.2560|        389|00:00:29|+0.01|0.07|0.9303|
|=|          7|         29|        541|     116016.6780|        413|00:00:30|+0.01|0.07|0.9268|
|=|          2|         29|        541|     167280.6792|        437|00:00:31|+0.02|0.08|0.9121|
|-|          5|         19|        541|     158476.4609|        461|00:00:28|-0.03|0.02|0.9818|
|=|         11|         19|        541|     150552.6506|        475|00:00:14|-0.03|0.02|0.9720|
|=|         21|         19|        541|     143383.6147|        494|00:00:19|-0.02|0.02|0.9683|
+-+-----------+-----------+-----------+----------------+-----------+--------+-----+----+------+
Best-so-far configuration:         541    mean value:      143383.6147
Description of the best-so-far configuration:
    .ID. particles topology modInfluence phi1 phi2 inertia branching tSchedule
541  541         4        0            1 2.45 2.48    0.22        NA        NA
    .PARENT.
541      451

# 2025-02-02 14:01:39 -03: Elite configurations (first number is the configuration ID; listed from best to worst according to the sum of ranks):
    particles topology modInfluence phi1 phi2 inertia branching tSchedule
541         4        0            1 2.45 2.48    0.22        NA        NA
566         5        0            1 2.44 2.37    0.21        NA        NA
572         5        0            1 2.34 2.39    0.19        NA        NA
590         4        0            1 2.41 2.38    0.24        NA        NA
581         8        0            1 2.12 2.19    0.12        NA        NA
# 2025-02-02 14:01:39 -03: Stopped because budget is exhausted
# Iteration: 7
# nbIterations: 6
# experimentsUsedSoFar: 5000
# timeUsed: 0
# remainingBudget: 0
# currentBudget: 494
# number of elites: 5
# nbConfigurations: 29
# Total CPU user time: 7692.805, CPU sys time: 90.808, Wall-clock time: 7757.468
    .ID. particles topology modInfluence phi1 phi2 inertia branching tSchedule
541  541         4        0            1 2.45 2.48    0.22        NA        NA
566  566         5        0            1 2.44 2.37    0.21        NA        NA
572  572         5        0            1 2.34 2.39    0.19        NA        NA
590  590         4        0            1 2.41 2.38    0.24        NA        NA
581  581         8        0            1 2.12 2.19    0.12        NA        NA
    .PARENT. .ALIVE. .RANK.   .WEIGHT.
541      451    TRUE    167 0.33333333
566      451    TRUE    184 0.26666667
572      566    TRUE    188 0.20000000
590      566    TRUE    196 0.13333333
581      563    TRUE    200 0.06666667
